<?xml version="1.0" encoding="utf-8"?>
<TestRun id="2f4a9be9-2d08-4480-93a8-257ef6e0fc85" name="manh@MTM 2026-09-08 12:36:03" runUser="MTM\manh" xmlns="http://microsoft.com/schemas/VisualStudio/TeamTest/2010">
  <Times creation="2026-09-08T12:36:03.5595813+07:00" queuing="2026-09-08T12:36:03.5595818+07:00" start="2026-09-08T12:36:02.1783080+07:00" finish="2026-09-08T12:36:11.6760318+07:00" />
  <TestSettings name="default" id="11fd671b-acce-4489-b912-c8918296126c">
    <Deployment runDeploymentRoot="manh_MTM_2026-09-08_12_36_03" />
  </TestSettings>
  <Results>
    <UnitTestResult executionId="7375774c-385f-4f69-8ca8-3ef0e99a18cb" testId="0d829043-e1b3-ff91-37da-aee4a258a91b" testName="OnlineSupermarket.Infrastructure.Tests.Recommendations.RecommendationJobHandlerTests.ExecuteAsync_WithConflict_RollsBackTheWholeBatch" computerName="MTM" duration="00:00:02.0521305" startTime="2026-09-08T12:36:03.3124327+07:00" endTime="2026-09-08T12:36:05.3678892+07:00" testType="13cdc9d9-ddb5-4fa4-a97d-d965ccfc6d4b" outcome="Passed" testListId="8c84fa94-04c1-424b-9868-57a2d4851a1d" relativeResultsDirectory="7375774c-385f-4f69-8ca8-3ef0e99a18cb" />
    <UnitTestResult executionId="3198ee4f-98ff-4690-9e6d-fdaf2d2ca66a" testId="57aefdf7-5b52-e58b-c53b-8d0d9c542558" testName="OnlineSupermarket.Infrastructure.Tests.Recommendations.RecommendationJobHandlerTests.ExecuteAsync_WhenPredictionYieldsNoScores_FallsBackToContentWithoutFakingMf" computerName="MTM" duration="00:00:00.0405955" startTime="2026-09-08T12:36:05.6318999+07:00" endTime="2026-09-08T12:36:05.6725430+07:00" testType="13cdc9d9-ddb5-4fa4-a97d-d965ccfc6d4b" outcome="Passed" testListId="8c84fa94-04c1-424b-9868-57a2d4851a1d" relativeResultsDirectory="3198ee4f-98ff-4690-9e6d-fdaf2d2ca66a" />
    <UnitTestResult executionId="5737e647-dfb9-4ba5-b6d7-6adf875d001b" testId="a56d3eb8-e7a3-1757-6349-723dba8914e3" testName="OnlineSupermarket.Infrastructure.Tests.Recommendations.RecommendationScorerTests.ScoreGlobal_SkipsSignalsOutsideWindow" computerName="MTM" duration="00:00:00.0295584" startTime="2026-09-08T12:36:03.3143390+07:00" endTime="2026-09-08T12:36:03.3510498+07:00" testType="13cdc9d9-ddb5-4fa4-a97d-d965ccfc6d4b" outcome="Passed" testListId="8c84fa94-04c1-424b-9868-57a2d4851a1d" relativeResultsDirectory="5737e647-dfb9-4ba5-b6d7-6adf875d001b" />
    <UnitTestResult executionId="df14a8cb-eb6f-4367-b6dc-b32647dcf29a" testId="1895cde4-8b62-656e-9411-76d31a39f921" testName="OnlineSupermarket.Infrastructure.Tests.Recommendations.RecommendationScorerTests.ScoreGlobal_RanksPurchasesAboveViewsAndDecaysRecency" computerName="MTM" duration="00:00:00.0044380" startTime="2026-09-08T12:36:03.3781940+07:00" endTime="2026-09-08T12:36:03.3829177+07:00" testType="13cdc9d9-ddb5-4fa4-a97d-d965ccfc6d4b" outcome="Passed" testListId="8c84fa94-04c1-424b-9868-57a2d4851a1d" relativeResultsDirectory="df14a8cb-eb6f-4367-b6dc-b32647dcf29a" />
    <UnitTestResult executionId="ebffcb40-a86c-4535-b200-b05b670abe30" testId="432a98c1-f17f-d629-9fe9-b0047c94203f" testName="OnlineSupermarket.Infrastructure.Tests.Recommendations.MfScorerTests.EnsureModel_WithSufficientData_TrainsModelAndProducesPositiveMfScores" computerName="MTM" duration="00:00:01.1196502" startTime="2026-09-08T12:36:05.7948920+07:00" endTime="2026-09-08T12:36:06.9139318+07:00" testType="13cdc9d9-ddb5-4fa4-a97d-d965ccfc6d4b" outcome="Passed" testListId="8c84fa94-04c1-424b-9868-57a2d4851a1d" relativeResultsDirectory="ebffcb40-a86c-4535-b200-b05b670abe30" />
    <UnitTestResult executionId="3e146a6f-f043-45d4-b5af-574d55b5e754" testId="ddea741b-8dca-61d3-44ca-e2f75974443b" testName="OnlineSupermarket.Infrastructure.Tests.Recommendations.RecommendationJobHandlerTests.ExecuteAsync_WithNoSignals_ProducesNoRows" computerName="MTM" duration="00:00:00.0908456" startTime="2026-09-08T12:36:05.4441960+07:00" endTime="2026-09-08T12:36:05.5350046+07:00" testType="13cdc9d9-ddb5-4fa4-a97d-d965ccfc6d4b" outcome="Passed" testListId="8c84fa94-04c1-424b-9868-57a2d4851a1d" relativeResultsDirectory="3e146a6f-f043-45d4-b5af-574d55b5e754" />
    <UnitTestResult executionId="f28448d2-a0e3-4a92-a3e0-11172fc32617" testId="63f046d2-88b5-4f98-3ac6-0360e81f31fa" testName="OnlineSupermarket.Infrastructure.Tests.Recommendations.RecommendationScorerTests.ScoreUser_CapsRepeatedViewsPerProductPerUtcDay" computerName="MTM" duration="00:00:00.0255110" startTime="2026-09-08T12:36:03.3833861+07:00" endTime="2026-09-08T12:36:03.4084229+07:00" testType="13cdc9d9-ddb5-4fa4-a97d-d965ccfc6d4b" outcome="Passed" testListId="8c84fa94-04c1-424b-9868-57a2d4851a1d" relativeResultsDirectory="f28448d2-a0e3-4a92-a3e0-11172fc32617" />
    <UnitTestResult executionId="5f200486-9ea9-4d4d-a76e-0ebf10a26198" testId="273032a0-671d-9a3b-f530-910f493ab4f3" testName="OnlineSupermarket.Infrastructure.Tests.Recommendations.MfScorerTests.ScoreUserWithMf_ExcludesSeenViewsAndPurchases" computerName="MTM" duration="00:00:01.9846445" startTime="2026-09-08T12:36:09.5841784+07:00" endTime="2026-09-08T12:36:11.5687391+07:00" testType="13cdc9d9-ddb5-4fa4-a97d-d965ccfc6d4b" outcome="Passed" testListId="8c84fa94-04c1-424b-9868-57a2d4851a1d" relativeResultsDirectory="5f200486-9ea9-4d4d-a76e-0ebf10a26198" />
    <UnitTestResult executionId="f005b7f4-9f4f-4a87-9151-6a728df8ab7e" testId="8afbae22-be6b-532a-9314-a64991bd3ad1" testName="OnlineSupermarket.Infrastructure.Tests.Recommendations.RecommendationScorerTests.ScoreSimilar_ExcludesSourceAndInactiveProducts" computerName="MTM" duration="00:00:00.0195358" startTime="2026-09-08T12:36:03.3692372+07:00" endTime="2026-09-08T12:36:03.3711992+07:00" testType="13cdc9d9-ddb5-4fa4-a97d-d965ccfc6d4b" outcome="Passed" testListId="8c84fa94-04c1-424b-9868-57a2d4851a1d" relativeResultsDirectory="f005b7f4-9f4f-4a87-9151-6a728df8ab7e" />
    <UnitTestResult executionId="509b2993-cc82-4f99-b83c-a002bec28e8d" testId="0b9ec175-84d9-836a-a2b0-d40ddaaefba1" testName="OnlineSupermarket.Infrastructure.Tests.Recommendations.RecommendationJobHandlerTests.ExecuteAsync_MaterializesAllThreeScopesInOneRun" computerName="MTM" duration="00:00:00.0370719" startTime="2026-09-08T12:36:05.6727418+07:00" endTime="2026-09-08T12:36:05.7097244+07:00" testType="13cdc9d9-ddb5-4fa4-a97d-d965ccfc6d4b" outcome="Passed" testListId="8c84fa94-04c1-424b-9868-57a2d4851a1d" relativeResultsDirectory="509b2993-cc82-4f99-b83c-a002bec28e8d" />
    <UnitTestResult executionId="4fa7c4a6-47fa-4c67-bed6-33325ee1bd7b" testId="05dcc9f2-fb0a-a9c1-c777-60b703f007db" testName="OnlineSupermarket.Infrastructure.Tests.Recommendations.MfScorerTests.ScoreUserWithMf_WhenAllCandidatesSeen_DoesNotReinsertSeen" computerName="MTM" duration="00:00:01.0618600" startTime="2026-09-08T12:36:08.5222346+07:00" endTime="2026-09-08T12:36:09.5840066+07:00" testType="13cdc9d9-ddb5-4fa4-a97d-d965ccfc6d4b" outcome="Passed" testListId="8c84fa94-04c1-424b-9868-57a2d4851a1d" relativeResultsDirectory="4fa7c4a6-47fa-4c67-bed6-33325ee1bd7b" />
    <UnitTestResult executionId="8e771381-ea97-4455-85a7-9af1055ef044" testId="1cfa4b68-a88f-e2d1-390c-8f741422310d" testName="OnlineSupermarket.Infrastructure.Tests.Recommendations.RecommendationScorerTests.ScoreGlobal_LimitsToTwentyResults" computerName="MTM" duration="00:00:00.0004236" startTime="2026-09-08T12:36:03.3778133+07:00" endTime="2026-09-08T12:36:03.3780210+07:00" testType="13cdc9d9-ddb5-4fa4-a97d-d965ccfc6d4b" outcome="Passed" testListId="8c84fa94-04c1-424b-9868-57a2d4851a1d" relativeResultsDirectory="8e771381-ea97-4455-85a7-9af1055ef044" />
    <UnitTestResult executionId="16caa5da-c20d-4d36-803d-9cdea09c17e5" testId="07a76cd6-4cee-7ded-957f-e5b632fb356d" testName="OnlineSupermarket.Infrastructure.Tests.Recommendations.RecommendationScorerTests.ScoreSimilar_TieBreaksByProductIdAscending" computerName="MTM" duration="00:00:00.0046745" startTime="2026-09-08T12:36:03.4838807+07:00" endTime="2026-09-08T12:36:03.4839724+07:00" testType="13cdc9d9-ddb5-4fa4-a97d-d965ccfc6d4b" outcome="Passed" testListId="8c84fa94-04c1-424b-9868-57a2d4851a1d" relativeResultsDirectory="16caa5da-c20d-4d36-803d-9cdea09c17e5" />
    <UnitTestResult executionId="b18b5540-aa0d-44ee-ac04-11a440ef4fd5" testId="a5a7d392-c74f-da67-6cb0-0b4ea41991f8" testName="OnlineSupermarket.Infrastructure.Tests.Recommendations.RecommendationScorerTests.ScoreUser_ExcludesAlreadySeenProducts" computerName="MTM" duration="00:00:00.0006158" startTime="2026-09-08T12:36:03.4087111+07:00" endTime="2026-09-08T12:36:03.4092427+07:00" testType="13cdc9d9-ddb5-4fa4-a97d-d965ccfc6d4b" outcome="Passed" testListId="8c84fa94-04c1-424b-9868-57a2d4851a1d" relativeResultsDirectory="b18b5540-aa0d-44ee-ac04-11a440ef4fd5" />
    <UnitTestResult executionId="bbe34d43-5ea0-413b-a007-e0d6484653db" testId="3e998626-7fc9-bfed-1348-4c31d8ee11f1" testName="OnlineSupermarket.Infrastructure.Tests.Recommendations.MfScorerTests.ClearModel_ResetsModelState" computerName="MTM" duration="00:00:00.8846803" startTime="2026-09-08T12:36:06.9141961+07:00" endTime="2026-09-08T12:36:07.7987844+07:00" testType="13cdc9d9-ddb5-4fa4-a97d-d965ccfc6d4b" outcome="Passed" testListId="8c84fa94-04c1-424b-9868-57a2d4851a1d" relativeResultsDirectory="bbe34d43-5ea0-413b-a007-e0d6484653db" />
    <UnitTestResult executionId="62631004-9998-4e65-9ca1-e9e3a72b5f14" testId="9579ca0c-eaf2-b6b5-762c-9c2376cec3a3" testName="OnlineSupermarket.Infrastructure.Tests.Recommendations.RecommendationJobHandlerTests.ExecuteAsync_WhenTrainingFails_CleansUpModelAndThrows_PreservingPriorBatch" computerName="MTM" duration="00:00:00.0764724" startTime="2026-09-08T12:36:05.3680422+07:00" endTime="2026-09-08T12:36:05.4440466+07:00" testType="13cdc9d9-ddb5-4fa4-a97d-d965ccfc6d4b" outcome="Passed" testListId="8c84fa94-04c1-424b-9868-57a2d4851a1d" relativeResultsDirectory="62631004-9998-4e65-9ca1-e9e3a72b5f14" />
    <UnitTestResult executionId="ef379fbe-d7f2-47c3-8770-c67d7a494524" testId="3feabb41-8f28-013b-8510-f538e3165a7f" testName="OnlineSupermarket.Infrastructure.Tests.Recommendations.RecommendationJobHandlerTests.ExecuteAsync_ProducesSequentialRanksPerAudience" computerName="MTM" duration="00:00:00.0966502" startTime="2026-09-08T12:36:05.5351471+07:00" endTime="2026-09-08T12:36:05.6317620+07:00" testType="13cdc9d9-ddb5-4fa4-a97d-d965ccfc6d4b" outcome="Passed" testListId="8c84fa94-04c1-424b-9868-57a2d4851a1d" relativeResultsDirectory="ef379fbe-d7f2-47c3-8770-c67d7a494524" />
    <UnitTestResult executionId="a1f8d07d-0b5a-47f7-8fdb-45692b8212f2" testId="29282538-d708-0e50-940f-820bb6f52d50" testName="OnlineSupermarket.Infrastructure.Tests.Recommendations.RecommendationScorerTests.ScoreUser_WeightsPurchasesThreeTimesViews" computerName="MTM" duration="00:00:00.0039658" startTime="2026-09-08T12:36:03.4847155+07:00" endTime="2026-09-08T12:36:03.4847773+07:00" testType="13cdc9d9-ddb5-4fa4-a97d-d965ccfc6d4b" outcome="Passed" testListId="8c84fa94-04c1-424b-9868-57a2d4851a1d" relativeResultsDirectory="a1f8d07d-0b5a-47f7-8fdb-45692b8212f2" />
    <UnitTestResult executionId="eed053b6-2a71-4a9c-89f6-14d8dd5a51e3" testId="790cd01d-3480-64a9-78ee-25458e21c246" testName="OnlineSupermarket.Infrastructure.Tests.Recommendations.RecommendationJobHandlerTests.ExecuteAsync_ExpiryIsIntervalPlusGrace" computerName="MTM" duration="00:00:00.0330660" startTime="2026-09-08T12:36:05.7099400+07:00" endTime="2026-09-08T12:36:05.7429230+07:00" testType="13cdc9d9-ddb5-4fa4-a97d-d965ccfc6d4b" outcome="Passed" testListId="8c84fa94-04c1-424b-9868-57a2d4851a1d" relativeResultsDirectory="eed053b6-2a71-4a9c-89f6-14d8dd5a51e3" />
    <UnitTestResult executionId="6aeaf1a8-f3a2-4293-a7f2-f7f485816a12" testId="f04f7679-7aec-1186-608b-e11eadc35155" testName="OnlineSupermarket.Infrastructure.Tests.Recommendations.MfScorerTests.EnsureModel_WithBelowThresholdInteractions_DoesNotTrainModel_AndUsesContentFallback" computerName="MTM" duration="00:00:00.0126816" startTime="2026-09-08T12:36:05.7812389+07:00" endTime="2026-09-08T12:36:05.7939646+07:00" testType="13cdc9d9-ddb5-4fa4-a97d-d965ccfc6d4b" outcome="Passed" testListId="8c84fa94-04c1-424b-9868-57a2d4851a1d" relativeResultsDirectory="6aeaf1a8-f3a2-4293-a7f2-f7f485816a12" />
    <UnitTestResult executionId="77deff86-85c6-41fa-a15c-b23bb29f5c48" testId="3bf68c67-37ef-348d-ee2f-014c6670dab7" testName="OnlineSupermarket.Infrastructure.Tests.Recommendations.RecommendationScorerTests.ScoreSimilar_LimitsToEightResults" computerName="MTM" duration="00:00:00.0031453" startTime="2026-09-08T12:36:03.3744440+07:00" endTime="2026-09-08T12:36:03.3775330+07:00" testType="13cdc9d9-ddb5-4fa4-a97d-d965ccfc6d4b" outcome="Passed" testListId="8c84fa94-04c1-424b-9868-57a2d4851a1d" relativeResultsDirectory="77deff86-85c6-41fa-a15c-b23bb29f5c48" />
    <UnitTestResult executionId="2922e8b6-c719-4687-920b-99aa55968d1a" testId="6bfdf6eb-f2ef-1f9e-158f-1d82afea9ffa" testName="OnlineSupermarket.Infrastructure.Tests.Recommendations.RecommendationScorerTests.ScoreGlobal_ReturnsCustomerSafeReasonsAndValidScores" computerName="MTM" duration="00:00:00.0029655" startTime="2026-09-08T12:36:03.3724885+07:00" endTime="2026-09-08T12:36:03.3742424+07:00" testType="13cdc9d9-ddb5-4fa4-a97d-d965ccfc6d4b" outcome="Passed" testListId="8c84fa94-04c1-424b-9868-57a2d4851a1d" relativeResultsDirectory="2922e8b6-c719-4687-920b-99aa55968d1a" />
    <UnitTestResult executionId="cbec1069-ba98-4456-8088-e7bf2bfd09d3" testId="1a924f2c-90e8-895c-af5c-3f6733c3d127" testName="OnlineSupermarket.Infrastructure.Tests.Recommendations.MfScorerTests.Score_UnknownUserOrProduct_ReturnsZero" computerName="MTM" duration="00:00:00.7232091" startTime="2026-09-08T12:36:07.7991239+07:00" endTime="2026-09-08T12:36:08.5220246+07:00" testType="13cdc9d9-ddb5-4fa4-a97d-d965ccfc6d4b" outcome="Passed" testListId="8c84fa94-04c1-424b-9868-57a2d4851a1d" relativeResultsDirectory="cbec1069-ba98-4456-8088-e7bf2bfd09d3" />
    <UnitTestResult executionId="6c7a1ac8-0808-4563-958a-d383af1e3a13" testId="c22257d1-cc7b-ddff-fa9d-37b50cbe702d" testName="OnlineSupermarket.Infrastructure.Tests.Recommendations.RecommendationJobHandlerTests.ExecuteAsync_NewRunPreservesPriorHistory" computerName="MTM" duration="00:00:00.0372580" startTime="2026-09-08T12:36:05.7431000+07:00" endTime="2026-09-08T12:36:05.7802680+07:00" testType="13cdc9d9-ddb5-4fa4-a97d-d965ccfc6d4b" outcome="Passed" testListId="8c84fa94-04c1-424b-9868-57a2d4851a1d" relativeResultsDirectory="6c7a1ac8-0808-4563-958a-d383af1e3a13" />
  </Results>
  <TestDefinitions>
    <UnitTest name="OnlineSupermarket.Infrastructure.Tests.Recommendations.RecommendationScorerTests.ScoreSimilar_ExcludesSourceAndInactiveProducts" storage="c:\users\manh\documents\project3\online-supermarket-system\backend\tests\onlinesupermarket.infrastructure.tests\bin\debug\net10.0\onlinesupermarket.infrastructure.tests.dll" id="8afbae22-be6b-532a-9314-a64991bd3ad1">
      <Execution id="f005b7f4-9f4f-4a87-9151-6a728df8ab7e" />
      <TestMethod codeBase="C:\Users\manh\Documents\Project3\online-supermarket-system\backend\tests\OnlineSupermarket.Infrastructure.Tests\bin\Debug\net10.0\OnlineSupermarket.Infrastructure.Tests.dll" adapterTypeName="executor://xunit/VsTestRunner3/netcore/" className="OnlineSupermarket.Infrastructure.Tests.Recommendations.RecommendationScorerTests" name="ScoreSimilar_ExcludesSourceAndInactiveProducts" />
    </UnitTest>
    <UnitTest name="OnlineSupermarket.Infrastructure.Tests.Recommendations.RecommendationJobHandlerTests.ExecuteAsync_WhenPredictionYieldsNoScores_FallsBackToContentWithoutFakingMf" storage="c:\users\manh\documents\project3\online-supermarket-system\backend\tests\onlinesupermarket.infrastructure.tests\bin\debug\net10.0\onlinesupermarket.infrastructure.tests.dll" id="57aefdf7-5b52-e58b-c53b-8d0d9c542558">
      <Execution id="3198ee4f-98ff-4690-9e6d-fdaf2d2ca66a" />
      <TestMethod codeBase="C:\Users\manh\Documents\Project3\online-supermarket-system\backend\tests\OnlineSupermarket.Infrastructure.Tests\bin\Debug\net10.0\OnlineSupermarket.Infrastructure.Tests.dll" adapterTypeName="executor://xunit/VsTestRunner3/netcore/" className="OnlineSupermarket.Infrastructure.Tests.Recommendations.RecommendationJobHandlerTests" name="ExecuteAsync_WhenPredictionYieldsNoScores_FallsBackToContentWithoutFakingMf" />
    </UnitTest>
    <UnitTest name="OnlineSupermarket.Infrastructure.Tests.Recommendations.RecommendationScorerTests.ScoreUser_CapsRepeatedViewsPerProductPerUtcDay" storage="c:\users\manh\documents\project3\online-supermarket-system\backend\tests\onlinesupermarket.infrastructure.tests\bin\debug\net10.0\onlinesupermarket.infrastructure.tests.dll" id="63f046d2-88b5-4f98-3ac6-0360e81f31fa">
      <Execution id="f28448d2-a0e3-4a92-a3e0-11172fc32617" />
      <TestMethod codeBase="C:\Users\manh\Documents\Project3\online-supermarket-system\backend\tests\OnlineSupermarket.Infrastructure.Tests\bin\Debug\net10.0\OnlineSupermarket.Infrastructure.Tests.dll" adapterTypeName="executor://xunit/VsTestRunner3/netcore/" className="OnlineSupermarket.Infrastructure.Tests.Recommendations.RecommendationScorerTests" name="ScoreUser_CapsRepeatedViewsPerProductPerUtcDay" />
    </UnitTest>
    <UnitTest name="OnlineSupermarket.Infrastructure.Tests.Recommendations.RecommendationScorerTests.ScoreUser_ExcludesAlreadySeenProducts" storage="c:\users\manh\documents\project3\online-supermarket-system\backend\tests\onlinesupermarket.infrastructure.tests\bin\debug\net10.0\onlinesupermarket.infrastructure.tests.dll" id="a5a7d392-c74f-da67-6cb0-0b4ea41991f8">
      <Execution id="b18b5540-aa0d-44ee-ac04-11a440ef4fd5" />
      <TestMethod codeBase="C:\Users\manh\Documents\Project3\online-supermarket-system\backend\tests\OnlineSupermarket.Infrastructure.Tests\bin\Debug\net10.0\OnlineSupermarket.Infrastructure.Tests.dll" adapterTypeName="executor://xunit/VsTestRunner3/netcore/" className="OnlineSupermarket.Infrastructure.Tests.Recommendations.RecommendationScorerTests" name="ScoreUser_ExcludesAlreadySeenProducts" />
    </UnitTest>
    <UnitTest name="OnlineSupermarket.Infrastructure.Tests.Recommendations.RecommendationScorerTests.ScoreGlobal_ReturnsCustomerSafeReasonsAndValidScores" storage="c:\users\manh\documents\project3\online-supermarket-system\backend\tests\onlinesupermarket.infrastructure.tests\bin\debug\net10.0\onlinesupermarket.infrastructure.tests.dll" id="6bfdf6eb-f2ef-1f9e-158f-1d82afea9ffa">
      <Execution id="2922e8b6-c719-4687-920b-99aa55968d1a" />
      <TestMethod codeBase="C:\Users\manh\Documents\Project3\online-supermarket-system\backend\tests\OnlineSupermarket.Infrastructure.Tests\bin\Debug\net10.0\OnlineSupermarket.Infrastructure.Tests.dll" adapterTypeName="executor://xunit/VsTestRunner3/netcore/" className="OnlineSupermarket.Infrastructure.Tests.Recommendations.RecommendationScorerTests" name="ScoreGlobal_ReturnsCustomerSafeReasonsAndValidScores" />
    </UnitTest>
    <UnitTest name="OnlineSupermarket.Infrastructure.Tests.Recommendations.RecommendationScorerTests.ScoreGlobal_LimitsToTwentyResults" storage="c:\users\manh\documents\project3\online-supermarket-system\backend\tests\onlinesupermarket.infrastructure.tests\bin\debug\net10.0\onlinesupermarket.infrastructure.tests.dll" id="1cfa4b68-a88f-e2d1-390c-8f741422310d">
      <Execution id="8e771381-ea97-4455-85a7-9af1055ef044" />
      <TestMethod codeBase="C:\Users\manh\Documents\Project3\online-supermarket-system\backend\tests\OnlineSupermarket.Infrastructure.Tests\bin\Debug\net10.0\OnlineSupermarket.Infrastructure.Tests.dll" adapterTypeName="executor://xunit/VsTestRunner3/netcore/" className="OnlineSupermarket.Infrastructure.Tests.Recommendations.RecommendationScorerTests" name="ScoreGlobal_LimitsToTwentyResults" />
    </UnitTest>
    <UnitTest name="OnlineSupermarket.Infrastructure.Tests.Recommendations.RecommendationJobHandlerTests.ExecuteAsync_MaterializesAllThreeScopesInOneRun" storage="c:\users\manh\documents\project3\online-supermarket-system\backend\tests\onlinesupermarket.infrastructure.tests\bin\debug\net10.0\onlinesupermarket.infrastructure.tests.dll" id="0b9ec175-84d9-836a-a2b0-d40ddaaefba1">
      <Execution id="509b2993-cc82-4f99-b83c-a002bec28e8d" />
      <TestMethod codeBase="C:\Users\manh\Documents\Project3\online-supermarket-system\backend\tests\OnlineSupermarket.Infrastructure.Tests\bin\Debug\net10.0\OnlineSupermarket.Infrastructure.Tests.dll" adapterTypeName="executor://xunit/VsTestRunner3/netcore/" className="OnlineSupermarket.Infrastructure.Tests.Recommendations.RecommendationJobHandlerTests" name="ExecuteAsync_MaterializesAllThreeScopesInOneRun" />
    </UnitTest>
    <UnitTest name="OnlineSupermarket.Infrastructure.Tests.Recommendations.MfScorerTests.EnsureModel_WithBelowThresholdInteractions_DoesNotTrainModel_AndUsesContentFallback" storage="c:\users\manh\documents\project3\online-supermarket-system\backend\tests\onlinesupermarket.infrastructure.tests\bin\debug\net10.0\onlinesupermarket.infrastructure.tests.dll" id="f04f7679-7aec-1186-608b-e11eadc35155">
      <Execution id="6aeaf1a8-f3a2-4293-a7f2-f7f485816a12" />
      <TestMethod codeBase="C:\Users\manh\Documents\Project3\online-supermarket-system\backend\tests\OnlineSupermarket.Infrastructure.Tests\bin\Debug\net10.0\OnlineSupermarket.Infrastructure.Tests.dll" adapterTypeName="executor://xunit/VsTestRunner3/netcore/" className="OnlineSupermarket.Infrastructure.Tests.Recommendations.MfScorerTests" name="EnsureModel_WithBelowThresholdInteractions_DoesNotTrainModel_AndUsesContentFallback" />
    </UnitTest>
    <UnitTest name="OnlineSupermarket.Infrastructure.Tests.Recommendations.MfScorerTests.Score_UnknownUserOrProduct_ReturnsZero" storage="c:\users\manh\documents\project3\online-supermarket-system\backend\tests\onlinesupermarket.infrastructure.tests\bin\debug\net10.0\onlinesupermarket.infrastructure.tests.dll" id="1a924f2c-90e8-895c-af5c-3f6733c3d127">
      <Execution id="cbec1069-ba98-4456-8088-e7bf2bfd09d3" />
      <TestMethod codeBase="C:\Users\manh\Documents\Project3\online-supermarket-system\backend\tests\OnlineSupermarket.Infrastructure.Tests\bin\Debug\net10.0\OnlineSupermarket.Infrastructure.Tests.dll" adapterTypeName="executor://xunit/VsTestRunner3/netcore/" className="OnlineSupermarket.Infrastructure.Tests.Recommendations.MfScorerTests" name="Score_UnknownUserOrProduct_ReturnsZero" />
    </UnitTest>
    <UnitTest name="OnlineSupermarket.Infrastructure.Tests.Recommendations.RecommendationJobHandlerTests.ExecuteAsync_WithNoSignals_ProducesNoRows" storage="c:\users\manh\documents\project3\online-supermarket-system\backend\tests\onlinesupermarket.infrastructure.tests\bin\debug\net10.0\onlinesupermarket.infrastructure.tests.dll" id="ddea741b-8dca-61d3-44ca-e2f75974443b">
      <Execution id="3e146a6f-f043-45d4-b5af-574d55b5e754" />
      <TestMethod codeBase="C:\Users\manh\Documents\Project3\online-supermarket-system\backend\tests\OnlineSupermarket.Infrastructure.Tests\bin\Debug\net10.0\OnlineSupermarket.Infrastructure.Tests.dll" adapterTypeName="executor://xunit/VsTestRunner3/netcore/" className="OnlineSupermarket.Infrastructure.Tests.Recommendations.RecommendationJobHandlerTests" name="ExecuteAsync_WithNoSignals_ProducesNoRows" />
    </UnitTest>
    <UnitTest name="OnlineSupermarket.Infrastructure.Tests.Recommendations.RecommendationScorerTests.ScoreSimilar_LimitsToEightResults" storage="c:\users\manh\documents\project3\online-supermarket-system\backend\tests\onlinesupermarket.infrastructure.tests\bin\debug\net10.0\onlinesupermarket.infrastructure.tests.dll" id="3bf68c67-37ef-348d-ee2f-014c6670dab7">
      <Execution id="77deff86-85c6-41fa-a15c-b23bb29f5c48" />
      <TestMethod codeBase="C:\Users\manh\Documents\Project3\online-supermarket-system\backend\tests\OnlineSupermarket.Infrastructure.Tests\bin\Debug\net10.0\OnlineSupermarket.Infrastructure.Tests.dll" adapterTypeName="executor://xunit/VsTestRunner3/netcore/" className="OnlineSupermarket.Infrastructure.Tests.Recommendations.RecommendationScorerTests" name="ScoreSimilar_LimitsToEightResults" />
    </UnitTest>
    <UnitTest name="OnlineSupermarket.Infrastructure.Tests.Recommendations.MfScorerTests.ScoreUserWithMf_WhenAllCandidatesSeen_DoesNotReinsertSeen" storage="c:\users\manh\documents\project3\online-supermarket-system\backend\tests\onlinesupermarket.infrastructure.tests\bin\debug\net10.0\onlinesupermarket.infrastructure.tests.dll" id="05dcc9f2-fb0a-a9c1-c777-60b703f007db">
      <Execution id="4fa7c4a6-47fa-4c67-bed6-33325ee1bd7b" />
      <TestMethod codeBase="C:\Users\manh\Documents\Project3\online-supermarket-system\backend\tests\OnlineSupermarket.Infrastructure.Tests\bin\Debug\net10.0\OnlineSupermarket.Infrastructure.Tests.dll" adapterTypeName="executor://xunit/VsTestRunner3/netcore/" className="OnlineSupermarket.Infrastructure.Tests.Recommendations.MfScorerTests" name="ScoreUserWithMf_WhenAllCandidatesSeen_DoesNotReinsertSeen" />
    </UnitTest>
    <UnitTest name="OnlineSupermarket.Infrastructure.Tests.Recommendations.RecommendationJobHandlerTests.ExecuteAsync_WithConflict_RollsBackTheWholeBatch" storage="c:\users\manh\documents\project3\online-supermarket-system\backend\tests\onlinesupermarket.infrastructure.tests\bin\debug\net10.0\onlinesupermarket.infrastructure.tests.dll" id="0d829043-e1b3-ff91-37da-aee4a258a91b">
      <Execution id="7375774c-385f-4f69-8ca8-3ef0e99a18cb" />
      <TestMethod codeBase="C:\Users\manh\Documents\Project3\online-supermarket-system\backend\tests\OnlineSupermarket.Infrastructure.Tests\bin\Debug\net10.0\OnlineSupermarket.Infrastructure.Tests.dll" adapterTypeName="executor://xunit/VsTestRunner3/netcore/" className="OnlineSupermarket.Infrastructure.Tests.Recommendations.RecommendationJobHandlerTests" name="ExecuteAsync_WithConflict_RollsBackTheWholeBatch" />
    </UnitTest>
    <UnitTest name="OnlineSupermarket.Infrastructure.Tests.Recommendations.RecommendationJobHandlerTests.ExecuteAsync_ExpiryIsIntervalPlusGrace" storage="c:\users\manh\documents\project3\online-supermarket-system\backend\tests\onlinesupermarket.infrastructure.tests\bin\debug\net10.0\onlinesupermarket.infrastructure.tests.dll" id="790cd01d-3480-64a9-78ee-25458e21c246">
      <Execution id="eed053b6-2a71-4a9c-89f6-14d8dd5a51e3" />
      <TestMethod codeBase="C:\Users\manh\Documents\Project3\online-supermarket-system\backend\tests\OnlineSupermarket.Infrastructure.Tests\bin\Debug\net10.0\OnlineSupermarket.Infrastructure.Tests.dll" adapterTypeName="executor://xunit/VsTestRunner3/netcore/" className="OnlineSupermarket.Infrastructure.Tests.Recommendations.RecommendationJobHandlerTests" name="ExecuteAsync_ExpiryIsIntervalPlusGrace" />
    </UnitTest>
    <UnitTest name="OnlineSupermarket.Infrastructure.Tests.Recommendations.RecommendationScorerTests.ScoreUser_WeightsPurchasesThreeTimesViews" storage="c:\users\manh\documents\project3\online-supermarket-system\backend\tests\onlinesupermarket.infrastructure.tests\bin\debug\net10.0\onlinesupermarket.infrastructure.tests.dll" id="29282538-d708-0e50-940f-820bb6f52d50">
      <Execution id="a1f8d07d-0b5a-47f7-8fdb-45692b8212f2" />
      <TestMethod codeBase="C:\Users\manh\Documents\Project3\online-supermarket-system\backend\tests\OnlineSupermarket.Infrastructure.Tests\bin\Debug\net10.0\OnlineSupermarket.Infrastructure.Tests.dll" adapterTypeName="executor://xunit/VsTestRunner3/netcore/" className="OnlineSupermarket.Infrastructure.Tests.Recommendations.RecommendationScorerTests" name="ScoreUser_WeightsPurchasesThreeTimesViews" />
    </UnitTest>
    <UnitTest name="OnlineSupermarket.Infrastructure.Tests.Recommendations.RecommendationScorerTests.ScoreGlobal_SkipsSignalsOutsideWindow" storage="c:\users\manh\documents\project3\online-supermarket-system\backend\tests\onlinesupermarket.infrastructure.tests\bin\debug\net10.0\onlinesupermarket.infrastructure.tests.dll" id="a56d3eb8-e7a3-1757-6349-723dba8914e3">
      <Execution id="5737e647-dfb9-4ba5-b6d7-6adf875d001b" />
      <TestMethod codeBase="C:\Users\manh\Documents\Project3\online-supermarket-system\backend\tests\OnlineSupermarket.Infrastructure.Tests\bin\Debug\net10.0\OnlineSupermarket.Infrastructure.Tests.dll" adapterTypeName="executor://xunit/VsTestRunner3/netcore/" className="OnlineSupermarket.Infrastructure.Tests.Recommendations.RecommendationScorerTests" name="ScoreGlobal_SkipsSignalsOutsideWindow" />
    </UnitTest>
    <UnitTest name="OnlineSupermarket.Infrastructure.Tests.Recommendations.MfScorerTests.EnsureModel_WithSufficientData_TrainsModelAndProducesPositiveMfScores" storage="c:\users\manh\documents\project3\online-supermarket-system\backend\tests\onlinesupermarket.infrastructure.tests\bin\debug\net10.0\onlinesupermarket.infrastructure.tests.dll" id="432a98c1-f17f-d629-9fe9-b0047c94203f">
      <Execution id="ebffcb40-a86c-4535-b200-b05b670abe30" />
      <TestMethod codeBase="C:\Users\manh\Documents\Project3\online-supermarket-system\backend\tests\OnlineSupermarket.Infrastructure.Tests\bin\Debug\net10.0\OnlineSupermarket.Infrastructure.Tests.dll" adapterTypeName="executor://xunit/VsTestRunner3/netcore/" className="OnlineSupermarket.Infrastructure.Tests.Recommendations.MfScorerTests" name="EnsureModel_WithSufficientData_TrainsModelAndProducesPositiveMfScores" />
    </UnitTest>
    <UnitTest name="OnlineSupermarket.Infrastructure.Tests.Recommendations.RecommendationJobHandlerTests.ExecuteAsync_NewRunPreservesPriorHistory" storage="c:\users\manh\documents\project3\online-supermarket-system\backend\tests\onlinesupermarket.infrastructure.tests\bin\debug\net10.0\onlinesupermarket.infrastructure.tests.dll" id="c22257d1-cc7b-ddff-fa9d-37b50cbe702d">
      <Execution id="6c7a1ac8-0808-4563-958a-d383af1e3a13" />
      <TestMethod codeBase="C:\Users\manh\Documents\Project3\online-supermarket-system\backend\tests\OnlineSupermarket.Infrastructure.Tests\bin\Debug\net10.0\OnlineSupermarket.Infrastructure.Tests.dll" adapterTypeName="executor://xunit/VsTestRunner3/netcore/" className="OnlineSupermarket.Infrastructure.Tests.Recommendations.RecommendationJobHandlerTests" name="ExecuteAsync_NewRunPreservesPriorHistory" />
    </UnitTest>
    <UnitTest name="OnlineSupermarket.Infrastructure.Tests.Recommendations.MfScorerTests.ClearModel_ResetsModelState" storage="c:\users\manh\documents\project3\online-supermarket-system\backend\tests\onlinesupermarket.infrastructure.tests\bin\debug\net10.0\onlinesupermarket.infrastructure.tests.dll" id="3e998626-7fc9-bfed-1348-4c31d8ee11f1">
      <Execution id="bbe34d43-5ea0-413b-a007-e0d6484653db" />
      <TestMethod codeBase="C:\Users\manh\Documents\Project3\online-supermarket-system\backend\tests\OnlineSupermarket.Infrastructure.Tests\bin\Debug\net10.0\OnlineSupermarket.Infrastructure.Tests.dll" adapterTypeName="executor://xunit/VsTestRunner3/netcore/" className="OnlineSupermarket.Infrastructure.Tests.Recommendations.MfScorerTests" name="ClearModel_ResetsModelState" />
    </UnitTest>
    <UnitTest name="OnlineSupermarket.Infrastructure.Tests.Recommendations.RecommendationJobHandlerTests.ExecuteAsync_WhenTrainingFails_CleansUpModelAndThrows_PreservingPriorBatch" storage="c:\users\manh\documents\project3\online-supermarket-system\backend\tests\onlinesupermarket.infrastructure.tests\bin\debug\net10.0\onlinesupermarket.infrastructure.tests.dll" id="9579ca0c-eaf2-b6b5-762c-9c2376cec3a3">
      <Execution id="62631004-9998-4e65-9ca1-e9e3a72b5f14" />
      <TestMethod codeBase="C:\Users\manh\Documents\Project3\online-supermarket-system\backend\tests\OnlineSupermarket.Infrastructure.Tests\bin\Debug\net10.0\OnlineSupermarket.Infrastructure.Tests.dll" adapterTypeName="executor://xunit/VsTestRunner3/netcore/" className="OnlineSupermarket.Infrastructure.Tests.Recommendations.RecommendationJobHandlerTests" name="ExecuteAsync_WhenTrainingFails_CleansUpModelAndThrows_PreservingPriorBatch" />
    </UnitTest>
    <UnitTest name="OnlineSupermarket.Infrastructure.Tests.Recommendations.MfScorerTests.ScoreUserWithMf_ExcludesSeenViewsAndPurchases" storage="c:\users\manh\documents\project3\online-supermarket-system\backend\tests\onlinesupermarket.infrastructure.tests\bin\debug\net10.0\onlinesupermarket.infrastructure.tests.dll" id="273032a0-671d-9a3b-f530-910f493ab4f3">
      <Execution id="5f200486-9ea9-4d4d-a76e-0ebf10a26198" />
      <TestMethod codeBase="C:\Users\manh\Documents\Project3\online-supermarket-system\backend\tests\OnlineSupermarket.Infrastructure.Tests\bin\Debug\net10.0\OnlineSupermarket.Infrastructure.Tests.dll" adapterTypeName="executor://xunit/VsTestRunner3/netcore/" className="OnlineSupermarket.Infrastructure.Tests.Recommendations.MfScorerTests" name="ScoreUserWithMf_ExcludesSeenViewsAndPurchases" />
    </UnitTest>
    <UnitTest name="OnlineSupermarket.Infrastructure.Tests.Recommendations.RecommendationScorerTests.ScoreSimilar_TieBreaksByProductIdAscending" storage="c:\users\manh\documents\project3\online-supermarket-system\backend\tests\onlinesupermarket.infrastructure.tests\bin\debug\net10.0\onlinesupermarket.infrastructure.tests.dll" id="07a76cd6-4cee-7ded-957f-e5b632fb356d">
      <Execution id="16caa5da-c20d-4d36-803d-9cdea09c17e5" />
      <TestMethod codeBase="C:\Users\manh\Documents\Project3\online-supermarket-system\backend\tests\OnlineSupermarket.Infrastructure.Tests\bin\Debug\net10.0\OnlineSupermarket.Infrastructure.Tests.dll" adapterTypeName="executor://xunit/VsTestRunner3/netcore/" className="OnlineSupermarket.Infrastructure.Tests.Recommendations.RecommendationScorerTests" name="ScoreSimilar_TieBreaksByProductIdAscending" />
    </UnitTest>
    <UnitTest name="OnlineSupermarket.Infrastructure.Tests.Recommendations.RecommendationScorerTests.ScoreGlobal_RanksPurchasesAboveViewsAndDecaysRecency" storage="c:\users\manh\documents\project3\online-supermarket-system\backend\tests\onlinesupermarket.infrastructure.tests\bin\debug\net10.0\onlinesupermarket.infrastructure.tests.dll" id="1895cde4-8b62-656e-9411-76d31a39f921">
      <Execution id="df14a8cb-eb6f-4367-b6dc-b32647dcf29a" />
      <TestMethod codeBase="C:\Users\manh\Documents\Project3\online-supermarket-system\backend\tests\OnlineSupermarket.Infrastructure.Tests\bin\Debug\net10.0\OnlineSupermarket.Infrastructure.Tests.dll" adapterTypeName="executor://xunit/VsTestRunner3/netcore/" className="OnlineSupermarket.Infrastructure.Tests.Recommendations.RecommendationScorerTests" name="ScoreGlobal_RanksPurchasesAboveViewsAndDecaysRecency" />
    </UnitTest>
    <UnitTest name="OnlineSupermarket.Infrastructure.Tests.Recommendations.RecommendationJobHandlerTests.ExecuteAsync_ProducesSequentialRanksPerAudience" storage="c:\users\manh\documents\project3\online-supermarket-system\backend\tests\onlinesupermarket.infrastructure.tests\bin\debug\net10.0\onlinesupermarket.infrastructure.tests.dll" id="3feabb41-8f28-013b-8510-f538e3165a7f">
      <Execution id="ef379fbe-d7f2-47c3-8770-c67d7a494524" />
      <TestMethod codeBase="C:\Users\manh\Documents\Project3\online-supermarket-system\backend\tests\OnlineSupermarket.Infrastructure.Tests\bin\Debug\net10.0\OnlineSupermarket.Infrastructure.Tests.dll" adapterTypeName="executor://xunit/VsTestRunner3/netcore/" className="OnlineSupermarket.Infrastructure.Tests.Recommendations.RecommendationJobHandlerTests" name="ExecuteAsync_ProducesSequentialRanksPerAudience" />
    </UnitTest>
  </TestDefinitions>
  <TestEntries>
    <TestEntry testId="0d829043-e1b3-ff91-37da-aee4a258a91b" executionId="7375774c-385f-4f69-8ca8-3ef0e99a18cb" testListId="8c84fa94-04c1-424b-9868-57a2d4851a1d" />
    <TestEntry testId="57aefdf7-5b52-e58b-c53b-8d0d9c542558" executionId="3198ee4f-98ff-4690-9e6d-fdaf2d2ca66a" testListId="8c84fa94-04c1-424b-9868-57a2d4851a1d" />
    <TestEntry testId="a56d3eb8-e7a3-1757-6349-723dba8914e3" executionId="5737e647-dfb9-4ba5-b6d7-6adf875d001b" testListId="8c84fa94-04c1-424b-9868-57a2d4851a1d" />
    <TestEntry testId="1895cde4-8b62-656e-9411-76d31a39f921" executionId="df14a8cb-eb6f-4367-b6dc-b32647dcf29a" testListId="8c84fa94-04c1-424b-9868-57a2d4851a1d" />
    <TestEntry testId="432a98c1-f17f-d629-9fe9-b0047c94203f" executionId="ebffcb40-a86c-4535-b200-b05b670abe30" testListId="8c84fa94-04c1-424b-9868-57a2d4851a1d" />
    <TestEntry testId="ddea741b-8dca-61d3-44ca-e2f75974443b" executionId="3e146a6f-f043-45d4-b5af-574d55b5e754" testListId="8c84fa94-04c1-424b-9868-57a2d4851a1d" />
    <TestEntry testId="63f046d2-88b5-4f98-3ac6-0360e81f31fa" executionId="f28448d2-a0e3-4a92-a3e0-11172fc32617" testListId="8c84fa94-04c1-424b-9868-57a2d4851a1d" />
    <TestEntry testId="273032a0-671d-9a3b-f530-910f493ab4f3" executionId="5f200486-9ea9-4d4d-a76e-0ebf10a26198" testListId="8c84fa94-04c1-424b-9868-57a2d4851a1d" />
    <TestEntry testId="8afbae22-be6b-532a-9314-a64991bd3ad1" executionId="f005b7f4-9f4f-4a87-9151-6a728df8ab7e" testListId="8c84fa94-04c1-424b-9868-57a2d4851a1d" />
    <TestEntry testId="0b9ec175-84d9-836a-a2b0-d40ddaaefba1" executionId="509b2993-cc82-4f99-b83c-a002bec28e8d" testListId="8c84fa94-04c1-424b-9868-57a2d4851a1d" />
    <TestEntry testId="05dcc9f2-fb0a-a9c1-c777-60b703f007db" executionId="4fa7c4a6-47fa-4c67-bed6-33325ee1bd7b" testListId="8c84fa94-04c1-424b-9868-57a2d4851a1d" />
    <TestEntry testId="1cfa4b68-a88f-e2d1-390c-8f741422310d" executionId="8e771381-ea97-4455-85a7-9af1055ef044" testListId="8c84fa94-04c1-424b-9868-57a2d4851a1d" />
    <TestEntry testId="07a76cd6-4cee-7ded-957f-e5b632fb356d" executionId="16caa5da-c20d-4d36-803d-9cdea09c17e5" testListId="8c84fa94-04c1-424b-9868-57a2d4851a1d" />
    <TestEntry testId="a5a7d392-c74f-da67-6cb0-0b4ea41991f8" executionId="b18b5540-aa0d-44ee-ac04-11a440ef4fd5" testListId="8c84fa94-04c1-424b-9868-57a2d4851a1d" />
    <TestEntry testId="3e998626-7fc9-bfed-1348-4c31d8ee11f1" executionId="bbe34d43-5ea0-413b-a007-e0d6484653db" testListId="8c84fa94-04c1-424b-9868-57a2d4851a1d" />
    <TestEntry testId="9579ca0c-eaf2-b6b5-762c-9c2376cec3a3" executionId="62631004-9998-4e65-9ca1-e9e3a72b5f14" testListId="8c84fa94-04c1-424b-9868-57a2d4851a1d" />
    <TestEntry testId="3feabb41-8f28-013b-8510-f538e3165a7f" executionId="ef379fbe-d7f2-47c3-8770-c67d7a494524" testListId="8c84fa94-04c1-424b-9868-57a2d4851a1d" />
    <TestEntry testId="29282538-d708-0e50-940f-820bb6f52d50" executionId="a1f8d07d-0b5a-47f7-8fdb-45692b8212f2" testListId="8c84fa94-04c1-424b-9868-57a2d4851a1d" />
    <TestEntry testId="790cd01d-3480-64a9-78ee-25458e21c246" executionId="eed053b6-2a71-4a9c-89f6-14d8dd5a51e3" testListId="8c84fa94-04c1-424b-9868-57a2d4851a1d" />
    <TestEntry testId="f04f7679-7aec-1186-608b-e11eadc35155" executionId="6aeaf1a8-f3a2-4293-a7f2-f7f485816a12" testListId="8c84fa94-04c1-424b-9868-57a2d4851a1d" />
    <TestEntry testId="3bf68c67-37ef-348d-ee2f-014c6670dab7" executionId="77deff86-85c6-41fa-a15c-b23bb29f5c48" testListId="8c84fa94-04c1-424b-9868-57a2d4851a1d" />
    <TestEntry testId="6bfdf6eb-f2ef-1f9e-158f-1d82afea9ffa" executionId="2922e8b6-c719-4687-920b-99aa55968d1a" testListId="8c84fa94-04c1-424b-9868-57a2d4851a1d" />
    <TestEntry testId="1a924f2c-90e8-895c-af5c-3f6733c3d127" executionId="cbec1069-ba98-4456-8088-e7bf2bfd09d3" testListId="8c84fa94-04c1-424b-9868-57a2d4851a1d" />
    <TestEntry testId="c22257d1-cc7b-ddff-fa9d-37b50cbe702d" executionId="6c7a1ac8-0808-4563-958a-d383af1e3a13" testListId="8c84fa94-04c1-424b-9868-57a2d4851a1d" />
  </TestEntries>
  <TestLists>
    <TestList name="Results Not in a List" id="8c84fa94-04c1-424b-9868-57a2d4851a1d" />
    <TestList name="All Loaded Results" id="19431567-8539-422a-85d7-44ee4e166bda" />
  </TestLists>
  <ResultSummary outcome="Completed">
    <Counters total="24" executed="24" passed="24" failed="0" error="0" timeout="0" aborted="0" inconclusive="0" passedButRunAborted="0" notRunnable="0" notExecuted="0" disconnected="0" warning="0" completed="0" inProgress="0" pending="0" />
    <Output>
      <StdOut>[xUnit.net 00:00:00.00] xUnit.net VSTest Adapter v3.1.4+50e68bbb8b (64-bit .NET 10.0.11)&#xD;
[xUnit.net 00:00:00.22]   Discovering: OnlineSupermarket.Infrastructure.Tests&#xD;
[xUnit.net 00:00:00.32]   Discovered:  OnlineSupermarket.Infrastructure.Tests&#xD;
[xUnit.net 00:00:00.36]   Starting:    OnlineSupermarket.Infrastructure.Tests&#xD;
iter   tr_sqerror    tr_sqerror+    tr_sqerror-          obj&#xD;
   0       0.0492         0.0006         0.0486   2.4411e-01&#xD;
   1       0.0486         0.0006         0.0480   2.3878e-01&#xD;
   2       0.0480         0.0007         0.0473   2.3416e-01&#xD;
   3       0.0475         0.0007         0.0468   2.3023e-01&#xD;
   4       0.0470         0.0007         0.0462   2.2687e-01&#xD;
   5       0.0464         0.0007         0.0457   2.2395e-01&#xD;
   6       0.0459         0.0007         0.0451   2.2140e-01&#xD;
   7       0.0453         0.0008         0.0446   2.1918e-01&#xD;
   8       0.0449         0.0008         0.0441   2.1726e-01&#xD;
   9       0.0444         0.0008         0.0436   2.1559e-01&#xD;
  10       0.0440         0.0008         0.0431   2.1413e-01&#xD;
  11       0.0435         0.0009         0.0427   2.1286e-01&#xD;
  12       0.0431         0.0009         0.0422   2.1175e-01&#xD;
  13       0.0427         0.0009         0.0418   2.1079e-01&#xD;
  14       0.0423         0.0009         0.0414   2.0994e-01&#xD;
  15       0.0420         0.0010         0.0410   2.0920e-01&#xD;
  16       0.0416         0.0010         0.0407   2.0855e-01&#xD;
  17       0.0413         0.0010         0.0403   2.0798e-01&#xD;
  18       0.0410         0.0010         0.0399   2.0748e-01&#xD;
  19       0.0407         0.0010         0.0396   2.0704e-01&#xD;
  20       0.0403         0.0011         0.0393   2.0666e-01&#xD;
  21       0.0400         0.0011         0.0390   2.0632e-01&#xD;
  22       0.0397         0.0011         0.0387   2.0602e-01&#xD;
  23       0.0394         0.0011         0.0383   2.0576e-01&#xD;
  24       0.0391         0.0011         0.0380   2.0552e-01&#xD;
  25       0.0388         0.0011         0.0377   2.0531e-01&#xD;
  26       0.0385         0.0011         0.0374   2.0512e-01&#xD;
  27       0.0382         0.0011         0.0371   2.0496e-01&#xD;
  28       0.0379         0.0011         0.0369   2.0481e-01&#xD;
  29       0.0377         0.0011         0.0366   2.0469e-01&#xD;
  30       0.0374         0.0011         0.0363   2.0457e-01&#xD;
  31       0.0371         0.0011         0.0360   2.0447e-01&#xD;
  32       0.0369         0.0011         0.0358   2.0438e-01&#xD;
  33       0.0367         0.0011         0.0356   2.0430e-01&#xD;
  34       0.0364         0.0011         0.0353   2.0423e-01&#xD;
  35       0.0362         0.0011         0.0351   2.0417e-01&#xD;
  36       0.0360         0.0011         0.0349   2.0411e-01&#xD;
  37       0.0358         0.0011         0.0347   2.0406e-01&#xD;
  38       0.0356         0.0011         0.0345   2.0402e-01&#xD;
  39       0.0354         0.0011         0.0343   2.0398e-01&#xD;
  40       0.0352         0.0011         0.0341   2.0395e-01&#xD;
  41       0.0351         0.0012         0.0339   2.0392e-01&#xD;
  42       0.0349         0.0012         0.0337   2.0389e-01&#xD;
  43       0.0347         0.0012         0.0336   2.0386e-01&#xD;
  44       0.0346         0.0012         0.0334   2.0384e-01&#xD;
  45       0.0344         0.0012         0.0332   2.0382e-01&#xD;
  46       0.0343         0.0012         0.0331   2.0380e-01&#xD;
  47       0.0341         0.0012         0.0329   2.0379e-01&#xD;
  48       0.0340         0.0012         0.0328   2.0378e-01&#xD;
  49       0.0339         0.0012         0.0327   2.0376e-01&#xD;
  50       0.0337         0.0012         0.0325   2.0375e-01&#xD;
  51       0.0336         0.0012         0.0324   2.0374e-01&#xD;
  52       0.0335         0.0012         0.0323   2.0373e-01&#xD;
  53       0.0334         0.0012         0.0322   2.0372e-01&#xD;
  54       0.0333         0.0012         0.0321   2.0372e-01&#xD;
  55       0.0332         0.0012         0.0320   2.0371e-01&#xD;
  56       0.0331         0.0012         0.0319   2.0370e-01&#xD;
  57       0.0330         0.0012         0.0318   2.0370e-01&#xD;
  58       0.0329         0.0012         0.0317   2.0369e-01&#xD;
  59       0.0328         0.0012         0.0316   2.0369e-01&#xD;
  60       0.0327         0.0012         0.0315   2.0369e-01&#xD;
  61       0.0326         0.0012         0.0314   2.0368e-01&#xD;
  62       0.0326         0.0012         0.0313   2.0368e-01&#xD;
  63       0.0325         0.0012         0.0313   2.0368e-01&#xD;
  64       0.0324         0.0012         0.0312   2.0367e-01&#xD;
  65       0.0323         0.0012         0.0311   2.0367e-01&#xD;
  66       0.0323         0.0012         0.0310   2.0367e-01&#xD;
  67       0.0322         0.0012         0.0310   2.0367e-01&#xD;
  68       0.0322         0.0012         0.0309   2.0367e-01&#xD;
  69       0.0321         0.0012         0.0309   2.0366e-01&#xD;
  70       0.0320         0.0012         0.0308   2.0366e-01&#xD;
  71       0.0320         0.0012         0.0308   2.0366e-01&#xD;
  72       0.0319         0.0012         0.0307   2.0366e-01&#xD;
  73       0.0319         0.0012         0.0307   2.0366e-01&#xD;
  74       0.0318         0.0012         0.0306   2.0366e-01&#xD;
  75       0.0318         0.0012         0.0306   2.0366e-01&#xD;
  76       0.0318         0.0012         0.0305   2.0366e-01&#xD;
  77       0.0317         0.0012         0.0305   2.0366e-01&#xD;
  78       0.0317         0.0012         0.0304   2.0366e-01&#xD;
  79       0.0316         0.0012         0.0304   2.0365e-01&#xD;
  80       0.0316         0.0012         0.0304   2.0365e-01&#xD;
  81       0.0316         0.0012         0.0303   2.0365e-01&#xD;
  82       0.0315         0.0012         0.0303   2.0365e-01&#xD;
  83       0.0315         0.0013         0.0303   2.0365e-01&#xD;
  84       0.0315         0.0013         0.0302   2.0365e-01&#xD;
  85       0.0315         0.0013         0.0302   2.0365e-01&#xD;
  86       0.0314         0.0013         0.0302   2.0365e-01&#xD;
  87       0.0314         0.0013         0.0302   2.0365e-01&#xD;
  88       0.0314         0.0013         0.0301   2.0365e-01&#xD;
  89       0.0314         0.0013         0.0301   2.0365e-01&#xD;
  90       0.0313         0.0013         0.0301   2.0365e-01&#xD;
  91       0.0313         0.0013         0.0301   2.0365e-01&#xD;
  92       0.0313         0.0013         0.0300   2.0365e-01&#xD;
  93       0.0313         0.0013         0.0300   2.0365e-01&#xD;
  94       0.0313         0.0013         0.0300   2.0365e-01&#xD;
  95       0.0312         0.0013         0.0300   2.0365e-01&#xD;
  96       0.0312         0.0013         0.0300   2.0365e-01&#xD;
  97       0.0312         0.0013         0.0299   2.0365e-01&#xD;
  98       0.0312         0.0013         0.0299   2.0365e-01&#xD;
  99       0.0312         0.0013         0.0299   2.0365e-01&#xD;
iter   tr_sqerror    tr_sqerror+    tr_sqerror-          obj&#xD;
   0       0.0492         0.0006         0.0486   2.4411e-01&#xD;
   1       0.0486         0.0006         0.0480   2.3878e-01&#xD;
   2       0.0480         0.0007         0.0473   2.3416e-01&#xD;
   3       0.0475         0.0007         0.0468   2.3023e-01&#xD;
   4       0.0470         0.0007         0.0462   2.2687e-01&#xD;
   5       0.0464         0.0007         0.0457   2.2395e-01&#xD;
   6       0.0459         0.0007         0.0451   2.2140e-01&#xD;
   7       0.0453         0.0008         0.0446   2.1918e-01&#xD;
   8       0.0449         0.0008         0.0441   2.1726e-01&#xD;
   9       0.0444         0.0008         0.0436   2.1559e-01&#xD;
  10       0.0440         0.0008         0.0431   2.1413e-01&#xD;
  11       0.0435         0.0009         0.0427   2.1286e-01&#xD;
  12       0.0431         0.0009         0.0422   2.1175e-01&#xD;
  13       0.0427         0.0009         0.0418   2.1079e-01&#xD;
  14       0.0423         0.0009         0.0414   2.0994e-01&#xD;
  15       0.0420         0.0010         0.0410   2.0920e-01&#xD;
  16       0.0416         0.0010         0.0407   2.0855e-01&#xD;
  17       0.0413         0.0010         0.0403   2.0798e-01&#xD;
  18       0.0410         0.0010         0.0399   2.0748e-01&#xD;
  19       0.0407         0.0010         0.0396   2.0704e-01&#xD;
  20       0.0403         0.0011         0.0393   2.0666e-01&#xD;
  21       0.0400         0.0011         0.0390   2.0632e-01&#xD;
  22       0.0397         0.0011         0.0387   2.0602e-01&#xD;
  23       0.0394         0.0011         0.0383   2.0576e-01&#xD;
  24       0.0391         0.0011         0.0380   2.0552e-01&#xD;
  25       0.0388         0.0011         0.0377   2.0531e-01&#xD;
  26       0.0385         0.0011         0.0374   2.0512e-01&#xD;
  27       0.0382         0.0011         0.0371   2.0496e-01&#xD;
  28       0.0379         0.0011         0.0369   2.0481e-01&#xD;
  29       0.0377         0.0011         0.0366   2.0469e-01&#xD;
  30       0.0374         0.0011         0.0363   2.0457e-01&#xD;
  31       0.0371         0.0011         0.0360   2.0447e-01&#xD;
  32       0.0369         0.0011         0.0358   2.0438e-01&#xD;
  33       0.0367         0.0011         0.0356   2.0430e-01&#xD;
  34       0.0364         0.0011         0.0353   2.0423e-01&#xD;
  35       0.0362         0.0011         0.0351   2.0417e-01&#xD;
  36       0.0360         0.0011         0.0349   2.0411e-01&#xD;
  37       0.0358         0.0011         0.0347   2.0406e-01&#xD;
  38       0.0356         0.0011         0.0345   2.0402e-01&#xD;
  39       0.0354         0.0011         0.0343   2.0398e-01&#xD;
  40       0.0352         0.0011         0.0341   2.0395e-01&#xD;
  41       0.0351         0.0012         0.0339   2.0392e-01&#xD;
  42       0.0349         0.0012         0.0337   2.0389e-01&#xD;
  43       0.0347         0.0012         0.0336   2.0386e-01&#xD;
  44       0.0346         0.0012         0.0334   2.0384e-01&#xD;
  45       0.0344         0.0012         0.0332   2.0382e-01&#xD;
  46       0.0343         0.0012         0.0331   2.0380e-01&#xD;
  47       0.0341         0.0012         0.0329   2.0379e-01&#xD;
  48       0.0340         0.0012         0.0328   2.0378e-01&#xD;
  49       0.0339         0.0012         0.0327   2.0376e-01&#xD;
  50       0.0337         0.0012         0.0325   2.0375e-01&#xD;
  51       0.0336         0.0012         0.0324   2.0374e-01&#xD;
  52       0.0335         0.0012         0.0323   2.0373e-01&#xD;
  53       0.0334         0.0012         0.0322   2.0372e-01&#xD;
  54       0.0333         0.0012         0.0321   2.0372e-01&#xD;
  55       0.0332         0.0012         0.0320   2.0371e-01&#xD;
  56       0.0331         0.0012         0.0319   2.0370e-01&#xD;
  57       0.0330         0.0012         0.0318   2.0370e-01&#xD;
  58       0.0329         0.0012         0.0317   2.0369e-01&#xD;
  59       0.0328         0.0012         0.0316   2.0369e-01&#xD;
  60       0.0327         0.0012         0.0315   2.0369e-01&#xD;
  61       0.0326         0.0012         0.0314   2.0368e-01&#xD;
  62       0.0326         0.0012         0.0313   2.0368e-01&#xD;
  63       0.0325         0.0012         0.0313   2.0368e-01&#xD;
  64       0.0324         0.0012         0.0312   2.0367e-01&#xD;
  65       0.0323         0.0012         0.0311   2.0367e-01&#xD;
  66       0.0323         0.0012         0.0310   2.0367e-01&#xD;
  67       0.0322         0.0012         0.0310   2.0367e-01&#xD;
  68       0.0322         0.0012         0.0309   2.0367e-01&#xD;
  69       0.0321         0.0012         0.0309   2.0366e-01&#xD;
  70       0.0320         0.0012         0.0308   2.0366e-01&#xD;
  71       0.0320         0.0012         0.0308   2.0366e-01&#xD;
  72       0.0319         0.0012         0.0307   2.0366e-01&#xD;
  73       0.0319         0.0012         0.0307   2.0366e-01&#xD;
  74       0.0318         0.0012         0.0306   2.0366e-01&#xD;
  75       0.0318         0.0012         0.0306   2.0366e-01&#xD;
  76       0.0318         0.0012         0.0305   2.0366e-01&#xD;
  77       0.0317         0.0012         0.0305   2.0366e-01&#xD;
  78       0.0317         0.0012         0.0304   2.0366e-01&#xD;
  79       0.0316         0.0012         0.0304   2.0365e-01&#xD;
  80       0.0316         0.0012         0.0304   2.0365e-01&#xD;
  81       0.0316         0.0012         0.0303   2.0365e-01&#xD;
  82       0.0315         0.0012         0.0303   2.0365e-01&#xD;
  83       0.0315         0.0013         0.0303   2.0365e-01&#xD;
  84       0.0315         0.0013         0.0302   2.0365e-01&#xD;
  85       0.0315         0.0013         0.0302   2.0365e-01&#xD;
  86       0.0314         0.0013         0.0302   2.0365e-01&#xD;
  87       0.0314         0.0013         0.0302   2.0365e-01&#xD;
  88       0.0314         0.0013         0.0301   2.0365e-01&#xD;
  89       0.0314         0.0013         0.0301   2.0365e-01&#xD;
  90       0.0313         0.0013         0.0301   2.0365e-01&#xD;
  91       0.0313         0.0013         0.0301   2.0365e-01&#xD;
  92       0.0313         0.0013         0.0300   2.0365e-01&#xD;
  93       0.0313         0.0013         0.0300   2.0365e-01&#xD;
  94       0.0313         0.0013         0.0300   2.0365e-01&#xD;
  95       0.0312         0.0013         0.0300   2.0365e-01&#xD;
  96       0.0312         0.0013         0.0300   2.0365e-01&#xD;
  97       0.0312         0.0013         0.0299   2.0365e-01&#xD;
  98       0.0312         0.0013         0.0299   2.0365e-01&#xD;
  99       0.0312         0.0013         0.0299   2.0365e-01&#xD;
iter   tr_sqerror    tr_sqerror+    tr_sqerror-          obj&#xD;
   0       0.0492         0.0006         0.0486   2.4411e-01&#xD;
   1       0.0486         0.0006         0.0480   2.3878e-01&#xD;
   2       0.0480         0.0007         0.0473   2.3416e-01&#xD;
   3       0.0475         0.0007         0.0468   2.3023e-01&#xD;
   4       0.0470         0.0007         0.0462   2.2687e-01&#xD;
   5       0.0464         0.0007         0.0457   2.2395e-01&#xD;
   6       0.0459         0.0007         0.0451   2.2140e-01&#xD;
   7       0.0453         0.0008         0.0446   2.1918e-01&#xD;
   8       0.0449         0.0008         0.0441   2.1726e-01&#xD;
   9       0.0444         0.0008         0.0436   2.1559e-01&#xD;
  10       0.0440         0.0008         0.0431   2.1413e-01&#xD;
  11       0.0435         0.0009         0.0427   2.1286e-01&#xD;
  12       0.0431         0.0009         0.0422   2.1175e-01&#xD;
  13       0.0427         0.0009         0.0418   2.1079e-01&#xD;
  14       0.0423         0.0009         0.0414   2.0994e-01&#xD;
  15       0.0420         0.0010         0.0410   2.0920e-01&#xD;
  16       0.0416         0.0010         0.0407   2.0855e-01&#xD;
  17       0.0413         0.0010         0.0403   2.0798e-01&#xD;
  18       0.0410         0.0010         0.0399   2.0748e-01&#xD;
  19       0.0407         0.0010         0.0396   2.0704e-01&#xD;
  20       0.0403         0.0011         0.0393   2.0666e-01&#xD;
  21       0.0400         0.0011         0.0390   2.0632e-01&#xD;
  22       0.0397         0.0011         0.0387   2.0602e-01&#xD;
  23       0.0394         0.0011         0.0383   2.0576e-01&#xD;
  24       0.0391         0.0011         0.0380   2.0552e-01&#xD;
  25       0.0388         0.0011         0.0377   2.0531e-01&#xD;
  26       0.0385         0.0011         0.0374   2.0512e-01&#xD;
  27       0.0382         0.0011         0.0371   2.0496e-01&#xD;
  28       0.0379         0.0011         0.0369   2.0481e-01&#xD;
  29       0.0377         0.0011         0.0366   2.0469e-01&#xD;
  30       0.0374         0.0011         0.0363   2.0457e-01&#xD;
  31       0.0371         0.0011         0.0360   2.0447e-01&#xD;
  32       0.0369         0.0011         0.0358   2.0438e-01&#xD;
  33       0.0367         0.0011         0.0356   2.0430e-01&#xD;
  34       0.0364         0.0011         0.0353   2.0423e-01&#xD;
  35       0.0362         0.0011         0.0351   2.0417e-01&#xD;
  36       0.0360         0.0011         0.0349   2.0411e-01&#xD;
  37       0.0358         0.0011         0.0347   2.0406e-01&#xD;
  38       0.0356         0.0011         0.0345   2.0402e-01&#xD;
  39       0.0354         0.0011         0.0343   2.0398e-01&#xD;
  40       0.0352         0.0011         0.0341   2.0395e-01&#xD;
  41       0.0351         0.0012         0.0339   2.0392e-01&#xD;
  42       0.0349         0.0012         0.0337   2.0389e-01&#xD;
  43       0.0347         0.0012         0.0336   2.0386e-01&#xD;
  44       0.0346         0.0012         0.0334   2.0384e-01&#xD;
  45       0.0344         0.0012         0.0332   2.0382e-01&#xD;
  46       0.0343         0.0012         0.0331   2.0380e-01&#xD;
  47       0.0341         0.0012         0.0329   2.0379e-01&#xD;
  48       0.0340         0.0012         0.0328   2.0378e-01&#xD;
  49       0.0339         0.0012         0.0327   2.0376e-01&#xD;
  50       0.0337         0.0012         0.0325   2.0375e-01&#xD;
  51       0.0336         0.0012         0.0324   2.0374e-01&#xD;
  52       0.0335         0.0012         0.0323   2.0373e-01&#xD;
  53       0.0334         0.0012         0.0322   2.0372e-01&#xD;
  54       0.0333         0.0012         0.0321   2.0372e-01&#xD;
  55       0.0332         0.0012         0.0320   2.0371e-01&#xD;
  56       0.0331         0.0012         0.0319   2.0370e-01&#xD;
  57       0.0330         0.0012         0.0318   2.0370e-01&#xD;
  58       0.0329         0.0012         0.0317   2.0369e-01&#xD;
  59       0.0328         0.0012         0.0316   2.0369e-01&#xD;
  60       0.0327         0.0012         0.0315   2.0369e-01&#xD;
  61       0.0326         0.0012         0.0314   2.0368e-01&#xD;
  62       0.0326         0.0012         0.0313   2.0368e-01&#xD;
  63       0.0325         0.0012         0.0313   2.0368e-01&#xD;
  64       0.0324         0.0012         0.0312   2.0367e-01&#xD;
  65       0.0323         0.0012         0.0311   2.0367e-01&#xD;
  66       0.0323         0.0012         0.0310   2.0367e-01&#xD;
  67       0.0322         0.0012         0.0310   2.0367e-01&#xD;
  68       0.0322         0.0012         0.0309   2.0367e-01&#xD;
  69       0.0321         0.0012         0.0309   2.0366e-01&#xD;
  70       0.0320         0.0012         0.0308   2.0366e-01&#xD;
  71       0.0320         0.0012         0.0308   2.0366e-01&#xD;
  72       0.0319         0.0012         0.0307   2.0366e-01&#xD;
  73       0.0319         0.0012         0.0307   2.0366e-01&#xD;
  74       0.0318         0.0012         0.0306   2.0366e-01&#xD;
  75       0.0318         0.0012         0.0306   2.0366e-01&#xD;
  76       0.0318         0.0012         0.0305   2.0366e-01&#xD;
  77       0.0317         0.0012         0.0305   2.0366e-01&#xD;
  78       0.0317         0.0012         0.0304   2.0366e-01&#xD;
  79       0.0316         0.0012         0.0304   2.0365e-01&#xD;
  80       0.0316         0.0012         0.0304   2.0365e-01&#xD;
  81       0.0316         0.0012         0.0303   2.0365e-01&#xD;
  82       0.0315         0.0012         0.0303   2.0365e-01&#xD;
  83       0.0315         0.0013         0.0303   2.0365e-01&#xD;
  84       0.0315         0.0013         0.0302   2.0365e-01&#xD;
  85       0.0315         0.0013         0.0302   2.0365e-01&#xD;
  86       0.0314         0.0013         0.0302   2.0365e-01&#xD;
  87       0.0314         0.0013         0.0302   2.0365e-01&#xD;
  88       0.0314         0.0013         0.0301   2.0365e-01&#xD;
  89       0.0314         0.0013         0.0301   2.0365e-01&#xD;
  90       0.0313         0.0013         0.0301   2.0365e-01&#xD;
  91       0.0313         0.0013         0.0301   2.0365e-01&#xD;
  92       0.0313         0.0013         0.0300   2.0365e-01&#xD;
  93       0.0313         0.0013         0.0300   2.0365e-01&#xD;
  94       0.0313         0.0013         0.0300   2.0365e-01&#xD;
  95       0.0312         0.0013         0.0300   2.0365e-01&#xD;
  96       0.0312         0.0013         0.0300   2.0365e-01&#xD;
  97       0.0312         0.0013         0.0299   2.0365e-01&#xD;
  98       0.0312         0.0013         0.0299   2.0365e-01&#xD;
  99       0.0312         0.0013         0.0299   2.0365e-01&#xD;
iter   tr_sqerror    tr_sqerror+    tr_sqerror-          obj&#xD;
   0       0.0492         0.0006         0.0486   2.4411e-01&#xD;
   1       0.0486         0.0006         0.0480   2.3878e-01&#xD;
   2       0.0480         0.0007         0.0473   2.3416e-01&#xD;
   3       0.0475         0.0007         0.0468   2.3023e-01&#xD;
   4       0.0470         0.0007         0.0462   2.2687e-01&#xD;
   5       0.0464         0.0007         0.0457   2.2395e-01&#xD;
   6       0.0459         0.0007         0.0451   2.2140e-01&#xD;
   7       0.0453         0.0008         0.0446   2.1918e-01&#xD;
   8       0.0449         0.0008         0.0441   2.1726e-01&#xD;
   9       0.0444         0.0008         0.0436   2.1559e-01&#xD;
  10       0.0440         0.0008         0.0431   2.1413e-01&#xD;
  11       0.0435         0.0009         0.0427   2.1286e-01&#xD;
  12       0.0431         0.0009         0.0422   2.1175e-01&#xD;
  13       0.0427         0.0009         0.0418   2.1079e-01&#xD;
  14       0.0423         0.0009         0.0414   2.0994e-01&#xD;
  15       0.0420         0.0010         0.0410   2.0920e-01&#xD;
  16       0.0416         0.0010         0.0407   2.0855e-01&#xD;
  17       0.0413         0.0010         0.0403   2.0798e-01&#xD;
  18       0.0410         0.0010         0.0399   2.0748e-01&#xD;
  19       0.0407         0.0010         0.0396   2.0704e-01&#xD;
  20       0.0403         0.0011         0.0393   2.0666e-01&#xD;
  21       0.0400         0.0011         0.0390   2.0632e-01&#xD;
  22       0.0397         0.0011         0.0387   2.0602e-01&#xD;
  23       0.0394         0.0011         0.0383   2.0576e-01&#xD;
  24       0.0391         0.0011         0.0380   2.0552e-01&#xD;
  25       0.0388         0.0011         0.0377   2.0531e-01&#xD;
  26       0.0385         0.0011         0.0374   2.0512e-01&#xD;
  27       0.0382         0.0011         0.0371   2.0496e-01&#xD;
  28       0.0379         0.0011         0.0369   2.0481e-01&#xD;
  29       0.0377         0.0011         0.0366   2.0469e-01&#xD;
  30       0.0374         0.0011         0.0363   2.0457e-01&#xD;
  31       0.0371         0.0011         0.0360   2.0447e-01&#xD;
  32       0.0369         0.0011         0.0358   2.0438e-01&#xD;
  33       0.0367         0.0011         0.0356   2.0430e-01&#xD;
  34       0.0364         0.0011         0.0353   2.0423e-01&#xD;
  35       0.0362         0.0011         0.0351   2.0417e-01&#xD;
  36       0.0360         0.0011         0.0349   2.0411e-01&#xD;
  37       0.0358         0.0011         0.0347   2.0406e-01&#xD;
  38       0.0356         0.0011         0.0345   2.0402e-01&#xD;
  39       0.0354         0.0011         0.0343   2.0398e-01&#xD;
  40       0.0352         0.0011         0.0341   2.0395e-01&#xD;
  41       0.0351         0.0012         0.0339   2.0392e-01&#xD;
  42       0.0349         0.0012         0.0337   2.0389e-01&#xD;
  43       0.0347         0.0012         0.0336   2.0386e-01&#xD;
  44       0.0346         0.0012         0.0334   2.0384e-01&#xD;
  45       0.0344         0.0012         0.0332   2.0382e-01&#xD;
  46       0.0343         0.0012         0.0331   2.0380e-01&#xD;
  47       0.0341         0.0012         0.0329   2.0379e-01&#xD;
  48       0.0340         0.0012         0.0328   2.0378e-01&#xD;
  49       0.0339         0.0012         0.0327   2.0376e-01&#xD;
  50       0.0337         0.0012         0.0325   2.0375e-01&#xD;
  51       0.0336         0.0012         0.0324   2.0374e-01&#xD;
  52       0.0335         0.0012         0.0323   2.0373e-01&#xD;
  53       0.0334         0.0012         0.0322   2.0372e-01&#xD;
  54       0.0333         0.0012         0.0321   2.0372e-01&#xD;
  55       0.0332         0.0012         0.0320   2.0371e-01&#xD;
  56       0.0331         0.0012         0.0319   2.0370e-01&#xD;
  57       0.0330         0.0012         0.0318   2.0370e-01&#xD;
  58       0.0329         0.0012         0.0317   2.0369e-01&#xD;
  59       0.0328         0.0012         0.0316   2.0369e-01&#xD;
  60       0.0327         0.0012         0.0315   2.0369e-01&#xD;
  61       0.0326         0.0012         0.0314   2.0368e-01&#xD;
  62       0.0326         0.0012         0.0313   2.0368e-01&#xD;
  63       0.0325         0.0012         0.0313   2.0368e-01&#xD;
  64       0.0324         0.0012         0.0312   2.0367e-01&#xD;
  65       0.0323         0.0012         0.0311   2.0367e-01&#xD;
  66       0.0323         0.0012         0.0310   2.0367e-01&#xD;
  67       0.0322         0.0012         0.0310   2.0367e-01&#xD;
  68       0.0322         0.0012         0.0309   2.0367e-01&#xD;
  69       0.0321         0.0012         0.0309   2.0366e-01&#xD;
  70       0.0320         0.0012         0.0308   2.0366e-01&#xD;
  71       0.0320         0.0012         0.0308   2.0366e-01&#xD;
  72       0.0319         0.0012         0.0307   2.0366e-01&#xD;
  73       0.0319         0.0012         0.0307   2.0366e-01&#xD;
  74       0.0318         0.0012         0.0306   2.0366e-01&#xD;
  75       0.0318         0.0012         0.0306   2.0366e-01&#xD;
  76       0.0318         0.0012         0.0305   2.0366e-01&#xD;
  77       0.0317         0.0012         0.0305   2.0366e-01&#xD;
  78       0.0317         0.0012         0.0304   2.0366e-01&#xD;
  79       0.0316         0.0012         0.0304   2.0365e-01&#xD;
  80       0.0316         0.0012         0.0304   2.0365e-01&#xD;
  81       0.0316         0.0012         0.0303   2.0365e-01&#xD;
  82       0.0315         0.0012         0.0303   2.0365e-01&#xD;
  83       0.0315         0.0013         0.0303   2.0365e-01&#xD;
  84       0.0315         0.0013         0.0302   2.0365e-01&#xD;
  85       0.0315         0.0013         0.0302   2.0365e-01&#xD;
  86       0.0314         0.0013         0.0302   2.0365e-01&#xD;
  87       0.0314         0.0013         0.0302   2.0365e-01&#xD;
  88       0.0314         0.0013         0.0301   2.0365e-01&#xD;
  89       0.0314         0.0013         0.0301   2.0365e-01&#xD;
  90       0.0313         0.0013         0.0301   2.0365e-01&#xD;
  91       0.0313         0.0013         0.0301   2.0365e-01&#xD;
  92       0.0313         0.0013         0.0300   2.0365e-01&#xD;
  93       0.0313         0.0013         0.0300   2.0365e-01&#xD;
  94       0.0313         0.0013         0.0300   2.0365e-01&#xD;
  95       0.0312         0.0013         0.0300   2.0365e-01&#xD;
  96       0.0312         0.0013         0.0300   2.0365e-01&#xD;
  97       0.0312         0.0013         0.0299   2.0365e-01&#xD;
  98       0.0312         0.0013         0.0299   2.0365e-01&#xD;
  99       0.0312         0.0013         0.0299   2.0365e-01&#xD;
iter   tr_sqerror    tr_sqerror+    tr_sqerror-          obj&#xD;
   0       0.0492         0.0006         0.0486   2.4411e-01&#xD;
   1       0.0486         0.0006         0.0480   2.3878e-01&#xD;
   2       0.0480         0.0007         0.0473   2.3416e-01&#xD;
   3       0.0475         0.0007         0.0468   2.3023e-01&#xD;
   4       0.0470         0.0007         0.0462   2.2687e-01&#xD;
   5       0.0464         0.0007         0.0457   2.2395e-01&#xD;
   6       0.0459         0.0007         0.0451   2.2140e-01&#xD;
   7       0.0453         0.0008         0.0446   2.1918e-01&#xD;
   8       0.0449         0.0008         0.0441   2.1726e-01&#xD;
   9       0.0444         0.0008         0.0436   2.1559e-01&#xD;
  10       0.0440         0.0008         0.0431   2.1413e-01&#xD;
  11       0.0435         0.0009         0.0427   2.1286e-01&#xD;
  12       0.0431         0.0009         0.0422   2.1175e-01&#xD;
  13       0.0427         0.0009         0.0418   2.1079e-01&#xD;
  14       0.0423         0.0009         0.0414   2.0994e-01&#xD;
  15       0.0420         0.0010         0.0410   2.0920e-01&#xD;
  16       0.0416         0.0010         0.0407   2.0855e-01&#xD;
  17       0.0413         0.0010         0.0403   2.0798e-01&#xD;
  18       0.0410         0.0010         0.0399   2.0748e-01&#xD;
  19       0.0407         0.0010         0.0396   2.0704e-01&#xD;
  20       0.0403         0.0011         0.0393   2.0666e-01&#xD;
  21       0.0400         0.0011         0.0390   2.0632e-01&#xD;
  22       0.0397         0.0011         0.0387   2.0602e-01&#xD;
  23       0.0394         0.0011         0.0383   2.0576e-01&#xD;
  24       0.0391         0.0011         0.0380   2.0552e-01&#xD;
  25       0.0388         0.0011         0.0377   2.0531e-01&#xD;
  26       0.0385         0.0011         0.0374   2.0512e-01&#xD;
  27       0.0382         0.0011         0.0371   2.0496e-01&#xD;
  28       0.0379         0.0011         0.0369   2.0481e-01&#xD;
  29       0.0377         0.0011         0.0366   2.0469e-01&#xD;
  30       0.0374         0.0011         0.0363   2.0457e-01&#xD;
  31       0.0371         0.0011         0.0360   2.0447e-01&#xD;
  32       0.0369         0.0011         0.0358   2.0438e-01&#xD;
  33       0.0367         0.0011         0.0356   2.0430e-01&#xD;
  34       0.0364         0.0011         0.0353   2.0423e-01&#xD;
  35       0.0362         0.0011         0.0351   2.0417e-01&#xD;
  36       0.0360         0.0011         0.0349   2.0411e-01&#xD;
  37       0.0358         0.0011         0.0347   2.0406e-01&#xD;
  38       0.0356         0.0011         0.0345   2.0402e-01&#xD;
  39       0.0354         0.0011         0.0343   2.0398e-01&#xD;
  40       0.0352         0.0011         0.0341   2.0395e-01&#xD;
  41       0.0351         0.0012         0.0339   2.0392e-01&#xD;
  42       0.0349         0.0012         0.0337   2.0389e-01&#xD;
  43       0.0347         0.0012         0.0336   2.0386e-01&#xD;
  44       0.0346         0.0012         0.0334   2.0384e-01&#xD;
  45       0.0344         0.0012         0.0332   2.0382e-01&#xD;
  46       0.0343         0.0012         0.0331   2.0380e-01&#xD;
  47       0.0341         0.0012         0.0329   2.0379e-01&#xD;
  48       0.0340         0.0012         0.0328   2.0378e-01&#xD;
  49       0.0339         0.0012         0.0327   2.0376e-01&#xD;
  50       0.0337         0.0012         0.0325   2.0375e-01&#xD;
  51       0.0336         0.0012         0.0324   2.0374e-01&#xD;
  52       0.0335         0.0012         0.0323   2.0373e-01&#xD;
  53       0.0334         0.0012         0.0322   2.0372e-01&#xD;
  54       0.0333         0.0012         0.0321   2.0372e-01&#xD;
  55       0.0332         0.0012         0.0320   2.0371e-01&#xD;
  56       0.0331         0.0012         0.0319   2.0370e-01&#xD;
  57       0.0330         0.0012         0.0318   2.0370e-01&#xD;
  58       0.0329         0.0012         0.0317   2.0369e-01&#xD;
  59       0.0328         0.0012         0.0316   2.0369e-01&#xD;
  60       0.0327         0.0012         0.0315   2.0369e-01&#xD;
  61       0.0326         0.0012         0.0314   2.0368e-01&#xD;
  62       0.0326         0.0012         0.0313   2.0368e-01&#xD;
  63       0.0325         0.0012         0.0313   2.0368e-01&#xD;
  64       0.0324         0.0012         0.0312   2.0367e-01&#xD;
  65       0.0323         0.0012         0.0311   2.0367e-01&#xD;
  66       0.0323         0.0012         0.0310   2.0367e-01&#xD;
  67       0.0322         0.0012         0.0310   2.0367e-01&#xD;
  68       0.0322         0.0012         0.0309   2.0367e-01&#xD;
  69       0.0321         0.0012         0.0309   2.0366e-01&#xD;
  70       0.0320         0.0012         0.0308   2.0366e-01&#xD;
  71       0.0320         0.0012         0.0308   2.0366e-01&#xD;
  72       0.0319         0.0012         0.0307   2.0366e-01&#xD;
  73       0.0319         0.0012         0.0307   2.0366e-01&#xD;
  74       0.0318         0.0012         0.0306   2.0366e-01&#xD;
  75       0.0318         0.0012         0.0306   2.0366e-01&#xD;
  76       0.0318         0.0012         0.0305   2.0366e-01&#xD;
  77       0.0317         0.0012         0.0305   2.0366e-01&#xD;
  78       0.0317         0.0012         0.0304   2.0366e-01&#xD;
  79       0.0316         0.0012         0.0304   2.0365e-01&#xD;
  80       0.0316         0.0012         0.0304   2.0365e-01&#xD;
  81       0.0316         0.0012         0.0303   2.0365e-01&#xD;
  82       0.0315         0.0012         0.0303   2.0365e-01&#xD;
  83       0.0315         0.0013         0.0303   2.0365e-01&#xD;
  84       0.0315         0.0013         0.0302   2.0365e-01&#xD;
  85       0.0315         0.0013         0.0302   2.0365e-01&#xD;
  86       0.0314         0.0013         0.0302   2.0365e-01&#xD;
  87       0.0314         0.0013         0.0302   2.0365e-01&#xD;
  88       0.0314         0.0013         0.0301   2.0365e-01&#xD;
  89       0.0314         0.0013         0.0301   2.0365e-01&#xD;
  90       0.0313         0.0013         0.0301   2.0365e-01&#xD;
  91       0.0313         0.0013         0.0301   2.0365e-01&#xD;
  92       0.0313         0.0013         0.0300   2.0365e-01&#xD;
  93       0.0313         0.0013         0.0300   2.0365e-01&#xD;
  94       0.0313         0.0013         0.0300   2.0365e-01&#xD;
  95       0.0312         0.0013         0.0300   2.0365e-01&#xD;
  96       0.0312         0.0013         0.0300   2.0365e-01&#xD;
  97       0.0312         0.0013         0.0299   2.0365e-01&#xD;
  98       0.0312         0.0013         0.0299   2.0365e-01&#xD;
  99       0.0312         0.0013         0.0299   2.0365e-01&#xD;
[xUnit.net 00:00:08.65]   Finished:    OnlineSupermarket.Infrastructure.Tests&#xD;
</StdOut>
    </Output>
  </ResultSummary>
</TestRun>