<?xml version="1.0" encoding="utf-8"?>
<TestRun id="b127dad9-988b-4c6f-bf1e-69195196b0ee" name="manh@MTM 2026-09-09 21:06:46" runUser="MTM\manh" xmlns="http://microsoft.com/schemas/VisualStudio/TeamTest/2010">
  <Times creation="2026-09-09T21:06:46.8244093+07:00" queuing="2026-09-09T21:06:46.8244101+07:00" start="2026-09-09T21:06:45.8973604+07:00" finish="2026-09-09T21:08:04.0813945+07:00" />
  <TestSettings name="default" id="49c5091d-cefd-41bc-ba74-d9a8beb898e1">
    <Deployment runDeploymentRoot="manh_MTM_2026-09-09_21_06_46" />
  </TestSettings>
  <Results>
    <UnitTestResult executionId="033414c0-f3b3-46e2-bcfb-66ef927edb3d" testId="8e6548df-f96f-6d7e-15af-df1da7e305a8" testName="OnlineSupermarket.Infrastructure.Tests.Persistence.MySqlPaymentCallbackTests.Latest_Payment_IsSelectedByCreationTime" computerName="MTM" duration="00:00:00.0855333" startTime="2026-09-09T21:07:42.9165314+07:00" endTime="2026-09-09T21:07:46.0092102+07:00" testType="13cdc9d9-ddb5-4fa4-a97d-d965ccfc6d4b" outcome="Passed" testListId="8c84fa94-04c1-424b-9868-57a2d4851a1d" relativeResultsDirectory="033414c0-f3b3-46e2-bcfb-66ef927edb3d" />
    <UnitTestResult executionId="64233147-34ac-4f21-9ec9-8eb54ddaa047" testId="5aaa2ce0-70dc-daa5-0788-1b35b53d89ef" testName="OnlineSupermarket.Infrastructure.Tests.Recommendations.RecommendationJobHandlerTests.ExecuteAsync_ViaJobRunExecutor_WhenTrainingFails_MarksRunFailedInStore" computerName="MTM" duration="00:00:00.1523292" startTime="2026-09-09T21:06:49.4249115+07:00" endTime="2026-09-09T21:06:49.5806833+07:00" testType="13cdc9d9-ddb5-4fa4-a97d-d965ccfc6d4b" outcome="Passed" testListId="8c84fa94-04c1-424b-9868-57a2d4851a1d" relativeResultsDirectory="64233147-34ac-4f21-9ec9-8eb54ddaa047" />
    <UnitTestResult executionId="9d5b404c-e6dc-4bea-8ae0-b2f83846afe6" testId="ddea741b-8dca-61d3-44ca-e2f75974443b" testName="OnlineSupermarket.Infrastructure.Tests.Recommendations.RecommendationJobHandlerTests.ExecuteAsync_WithNoSignals_ProducesNoRows" computerName="MTM" duration="00:00:00.0384120" startTime="2026-09-09T21:06:48.3184902+07:00" endTime="2026-09-09T21:06:48.3567288+07:00" testType="13cdc9d9-ddb5-4fa4-a97d-d965ccfc6d4b" outcome="Passed" testListId="8c84fa94-04c1-424b-9868-57a2d4851a1d" relativeResultsDirectory="9d5b404c-e6dc-4bea-8ae0-b2f83846afe6" />
    <UnitTestResult executionId="a61828ac-69e4-412f-a609-8dff5dfd0459" testId="410a4ec8-33c0-c45c-0242-5ad7e247edca" testName="OnlineSupermarket.Infrastructure.Tests.Intelligence.DemandForecastCalculatorTests.Calculate_IncludesZeroSaleCalendarDays_AfterFirstSale" computerName="MTM" duration="00:00:00.0007032" startTime="2026-09-09T21:06:46.7778508+07:00" endTime="2026-09-09T21:06:46.7778965+07:00" testType="13cdc9d9-ddb5-4fa4-a97d-d965ccfc6d4b" outcome="Passed" testListId="8c84fa94-04c1-424b-9868-57a2d4851a1d" relativeResultsDirectory="a61828ac-69e4-412f-a609-8dff5dfd0459" />
    <UnitTestResult executionId="999cceea-2f9b-4de1-a8fb-cf857d3e3f51" testId="9c253306-8ac8-2cb9-2c23-dc37fce9fd70" testName="OnlineSupermarket.Infrastructure.Tests.Intelligence.ForecastJobHandlerTests.ExecuteAsync_NoHistory_WritesZeroInsufficientRows" computerName="MTM" duration="00:00:00.0408483" startTime="2026-09-09T21:06:48.4291304+07:00" endTime="2026-09-09T21:06:48.4699286+07:00" testType="13cdc9d9-ddb5-4fa4-a97d-d965ccfc6d4b" outcome="Passed" testListId="8c84fa94-04c1-424b-9868-57a2d4851a1d" relativeResultsDirectory="999cceea-2f9b-4de1-a8fb-cf857d3e3f51" />
    <UnitTestResult executionId="497f08ba-5f61-463e-8c63-8dadb9afa412" testId="bf8c9607-41eb-1491-a679-ce10946ae7c9" testName="OnlineSupermarket.Infrastructure.Tests.Persistence.MySqlPaymentCallbackTests.UniqueIndex_EnforcesProviderAndExternalEventId" computerName="MTM" duration="00:00:00.0496046" startTime="2026-09-09T21:07:36.9884445+07:00" endTime="2026-09-09T21:07:39.8717380+07:00" testType="13cdc9d9-ddb5-4fa4-a97d-d965ccfc6d4b" outcome="Passed" testListId="8c84fa94-04c1-424b-9868-57a2d4851a1d" relativeResultsDirectory="497f08ba-5f61-463e-8c63-8dadb9afa412" />
    <UnitTestResult executionId="7e34b4eb-1975-4e40-870a-9c2816169394" testId="1895cde4-8b62-656e-9411-76d31a39f921" testName="OnlineSupermarket.Infrastructure.Tests.Recommendations.RecommendationScorerTests.ScoreGlobal_RanksPurchasesAboveViewsAndDecaysRecency" computerName="MTM" duration="00:00:00.0038168" startTime="2026-09-09T21:06:46.7852680+07:00" endTime="2026-09-09T21:06:46.7853258+07:00" testType="13cdc9d9-ddb5-4fa4-a97d-d965ccfc6d4b" outcome="Passed" testListId="8c84fa94-04c1-424b-9868-57a2d4851a1d" relativeResultsDirectory="7e34b4eb-1975-4e40-870a-9c2816169394" />
    <UnitTestResult executionId="3668c1d4-4019-4ff2-91c8-22e64e6608c3" testId="ffae0701-0add-bc84-9f89-4cf2637654f9" testName="OnlineSupermarket.Infrastructure.Tests.Payments.PaymentCallbackProcessorTests.Failure_ReleasesInventoryOnce_ReleasesPromotionUsageAndCancelsOrder" computerName="MTM" duration="00:00:00.1924472" startTime="2026-09-09T21:06:48.4388392+07:00" endTime="2026-09-09T21:06:48.6312374+07:00" testType="13cdc9d9-ddb5-4fa4-a97d-d965ccfc6d4b" outcome="Passed" testListId="8c84fa94-04c1-424b-9868-57a2d4851a1d" relativeResultsDirectory="3668c1d4-4019-4ff2-91c8-22e64e6608c3" />
    <UnitTestResult executionId="6a20d2e0-f252-4d58-bfd6-11f9fb1d4f93" testId="a5a7d392-c74f-da67-6cb0-0b4ea41991f8" testName="OnlineSupermarket.Infrastructure.Tests.Recommendations.RecommendationScorerTests.ScoreUser_ExcludesAlreadySeenProducts" computerName="MTM" duration="00:00:00.0005299" startTime="2026-09-09T21:06:46.7856439+07:00" endTime="2026-09-09T21:06:46.7856963+07:00" testType="13cdc9d9-ddb5-4fa4-a97d-d965ccfc6d4b" outcome="Passed" testListId="8c84fa94-04c1-424b-9868-57a2d4851a1d" relativeResultsDirectory="6a20d2e0-f252-4d58-bfd6-11f9fb1d4f93" />
    <UnitTestResult executionId="83b26dd1-b3d0-4111-a347-96489279669f" testId="1a073435-44a7-db8d-237d-c8504eb8fb6c" testName="OnlineSupermarket.Infrastructure.Tests.Inventory.InventoryMutationServiceTests.ApplyBatchAsync_WithSameOperationKey_AppliesOnce" computerName="MTM" duration="00:00:00.0841638" startTime="2026-09-09T21:06:48.2495879+07:00" endTime="2026-09-09T21:06:48.3336993+07:00" testType="13cdc9d9-ddb5-4fa4-a97d-d965ccfc6d4b" outcome="Passed" testListId="8c84fa94-04c1-424b-9868-57a2d4851a1d" relativeResultsDirectory="83b26dd1-b3d0-4111-a347-96489279669f" />
    <UnitTestResult executionId="96bd31fa-4840-482b-bad9-9afdd466f32e" testId="e22d9d69-767f-6821-b499-d2723050a683" testName="OnlineSupermarket.Infrastructure.Tests.Intelligence.ForecastJobHandlerTests.ExecuteAsync_WithConflict_RollsBackTheWholeBatch" computerName="MTM" duration="00:00:00.0478745" startTime="2026-09-09T21:06:48.3811446+07:00" endTime="2026-09-09T21:06:48.4289644+07:00" testType="13cdc9d9-ddb5-4fa4-a97d-d965ccfc6d4b" outcome="Passed" testListId="8c84fa94-04c1-424b-9868-57a2d4851a1d" relativeResultsDirectory="96bd31fa-4840-482b-bad9-9afdd466f32e" />
    <UnitTestResult executionId="96b16601-6cb0-472b-922e-9826d6db415b" testId="dbe10543-914d-ed94-1480-c52720963a05" testName="OnlineSupermarket.Infrastructure.Tests.Persistence.MySqlPaymentCallbackTests.Forced_Race_Success_And_Failure_OneTerminal_OnMySql" computerName="MTM" duration="00:00:00.2648842" startTime="2026-09-09T21:07:09.2944053+07:00" endTime="2026-09-09T21:07:12.6240635+07:00" testType="13cdc9d9-ddb5-4fa4-a97d-d965ccfc6d4b" outcome="Passed" testListId="8c84fa94-04c1-424b-9868-57a2d4851a1d" relativeResultsDirectory="96b16601-6cb0-472b-922e-9826d6db415b" />
    <UnitTestResult executionId="b49cc741-2f71-4f46-a3d5-8dcec227041f" testId="b6e71b12-8df0-8c67-ea82-4a83f133057c" testName="OnlineSupermarket.Infrastructure.Tests.Inventory.InventoryMutationServiceTests.ApplyBatchAsync_ReserveBeyondAvailable_ThrowsWithoutLedgerRows" computerName="MTM" duration="00:00:00.0401802" startTime="2026-09-09T21:06:48.4367973+07:00" endTime="2026-09-09T21:06:48.4769132+07:00" testType="13cdc9d9-ddb5-4fa4-a97d-d965ccfc6d4b" outcome="Passed" testListId="8c84fa94-04c1-424b-9868-57a2d4851a1d" relativeResultsDirectory="b49cc741-2f71-4f46-a3d5-8dcec227041f" />
    <UnitTestResult executionId="1e3fa582-837e-44b0-b425-cc32b54fb103" testId="2387b2b7-a5d7-12f8-b7ba-14632d284334" testName="OnlineSupermarket.Infrastructure.Tests.Inventory.InventoryMutationServiceTests.ApplyBatchAsync_ManualAdjustment_RecordsAbsoluteSnapshotAndActor" computerName="MTM" duration="00:00:00.0548691" startTime="2026-09-09T21:06:48.3817688+07:00" endTime="2026-09-09T21:06:48.4366435+07:00" testType="13cdc9d9-ddb5-4fa4-a97d-d965ccfc6d4b" outcome="Passed" testListId="8c84fa94-04c1-424b-9868-57a2d4851a1d" relativeResultsDirectory="1e3fa582-837e-44b0-b425-cc32b54fb103" />
    <UnitTestResult executionId="f94ae531-9adb-4a33-b105-2b3620b9458c" testId="afa3352b-6631-38d6-e298-02014721d8c7" testName="OnlineSupermarket.Infrastructure.Tests.Payments.PaymentCallbackProcessorTests.NoPayment_ReturnsPaymentNotFound" computerName="MTM" duration="00:00:00.0015890" startTime="2026-09-09T21:06:48.3971903+07:00" endTime="2026-09-09T21:06:48.3985729+07:00" testType="13cdc9d9-ddb5-4fa4-a97d-d965ccfc6d4b" outcome="Passed" testListId="8c84fa94-04c1-424b-9868-57a2d4851a1d" relativeResultsDirectory="f94ae531-9adb-4a33-b105-2b3620b9458c" />
    <UnitTestResult executionId="914de796-9a82-498c-b67a-0137497057c9" testId="b1ab645d-ea26-5eae-3641-a94d7ab7201f" testName="OnlineSupermarket.Infrastructure.Tests.Intelligence.DemandForecastCalculatorTests.Calculate_InvalidHorizon_Throws(horizon: 30)" computerName="MTM" duration="00:00:00.0002266" startTime="2026-09-09T21:06:46.7762776+07:00" endTime="2026-09-09T21:06:46.7763821+07:00" testType="13cdc9d9-ddb5-4fa4-a97d-d965ccfc6d4b" outcome="Passed" testListId="8c84fa94-04c1-424b-9868-57a2d4851a1d" relativeResultsDirectory="914de796-9a82-498c-b67a-0137497057c9" />
    <UnitTestResult executionId="96197fab-d66f-4635-83db-c0a81cbe6dd7" testId="9731bcfa-ccb7-d85e-d721-713c9ff6a427" testName="OnlineSupermarket.Infrastructure.Tests.Intelligence.ForecastJobHandlerTests.ExecuteAsync_WritesTwoForecastsPerInventory" computerName="MTM" duration="00:00:01.5655425" startTime="2026-09-09T21:06:46.6670745+07:00" endTime="2026-09-09T21:06:48.2355703+07:00" testType="13cdc9d9-ddb5-4fa4-a97d-d965ccfc6d4b" outcome="Passed" testListId="8c84fa94-04c1-424b-9868-57a2d4851a1d" relativeResultsDirectory="96197fab-d66f-4635-83db-c0a81cbe6dd7" />
    <UnitTestResult executionId="a6612fe9-8e7e-4f1e-9b9a-66fa4e8c7f34" testId="6bfdf6eb-f2ef-1f9e-158f-1d82afea9ffa" testName="OnlineSupermarket.Infrastructure.Tests.Recommendations.RecommendationScorerTests.ScoreGlobal_ReturnsCustomerSafeReasonsAndValidScores" computerName="MTM" duration="00:00:00.0037135" startTime="2026-09-09T21:06:46.7816341+07:00" endTime="2026-09-09T21:06:46.7817032+07:00" testType="13cdc9d9-ddb5-4fa4-a97d-d965ccfc6d4b" outcome="Passed" testListId="8c84fa94-04c1-424b-9868-57a2d4851a1d" relativeResultsDirectory="a6612fe9-8e7e-4f1e-9b9a-66fa4e8c7f34" />
    <UnitTestResult executionId="c5af50a4-c4fb-482e-9584-229b0a2187e5" testId="70101eef-6c11-e38b-5346-5f8c372c453f" testName="OnlineSupermarket.Infrastructure.Tests.Payments.PaymentCallbackProcessorTests.AmountMismatch_ReturnsConflict" computerName="MTM" duration="00:00:00.0035256" startTime="2026-09-09T21:06:48.4280266+07:00" endTime="2026-09-09T21:06:48.4314774+07:00" testType="13cdc9d9-ddb5-4fa4-a97d-d965ccfc6d4b" outcome="Passed" testListId="8c84fa94-04c1-424b-9868-57a2d4851a1d" relativeResultsDirectory="c5af50a4-c4fb-482e-9584-229b0a2187e5" />
    <UnitTestResult executionId="02c679c5-90d6-4e99-82e7-e6bfde306012" testId="790cd01d-3480-64a9-78ee-25458e21c246" testName="OnlineSupermarket.Infrastructure.Tests.Recommendations.RecommendationJobHandlerTests.ExecuteAsync_ExpiryIsIntervalPlusGrace" computerName="MTM" duration="00:00:00.0434588" startTime="2026-09-09T21:06:49.6301487+07:00" endTime="2026-09-09T21:06:49.6735214+07:00" testType="13cdc9d9-ddb5-4fa4-a97d-d965ccfc6d4b" outcome="Passed" testListId="8c84fa94-04c1-424b-9868-57a2d4851a1d" relativeResultsDirectory="02c679c5-90d6-4e99-82e7-e6bfde306012" />
    <UnitTestResult executionId="cd63e1ce-de32-46e7-8404-66a151180104" testId="efc9717a-cbb6-f6c1-e2d9-06e0e5cfcfc0" testName="OnlineSupermarket.Infrastructure.Tests.Persistence.MySqlPaymentCallbackTests.TerminalPayment_ReturnsConflict" computerName="MTM" duration="00:00:00.0801546" startTime="2026-09-09T21:07:51.9911247+07:00" endTime="2026-09-09T21:07:54.9940540+07:00" testType="13cdc9d9-ddb5-4fa4-a97d-d965ccfc6d4b" outcome="Passed" testListId="8c84fa94-04c1-424b-9868-57a2d4851a1d" relativeResultsDirectory="cd63e1ce-de32-46e7-8404-66a151180104" />
    <UnitTestResult executionId="a542d22c-5c2a-47e0-a377-2f9229dfbfab" testId="a1708f56-9423-c899-a245-dfac54e1dd34" testName="OnlineSupermarket.Infrastructure.Tests.Intelligence.ForecastJobHandlerTests.ExecuteAsync_IgnoresReserveReleaseAndManualAdjustment" computerName="MTM" duration="00:00:00.0525290" startTime="2026-09-09T21:06:48.2365839+07:00" endTime="2026-09-09T21:06:48.2882095+07:00" testType="13cdc9d9-ddb5-4fa4-a97d-d965ccfc6d4b" outcome="Passed" testListId="8c84fa94-04c1-424b-9868-57a2d4851a1d" relativeResultsDirectory="a542d22c-5c2a-47e0-a377-2f9229dfbfab" />
    <UnitTestResult executionId="2fc4fc77-3890-49f0-b0aa-8531cc676e20" testId="63a0d5e5-d030-ed1b-242f-87de35c64443" testName="OnlineSupermarket.Infrastructure.Tests.Payments.PaymentCallbackProcessorTests.Duplicate_Callback_ReturnsAlreadyProcessed_WithoutEffects" computerName="MTM" duration="00:00:00.0343175" startTime="2026-09-09T21:06:48.3527272+07:00" endTime="2026-09-09T21:06:48.3869878+07:00" testType="13cdc9d9-ddb5-4fa4-a97d-d965ccfc6d4b" outcome="Passed" testListId="8c84fa94-04c1-424b-9868-57a2d4851a1d" relativeResultsDirectory="2fc4fc77-3890-49f0-b0aa-8531cc676e20" />
    <UnitTestResult executionId="cea32c6b-9189-45af-9012-7033ba23afd3" testId="32053b5c-210f-d098-520d-6d778c22fe89" testName="OnlineSupermarket.Infrastructure.Tests.Payments.PaymentCallbackProcessorTests.TerminalOrder_ReturnsConflict_WithoutCallbackRow(status: Failed)" computerName="MTM" duration="00:00:00.0020833" startTime="2026-09-09T21:06:48.4040591+07:00" endTime="2026-09-09T21:06:48.4060236+07:00" testType="13cdc9d9-ddb5-4fa4-a97d-d965ccfc6d4b" outcome="Passed" testListId="8c84fa94-04c1-424b-9868-57a2d4851a1d" relativeResultsDirectory="cea32c6b-9189-45af-9012-7033ba23afd3" />
    <UnitTestResult executionId="24aa41b1-45d8-4e0b-8c60-8736d01b1c49" testId="5395c751-bcc5-b4cc-41f9-08385ae7ec68" testName="OnlineSupermarket.Infrastructure.Tests.Intelligence.DemandForecastCalculatorTests.Calculate_UsesDailyAverageAcrossCompleteCalendarDays(horizon: 7, expected: 14)" computerName="MTM" duration="00:00:00.0244997" startTime="2026-09-09T21:06:46.6687284+07:00" endTime="2026-09-09T21:06:46.7059659+07:00" testType="13cdc9d9-ddb5-4fa4-a97d-d965ccfc6d4b" outcome="Passed" testListId="8c84fa94-04c1-424b-9868-57a2d4851a1d" relativeResultsDirectory="24aa41b1-45d8-4e0b-8c60-8736d01b1c49" />
    <UnitTestResult executionId="3a8e2a42-55ee-447a-a68b-002ebe43adc8" testId="a56d3eb8-e7a3-1757-6349-723dba8914e3" testName="OnlineSupermarket.Infrastructure.Tests.Recommendations.RecommendationScorerTests.ScoreGlobal_SkipsSignalsOutsideWindow" computerName="MTM" duration="00:00:00.0245708" startTime="2026-09-09T21:06:46.6686967+07:00" endTime="2026-09-09T21:06:46.7010074+07:00" testType="13cdc9d9-ddb5-4fa4-a97d-d965ccfc6d4b" outcome="Passed" testListId="8c84fa94-04c1-424b-9868-57a2d4851a1d" relativeResultsDirectory="3a8e2a42-55ee-447a-a68b-002ebe43adc8" />
    <UnitTestResult executionId="cf59e482-33a6-44cb-87c2-c883dfbca19e" testId="0d829043-e1b3-ff91-37da-aee4a258a91b" testName="OnlineSupermarket.Infrastructure.Tests.Recommendations.RecommendationJobHandlerTests.ExecuteAsync_WithConflict_RollsBackTheWholeBatch" computerName="MTM" duration="00:00:01.5760709" startTime="2026-09-09T21:06:46.6686343+07:00" endTime="2026-09-09T21:06:48.2460391+07:00" testType="13cdc9d9-ddb5-4fa4-a97d-d965ccfc6d4b" outcome="Passed" testListId="8c84fa94-04c1-424b-9868-57a2d4851a1d" relativeResultsDirectory="cf59e482-33a6-44cb-87c2-c883dfbca19e" />
    <UnitTestResult executionId="2d39f0c5-e4c3-4380-9fcc-f8367e6f5ab5" testId="7f9bb9e4-8ff8-bbd3-6389-5abd19fa039b" testName="OnlineSupermarket.Infrastructure.Tests.Payments.PaymentCallbackProcessorTests.ProviderMismatch_ReturnsConflict" computerName="MTM" duration="00:00:00.0028309" startTime="2026-09-09T21:06:48.4358970+07:00" endTime="2026-09-09T21:06:48.4386605+07:00" testType="13cdc9d9-ddb5-4fa4-a97d-d965ccfc6d4b" outcome="Passed" testListId="8c84fa94-04c1-424b-9868-57a2d4851a1d" relativeResultsDirectory="2d39f0c5-e4c3-4380-9fcc-f8367e6f5ab5" />
    <UnitTestResult executionId="d44abb61-a515-47ea-9ac0-3f02ce213cd0" testId="674ac23b-ddb8-3822-8117-d49bd97e1647" testName="OnlineSupermarket.Infrastructure.Tests.Persistence.MySqlPaymentCallbackTests.MissingInventory_Failure_Callback_RollsBackEverything" computerName="MTM" duration="00:00:00.4944705" startTime="2026-09-09T21:07:05.9602279+07:00" endTime="2026-09-09T21:07:09.2936599+07:00" testType="13cdc9d9-ddb5-4fa4-a97d-d965ccfc6d4b" outcome="Passed" testListId="8c84fa94-04c1-424b-9868-57a2d4851a1d" relativeResultsDirectory="d44abb61-a515-47ea-9ac0-3f02ce213cd0" />
    <UnitTestResult executionId="a195b46a-8fa1-4331-acea-21e0392b6cd0" testId="3bf68c67-37ef-348d-ee2f-014c6670dab7" testName="OnlineSupermarket.Infrastructure.Tests.Recommendations.RecommendationScorerTests.ScoreSimilar_LimitsToEightResults" computerName="MTM" duration="00:00:00.0041304" startTime="2026-09-09T21:06:46.7847420+07:00" endTime="2026-09-09T21:06:46.7848366+07:00" testType="13cdc9d9-ddb5-4fa4-a97d-d965ccfc6d4b" outcome="Passed" testListId="8c84fa94-04c1-424b-9868-57a2d4851a1d" relativeResultsDirectory="a195b46a-8fa1-4331-acea-21e0392b6cd0" />
    <UnitTestResult executionId="5bd17f9d-88f2-4b29-bf00-5ba703b214da" testId="9a2390a9-07c3-7298-100c-2a646c7bba65" testName="OnlineSupermarket.Infrastructure.Tests.Persistence.MySqlPaymentCallbackTests.MethodMismatch_ReturnsConflict" computerName="MTM" duration="00:00:00.0524195" startTime="2026-09-09T21:07:33.9995998+07:00" endTime="2026-09-09T21:07:36.9880412+07:00" testType="13cdc9d9-ddb5-4fa4-a97d-d965ccfc6d4b" outcome="Passed" testListId="8c84fa94-04c1-424b-9868-57a2d4851a1d" relativeResultsDirectory="5bd17f9d-88f2-4b29-bf00-5ba703b214da" />
    <UnitTestResult executionId="d3e95114-31dc-416f-8295-9a19e14e2a5a" testId="2588a4a2-dca4-4ee3-955d-fd942ee5995d" testName="OnlineSupermarket.Infrastructure.Tests.Payments.PaymentCallbackProcessorTests.CancelledOrder_ReturnsConflict" computerName="MTM" duration="00:00:00.0035688" startTime="2026-09-09T21:06:48.3877422+07:00" endTime="2026-09-09T21:06:48.3906447+07:00" testType="13cdc9d9-ddb5-4fa4-a97d-d965ccfc6d4b" outcome="Passed" testListId="8c84fa94-04c1-424b-9868-57a2d4851a1d" relativeResultsDirectory="d3e95114-31dc-416f-8295-9a19e14e2a5a" />
    <UnitTestResult executionId="91e6946b-6101-4563-bead-3bd696a98a4d" testId="cfa23888-f8e1-5d6e-1387-f1b7fc88a176" testName="OnlineSupermarket.Infrastructure.Tests.Persistence.MySqlInventoryTransactionTests.Migrations_CreateLedgerTableWithUniqueOperationKeyIndex" computerName="MTM" duration="00:00:00.0138654" startTime="2026-09-09T21:08:00.6809708+07:00" endTime="2026-09-09T21:08:03.4786429+07:00" testType="13cdc9d9-ddb5-4fa4-a97d-d965ccfc6d4b" outcome="Passed" testListId="8c84fa94-04c1-424b-9868-57a2d4851a1d" relativeResultsDirectory="91e6946b-6101-4563-bead-3bd696a98a4d" />
    <UnitTestResult executionId="a25e1b63-8b10-4c21-bfc7-ebae1325e02a" testId="07a76cd6-4cee-7ded-957f-e5b632fb356d" testName="OnlineSupermarket.Infrastructure.Tests.Recommendations.RecommendationScorerTests.ScoreSimilar_TieBreaksByProductIdAscending" computerName="MTM" duration="00:00:00.0005821" startTime="2026-09-09T21:06:46.7858810+07:00" endTime="2026-09-09T21:06:46.7859284+07:00" testType="13cdc9d9-ddb5-4fa4-a97d-d965ccfc6d4b" outcome="Passed" testListId="8c84fa94-04c1-424b-9868-57a2d4851a1d" relativeResultsDirectory="a25e1b63-8b10-4c21-bfc7-ebae1325e02a" />
    <UnitTestResult executionId="cbaa46da-bd6e-4640-b5d8-e34a0831013e" testId="c22257d1-cc7b-ddff-fa9d-37b50cbe702d" testName="OnlineSupermarket.Infrastructure.Tests.Recommendations.RecommendationJobHandlerTests.ExecuteAsync_NewRunPreservesPriorHistory" computerName="MTM" duration="00:00:00.0492539" startTime="2026-09-09T21:06:49.6737124+07:00" endTime="2026-09-09T21:06:49.7228928+07:00" testType="13cdc9d9-ddb5-4fa4-a97d-d965ccfc6d4b" outcome="Passed" testListId="8c84fa94-04c1-424b-9868-57a2d4851a1d" relativeResultsDirectory="cbaa46da-bd6e-4640-b5d8-e34a0831013e" />
    <UnitTestResult executionId="546e822a-510d-4a32-b4e9-de3f77146ee5" testId="a02a57e7-1137-22e4-ccd7-d506a14bcaef" testName="OnlineSupermarket.Infrastructure.Tests.Inventory.InventoryMutationServiceTests.ApplyBatchAsync_WithMismatchedOperationKey_ThrowsConflict" computerName="MTM" duration="00:00:00.0385205" startTime="2026-09-09T21:06:48.4771205+07:00" endTime="2026-09-09T21:06:48.5155568+07:00" testType="13cdc9d9-ddb5-4fa4-a97d-d965ccfc6d4b" outcome="Passed" testListId="8c84fa94-04c1-424b-9868-57a2d4851a1d" relativeResultsDirectory="546e822a-510d-4a32-b4e9-de3f77146ee5" />
    <UnitTestResult executionId="cdcf3793-cc00-419d-96bf-fdfe55c69e3a" testId="d7438fd6-9bb8-702e-4d8a-3781d35dc529" testName="OnlineSupermarket.Infrastructure.Tests.Payments.PaymentCallbackProcessorTests.Failure_MissingInventory_RollsBackOrderAndReleasesNothing" computerName="MTM" duration="00:00:00.0959827" startTime="2026-09-09T21:06:48.2567737+07:00" endTime="2026-09-09T21:06:48.3525662+07:00" testType="13cdc9d9-ddb5-4fa4-a97d-d965ccfc6d4b" outcome="Passed" testListId="8c84fa94-04c1-424b-9868-57a2d4851a1d" relativeResultsDirectory="cdcf3793-cc00-419d-96bf-fdfe55c69e3a" />
    <UnitTestResult executionId="38177689-9158-4f70-9ea8-5a26de303526" testId="b7300ab6-70c5-8d58-b4b0-0b1f4ba4d55d" testName="OnlineSupermarket.Infrastructure.Tests.Persistence.MySqlPaymentCallbackTests.Forced_Race_Two_Callbacks_SameEventId_OneEffect_OnMySql" computerName="MTM" duration="00:00:00.1266380" startTime="2026-09-09T21:07:46.0096303+07:00" endTime="2026-09-09T21:07:49.0062401+07:00" testType="13cdc9d9-ddb5-4fa4-a97d-d965ccfc6d4b" outcome="Passed" testListId="8c84fa94-04c1-424b-9868-57a2d4851a1d" relativeResultsDirectory="38177689-9158-4f70-9ea8-5a26de303526" />
    <UnitTestResult executionId="0f436ed1-aabd-46a3-a548-a487d6a296b6" testId="0b9ec175-84d9-836a-a2b0-d40ddaaefba1" testName="OnlineSupermarket.Infrastructure.Tests.Recommendations.RecommendationJobHandlerTests.ExecuteAsync_MaterializesAllThreeScopesInOneRun" computerName="MTM" duration="00:00:00.0477717" startTime="2026-09-09T21:06:49.5820859+07:00" endTime="2026-09-09T21:06:49.6299106+07:00" testType="13cdc9d9-ddb5-4fa4-a97d-d965ccfc6d4b" outcome="Passed" testListId="8c84fa94-04c1-424b-9868-57a2d4851a1d" relativeResultsDirectory="0f436ed1-aabd-46a3-a548-a487d6a296b6" />
    <UnitTestResult executionId="cbac0dd1-7949-4972-8c92-93c08085122e" testId="96c9f488-588e-fd51-4868-eeb737a4d365" testName="OnlineSupermarket.Infrastructure.Tests.Persistence.MySqlPaymentCallbackTests.Sequential_Duplicate_Callback_IsIdempotent_OnMySql" computerName="MTM" duration="00:00:00.0714306" startTime="2026-09-09T21:07:49.0066267+07:00" endTime="2026-09-09T21:07:51.9907781+07:00" testType="13cdc9d9-ddb5-4fa4-a97d-d965ccfc6d4b" outcome="Passed" testListId="8c84fa94-04c1-424b-9868-57a2d4851a1d" relativeResultsDirectory="cbac0dd1-7949-4972-8c92-93c08085122e" />
    <UnitTestResult executionId="456ce127-b191-4520-8d32-959c3f4c64b8" testId="c6be4f51-30f6-63f6-2cf5-dac2cc284a3e" testName="OnlineSupermarket.Infrastructure.Tests.Payments.PaymentCallbackProcessorTests.TerminalOrder_ReturnsConflict_WithoutCallbackRow(status: Completed)" computerName="MTM" duration="00:00:00.0052470" startTime="2026-09-09T21:06:48.3987860+07:00" endTime="2026-09-09T21:06:48.4039157+07:00" testType="13cdc9d9-ddb5-4fa4-a97d-d965ccfc6d4b" outcome="Passed" testListId="8c84fa94-04c1-424b-9868-57a2d4851a1d" relativeResultsDirectory="456ce127-b191-4520-8d32-959c3f4c64b8" />
    <UnitTestResult executionId="759845f1-f218-4729-8827-41e1808fbd6a" testId="c3817c5e-7597-9108-cecb-8694106c2fe6" testName="OnlineSupermarket.Infrastructure.Tests.Inventory.InventoryMutationServiceTests.ApplyBatchAsync_WithoutTransaction_Throws" computerName="MTM" duration="00:00:01.4427471" startTime="2026-09-09T21:06:46.6686772+07:00" endTime="2026-09-09T21:06:48.1135770+07:00" testType="13cdc9d9-ddb5-4fa4-a97d-d965ccfc6d4b" outcome="Passed" testListId="8c84fa94-04c1-424b-9868-57a2d4851a1d" relativeResultsDirectory="759845f1-f218-4729-8827-41e1808fbd6a" />
    <UnitTestResult executionId="79dbe46b-a545-4466-b883-0c5fa4ed104e" testId="8bf4ace2-f1cb-b0c6-2b34-65c513dc23c6" testName="OnlineSupermarket.Infrastructure.Tests.Intelligence.DemandForecastCalculatorTests.Calculate_InvalidHorizon_Throws(horizon: 13)" computerName="MTM" duration="00:00:00.0007247" startTime="2026-09-09T21:06:46.7185942+07:00" endTime="2026-09-09T21:06:46.7186372+07:00" testType="13cdc9d9-ddb5-4fa4-a97d-d965ccfc6d4b" outcome="Passed" testListId="8c84fa94-04c1-424b-9868-57a2d4851a1d" relativeResultsDirectory="79dbe46b-a545-4466-b883-0c5fa4ed104e" />
    <UnitTestResult executionId="50324363-bea8-478c-8a3b-fed5453bd4a3" testId="c4325bf6-ff09-e4dc-45eb-61fcbabed6ea" testName="OnlineSupermarket.Infrastructure.Tests.Intelligence.DemandForecastCalculatorTests.Calculate_InvalidHorizon_Throws(horizon: 1)" computerName="MTM" duration="00:00:00.0000151" startTime="2026-09-09T21:06:46.7769973+07:00" endTime="2026-09-09T21:06:46.7770574+07:00" testType="13cdc9d9-ddb5-4fa4-a97d-d965ccfc6d4b" outcome="Passed" testListId="8c84fa94-04c1-424b-9868-57a2d4851a1d" relativeResultsDirectory="50324363-bea8-478c-8a3b-fed5453bd4a3" />
    <UnitTestResult executionId="723a65be-1476-48c4-9949-3a9c8201fb4b" testId="4b376fa1-05f9-1073-9a54-0f2a91aeb58c" testName="OnlineSupermarket.Infrastructure.Tests.Persistence.MySqlInventoryTransactionTests.ConcurrentReservations_SameOperationKey_OnlyOneApplies" computerName="MTM" duration="00:00:00.1350804" startTime="2026-09-09T21:07:54.9950980+07:00" endTime="2026-09-09T21:07:57.8134384+07:00" testType="13cdc9d9-ddb5-4fa4-a97d-d965ccfc6d4b" outcome="Passed" testListId="8c84fa94-04c1-424b-9868-57a2d4851a1d" relativeResultsDirectory="723a65be-1476-48c4-9949-3a9c8201fb4b" />
    <UnitTestResult executionId="249ac706-b90d-4bf8-9504-1cef3ba886a7" testId="667138cc-21c2-b1cf-944d-671aab2306ed" testName="OnlineSupermarket.Infrastructure.Tests.Intelligence.ForecastJobHandlerTests.ExecuteAsync_IsIsolatedToTheRunBranch" computerName="MTM" duration="00:00:00.0537679" startTime="2026-09-09T21:06:48.3279163+07:00" endTime="2026-09-09T21:06:48.3809793+07:00" testType="13cdc9d9-ddb5-4fa4-a97d-d965ccfc6d4b" outcome="Passed" testListId="8c84fa94-04c1-424b-9868-57a2d4851a1d" relativeResultsDirectory="249ac706-b90d-4bf8-9504-1cef3ba886a7" />
    <UnitTestResult executionId="872990dc-ec65-4f0f-a23f-f45e14bc43ea" testId="879b6bc3-5000-22c0-0780-86bc20fa2ac9" testName="OnlineSupermarket.Infrastructure.Tests.Intelligence.DemandForecastCalculatorTests.Calculate_NoHistory_ReturnsZeroInsufficient" computerName="MTM" duration="00:00:00.0008509" startTime="2026-09-09T21:06:46.7776449+07:00" endTime="2026-09-09T21:06:46.7776923+07:00" testType="13cdc9d9-ddb5-4fa4-a97d-d965ccfc6d4b" outcome="Passed" testListId="8c84fa94-04c1-424b-9868-57a2d4851a1d" relativeResultsDirectory="872990dc-ec65-4f0f-a23f-f45e14bc43ea" />
    <UnitTestResult executionId="019b6656-da21-4687-9bff-92abcc38865d" testId="6509be74-e5d9-16dc-79c0-7433e7cc62dc" testName="OnlineSupermarket.Infrastructure.Tests.Recommendations.RecommendationJobHandlerTests.ExecuteAsync_WhenPredictionFailsOnTrainedModel_FallsBackToContentWithoutFakingMf" computerName="MTM" duration="00:00:01.0072436" startTime="2026-09-09T21:06:48.3569245+07:00" endTime="2026-09-09T21:06:49.3640784+07:00" testType="13cdc9d9-ddb5-4fa4-a97d-d965ccfc6d4b" outcome="Passed" testListId="8c84fa94-04c1-424b-9868-57a2d4851a1d" relativeResultsDirectory="019b6656-da21-4687-9bff-92abcc38865d" />
    <UnitTestResult executionId="5749f32f-c0aa-4e4b-9d3c-de12f0d78f84" testId="9aa87a98-7fea-7e92-2570-2469234c641e" testName="OnlineSupermarket.Infrastructure.Tests.Intelligence.ForecastJobHandlerTests.ExecuteAsync_CountsSoldQuantityNotLedgerRowCount" computerName="MTM" duration="00:00:00.0387942" startTime="2026-09-09T21:06:48.2884218+07:00" endTime="2026-09-09T21:06:48.3271119+07:00" testType="13cdc9d9-ddb5-4fa4-a97d-d965ccfc6d4b" outcome="Passed" testListId="8c84fa94-04c1-424b-9868-57a2d4851a1d" relativeResultsDirectory="5749f32f-c0aa-4e4b-9d3c-de12f0d78f84" />
    <UnitTestResult executionId="c3e65489-eb8e-4cf6-b95a-c64b9095b770" testId="2949d20b-8b9c-1606-2100-4cc2dafffe68" testName="OnlineSupermarket.Infrastructure.Tests.Persistence.MySqlPaymentCallbackTests.Failure_ReleasesInventoryAndPromotionOnce_AndRetryIsIdempotent" computerName="MTM" duration="00:00:00.1507100" startTime="2026-09-09T21:07:39.8721612+07:00" endTime="2026-09-09T21:07:42.9161327+07:00" testType="13cdc9d9-ddb5-4fa4-a97d-d965ccfc6d4b" outcome="Passed" testListId="8c84fa94-04c1-424b-9868-57a2d4851a1d" relativeResultsDirectory="c3e65489-eb8e-4cf6-b95a-c64b9095b770" />
    <UnitTestResult executionId="be3d9ade-5a88-4d80-bc88-15e3c677b311" testId="9ff8f989-d3b0-4ef5-9923-a922d1004a11" testName="OnlineSupermarket.Infrastructure.Tests.Payments.PaymentCallbackProcessorTests.Success_CompletesNewestPaymentAndConfirmsOrder" computerName="MTM" duration="00:00:01.5826526" startTime="2026-09-09T21:06:46.6687130+07:00" endTime="2026-09-09T21:06:48.2565377+07:00" testType="13cdc9d9-ddb5-4fa4-a97d-d965ccfc6d4b" outcome="Passed" testListId="8c84fa94-04c1-424b-9868-57a2d4851a1d" relativeResultsDirectory="be3d9ade-5a88-4d80-bc88-15e3c677b311" />
    <UnitTestResult executionId="11473cb9-4aaa-4ea4-9131-087eda11230f" testId="86bdf036-ef34-04cc-dbc2-634ff06f1f29" testName="OnlineSupermarket.Infrastructure.Tests.Inventory.InventoryMutationServiceTests.ApplyBatchAsync_WithMissingInventory_Throws" computerName="MTM" duration="00:00:00.1363777" startTime="2026-09-09T21:06:48.1138713+07:00" endTime="2026-09-09T21:06:48.2494174+07:00" testType="13cdc9d9-ddb5-4fa4-a97d-d965ccfc6d4b" outcome="Passed" testListId="8c84fa94-04c1-424b-9868-57a2d4851a1d" relativeResultsDirectory="11473cb9-4aaa-4ea4-9131-087eda11230f" />
    <UnitTestResult executionId="e075b965-b36f-4669-bf6d-3439ee10553c" testId="69b1a87a-7bae-4187-0d5e-6ec32f537182" testName="OnlineSupermarket.Infrastructure.Tests.Intelligence.DemandForecastCalculatorTests.Calculate_InvalidHorizon_Throws(horizon: 0)" computerName="MTM" duration="00:00:00.0000060" startTime="2026-09-09T21:06:46.7772124+07:00" endTime="2026-09-09T21:06:46.7772754+07:00" testType="13cdc9d9-ddb5-4fa4-a97d-d965ccfc6d4b" outcome="Passed" testListId="8c84fa94-04c1-424b-9868-57a2d4851a1d" relativeResultsDirectory="e075b965-b36f-4669-bf6d-3439ee10553c" />
    <UnitTestResult executionId="e9a8040b-e8ec-4af5-a1be-f3b38f8ebe21" testId="1f6e98e8-95ea-24f8-d14a-67f602dda01b" testName="OnlineSupermarket.Infrastructure.Tests.Intelligence.ForecastJobHandlerTests.ExecuteAsync_RerunWithNewRunId_PreservesHistory" computerName="MTM" duration="00:00:00.0693790" startTime="2026-09-09T21:06:48.4700957+07:00" endTime="2026-09-09T21:06:48.5394449+07:00" testType="13cdc9d9-ddb5-4fa4-a97d-d965ccfc6d4b" outcome="Passed" testListId="8c84fa94-04c1-424b-9868-57a2d4851a1d" relativeResultsDirectory="e9a8040b-e8ec-4af5-a1be-f3b38f8ebe21" />
    <UnitTestResult executionId="265ecf0e-24bc-4f10-a690-a6ca9f42bf2d" testId="11d00464-cf7e-e4a8-ec14-8696dfc2de01" testName="OnlineSupermarket.Infrastructure.Tests.Intelligence.DemandForecastCalculatorTests.Calculate_SingleObservationDay_IsInsufficient" computerName="MTM" duration="00:00:00.0002266" startTime="2026-09-09T21:06:46.7780197+07:00" endTime="2026-09-09T21:06:46.7780719+07:00" testType="13cdc9d9-ddb5-4fa4-a97d-d965ccfc6d4b" outcome="Passed" testListId="8c84fa94-04c1-424b-9868-57a2d4851a1d" relativeResultsDirectory="265ecf0e-24bc-4f10-a690-a6ca9f42bf2d" />
    <UnitTestResult executionId="f553c949-bb77-466e-bf44-ed4e60d45e5c" testId="29282538-d708-0e50-940f-820bb6f52d50" testName="OnlineSupermarket.Infrastructure.Tests.Recommendations.RecommendationScorerTests.ScoreUser_WeightsPurchasesThreeTimesViews" computerName="MTM" duration="00:00:00.0026736" startTime="2026-09-09T21:06:46.7860965+07:00" endTime="2026-09-09T21:06:46.7861324+07:00" testType="13cdc9d9-ddb5-4fa4-a97d-d965ccfc6d4b" outcome="Passed" testListId="8c84fa94-04c1-424b-9868-57a2d4851a1d" relativeResultsDirectory="f553c949-bb77-466e-bf44-ed4e60d45e5c" />
    <UnitTestResult executionId="d1556e85-fed5-4207-a04c-91be06dccac9" testId="3feabb41-8f28-013b-8510-f538e3165a7f" testName="OnlineSupermarket.Infrastructure.Tests.Recommendations.RecommendationJobHandlerTests.ExecuteAsync_ProducesSequentialRanksPerAudience" computerName="MTM" duration="00:00:00.0604505" startTime="2026-09-09T21:06:49.3654834+07:00" endTime="2026-09-09T21:06:49.4247204+07:00" testType="13cdc9d9-ddb5-4fa4-a97d-d965ccfc6d4b" outcome="Passed" testListId="8c84fa94-04c1-424b-9868-57a2d4851a1d" relativeResultsDirectory="d1556e85-fed5-4207-a04c-91be06dccac9" />
    <UnitTestResult executionId="ca04382b-84bc-4c8c-b2ba-3585b057a45f" testId="1cfa4b68-a88f-e2d1-390c-8f741422310d" testName="OnlineSupermarket.Infrastructure.Tests.Recommendations.RecommendationScorerTests.ScoreGlobal_LimitsToTwentyResults" computerName="MTM" duration="00:00:00.0004666" startTime="2026-09-09T21:06:46.7850346+07:00" endTime="2026-09-09T21:06:46.7850870+07:00" testType="13cdc9d9-ddb5-4fa4-a97d-d965ccfc6d4b" outcome="Passed" testListId="8c84fa94-04c1-424b-9868-57a2d4851a1d" relativeResultsDirectory="ca04382b-84bc-4c8c-b2ba-3585b057a45f" />
    <UnitTestResult executionId="f09ae09b-c1e1-4f50-912d-f54777eca9a1" testId="63f046d2-88b5-4f98-3ac6-0360e81f31fa" testName="OnlineSupermarket.Infrastructure.Tests.Recommendations.RecommendationScorerTests.ScoreUser_CapsRepeatedViewsPerProductPerUtcDay" computerName="MTM" duration="00:00:00.0193703" startTime="2026-09-09T21:06:46.7854749+07:00" endTime="2026-09-09T21:06:46.7855148+07:00" testType="13cdc9d9-ddb5-4fa4-a97d-d965ccfc6d4b" outcome="Passed" testListId="8c84fa94-04c1-424b-9868-57a2d4851a1d" relativeResultsDirectory="f09ae09b-c1e1-4f50-912d-f54777eca9a1" />
    <UnitTestResult executionId="bb7dbc9f-e1ae-45df-b42a-6f20a1a5d23d" testId="8afbae22-be6b-532a-9314-a64991bd3ad1" testName="OnlineSupermarket.Infrastructure.Tests.Recommendations.RecommendationScorerTests.ScoreSimilar_ExcludesSourceAndInactiveProducts" computerName="MTM" duration="00:00:00.0197489" startTime="2026-09-09T21:06:46.7183234+07:00" endTime="2026-09-09T21:06:46.7813410+07:00" testType="13cdc9d9-ddb5-4fa4-a97d-d965ccfc6d4b" outcome="Passed" testListId="8c84fa94-04c1-424b-9868-57a2d4851a1d" relativeResultsDirectory="bb7dbc9f-e1ae-45df-b42a-6f20a1a5d23d" />
    <UnitTestResult executionId="c791f247-161b-4d23-9c04-ea39af94e192" testId="5935f3b0-acdb-39bc-39c7-af50badc805b" testName="OnlineSupermarket.Infrastructure.Tests.Intelligence.DemandForecastCalculatorTests.Calculate_UsesDailyAverageAcrossCompleteCalendarDays(horizon: 14, expected: 28)" computerName="MTM" duration="00:00:00.0003913" startTime="2026-09-09T21:06:46.7164812+07:00" endTime="2026-09-09T21:06:46.7183815+07:00" testType="13cdc9d9-ddb5-4fa4-a97d-d965ccfc6d4b" outcome="Passed" testListId="8c84fa94-04c1-424b-9868-57a2d4851a1d" relativeResultsDirectory="c791f247-161b-4d23-9c04-ea39af94e192" />
    <UnitTestResult executionId="b6dd258c-da57-4504-b9ef-d782d5056c4d" testId="1a81d21a-a997-a82c-7534-9c88aef3f679" testName="OnlineSupermarket.Infrastructure.Tests.Payments.PaymentCallbackProcessorTests.UnverifiedResult_IsRejected_WithNoEffects" computerName="MTM" duration="00:00:00.0062137" startTime="2026-09-09T21:06:48.3908342+07:00" endTime="2026-09-09T21:06:48.3969506+07:00" testType="13cdc9d9-ddb5-4fa4-a97d-d965ccfc6d4b" outcome="Passed" testListId="8c84fa94-04c1-424b-9868-57a2d4851a1d" relativeResultsDirectory="b6dd258c-da57-4504-b9ef-d782d5056c4d" />
    <UnitTestResult executionId="802cc3b8-58d9-493a-98d9-8b5626397e87" testId="9579ca0c-eaf2-b6b5-762c-9c2376cec3a3" testName="OnlineSupermarket.Infrastructure.Tests.Recommendations.RecommendationJobHandlerTests.ExecuteAsync_WhenTrainingFails_CleansUpModelAndThrows_PreservingPriorBatch" computerName="MTM" duration="00:00:00.0700612" startTime="2026-09-09T21:06:48.2462638+07:00" endTime="2026-09-09T21:06:48.3162281+07:00" testType="13cdc9d9-ddb5-4fa4-a97d-d965ccfc6d4b" outcome="Passed" testListId="8c84fa94-04c1-424b-9868-57a2d4851a1d" relativeResultsDirectory="802cc3b8-58d9-493a-98d9-8b5626397e87" />
    <UnitTestResult executionId="f9fd1350-d3da-498f-9ce0-de9e8ab742d0" testId="ee06bdd3-59f5-7dd0-38e0-858d8c859389" testName="OnlineSupermarket.Infrastructure.Tests.Persistence.MySqlInventoryTransactionTests.LedgerInsertFailure_RollsBackInventoryMutation" computerName="MTM" duration="00:00:00.0602786" startTime="2026-09-09T21:07:57.8137402+07:00" endTime="2026-09-09T21:08:00.6806847+07:00" testType="13cdc9d9-ddb5-4fa4-a97d-d965ccfc6d4b" outcome="Passed" testListId="8c84fa94-04c1-424b-9868-57a2d4851a1d" relativeResultsDirectory="f9fd1350-d3da-498f-9ce0-de9e8ab742d0" />
    <UnitTestResult executionId="e3027e64-cecf-49dc-8c0a-c07de053ed0b" testId="a557ddf1-0687-981c-1dd5-1dd94fff7f85" testName="OnlineSupermarket.Infrastructure.Tests.Persistence.MySqlPaymentCallbackTests.Duplicate_Race_RepeatedFixedCount_OneEffectAlways_OnMySql" computerName="MTM" duration="00:00:15.2151887" startTime="2026-09-09T21:07:15.8109555+07:00" endTime="2026-09-09T21:07:33.9991400+07:00" testType="13cdc9d9-ddb5-4fa4-a97d-d965ccfc6d4b" outcome="Passed" testListId="8c84fa94-04c1-424b-9868-57a2d4851a1d" relativeResultsDirectory="e3027e64-cecf-49dc-8c0a-c07de053ed0b" />
    <UnitTestResult executionId="dd9d7779-0022-4a41-9225-202371630ef4" testId="2bfef0e2-283f-23cf-fa22-428216767525" testName="OnlineSupermarket.Infrastructure.Tests.Inventory.InventoryMutationServiceTests.ApplyBatchAsync_LoadsByAscendingInventoryId_AndAddsLedgerRows" computerName="MTM" duration="00:00:00.0478186" startTime="2026-09-09T21:06:48.3338573+07:00" endTime="2026-09-09T21:06:48.3816214+07:00" testType="13cdc9d9-ddb5-4fa4-a97d-d965ccfc6d4b" outcome="Passed" testListId="8c84fa94-04c1-424b-9868-57a2d4851a1d" relativeResultsDirectory="dd9d7779-0022-4a41-9225-202371630ef4" />
    <UnitTestResult executionId="46b76ba9-0352-4e78-a9a8-a0cd61ccf215" testId="f8a7d484-f10b-cd69-2807-3606ca1d38e1" testName="OnlineSupermarket.Infrastructure.Tests.Persistence.MySqlPaymentCallbackTests.Racing_Callbacks_EffectsExactlyOnce_OnMySql" computerName="MTM" duration="00:00:00.1213876" startTime="2026-09-09T21:07:12.6244697+07:00" endTime="2026-09-09T21:07:15.8104288+07:00" testType="13cdc9d9-ddb5-4fa4-a97d-d965ccfc6d4b" outcome="Passed" testListId="8c84fa94-04c1-424b-9868-57a2d4851a1d" relativeResultsDirectory="46b76ba9-0352-4e78-a9a8-a0cd61ccf215" />
    <UnitTestResult executionId="2dae4cd3-795d-432e-adad-f91f7d873f66" testId="33bd4cd3-451b-cd94-283f-917b3fc546ef" testName="OnlineSupermarket.Infrastructure.Tests.Payments.PaymentCallbackProcessorTests.TerminalPayment_ReturnsConflict" computerName="MTM" duration="00:00:00.0041998" startTime="2026-09-09T21:06:48.4326653+07:00" endTime="2026-09-09T21:06:48.4357467+07:00" testType="13cdc9d9-ddb5-4fa4-a97d-d965ccfc6d4b" outcome="Passed" testListId="8c84fa94-04c1-424b-9868-57a2d4851a1d" relativeResultsDirectory="2dae4cd3-795d-432e-adad-f91f7d873f66" />
    <UnitTestResult executionId="5938f62a-9b3d-4518-ba36-9e964fe57d47" testId="b218a407-be1a-40f3-bcaf-94bf2095ad3b" testName="OnlineSupermarket.Infrastructure.Tests.Intelligence.DemandForecastCalculatorTests.Calculate_CapsObservationAtTwentyEightCalendarDays" computerName="MTM" duration="00:00:00.0065338" startTime="2026-09-09T21:06:46.7774399+07:00" endTime="2026-09-09T21:06:46.7774977+07:00" testType="13cdc9d9-ddb5-4fa4-a97d-d965ccfc6d4b" outcome="Passed" testListId="8c84fa94-04c1-424b-9868-57a2d4851a1d" relativeResultsDirectory="5938f62a-9b3d-4518-ba36-9e964fe57d47" />
    <UnitTestResult executionId="920219f3-5475-49f9-8be6-a0b7fa2b16cd" testId="ca7e4c2f-5251-f2a6-9617-2a026d72462d" testName="OnlineSupermarket.Infrastructure.Tests.Payments.PaymentCallbackProcessorTests.Success_WhenOrderAlreadyConfirmed_KeepsStateAndHistory" computerName="MTM" duration="00:00:00.0217166" startTime="2026-09-09T21:06:48.4061617+07:00" endTime="2026-09-09T21:06:48.4278650+07:00" testType="13cdc9d9-ddb5-4fa4-a97d-d965ccfc6d4b" outcome="Passed" testListId="8c84fa94-04c1-424b-9868-57a2d4851a1d" relativeResultsDirectory="920219f3-5475-49f9-8be6-a0b7fa2b16cd" />
  </Results>
  <TestDefinitions>
    <UnitTest name="OnlineSupermarket.Infrastructure.Tests.Recommendations.RecommendationJobHandlerTests.ExecuteAsync_WithConflict_RollsBackTheWholeBatch" storage="c:\users\manh\documents\project3\online-supermarket-system\backend\tests\onlinesupermarket.infrastructure.tests\bin\debug\net10.0\onlinesupermarket.infrastructure.tests.dll" id="0d829043-e1b3-ff91-37da-aee4a258a91b">
      <Execution id="cf59e482-33a6-44cb-87c2-c883dfbca19e" />
      <TestMethod codeBase="C:\Users\manh\Documents\Project3\online-supermarket-system\backend\tests\OnlineSupermarket.Infrastructure.Tests\bin\Debug\net10.0\OnlineSupermarket.Infrastructure.Tests.dll" adapterTypeName="executor://xunit/VsTestRunner3/netcore/" className="OnlineSupermarket.Infrastructure.Tests.Recommendations.RecommendationJobHandlerTests" name="ExecuteAsync_WithConflict_RollsBackTheWholeBatch" />
    </UnitTest>
    <UnitTest name="OnlineSupermarket.Infrastructure.Tests.Intelligence.ForecastJobHandlerTests.ExecuteAsync_WritesTwoForecastsPerInventory" storage="c:\users\manh\documents\project3\online-supermarket-system\backend\tests\onlinesupermarket.infrastructure.tests\bin\debug\net10.0\onlinesupermarket.infrastructure.tests.dll" id="9731bcfa-ccb7-d85e-d721-713c9ff6a427">
      <Execution id="96197fab-d66f-4635-83db-c0a81cbe6dd7" />
      <TestMethod codeBase="C:\Users\manh\Documents\Project3\online-supermarket-system\backend\tests\OnlineSupermarket.Infrastructure.Tests\bin\Debug\net10.0\OnlineSupermarket.Infrastructure.Tests.dll" adapterTypeName="executor://xunit/VsTestRunner3/netcore/" className="OnlineSupermarket.Infrastructure.Tests.Intelligence.ForecastJobHandlerTests" name="ExecuteAsync_WritesTwoForecastsPerInventory" />
    </UnitTest>
    <UnitTest name="OnlineSupermarket.Infrastructure.Tests.Payments.PaymentCallbackProcessorTests.UnverifiedResult_IsRejected_WithNoEffects" storage="c:\users\manh\documents\project3\online-supermarket-system\backend\tests\onlinesupermarket.infrastructure.tests\bin\debug\net10.0\onlinesupermarket.infrastructure.tests.dll" id="1a81d21a-a997-a82c-7534-9c88aef3f679">
      <Execution id="b6dd258c-da57-4504-b9ef-d782d5056c4d" />
      <TestMethod codeBase="C:\Users\manh\Documents\Project3\online-supermarket-system\backend\tests\OnlineSupermarket.Infrastructure.Tests\bin\Debug\net10.0\OnlineSupermarket.Infrastructure.Tests.dll" adapterTypeName="executor://xunit/VsTestRunner3/netcore/" className="OnlineSupermarket.Infrastructure.Tests.Payments.PaymentCallbackProcessorTests" name="UnverifiedResult_IsRejected_WithNoEffects" />
    </UnitTest>
    <UnitTest name="OnlineSupermarket.Infrastructure.Tests.Payments.PaymentCallbackProcessorTests.TerminalPayment_ReturnsConflict" storage="c:\users\manh\documents\project3\online-supermarket-system\backend\tests\onlinesupermarket.infrastructure.tests\bin\debug\net10.0\onlinesupermarket.infrastructure.tests.dll" id="33bd4cd3-451b-cd94-283f-917b3fc546ef">
      <Execution id="2dae4cd3-795d-432e-adad-f91f7d873f66" />
      <TestMethod codeBase="C:\Users\manh\Documents\Project3\online-supermarket-system\backend\tests\OnlineSupermarket.Infrastructure.Tests\bin\Debug\net10.0\OnlineSupermarket.Infrastructure.Tests.dll" adapterTypeName="executor://xunit/VsTestRunner3/netcore/" className="OnlineSupermarket.Infrastructure.Tests.Payments.PaymentCallbackProcessorTests" name="TerminalPayment_ReturnsConflict" />
    </UnitTest>
    <UnitTest name="OnlineSupermarket.Infrastructure.Tests.Payments.PaymentCallbackProcessorTests.Failure_MissingInventory_RollsBackOrderAndReleasesNothing" storage="c:\users\manh\documents\project3\online-supermarket-system\backend\tests\onlinesupermarket.infrastructure.tests\bin\debug\net10.0\onlinesupermarket.infrastructure.tests.dll" id="d7438fd6-9bb8-702e-4d8a-3781d35dc529">
      <Execution id="cdcf3793-cc00-419d-96bf-fdfe55c69e3a" />
      <TestMethod codeBase="C:\Users\manh\Documents\Project3\online-supermarket-system\backend\tests\OnlineSupermarket.Infrastructure.Tests\bin\Debug\net10.0\OnlineSupermarket.Infrastructure.Tests.dll" adapterTypeName="executor://xunit/VsTestRunner3/netcore/" className="OnlineSupermarket.Infrastructure.Tests.Payments.PaymentCallbackProcessorTests" name="Failure_MissingInventory_RollsBackOrderAndReleasesNothing" />
    </UnitTest>
    <UnitTest name="OnlineSupermarket.Infrastructure.Tests.Recommendations.RecommendationJobHandlerTests.ExecuteAsync_WithNoSignals_ProducesNoRows" storage="c:\users\manh\documents\project3\online-supermarket-system\backend\tests\onlinesupermarket.infrastructure.tests\bin\debug\net10.0\onlinesupermarket.infrastructure.tests.dll" id="ddea741b-8dca-61d3-44ca-e2f75974443b">
      <Execution id="9d5b404c-e6dc-4bea-8ae0-b2f83846afe6" />
      <TestMethod codeBase="C:\Users\manh\Documents\Project3\online-supermarket-system\backend\tests\OnlineSupermarket.Infrastructure.Tests\bin\Debug\net10.0\OnlineSupermarket.Infrastructure.Tests.dll" adapterTypeName="executor://xunit/VsTestRunner3/netcore/" className="OnlineSupermarket.Infrastructure.Tests.Recommendations.RecommendationJobHandlerTests" name="ExecuteAsync_WithNoSignals_ProducesNoRows" />
    </UnitTest>
    <UnitTest name="OnlineSupermarket.Infrastructure.Tests.Intelligence.ForecastJobHandlerTests.ExecuteAsync_RerunWithNewRunId_PreservesHistory" storage="c:\users\manh\documents\project3\online-supermarket-system\backend\tests\onlinesupermarket.infrastructure.tests\bin\debug\net10.0\onlinesupermarket.infrastructure.tests.dll" id="1f6e98e8-95ea-24f8-d14a-67f602dda01b">
      <Execution id="e9a8040b-e8ec-4af5-a1be-f3b38f8ebe21" />
      <TestMethod codeBase="C:\Users\manh\Documents\Project3\online-supermarket-system\backend\tests\OnlineSupermarket.Infrastructure.Tests\bin\Debug\net10.0\OnlineSupermarket.Infrastructure.Tests.dll" adapterTypeName="executor://xunit/VsTestRunner3/netcore/" className="OnlineSupermarket.Infrastructure.Tests.Intelligence.ForecastJobHandlerTests" name="ExecuteAsync_RerunWithNewRunId_PreservesHistory" />
    </UnitTest>
    <UnitTest name="OnlineSupermarket.Infrastructure.Tests.Intelligence.DemandForecastCalculatorTests.Calculate_SingleObservationDay_IsInsufficient" storage="c:\users\manh\documents\project3\online-supermarket-system\backend\tests\onlinesupermarket.infrastructure.tests\bin\debug\net10.0\onlinesupermarket.infrastructure.tests.dll" id="11d00464-cf7e-e4a8-ec14-8696dfc2de01">
      <Execution id="265ecf0e-24bc-4f10-a690-a6ca9f42bf2d" />
      <TestMethod codeBase="C:\Users\manh\Documents\Project3\online-supermarket-system\backend\tests\OnlineSupermarket.Infrastructure.Tests\bin\Debug\net10.0\OnlineSupermarket.Infrastructure.Tests.dll" adapterTypeName="executor://xunit/VsTestRunner3/netcore/" className="OnlineSupermarket.Infrastructure.Tests.Intelligence.DemandForecastCalculatorTests" name="Calculate_SingleObservationDay_IsInsufficient" />
    </UnitTest>
    <UnitTest name="OnlineSupermarket.Infrastructure.Tests.Intelligence.DemandForecastCalculatorTests.Calculate_CapsObservationAtTwentyEightCalendarDays" storage="c:\users\manh\documents\project3\online-supermarket-system\backend\tests\onlinesupermarket.infrastructure.tests\bin\debug\net10.0\onlinesupermarket.infrastructure.tests.dll" id="b218a407-be1a-40f3-bcaf-94bf2095ad3b">
      <Execution id="5938f62a-9b3d-4518-ba36-9e964fe57d47" />
      <TestMethod codeBase="C:\Users\manh\Documents\Project3\online-supermarket-system\backend\tests\OnlineSupermarket.Infrastructure.Tests\bin\Debug\net10.0\OnlineSupermarket.Infrastructure.Tests.dll" adapterTypeName="executor://xunit/VsTestRunner3/netcore/" className="OnlineSupermarket.Infrastructure.Tests.Intelligence.DemandForecastCalculatorTests" name="Calculate_CapsObservationAtTwentyEightCalendarDays" />
    </UnitTest>
    <UnitTest name="OnlineSupermarket.Infrastructure.Tests.Recommendations.RecommendationJobHandlerTests.ExecuteAsync_ExpiryIsIntervalPlusGrace" storage="c:\users\manh\documents\project3\online-supermarket-system\backend\tests\onlinesupermarket.infrastructure.tests\bin\debug\net10.0\onlinesupermarket.infrastructure.tests.dll" id="790cd01d-3480-64a9-78ee-25458e21c246">
      <Execution id="02c679c5-90d6-4e99-82e7-e6bfde306012" />
      <TestMethod codeBase="C:\Users\manh\Documents\Project3\online-supermarket-system\backend\tests\OnlineSupermarket.Infrastructure.Tests\bin\Debug\net10.0\OnlineSupermarket.Infrastructure.Tests.dll" adapterTypeName="executor://xunit/VsTestRunner3/netcore/" className="OnlineSupermarket.Infrastructure.Tests.Recommendations.RecommendationJobHandlerTests" name="ExecuteAsync_ExpiryIsIntervalPlusGrace" />
    </UnitTest>
    <UnitTest name="OnlineSupermarket.Infrastructure.Tests.Payments.PaymentCallbackProcessorTests.TerminalOrder_ReturnsConflict_WithoutCallbackRow(status: Completed)" storage="c:\users\manh\documents\project3\online-supermarket-system\backend\tests\onlinesupermarket.infrastructure.tests\bin\debug\net10.0\onlinesupermarket.infrastructure.tests.dll" id="c6be4f51-30f6-63f6-2cf5-dac2cc284a3e">
      <Execution id="456ce127-b191-4520-8d32-959c3f4c64b8" />
      <TestMethod codeBase="C:\Users\manh\Documents\Project3\online-supermarket-system\backend\tests\OnlineSupermarket.Infrastructure.Tests\bin\Debug\net10.0\OnlineSupermarket.Infrastructure.Tests.dll" adapterTypeName="executor://xunit/VsTestRunner3/netcore/" className="OnlineSupermarket.Infrastructure.Tests.Payments.PaymentCallbackProcessorTests" name="TerminalOrder_ReturnsConflict_WithoutCallbackRow" />
    </UnitTest>
    <UnitTest name="OnlineSupermarket.Infrastructure.Tests.Persistence.MySqlInventoryTransactionTests.Migrations_CreateLedgerTableWithUniqueOperationKeyIndex" storage="c:\users\manh\documents\project3\online-supermarket-system\backend\tests\onlinesupermarket.infrastructure.tests\bin\debug\net10.0\onlinesupermarket.infrastructure.tests.dll" id="cfa23888-f8e1-5d6e-1387-f1b7fc88a176">
      <Execution id="91e6946b-6101-4563-bead-3bd696a98a4d" />
      <TestMethod codeBase="C:\Users\manh\Documents\Project3\online-supermarket-system\backend\tests\OnlineSupermarket.Infrastructure.Tests\bin\Debug\net10.0\OnlineSupermarket.Infrastructure.Tests.dll" adapterTypeName="executor://xunit/VsTestRunner3/netcore/" className="OnlineSupermarket.Infrastructure.Tests.Persistence.MySqlInventoryTransactionTests" name="Migrations_CreateLedgerTableWithUniqueOperationKeyIndex" />
    </UnitTest>
    <UnitTest name="OnlineSupermarket.Infrastructure.Tests.Intelligence.DemandForecastCalculatorTests.Calculate_IncludesZeroSaleCalendarDays_AfterFirstSale" storage="c:\users\manh\documents\project3\online-supermarket-system\backend\tests\onlinesupermarket.infrastructure.tests\bin\debug\net10.0\onlinesupermarket.infrastructure.tests.dll" id="410a4ec8-33c0-c45c-0242-5ad7e247edca">
      <Execution id="a61828ac-69e4-412f-a609-8dff5dfd0459" />
      <TestMethod codeBase="C:\Users\manh\Documents\Project3\online-supermarket-system\backend\tests\OnlineSupermarket.Infrastructure.Tests\bin\Debug\net10.0\OnlineSupermarket.Infrastructure.Tests.dll" adapterTypeName="executor://xunit/VsTestRunner3/netcore/" className="OnlineSupermarket.Infrastructure.Tests.Intelligence.DemandForecastCalculatorTests" name="Calculate_IncludesZeroSaleCalendarDays_AfterFirstSale" />
    </UnitTest>
    <UnitTest name="OnlineSupermarket.Infrastructure.Tests.Persistence.MySqlPaymentCallbackTests.Forced_Race_Success_And_Failure_OneTerminal_OnMySql" storage="c:\users\manh\documents\project3\online-supermarket-system\backend\tests\onlinesupermarket.infrastructure.tests\bin\debug\net10.0\onlinesupermarket.infrastructure.tests.dll" id="dbe10543-914d-ed94-1480-c52720963a05">
      <Execution id="96b16601-6cb0-472b-922e-9826d6db415b" />
      <TestMethod codeBase="C:\Users\manh\Documents\Project3\online-supermarket-system\backend\tests\OnlineSupermarket.Infrastructure.Tests\bin\Debug\net10.0\OnlineSupermarket.Infrastructure.Tests.dll" adapterTypeName="executor://xunit/VsTestRunner3/netcore/" className="OnlineSupermarket.Infrastructure.Tests.Persistence.MySqlPaymentCallbackTests" name="Forced_Race_Success_And_Failure_OneTerminal_OnMySql" />
    </UnitTest>
    <UnitTest name="OnlineSupermarket.Infrastructure.Tests.Payments.PaymentCallbackProcessorTests.Duplicate_Callback_ReturnsAlreadyProcessed_WithoutEffects" storage="c:\users\manh\documents\project3\online-supermarket-system\backend\tests\onlinesupermarket.infrastructure.tests\bin\debug\net10.0\onlinesupermarket.infrastructure.tests.dll" id="63a0d5e5-d030-ed1b-242f-87de35c64443">
      <Execution id="2fc4fc77-3890-49f0-b0aa-8531cc676e20" />
      <TestMethod codeBase="C:\Users\manh\Documents\Project3\online-supermarket-system\backend\tests\OnlineSupermarket.Infrastructure.Tests\bin\Debug\net10.0\OnlineSupermarket.Infrastructure.Tests.dll" adapterTypeName="executor://xunit/VsTestRunner3/netcore/" className="OnlineSupermarket.Infrastructure.Tests.Payments.PaymentCallbackProcessorTests" name="Duplicate_Callback_ReturnsAlreadyProcessed_WithoutEffects" />
    </UnitTest>
    <UnitTest name="OnlineSupermarket.Infrastructure.Tests.Persistence.MySqlInventoryTransactionTests.LedgerInsertFailure_RollsBackInventoryMutation" storage="c:\users\manh\documents\project3\online-supermarket-system\backend\tests\onlinesupermarket.infrastructure.tests\bin\debug\net10.0\onlinesupermarket.infrastructure.tests.dll" id="ee06bdd3-59f5-7dd0-38e0-858d8c859389">
      <Execution id="f9fd1350-d3da-498f-9ce0-de9e8ab742d0" />
      <TestMethod codeBase="C:\Users\manh\Documents\Project3\online-supermarket-system\backend\tests\OnlineSupermarket.Infrastructure.Tests\bin\Debug\net10.0\OnlineSupermarket.Infrastructure.Tests.dll" adapterTypeName="executor://xunit/VsTestRunner3/netcore/" className="OnlineSupermarket.Infrastructure.Tests.Persistence.MySqlInventoryTransactionTests" name="LedgerInsertFailure_RollsBackInventoryMutation" />
    </UnitTest>
    <UnitTest name="OnlineSupermarket.Infrastructure.Tests.Payments.PaymentCallbackProcessorTests.Success_WhenOrderAlreadyConfirmed_KeepsStateAndHistory" storage="c:\users\manh\documents\project3\online-supermarket-system\backend\tests\onlinesupermarket.infrastructure.tests\bin\debug\net10.0\onlinesupermarket.infrastructure.tests.dll" id="ca7e4c2f-5251-f2a6-9617-2a026d72462d">
      <Execution id="920219f3-5475-49f9-8be6-a0b7fa2b16cd" />
      <TestMethod codeBase="C:\Users\manh\Documents\Project3\online-supermarket-system\backend\tests\OnlineSupermarket.Infrastructure.Tests\bin\Debug\net10.0\OnlineSupermarket.Infrastructure.Tests.dll" adapterTypeName="executor://xunit/VsTestRunner3/netcore/" className="OnlineSupermarket.Infrastructure.Tests.Payments.PaymentCallbackProcessorTests" name="Success_WhenOrderAlreadyConfirmed_KeepsStateAndHistory" />
    </UnitTest>
    <UnitTest name="OnlineSupermarket.Infrastructure.Tests.Inventory.InventoryMutationServiceTests.ApplyBatchAsync_LoadsByAscendingInventoryId_AndAddsLedgerRows" storage="c:\users\manh\documents\project3\online-supermarket-system\backend\tests\onlinesupermarket.infrastructure.tests\bin\debug\net10.0\onlinesupermarket.infrastructure.tests.dll" id="2bfef0e2-283f-23cf-fa22-428216767525">
      <Execution id="dd9d7779-0022-4a41-9225-202371630ef4" />
      <TestMethod codeBase="C:\Users\manh\Documents\Project3\online-supermarket-system\backend\tests\OnlineSupermarket.Infrastructure.Tests\bin\Debug\net10.0\OnlineSupermarket.Infrastructure.Tests.dll" adapterTypeName="executor://xunit/VsTestRunner3/netcore/" className="OnlineSupermarket.Infrastructure.Tests.Inventory.InventoryMutationServiceTests" name="ApplyBatchAsync_LoadsByAscendingInventoryId_AndAddsLedgerRows" />
    </UnitTest>
    <UnitTest name="OnlineSupermarket.Infrastructure.Tests.Persistence.MySqlPaymentCallbackTests.Duplicate_Race_RepeatedFixedCount_OneEffectAlways_OnMySql" storage="c:\users\manh\documents\project3\online-supermarket-system\backend\tests\onlinesupermarket.infrastructure.tests\bin\debug\net10.0\onlinesupermarket.infrastructure.tests.dll" id="a557ddf1-0687-981c-1dd5-1dd94fff7f85">
      <Execution id="e3027e64-cecf-49dc-8c0a-c07de053ed0b" />
      <TestMethod codeBase="C:\Users\manh\Documents\Project3\online-supermarket-system\backend\tests\OnlineSupermarket.Infrastructure.Tests\bin\Debug\net10.0\OnlineSupermarket.Infrastructure.Tests.dll" adapterTypeName="executor://xunit/VsTestRunner3/netcore/" className="OnlineSupermarket.Infrastructure.Tests.Persistence.MySqlPaymentCallbackTests" name="Duplicate_Race_RepeatedFixedCount_OneEffectAlways_OnMySql" />
    </UnitTest>
    <UnitTest name="OnlineSupermarket.Infrastructure.Tests.Intelligence.DemandForecastCalculatorTests.Calculate_InvalidHorizon_Throws(horizon: 13)" storage="c:\users\manh\documents\project3\online-supermarket-system\backend\tests\onlinesupermarket.infrastructure.tests\bin\debug\net10.0\onlinesupermarket.infrastructure.tests.dll" id="8bf4ace2-f1cb-b0c6-2b34-65c513dc23c6">
      <Execution id="79dbe46b-a545-4466-b883-0c5fa4ed104e" />
      <TestMethod codeBase="C:\Users\manh\Documents\Project3\online-supermarket-system\backend\tests\OnlineSupermarket.Infrastructure.Tests\bin\Debug\net10.0\OnlineSupermarket.Infrastructure.Tests.dll" adapterTypeName="executor://xunit/VsTestRunner3/netcore/" className="OnlineSupermarket.Infrastructure.Tests.Intelligence.DemandForecastCalculatorTests" name="Calculate_InvalidHorizon_Throws" />
    </UnitTest>
    <UnitTest name="OnlineSupermarket.Infrastructure.Tests.Recommendations.RecommendationScorerTests.ScoreGlobal_RanksPurchasesAboveViewsAndDecaysRecency" storage="c:\users\manh\documents\project3\online-supermarket-system\backend\tests\onlinesupermarket.infrastructure.tests\bin\debug\net10.0\onlinesupermarket.infrastructure.tests.dll" id="1895cde4-8b62-656e-9411-76d31a39f921">
      <Execution id="7e34b4eb-1975-4e40-870a-9c2816169394" />
      <TestMethod codeBase="C:\Users\manh\Documents\Project3\online-supermarket-system\backend\tests\OnlineSupermarket.Infrastructure.Tests\bin\Debug\net10.0\OnlineSupermarket.Infrastructure.Tests.dll" adapterTypeName="executor://xunit/VsTestRunner3/netcore/" className="OnlineSupermarket.Infrastructure.Tests.Recommendations.RecommendationScorerTests" name="ScoreGlobal_RanksPurchasesAboveViewsAndDecaysRecency" />
    </UnitTest>
    <UnitTest name="OnlineSupermarket.Infrastructure.Tests.Intelligence.ForecastJobHandlerTests.ExecuteAsync_IgnoresReserveReleaseAndManualAdjustment" storage="c:\users\manh\documents\project3\online-supermarket-system\backend\tests\onlinesupermarket.infrastructure.tests\bin\debug\net10.0\onlinesupermarket.infrastructure.tests.dll" id="a1708f56-9423-c899-a245-dfac54e1dd34">
      <Execution id="a542d22c-5c2a-47e0-a377-2f9229dfbfab" />
      <TestMethod codeBase="C:\Users\manh\Documents\Project3\online-supermarket-system\backend\tests\OnlineSupermarket.Infrastructure.Tests\bin\Debug\net10.0\OnlineSupermarket.Infrastructure.Tests.dll" adapterTypeName="executor://xunit/VsTestRunner3/netcore/" className="OnlineSupermarket.Infrastructure.Tests.Intelligence.ForecastJobHandlerTests" name="ExecuteAsync_IgnoresReserveReleaseAndManualAdjustment" />
    </UnitTest>
    <UnitTest name="OnlineSupermarket.Infrastructure.Tests.Inventory.InventoryMutationServiceTests.ApplyBatchAsync_WithoutTransaction_Throws" storage="c:\users\manh\documents\project3\online-supermarket-system\backend\tests\onlinesupermarket.infrastructure.tests\bin\debug\net10.0\onlinesupermarket.infrastructure.tests.dll" id="c3817c5e-7597-9108-cecb-8694106c2fe6">
      <Execution id="759845f1-f218-4729-8827-41e1808fbd6a" />
      <TestMethod codeBase="C:\Users\manh\Documents\Project3\online-supermarket-system\backend\tests\OnlineSupermarket.Infrastructure.Tests\bin\Debug\net10.0\OnlineSupermarket.Infrastructure.Tests.dll" adapterTypeName="executor://xunit/VsTestRunner3/netcore/" className="OnlineSupermarket.Infrastructure.Tests.Inventory.InventoryMutationServiceTests" name="ApplyBatchAsync_WithoutTransaction_Throws" />
    </UnitTest>
    <UnitTest name="OnlineSupermarket.Infrastructure.Tests.Intelligence.ForecastJobHandlerTests.ExecuteAsync_IsIsolatedToTheRunBranch" storage="c:\users\manh\documents\project3\online-supermarket-system\backend\tests\onlinesupermarket.infrastructure.tests\bin\debug\net10.0\onlinesupermarket.infrastructure.tests.dll" id="667138cc-21c2-b1cf-944d-671aab2306ed">
      <Execution id="249ac706-b90d-4bf8-9504-1cef3ba886a7" />
      <TestMethod codeBase="C:\Users\manh\Documents\Project3\online-supermarket-system\backend\tests\OnlineSupermarket.Infrastructure.Tests\bin\Debug\net10.0\OnlineSupermarket.Infrastructure.Tests.dll" adapterTypeName="executor://xunit/VsTestRunner3/netcore/" className="OnlineSupermarket.Infrastructure.Tests.Intelligence.ForecastJobHandlerTests" name="ExecuteAsync_IsIsolatedToTheRunBranch" />
    </UnitTest>
    <UnitTest name="OnlineSupermarket.Infrastructure.Tests.Recommendations.RecommendationScorerTests.ScoreUser_WeightsPurchasesThreeTimesViews" storage="c:\users\manh\documents\project3\online-supermarket-system\backend\tests\onlinesupermarket.infrastructure.tests\bin\debug\net10.0\onlinesupermarket.infrastructure.tests.dll" id="29282538-d708-0e50-940f-820bb6f52d50">
      <Execution id="f553c949-bb77-466e-bf44-ed4e60d45e5c" />
      <TestMethod codeBase="C:\Users\manh\Documents\Project3\online-supermarket-system\backend\tests\OnlineSupermarket.Infrastructure.Tests\bin\Debug\net10.0\OnlineSupermarket.Infrastructure.Tests.dll" adapterTypeName="executor://xunit/VsTestRunner3/netcore/" className="OnlineSupermarket.Infrastructure.Tests.Recommendations.RecommendationScorerTests" name="ScoreUser_WeightsPurchasesThreeTimesViews" />
    </UnitTest>
    <UnitTest name="OnlineSupermarket.Infrastructure.Tests.Persistence.MySqlPaymentCallbackTests.Forced_Race_Two_Callbacks_SameEventId_OneEffect_OnMySql" storage="c:\users\manh\documents\project3\online-supermarket-system\backend\tests\onlinesupermarket.infrastructure.tests\bin\debug\net10.0\onlinesupermarket.infrastructure.tests.dll" id="b7300ab6-70c5-8d58-b4b0-0b1f4ba4d55d">
      <Execution id="38177689-9158-4f70-9ea8-5a26de303526" />
      <TestMethod codeBase="C:\Users\manh\Documents\Project3\online-supermarket-system\backend\tests\OnlineSupermarket.Infrastructure.Tests\bin\Debug\net10.0\OnlineSupermarket.Infrastructure.Tests.dll" adapterTypeName="executor://xunit/VsTestRunner3/netcore/" className="OnlineSupermarket.Infrastructure.Tests.Persistence.MySqlPaymentCallbackTests" name="Forced_Race_Two_Callbacks_SameEventId_OneEffect_OnMySql" />
    </UnitTest>
    <UnitTest name="OnlineSupermarket.Infrastructure.Tests.Intelligence.DemandForecastCalculatorTests.Calculate_InvalidHorizon_Throws(horizon: 30)" storage="c:\users\manh\documents\project3\online-supermarket-system\backend\tests\onlinesupermarket.infrastructure.tests\bin\debug\net10.0\onlinesupermarket.infrastructure.tests.dll" id="b1ab645d-ea26-5eae-3641-a94d7ab7201f">
      <Execution id="914de796-9a82-498c-b67a-0137497057c9" />
      <TestMethod codeBase="C:\Users\manh\Documents\Project3\online-supermarket-system\backend\tests\OnlineSupermarket.Infrastructure.Tests\bin\Debug\net10.0\OnlineSupermarket.Infrastructure.Tests.dll" adapterTypeName="executor://xunit/VsTestRunner3/netcore/" className="OnlineSupermarket.Infrastructure.Tests.Intelligence.DemandForecastCalculatorTests" name="Calculate_InvalidHorizon_Throws" />
    </UnitTest>
    <UnitTest name="OnlineSupermarket.Infrastructure.Tests.Intelligence.ForecastJobHandlerTests.ExecuteAsync_CountsSoldQuantityNotLedgerRowCount" storage="c:\users\manh\documents\project3\online-supermarket-system\backend\tests\onlinesupermarket.infrastructure.tests\bin\debug\net10.0\onlinesupermarket.infrastructure.tests.dll" id="9aa87a98-7fea-7e92-2570-2469234c641e">
      <Execution id="5749f32f-c0aa-4e4b-9d3c-de12f0d78f84" />
      <TestMethod codeBase="C:\Users\manh\Documents\Project3\online-supermarket-system\backend\tests\OnlineSupermarket.Infrastructure.Tests\bin\Debug\net10.0\OnlineSupermarket.Infrastructure.Tests.dll" adapterTypeName="executor://xunit/VsTestRunner3/netcore/" className="OnlineSupermarket.Infrastructure.Tests.Intelligence.ForecastJobHandlerTests" name="ExecuteAsync_CountsSoldQuantityNotLedgerRowCount" />
    </UnitTest>
    <UnitTest name="OnlineSupermarket.Infrastructure.Tests.Recommendations.RecommendationJobHandlerTests.ExecuteAsync_ViaJobRunExecutor_WhenTrainingFails_MarksRunFailedInStore" storage="c:\users\manh\documents\project3\online-supermarket-system\backend\tests\onlinesupermarket.infrastructure.tests\bin\debug\net10.0\onlinesupermarket.infrastructure.tests.dll" id="5aaa2ce0-70dc-daa5-0788-1b35b53d89ef">
      <Execution id="64233147-34ac-4f21-9ec9-8eb54ddaa047" />
      <TestMethod codeBase="C:\Users\manh\Documents\Project3\online-supermarket-system\backend\tests\OnlineSupermarket.Infrastructure.Tests\bin\Debug\net10.0\OnlineSupermarket.Infrastructure.Tests.dll" adapterTypeName="executor://xunit/VsTestRunner3/netcore/" className="OnlineSupermarket.Infrastructure.Tests.Recommendations.RecommendationJobHandlerTests" name="ExecuteAsync_ViaJobRunExecutor_WhenTrainingFails_MarksRunFailedInStore" />
    </UnitTest>
    <UnitTest name="OnlineSupermarket.Infrastructure.Tests.Persistence.MySqlInventoryTransactionTests.ConcurrentReservations_SameOperationKey_OnlyOneApplies" storage="c:\users\manh\documents\project3\online-supermarket-system\backend\tests\onlinesupermarket.infrastructure.tests\bin\debug\net10.0\onlinesupermarket.infrastructure.tests.dll" id="4b376fa1-05f9-1073-9a54-0f2a91aeb58c">
      <Execution id="723a65be-1476-48c4-9949-3a9c8201fb4b" />
      <TestMethod codeBase="C:\Users\manh\Documents\Project3\online-supermarket-system\backend\tests\OnlineSupermarket.Infrastructure.Tests\bin\Debug\net10.0\OnlineSupermarket.Infrastructure.Tests.dll" adapterTypeName="executor://xunit/VsTestRunner3/netcore/" className="OnlineSupermarket.Infrastructure.Tests.Persistence.MySqlInventoryTransactionTests" name="ConcurrentReservations_SameOperationKey_OnlyOneApplies" />
    </UnitTest>
    <UnitTest name="OnlineSupermarket.Infrastructure.Tests.Recommendations.RecommendationScorerTests.ScoreSimilar_TieBreaksByProductIdAscending" storage="c:\users\manh\documents\project3\online-supermarket-system\backend\tests\onlinesupermarket.infrastructure.tests\bin\debug\net10.0\onlinesupermarket.infrastructure.tests.dll" id="07a76cd6-4cee-7ded-957f-e5b632fb356d">
      <Execution id="a25e1b63-8b10-4c21-bfc7-ebae1325e02a" />
      <TestMethod codeBase="C:\Users\manh\Documents\Project3\online-supermarket-system\backend\tests\OnlineSupermarket.Infrastructure.Tests\bin\Debug\net10.0\OnlineSupermarket.Infrastructure.Tests.dll" adapterTypeName="executor://xunit/VsTestRunner3/netcore/" className="OnlineSupermarket.Infrastructure.Tests.Recommendations.RecommendationScorerTests" name="ScoreSimilar_TieBreaksByProductIdAscending" />
    </UnitTest>
    <UnitTest name="OnlineSupermarket.Infrastructure.Tests.Recommendations.RecommendationJobHandlerTests.ExecuteAsync_WhenPredictionFailsOnTrainedModel_FallsBackToContentWithoutFakingMf" storage="c:\users\manh\documents\project3\online-supermarket-system\backend\tests\onlinesupermarket.infrastructure.tests\bin\debug\net10.0\onlinesupermarket.infrastructure.tests.dll" id="6509be74-e5d9-16dc-79c0-7433e7cc62dc">
      <Execution id="019b6656-da21-4687-9bff-92abcc38865d" />
      <TestMethod codeBase="C:\Users\manh\Documents\Project3\online-supermarket-system\backend\tests\OnlineSupermarket.Infrastructure.Tests\bin\Debug\net10.0\OnlineSupermarket.Infrastructure.Tests.dll" adapterTypeName="executor://xunit/VsTestRunner3/netcore/" className="OnlineSupermarket.Infrastructure.Tests.Recommendations.RecommendationJobHandlerTests" name="ExecuteAsync_WhenPredictionFailsOnTrainedModel_FallsBackToContentWithoutFakingMf" />
    </UnitTest>
    <UnitTest name="OnlineSupermarket.Infrastructure.Tests.Intelligence.DemandForecastCalculatorTests.Calculate_UsesDailyAverageAcrossCompleteCalendarDays(horizon: 14, expected: 28)" storage="c:\users\manh\documents\project3\online-supermarket-system\backend\tests\onlinesupermarket.infrastructure.tests\bin\debug\net10.0\onlinesupermarket.infrastructure.tests.dll" id="5935f3b0-acdb-39bc-39c7-af50badc805b">
      <Execution id="c791f247-161b-4d23-9c04-ea39af94e192" />
      <TestMethod codeBase="C:\Users\manh\Documents\Project3\online-supermarket-system\backend\tests\OnlineSupermarket.Infrastructure.Tests\bin\Debug\net10.0\OnlineSupermarket.Infrastructure.Tests.dll" adapterTypeName="executor://xunit/VsTestRunner3/netcore/" className="OnlineSupermarket.Infrastructure.Tests.Intelligence.DemandForecastCalculatorTests" name="Calculate_UsesDailyAverageAcrossCompleteCalendarDays" />
    </UnitTest>
    <UnitTest name="OnlineSupermarket.Infrastructure.Tests.Persistence.MySqlPaymentCallbackTests.MissingInventory_Failure_Callback_RollsBackEverything" storage="c:\users\manh\documents\project3\online-supermarket-system\backend\tests\onlinesupermarket.infrastructure.tests\bin\debug\net10.0\onlinesupermarket.infrastructure.tests.dll" id="674ac23b-ddb8-3822-8117-d49bd97e1647">
      <Execution id="d44abb61-a515-47ea-9ac0-3f02ce213cd0" />
      <TestMethod codeBase="C:\Users\manh\Documents\Project3\online-supermarket-system\backend\tests\OnlineSupermarket.Infrastructure.Tests\bin\Debug\net10.0\OnlineSupermarket.Infrastructure.Tests.dll" adapterTypeName="executor://xunit/VsTestRunner3/netcore/" className="OnlineSupermarket.Infrastructure.Tests.Persistence.MySqlPaymentCallbackTests" name="MissingInventory_Failure_Callback_RollsBackEverything" />
    </UnitTest>
    <UnitTest name="OnlineSupermarket.Infrastructure.Tests.Intelligence.DemandForecastCalculatorTests.Calculate_InvalidHorizon_Throws(horizon: 0)" storage="c:\users\manh\documents\project3\online-supermarket-system\backend\tests\onlinesupermarket.infrastructure.tests\bin\debug\net10.0\onlinesupermarket.infrastructure.tests.dll" id="69b1a87a-7bae-4187-0d5e-6ec32f537182">
      <Execution id="e075b965-b36f-4669-bf6d-3439ee10553c" />
      <TestMethod codeBase="C:\Users\manh\Documents\Project3\online-supermarket-system\backend\tests\OnlineSupermarket.Infrastructure.Tests\bin\Debug\net10.0\OnlineSupermarket.Infrastructure.Tests.dll" adapterTypeName="executor://xunit/VsTestRunner3/netcore/" className="OnlineSupermarket.Infrastructure.Tests.Intelligence.DemandForecastCalculatorTests" name="Calculate_InvalidHorizon_Throws" />
    </UnitTest>
    <UnitTest name="OnlineSupermarket.Infrastructure.Tests.Recommendations.RecommendationJobHandlerTests.ExecuteAsync_NewRunPreservesPriorHistory" storage="c:\users\manh\documents\project3\online-supermarket-system\backend\tests\onlinesupermarket.infrastructure.tests\bin\debug\net10.0\onlinesupermarket.infrastructure.tests.dll" id="c22257d1-cc7b-ddff-fa9d-37b50cbe702d">
      <Execution id="cbaa46da-bd6e-4640-b5d8-e34a0831013e" />
      <TestMethod codeBase="C:\Users\manh\Documents\Project3\online-supermarket-system\backend\tests\OnlineSupermarket.Infrastructure.Tests\bin\Debug\net10.0\OnlineSupermarket.Infrastructure.Tests.dll" adapterTypeName="executor://xunit/VsTestRunner3/netcore/" className="OnlineSupermarket.Infrastructure.Tests.Recommendations.RecommendationJobHandlerTests" name="ExecuteAsync_NewRunPreservesPriorHistory" />
    </UnitTest>
    <UnitTest name="OnlineSupermarket.Infrastructure.Tests.Payments.PaymentCallbackProcessorTests.Success_CompletesNewestPaymentAndConfirmsOrder" storage="c:\users\manh\documents\project3\online-supermarket-system\backend\tests\onlinesupermarket.infrastructure.tests\bin\debug\net10.0\onlinesupermarket.infrastructure.tests.dll" id="9ff8f989-d3b0-4ef5-9923-a922d1004a11">
      <Execution id="be3d9ade-5a88-4d80-bc88-15e3c677b311" />
      <TestMethod codeBase="C:\Users\manh\Documents\Project3\online-supermarket-system\backend\tests\OnlineSupermarket.Infrastructure.Tests\bin\Debug\net10.0\OnlineSupermarket.Infrastructure.Tests.dll" adapterTypeName="executor://xunit/VsTestRunner3/netcore/" className="OnlineSupermarket.Infrastructure.Tests.Payments.PaymentCallbackProcessorTests" name="Success_CompletesNewestPaymentAndConfirmsOrder" />
    </UnitTest>
    <UnitTest name="OnlineSupermarket.Infrastructure.Tests.Recommendations.RecommendationScorerTests.ScoreUser_CapsRepeatedViewsPerProductPerUtcDay" storage="c:\users\manh\documents\project3\online-supermarket-system\backend\tests\onlinesupermarket.infrastructure.tests\bin\debug\net10.0\onlinesupermarket.infrastructure.tests.dll" id="63f046d2-88b5-4f98-3ac6-0360e81f31fa">
      <Execution id="f09ae09b-c1e1-4f50-912d-f54777eca9a1" />
      <TestMethod codeBase="C:\Users\manh\Documents\Project3\online-supermarket-system\backend\tests\OnlineSupermarket.Infrastructure.Tests\bin\Debug\net10.0\OnlineSupermarket.Infrastructure.Tests.dll" adapterTypeName="executor://xunit/VsTestRunner3/netcore/" className="OnlineSupermarket.Infrastructure.Tests.Recommendations.RecommendationScorerTests" name="ScoreUser_CapsRepeatedViewsPerProductPerUtcDay" />
    </UnitTest>
    <UnitTest name="OnlineSupermarket.Infrastructure.Tests.Inventory.InventoryMutationServiceTests.ApplyBatchAsync_ReserveBeyondAvailable_ThrowsWithoutLedgerRows" storage="c:\users\manh\documents\project3\online-supermarket-system\backend\tests\onlinesupermarket.infrastructure.tests\bin\debug\net10.0\onlinesupermarket.infrastructure.tests.dll" id="b6e71b12-8df0-8c67-ea82-4a83f133057c">
      <Execution id="b49cc741-2f71-4f46-a3d5-8dcec227041f" />
      <TestMethod codeBase="C:\Users\manh\Documents\Project3\online-supermarket-system\backend\tests\OnlineSupermarket.Infrastructure.Tests\bin\Debug\net10.0\OnlineSupermarket.Infrastructure.Tests.dll" adapterTypeName="executor://xunit/VsTestRunner3/netcore/" className="OnlineSupermarket.Infrastructure.Tests.Inventory.InventoryMutationServiceTests" name="ApplyBatchAsync_ReserveBeyondAvailable_ThrowsWithoutLedgerRows" />
    </UnitTest>
    <UnitTest name="OnlineSupermarket.Infrastructure.Tests.Intelligence.DemandForecastCalculatorTests.Calculate_UsesDailyAverageAcrossCompleteCalendarDays(horizon: 7, expected: 14)" storage="c:\users\manh\documents\project3\online-supermarket-system\backend\tests\onlinesupermarket.infrastructure.tests\bin\debug\net10.0\onlinesupermarket.infrastructure.tests.dll" id="5395c751-bcc5-b4cc-41f9-08385ae7ec68">
      <Execution id="24aa41b1-45d8-4e0b-8c60-8736d01b1c49" />
      <TestMethod codeBase="C:\Users\manh\Documents\Project3\online-supermarket-system\backend\tests\OnlineSupermarket.Infrastructure.Tests\bin\Debug\net10.0\OnlineSupermarket.Infrastructure.Tests.dll" adapterTypeName="executor://xunit/VsTestRunner3/netcore/" className="OnlineSupermarket.Infrastructure.Tests.Intelligence.DemandForecastCalculatorTests" name="Calculate_UsesDailyAverageAcrossCompleteCalendarDays" />
    </UnitTest>
    <UnitTest name="OnlineSupermarket.Infrastructure.Tests.Recommendations.RecommendationJobHandlerTests.ExecuteAsync_WhenTrainingFails_CleansUpModelAndThrows_PreservingPriorBatch" storage="c:\users\manh\documents\project3\online-supermarket-system\backend\tests\onlinesupermarket.infrastructure.tests\bin\debug\net10.0\onlinesupermarket.infrastructure.tests.dll" id="9579ca0c-eaf2-b6b5-762c-9c2376cec3a3">
      <Execution id="802cc3b8-58d9-493a-98d9-8b5626397e87" />
      <TestMethod codeBase="C:\Users\manh\Documents\Project3\online-supermarket-system\backend\tests\OnlineSupermarket.Infrastructure.Tests\bin\Debug\net10.0\OnlineSupermarket.Infrastructure.Tests.dll" adapterTypeName="executor://xunit/VsTestRunner3/netcore/" className="OnlineSupermarket.Infrastructure.Tests.Recommendations.RecommendationJobHandlerTests" name="ExecuteAsync_WhenTrainingFails_CleansUpModelAndThrows_PreservingPriorBatch" />
    </UnitTest>
    <UnitTest name="OnlineSupermarket.Infrastructure.Tests.Intelligence.ForecastJobHandlerTests.ExecuteAsync_WithConflict_RollsBackTheWholeBatch" storage="c:\users\manh\documents\project3\online-supermarket-system\backend\tests\onlinesupermarket.infrastructure.tests\bin\debug\net10.0\onlinesupermarket.infrastructure.tests.dll" id="e22d9d69-767f-6821-b499-d2723050a683">
      <Execution id="96bd31fa-4840-482b-bad9-9afdd466f32e" />
      <TestMethod codeBase="C:\Users\manh\Documents\Project3\online-supermarket-system\backend\tests\OnlineSupermarket.Infrastructure.Tests\bin\Debug\net10.0\OnlineSupermarket.Infrastructure.Tests.dll" adapterTypeName="executor://xunit/VsTestRunner3/netcore/" className="OnlineSupermarket.Infrastructure.Tests.Intelligence.ForecastJobHandlerTests" name="ExecuteAsync_WithConflict_RollsBackTheWholeBatch" />
    </UnitTest>
    <UnitTest name="OnlineSupermarket.Infrastructure.Tests.Recommendations.RecommendationScorerTests.ScoreSimilar_LimitsToEightResults" storage="c:\users\manh\documents\project3\online-supermarket-system\backend\tests\onlinesupermarket.infrastructure.tests\bin\debug\net10.0\onlinesupermarket.infrastructure.tests.dll" id="3bf68c67-37ef-348d-ee2f-014c6670dab7">
      <Execution id="a195b46a-8fa1-4331-acea-21e0392b6cd0" />
      <TestMethod codeBase="C:\Users\manh\Documents\Project3\online-supermarket-system\backend\tests\OnlineSupermarket.Infrastructure.Tests\bin\Debug\net10.0\OnlineSupermarket.Infrastructure.Tests.dll" adapterTypeName="executor://xunit/VsTestRunner3/netcore/" className="OnlineSupermarket.Infrastructure.Tests.Recommendations.RecommendationScorerTests" name="ScoreSimilar_LimitsToEightResults" />
    </UnitTest>
    <UnitTest name="OnlineSupermarket.Infrastructure.Tests.Recommendations.RecommendationScorerTests.ScoreUser_ExcludesAlreadySeenProducts" storage="c:\users\manh\documents\project3\online-supermarket-system\backend\tests\onlinesupermarket.infrastructure.tests\bin\debug\net10.0\onlinesupermarket.infrastructure.tests.dll" id="a5a7d392-c74f-da67-6cb0-0b4ea41991f8">
      <Execution id="6a20d2e0-f252-4d58-bfd6-11f9fb1d4f93" />
      <TestMethod codeBase="C:\Users\manh\Documents\Project3\online-supermarket-system\backend\tests\OnlineSupermarket.Infrastructure.Tests\bin\Debug\net10.0\OnlineSupermarket.Infrastructure.Tests.dll" adapterTypeName="executor://xunit/VsTestRunner3/netcore/" className="OnlineSupermarket.Infrastructure.Tests.Recommendations.RecommendationScorerTests" name="ScoreUser_ExcludesAlreadySeenProducts" />
    </UnitTest>
    <UnitTest name="OnlineSupermarket.Infrastructure.Tests.Recommendations.RecommendationJobHandlerTests.ExecuteAsync_ProducesSequentialRanksPerAudience" storage="c:\users\manh\documents\project3\online-supermarket-system\backend\tests\onlinesupermarket.infrastructure.tests\bin\debug\net10.0\onlinesupermarket.infrastructure.tests.dll" id="3feabb41-8f28-013b-8510-f538e3165a7f">
      <Execution id="d1556e85-fed5-4207-a04c-91be06dccac9" />
[...]
    <TestEntry testId="1895cde4-8b62-656e-9411-76d31a39f921" executionId="7e34b4eb-1975-4e40-870a-9c2816169394" testListId="8c84fa94-04c1-424b-9868-57a2d4851a1d" />
    <TestEntry testId="ffae0701-0add-bc84-9f89-4cf2637654f9" executionId="3668c1d4-4019-4ff2-91c8-22e64e6608c3" testListId="8c84fa94-04c1-424b-9868-57a2d4851a1d" />
    <TestEntry testId="a5a7d392-c74f-da67-6cb0-0b4ea41991f8" executionId="6a20d2e0-f252-4d58-bfd6-11f9fb1d4f93" testListId="8c84fa94-04c1-424b-9868-57a2d4851a1d" />
    <TestEntry testId="1a073435-44a7-db8d-237d-c8504eb8fb6c" executionId="83b26dd1-b3d0-4111-a347-96489279669f" testListId="8c84fa94-04c1-424b-9868-57a2d4851a1d" />
    <TestEntry testId="e22d9d69-767f-6821-b499-d2723050a683" executionId="96bd31fa-4840-482b-bad9-9afdd466f32e" testListId="8c84fa94-04c1-424b-9868-57a2d4851a1d" />
    <TestEntry testId="dbe10543-914d-ed94-1480-c52720963a05" executionId="96b16601-6cb0-472b-922e-9826d6db415b" testListId="8c84fa94-04c1-424b-9868-57a2d4851a1d" />
    <TestEntry testId="b6e71b12-8df0-8c67-ea82-4a83f133057c" executionId="b49cc741-2f71-4f46-a3d5-8dcec227041f" testListId="8c84fa94-04c1-424b-9868-57a2d4851a1d" />
    <TestEntry testId="2387b2b7-a5d7-12f8-b7ba-14632d284334" executionId="1e3fa582-837e-44b0-b425-cc32b54fb103" testListId="8c84fa94-04c1-424b-9868-57a2d4851a1d" />
    <TestEntry testId="afa3352b-6631-38d6-e298-02014721d8c7" executionId="f94ae531-9adb-4a33-b105-2b3620b9458c" testListId="8c84fa94-04c1-424b-9868-57a2d4851a1d" />
    <TestEntry testId="b1ab645d-ea26-5eae-3641-a94d7ab7201f" executionId="914de796-9a82-498c-b67a-0137497057c9" testListId="8c84fa94-04c1-424b-9868-57a2d4851a1d" />
    <TestEntry testId="9731bcfa-ccb7-d85e-d721-713c9ff6a427" executionId="96197fab-d66f-4635-83db-c0a81cbe6dd7" testListId="8c84fa94-04c1-424b-9868-57a2d4851a1d" />
    <TestEntry testId="6bfdf6eb-f2ef-1f9e-158f-1d82afea9ffa" executionId="a6612fe9-8e7e-4f1e-9b9a-66fa4e8c7f34" testListId="8c84fa94-04c1-424b-9868-57a2d4851a1d" />
    <TestEntry testId="70101eef-6c11-e38b-5346-5f8c372c453f" executionId="c5af50a4-c4fb-482e-9584-229b0a2187e5" testListId="8c84fa94-04c1-424b-9868-57a2d4851a1d" />
    <TestEntry testId="790cd01d-3480-64a9-78ee-25458e21c246" executionId="02c679c5-90d6-4e99-82e7-e6bfde306012" testListId="8c84fa94-04c1-424b-9868-57a2d4851a1d" />
    <TestEntry testId="efc9717a-cbb6-f6c1-e2d9-06e0e5cfcfc0" executionId="cd63e1ce-de32-46e7-8404-66a151180104" testListId="8c84fa94-04c1-424b-9868-57a2d4851a1d" />
    <TestEntry testId="a1708f56-9423-c899-a245-dfac54e1dd34" executionId="a542d22c-5c2a-47e0-a377-2f9229dfbfab" testListId="8c84fa94-04c1-424b-9868-57a2d4851a1d" />
    <TestEntry testId="63a0d5e5-d030-ed1b-242f-87de35c64443" executionId="2fc4fc77-3890-49f0-b0aa-8531cc676e20" testListId="8c84fa94-04c1-424b-9868-57a2d4851a1d" />
    <TestEntry testId="32053b5c-210f-d098-520d-6d778c22fe89" executionId="cea32c6b-9189-45af-9012-7033ba23afd3" testListId="8c84fa94-04c1-424b-9868-57a2d4851a1d" />
    <TestEntry testId="5395c751-bcc5-b4cc-41f9-08385ae7ec68" executionId="24aa41b1-45d8-4e0b-8c60-8736d01b1c49" testListId="8c84fa94-04c1-424b-9868-57a2d4851a1d" />
    <TestEntry testId="a56d3eb8-e7a3-1757-6349-723dba8914e3" executionId="3a8e2a42-55ee-447a-a68b-002ebe43adc8" testListId="8c84fa94-04c1-424b-9868-57a2d4851a1d" />
    <TestEntry testId="0d829043-e1b3-ff91-37da-aee4a258a91b" executionId="cf59e482-33a6-44cb-87c2-c883dfbca19e" testListId="8c84fa94-04c1-424b-9868-57a2d4851a1d" />
    <TestEntry testId="7f9bb9e4-8ff8-bbd3-6389-5abd19fa039b" executionId="2d39f0c5-e4c3-4380-9fcc-f8367e6f5ab5" testListId="8c84fa94-04c1-424b-9868-57a2d4851a1d" />
    <TestEntry testId="674ac23b-ddb8-3822-8117-d49bd97e1647" executionId="d44abb61-a515-47ea-9ac0-3f02ce213cd0" testListId="8c84fa94-04c1-424b-9868-57a2d4851a1d" />
    <TestEntry testId="3bf68c67-37ef-348d-ee2f-014c6670dab7" executionId="a195b46a-8fa1-4331-acea-21e0392b6cd0" testListId="8c84fa94-04c1-424b-9868-57a2d4851a1d" />
    <TestEntry testId="9a2390a9-07c3-7298-100c-2a646c7bba65" executionId="5bd17f9d-88f2-4b29-bf00-5ba703b214da" testListId="8c84fa94-04c1-424b-9868-57a2d4851a1d" />
    <TestEntry testId="2588a4a2-dca4-4ee3-955d-fd942ee5995d" executionId="d3e95114-31dc-416f-8295-9a19e14e2a5a" testListId="8c84fa94-04c1-424b-9868-57a2d4851a1d" />
    <TestEntry testId="cfa23888-f8e1-5d6e-1387-f1b7fc88a176" executionId="91e6946b-6101-4563-bead-3bd696a98a4d" testListId="8c84fa94-04c1-424b-9868-57a2d4851a1d" />
    <TestEntry testId="07a76cd6-4cee-7ded-957f-e5b632fb356d" executionId="a25e1b63-8b10-4c21-bfc7-ebae1325e02a" testListId="8c84fa94-04c1-424b-9868-57a2d4851a1d" />
    <TestEntry testId="c22257d1-cc7b-ddff-fa9d-37b50cbe702d" executionId="cbaa46da-bd6e-4640-b5d8-e34a0831013e" testListId="8c84fa94-04c1-424b-9868-57a2d4851a1d" />
    <TestEntry testId="a02a57e7-1137-22e4-ccd7-d506a14bcaef" executionId="546e822a-510d-4a32-b4e9-de3f77146ee5" testListId="8c84fa94-04c1-424b-9868-57a2d4851a1d" />
    <TestEntry testId="d7438fd6-9bb8-702e-4d8a-3781d35dc529" executionId="cdcf3793-cc00-419d-96bf-fdfe55c69e3a" testListId="8c84fa94-04c1-424b-9868-57a2d4851a1d" />
    <TestEntry testId="b7300ab6-70c5-8d58-b4b0-0b1f4ba4d55d" executionId="38177689-9158-4f70-9ea8-5a26de303526" testListId="8c84fa94-04c1-424b-9868-57a2d4851a1d" />
    <TestEntry testId="0b9ec175-84d9-836a-a2b0-d40ddaaefba1" executionId="0f436ed1-aabd-46a3-a548-a487d6a296b6" testListId="8c84fa94-04c1-424b-9868-57a2d4851a1d" />
    <TestEntry testId="96c9f488-588e-fd51-4868-eeb737a4d365" executionId="cbac0dd1-7949-4972-8c92-93c08085122e" testListId="8c84fa94-04c1-424b-9868-57a2d4851a1d" />
    <TestEntry testId="c6be4f51-30f6-63f6-2cf5-dac2cc284a3e" executionId="456ce127-b191-4520-8d32-959c3f4c64b8" testListId="8c84fa94-04c1-424b-9868-57a2d4851a1d" />
    <TestEntry testId="c3817c5e-7597-9108-cecb-8694106c2fe6" executionId="759845f1-f218-4729-8827-41e1808fbd6a" testListId="8c84fa94-04c1-424b-9868-57a2d4851a1d" />
    <TestEntry testId="8bf4ace2-f1cb-b0c6-2b34-65c513dc23c6" executionId="79dbe46b-a545-4466-b883-0c5fa4ed104e" testListId="8c84fa94-04c1-424b-9868-57a2d4851a1d" />
    <TestEntry testId="c4325bf6-ff09-e4dc-45eb-61fcbabed6ea" executionId="50324363-bea8-478c-8a3b-fed5453bd4a3" testListId="8c84fa94-04c1-424b-9868-57a2d4851a1d" />
    <TestEntry testId="4b376fa1-05f9-1073-9a54-0f2a91aeb58c" executionId="723a65be-1476-48c4-9949-3a9c8201fb4b" testListId="8c84fa94-04c1-424b-9868-57a2d4851a1d" />
    <TestEntry testId="667138cc-21c2-b1cf-944d-671aab2306ed" executionId="249ac706-b90d-4bf8-9504-1cef3ba886a7" testListId="8c84fa94-04c1-424b-9868-57a2d4851a1d" />
    <TestEntry testId="879b6bc3-5000-22c0-0780-86bc20fa2ac9" executionId="872990dc-ec65-4f0f-a23f-f45e14bc43ea" testListId="8c84fa94-04c1-424b-9868-57a2d4851a1d" />
    <TestEntry testId="6509be74-e5d9-16dc-79c0-7433e7cc62dc" executionId="019b6656-da21-4687-9bff-92abcc38865d" testListId="8c84fa94-04c1-424b-9868-57a2d4851a1d" />
    <TestEntry testId="9aa87a98-7fea-7e92-2570-2469234c641e" executionId="5749f32f-c0aa-4e4b-9d3c-de12f0d78f84" testListId="8c84fa94-04c1-424b-9868-57a2d4851a1d" />
    <TestEntry testId="2949d20b-8b9c-1606-2100-4cc2dafffe68" executionId="c3e65489-eb8e-4cf6-b95a-c64b9095b770" testListId="8c84fa94-04c1-424b-9868-57a2d4851a1d" />
    <TestEntry testId="9ff8f989-d3b0-4ef5-9923-a922d1004a11" executionId="be3d9ade-5a88-4d80-bc88-15e3c677b311" testListId="8c84fa94-04c1-424b-9868-57a2d4851a1d" />
    <TestEntry testId="86bdf036-ef34-04cc-dbc2-634ff06f1f29" executionId="11473cb9-4aaa-4ea4-9131-087eda11230f" testListId="8c84fa94-04c1-424b-9868-57a2d4851a1d" />
    <TestEntry testId="69b1a87a-7bae-4187-0d5e-6ec32f537182" executionId="e075b965-b36f-4669-bf6d-3439ee10553c" testListId="8c84fa94-04c1-424b-9868-57a2d4851a1d" />
    <TestEntry testId="1f6e98e8-95ea-24f8-d14a-67f602dda01b" executionId="e9a8040b-e8ec-4af5-a1be-f3b38f8ebe21" testListId="8c84fa94-04c1-424b-9868-57a2d4851a1d" />
    <TestEntry testId="11d00464-cf7e-e4a8-ec14-8696dfc2de01" executionId="265ecf0e-24bc-4f10-a690-a6ca9f42bf2d" testListId="8c84fa94-04c1-424b-9868-57a2d4851a1d" />
    <TestEntry testId="29282538-d708-0e50-940f-820bb6f52d50" executionId="f553c949-bb77-466e-bf44-ed4e60d45e5c" testListId="8c84fa94-04c1-424b-9868-57a2d4851a1d" />
    <TestEntry testId="3feabb41-8f28-013b-8510-f538e3165a7f" executionId="d1556e85-fed5-4207-a04c-91be06dccac9" testListId="8c84fa94-04c1-424b-9868-57a2d4851a1d" />
    <TestEntry testId="1cfa4b68-a88f-e2d1-390c-8f741422310d" executionId="ca04382b-84bc-4c8c-b2ba-3585b057a45f" testListId="8c84fa94-04c1-424b-9868-57a2d4851a1d" />
    <TestEntry testId="63f046d2-88b5-4f98-3ac6-0360e81f31fa" executionId="f09ae09b-c1e1-4f50-912d-f54777eca9a1" testListId="8c84fa94-04c1-424b-9868-57a2d4851a1d" />
    <TestEntry testId="8afbae22-be6b-532a-9314-a64991bd3ad1" executionId="bb7dbc9f-e1ae-45df-b42a-6f20a1a5d23d" testListId="8c84fa94-04c1-424b-9868-57a2d4851a1d" />
    <TestEntry testId="5935f3b0-acdb-39bc-39c7-af50badc805b" executionId="c791f247-161b-4d23-9c04-ea39af94e192" testListId="8c84fa94-04c1-424b-9868-57a2d4851a1d" />
    <TestEntry testId="1a81d21a-a997-a82c-7534-9c88aef3f679" executionId="b6dd258c-da57-4504-b9ef-d782d5056c4d" testListId="8c84fa94-04c1-424b-9868-57a2d4851a1d" />
    <TestEntry testId="9579ca0c-eaf2-b6b5-762c-9c2376cec3a3" executionId="802cc3b8-58d9-493a-98d9-8b5626397e87" testListId="8c84fa94-04c1-424b-9868-57a2d4851a1d" />
    <TestEntry testId="ee06bdd3-59f5-7dd0-38e0-858d8c859389" executionId="f9fd1350-d3da-498f-9ce0-de9e8ab742d0" testListId="8c84fa94-04c1-424b-9868-57a2d4851a1d" />
    <TestEntry testId="a557ddf1-0687-981c-1dd5-1dd94fff7f85" executionId="e3027e64-cecf-49dc-8c0a-c07de053ed0b" testListId="8c84fa94-04c1-424b-9868-57a2d4851a1d" />
    <TestEntry testId="2bfef0e2-283f-23cf-fa22-428216767525" executionId="dd9d7779-0022-4a41-9225-202371630ef4" testListId="8c84fa94-04c1-424b-9868-57a2d4851a1d" />
    <TestEntry testId="f8a7d484-f10b-cd69-2807-3606ca1d38e1" executionId="46b76ba9-0352-4e78-a9a8-a0cd61ccf215" testListId="8c84fa94-04c1-424b-9868-57a2d4851a1d" />
    <TestEntry testId="33bd4cd3-451b-cd94-283f-917b3fc546ef" executionId="2dae4cd3-795d-432e-adad-f91f7d873f66" testListId="8c84fa94-04c1-424b-9868-57a2d4851a1d" />
    <TestEntry testId="b218a407-be1a-40f3-bcaf-94bf2095ad3b" executionId="5938f62a-9b3d-4518-ba36-9e964fe57d47" testListId="8c84fa94-04c1-424b-9868-57a2d4851a1d" />
    <TestEntry testId="ca7e4c2f-5251-f2a6-9617-2a026d72462d" executionId="920219f3-5475-49f9-8be6-a0b7fa2b16cd" testListId="8c84fa94-04c1-424b-9868-57a2d4851a1d" />
  </TestEntries>
  <TestLists>
    <TestList name="Results Not in a List" id="8c84fa94-04c1-424b-9868-57a2d4851a1d" />
    <TestList name="All Loaded Results" id="19431567-8539-422a-85d7-44ee4e166bda" />
  </TestLists>
  <ResultSummary outcome="Completed">
    <Counters total="70" executed="70" passed="70" failed="0" error="0" timeout="0" aborted="0" inconclusive="0" passedButRunAborted="0" notRunnable="0" notExecuted="0" disconnected="0" warning="0" completed="0" inProgress="0" pending="0" />
    <Output>
      <StdOut>[xUnit.net 00:00:00.00] xUnit.net VSTest Adapter v3.1.4+50e68bbb8b (64-bit .NET 10.0.11)&#xD;
[xUnit.net 00:00:00.10]   Discovering: OnlineSupermarket.Infrastructure.Tests&#xD;
[xUnit.net 00:00:00.18]   Discovered:  OnlineSupermarket.Infrastructure.Tests&#xD;
[xUnit.net 00:00:00.22]   Starting:    OnlineSupermarket.Infrastructure.Tests&#xD;
iter   tr_sqerror    tr_sqerror+    tr_sqerror-          obj&#xD;
   0       0.0861         0.0006         0.0855   2.6431e-01&#xD;
   1       0.0823         0.0004         0.0819   2.5083e-01&#xD;
   2       0.0769         0.0004         0.0765   2.3988e-01&#xD;
   3       0.0716         0.0005         0.0712   2.3091e-01&#xD;
   4       0.0667         0.0005         0.0662   2.2353e-01&#xD;
   5       0.0622         0.0006         0.0616   2.1746e-01&#xD;
   6       0.0580         0.0006         0.0575   2.1242e-01&#xD;
   7       0.0542         0.0006         0.0536   2.0813e-01&#xD;
   8       0.0508         0.0006         0.0501   2.0443e-01&#xD;
   9       0.0475         0.0006         0.0469   2.0120e-01&#xD;
  10       0.0446         0.0006         0.0439   1.9836e-01&#xD;
  11       0.0418         0.0007         0.0412   1.9584e-01&#xD;
  12       0.0393         0.0007         0.0387   1.9361e-01&#xD;
  13       0.0370         0.0007         0.0363   1.9162e-01&#xD;
  14       0.0349         0.0007         0.0342   1.8984e-01&#xD;
  15       0.0330         0.0008         0.0322   1.8825e-01&#xD;
  16       0.0312         0.0008         0.0304   1.8682e-01&#xD;
  17       0.0296         0.0008         0.0288   1.8553e-01&#xD;
  18       0.0281         0.0008         0.0273   1.8437e-01&#xD;
  19       0.0267         0.0008         0.0259   1.8332e-01&#xD;
  20       0.0255         0.0009         0.0246   1.8238e-01&#xD;
  21       0.0243         0.0009         0.0234   1.8153e-01&#xD;
  22       0.0232         0.0009         0.0223   1.8077e-01&#xD;
  23       0.0223         0.0009         0.0213   1.8008e-01&#xD;
  24       0.0214         0.0009         0.0204   1.7946e-01&#xD;
  25       0.0206         0.0010         0.0196   1.7890e-01&#xD;
  26       0.0198         0.0010         0.0188   1.7839e-01&#xD;
  27       0.0191         0.0010         0.0181   1.7794e-01&#xD;
  28       0.0185         0.0010         0.0175   1.7754e-01&#xD;
  29       0.0179         0.0010         0.0169   1.7717e-01&#xD;
  30       0.0174         0.0011         0.0163   1.7685e-01&#xD;
  31       0.0169         0.0011         0.0158   1.7655e-01&#xD;
  32       0.0165         0.0011         0.0154   1.7629e-01&#xD;
  33       0.0161         0.0011         0.0150   1.7606e-01&#xD;
  34       0.0157         0.0011         0.0146   1.7585e-01&#xD;
  35       0.0153         0.0011         0.0142   1.7566e-01&#xD;
  36       0.0150         0.0012         0.0139   1.7549e-01&#xD;
  37       0.0147         0.0012         0.0136   1.7534e-01&#xD;
  38       0.0145         0.0012         0.0133   1.7520e-01&#xD;
  39       0.0142         0.0012         0.0130   1.7508e-01&#xD;
  40       0.0140         0.0012         0.0128   1.7498e-01&#xD;
  41       0.0138         0.0012         0.0125   1.7488e-01&#xD;
  42       0.0136         0.0012         0.0123   1.7480e-01&#xD;
  43       0.0134         0.0012         0.0121   1.7472e-01&#xD;
  44       0.0132         0.0012         0.0120   1.7465e-01&#xD;
  45       0.0131         0.0013         0.0118   1.7459e-01&#xD;
  46       0.0129         0.0013         0.0117   1.7454e-01&#xD;
  47       0.0128         0.0013         0.0115   1.7449e-01&#xD;
  48       0.0127         0.0013         0.0114   1.7445e-01&#xD;
  49       0.0125         0.0013         0.0113   1.7441e-01&#xD;
  50       0.0124         0.0013         0.0111   1.7437e-01&#xD;
  51       0.0123         0.0013         0.0110   1.7434e-01&#xD;
  52       0.0122         0.0013         0.0109   1.7432e-01&#xD;
  53       0.0121         0.0013         0.0108   1.7429e-01&#xD;
  54       0.0121         0.0013         0.0108   1.7427e-01&#xD;
  55       0.0120         0.0013         0.0107   1.7425e-01&#xD;
  56       0.0119         0.0013         0.0106   1.7423e-01&#xD;
  57       0.0119         0.0013         0.0105   1.7422e-01&#xD;
  58       0.0118         0.0013         0.0105   1.7421e-01&#xD;
  59       0.0117         0.0013         0.0104   1.7419e-01&#xD;
  60       0.0117         0.0013         0.0103   1.7418e-01&#xD;
  61       0.0116         0.0013         0.0103   1.7417e-01&#xD;
  62       0.0116         0.0013         0.0102   1.7416e-01&#xD;
  63       0.0115         0.0014         0.0102   1.7416e-01&#xD;
  64       0.0115         0.0014         0.0101   1.7415e-01&#xD;
  65       0.0115         0.0014         0.0101   1.7414e-01&#xD;
  66       0.0114         0.0014         0.0101   1.7414e-01&#xD;
  67       0.0114         0.0014         0.0100   1.7413e-01&#xD;
  68       0.0114         0.0014         0.0100   1.7413e-01&#xD;
  69       0.0113         0.0014         0.0100   1.7412e-01&#xD;
  70       0.0113         0.0014         0.0099   1.7412e-01&#xD;
  71       0.0113         0.0014         0.0099   1.7412e-01&#xD;
  72       0.0113         0.0014         0.0099   1.7411e-01&#xD;
  73       0.0112         0.0014         0.0099   1.7411e-01&#xD;
  74       0.0112         0.0014         0.0098   1.7411e-01&#xD;
  75       0.0112         0.0014         0.0098   1.7411e-01&#xD;
  76       0.0112         0.0014         0.0098   1.7411e-01&#xD;
  77       0.0112         0.0014         0.0098   1.7410e-01&#xD;
  78       0.0111         0.0014         0.0098   1.7410e-01&#xD;
  79       0.0111         0.0014         0.0097   1.7410e-01&#xD;
  80       0.0111         0.0014         0.0097   1.7410e-01&#xD;
  81       0.0111         0.0014         0.0097   1.7410e-01&#xD;
  82       0.0111         0.0014         0.0097   1.7410e-01&#xD;
  83       0.0111         0.0014         0.0097   1.7410e-01&#xD;
  84       0.0111         0.0014         0.0097   1.7410e-01&#xD;
  85       0.0110         0.0014         0.0097   1.7410e-01&#xD;
  86       0.0110         0.0014         0.0096   1.7410e-01&#xD;
  87       0.0110         0.0014         0.0096   1.7409e-01&#xD;
  88       0.0110         0.0014         0.0096   1.7409e-01&#xD;
  89       0.0110         0.0014         0.0096   1.7409e-01&#xD;
  90       0.0110         0.0014         0.0096   1.7409e-01&#xD;
  91       0.0110         0.0014         0.0096   1.7409e-01&#xD;
  92       0.0110         0.0014         0.0096   1.7409e-01&#xD;
  93       0.0110         0.0014         0.0096   1.7409e-01&#xD;
  94       0.0110         0.0014         0.0096   1.7409e-01&#xD;
  95       0.0110         0.0014         0.0096   1.7409e-01&#xD;
  96       0.0110         0.0014         0.0096   1.7409e-01&#xD;
  97       0.0110         0.0014         0.0096   1.7409e-01&#xD;
  98       0.0110         0.0014         0.0096   1.7409e-01&#xD;
  99       0.0110         0.0014         0.0095   1.7409e-01&#xD;
[testcontainers.org 00:00:00.09] Connected to Docker:&#xD;
  Host: npipe://./pipe/docker_engine&#xD;
  Server Version: 29.6.2&#xD;
  Kernel Version: 6.18.33.2-microsoft-standard-WSL2&#xD;
  API Version: 1.55&#xD;
  Operating System: Docker Desktop&#xD;
  Total Memory: 15.33 GB&#xD;
  Labels: &#xD;
    com.docker.desktop.address=npipe://\\.\pipe\docker_cli&#xD;
[testcontainers.org 00:00:00.31] Docker container 6f53404ba485 created&#xD;
[testcontainers.org 00:00:00.41] Start Docker container 6f53404ba485&#xD;
[testcontainers.org 00:00:00.62] Wait for Docker container 6f53404ba485 to complete readiness checks&#xD;
[testcontainers.org 00:00:00.63] Docker container 6f53404ba485 ready&#xD;
[testcontainers.org 00:00:00.94] Docker container 1ebbe993222a created&#xD;
[testcontainers.org 00:00:00.95] Start Docker container 1ebbe993222a&#xD;
[testcontainers.org 00:00:01.17] Execute "mkdir /var/lib/mysql-files" at Docker container 1ebbe993222a&#xD;
[testcontainers.org 00:00:01.19] Add file to tar archive: Content length: 50 byte(s), Target file: "/etc/mysql/my.cnf"&#xD;
[testcontainers.org 00:00:01.20] Copy tar archive to container: Content length: 50 byte(s), Docker container: 1ebbe993222a&#xD;
[testcontainers.org 00:00:01.28] Wait for Docker container 1ebbe993222a to complete readiness checks&#xD;
[testcontainers.org 00:00:01.29] Execute "mysql online_supermarket_test --wait --silent --execute=SELECT 1;" at Docker container 1ebbe993222a&#xD;
[testcontainers.org 00:00:07.39] Execute "mysql online_supermarket_test --wait --silent --execute=SELECT 1;" at Docker container 1ebbe993222a&#xD;
[testcontainers.org 00:00:12.48] Docker container 1ebbe993222a ready&#xD;
[testcontainers.org 00:01:13.68] Delete Docker container 1ebbe993222a&#xD;
[xUnit.net 00:01:17.56]   Finished:    OnlineSupermarket.Infrastructure.Tests&#xD;
</StdOut>
    </Output>
  </ResultSummary>
</TestRun>