<?xml version="1.0" encoding="utf-8"?>
<TestRun id="6ef54d5d-fb45-4ad8-b5fa-659f0855eb89" name="manh@MTM 2026-09-07 10:04:44" runUser="MTM\manh" xmlns="http://microsoft.com/schemas/VisualStudio/TeamTest/2010">
  <Times creation="2026-09-07T10:04:44.3135810+07:00" queuing="2026-09-07T10:04:44.3135815+07:00" start="2026-09-07T10:04:42.8108752+07:00" finish="2026-09-07T10:05:02.2138951+07:00" />
  <TestSettings name="default" id="58cdd435-45cc-4adf-8be3-8fbb33794735">
    <Deployment runDeploymentRoot="manh_MTM_2026-09-07_10_04_44" />
  </TestSettings>
  <Results>
    <UnitTestResult executionId="26364fe7-0ea2-4969-a699-bc549daaf475" testId="93dc5c1a-d899-4efc-073e-8cf1f943ee43" testName="OnlineSupermarket.Api.Tests.Endpoints.AdminCatalogEndpointsTests.CreateProduct_WithInvalidInputs_ReturnsBadRequest" computerName="MTM" duration="00:00:00.0338445" startTime="2026-09-07T10:04:51.9371852+07:00" endTime="2026-09-07T10:04:51.9716074+07:00" testType="13cdc9d9-ddb5-4fa4-a97d-d965ccfc6d4b" outcome="Passed" testListId="8c84fa94-04c1-424b-9868-57a2d4851a1d" relativeResultsDirectory="26364fe7-0ea2-4969-a699-bc549daaf475" />
    <UnitTestResult executionId="044d4658-5b38-40af-a219-72795f14b56d" testId="b422b539-b55f-19d4-2248-76c678265a0e" testName="OnlineSupermarket.Api.Tests.Persistence.DemandForecastConfigurationTests.DemandForecast_IsMappedToDemandForecastsTable" computerName="MTM" duration="00:00:00.0570029" startTime="2026-09-07T10:04:45.1816120+07:00" endTime="2026-09-07T10:04:45.2382839+07:00" testType="13cdc9d9-ddb5-4fa4-a97d-d965ccfc6d4b" outcome="Passed" testListId="8c84fa94-04c1-424b-9868-57a2d4851a1d" relativeResultsDirectory="044d4658-5b38-40af-a219-72795f14b56d" />
    <UnitTestResult executionId="099f8878-65e9-4c62-abb2-0331f4a05586" testId="3eb7c6ba-c0ff-8bc4-8fcc-8aa1c1600f64" testName="OnlineSupermarket.Api.Tests.Auth.AuthEndpointTests.Register_WithValidData_ReturnsCreated" computerName="MTM" duration="00:00:00.0461561" startTime="2026-09-07T10:04:49.5876934+07:00" endTime="2026-09-07T10:04:49.6246373+07:00" testType="13cdc9d9-ddb5-4fa4-a97d-d965ccfc6d4b" outcome="Passed" testListId="8c84fa94-04c1-424b-9868-57a2d4851a1d" relativeResultsDirectory="099f8878-65e9-4c62-abb2-0331f4a05586" />
    <UnitTestResult executionId="6fa5bef5-66fc-456d-bff7-e2e9441d119b" testId="a00d4dd3-445d-2a03-43a8-c036529824fa" testName="OnlineSupermarket.Api.Tests.Persistence.DemandForecastConfigurationTests.DemandForecast_HasRequiredFksOnOwners" computerName="MTM" duration="00:00:00.0020409" startTime="2026-09-07T10:04:45.2527168+07:00" endTime="2026-09-07T10:04:45.2564327+07:00" testType="13cdc9d9-ddb5-4fa4-a97d-d965ccfc6d4b" outcome="Passed" testListId="8c84fa94-04c1-424b-9868-57a2d4851a1d" relativeResultsDirectory="6fa5bef5-66fc-456d-bff7-e2e9441d119b" />
    <UnitTestResult executionId="6c9a54f3-00e4-4764-bb7f-a8fdc0980f8d" testId="3d53a066-4637-859f-05ab-38be07f3c998" testName="OnlineSupermarket.Api.Tests.Endpoints.CheckoutCouponTests.ValidateCoupon_WithEligibleCode_ReturnsDiscount" computerName="MTM" duration="00:00:00.8300303" startTime="2026-09-07T10:04:53.6541589+07:00" endTime="2026-09-07T10:04:54.4846189+07:00" testType="13cdc9d9-ddb5-4fa4-a97d-d965ccfc6d4b" outcome="Passed" testListId="8c84fa94-04c1-424b-9868-57a2d4851a1d" relativeResultsDirectory="6c9a54f3-00e4-4764-bb7f-a8fdc0980f8d" />
    <UnitTestResult executionId="a22de38f-eb62-4f43-99d3-1966bb8d32cc" testId="2404e367-10e6-1e91-e1ea-179362f37778" testName="OnlineSupermarket.Api.Tests.Endpoints.CatalogEndpointsTests.GetProducts_WithParentCategory_ReturnsProductsFromDirectChildren" computerName="MTM" duration="00:00:00.0660679" startTime="2026-09-07T10:04:49.5511060+07:00" endTime="2026-09-07T10:04:49.6215833+07:00" testType="13cdc9d9-ddb5-4fa4-a97d-d965ccfc6d4b" outcome="Passed" testListId="8c84fa94-04c1-424b-9868-57a2d4851a1d" relativeResultsDirectory="a22de38f-eb62-4f43-99d3-1966bb8d32cc" />
    <UnitTestResult executionId="f4a74593-cb05-4013-bfff-9117995ee87b" testId="1cef672b-5d26-b964-2ebc-8b52ac3e6a20" testName="OnlineSupermarket.Api.Tests.Persistence.RecommendationResultConfigurationTests.RecommendationResult_HasAudienceScopedUniqueIndex" computerName="MTM" duration="00:00:00.9735555" startTime="2026-09-07T10:04:44.2082614+07:00" endTime="2026-09-07T10:04:45.1817478+07:00" testType="13cdc9d9-ddb5-4fa4-a97d-d965ccfc6d4b" outcome="Passed" testListId="8c84fa94-04c1-424b-9868-57a2d4851a1d" relativeResultsDirectory="f4a74593-cb05-4013-bfff-9117995ee87b" />
    <UnitTestResult executionId="db870e7d-8fd9-431f-9933-0d07e2451fea" testId="8664b679-9e19-636f-f563-13154393938a" testName="OnlineSupermarket.Api.Tests.Endpoints.AddressEndpointsTests.UpdateAddress_NotOwner_ReturnsNotFound" computerName="MTM" duration="00:00:00.0597808" startTime="2026-09-07T10:04:49.6666974+07:00" endTime="2026-09-07T10:04:49.7262650+07:00" testType="13cdc9d9-ddb5-4fa4-a97d-d965ccfc6d4b" outcome="Passed" testListId="8c84fa94-04c1-424b-9868-57a2d4851a1d" relativeResultsDirectory="db870e7d-8fd9-431f-9933-0d07e2451fea" />
    <UnitTestResult executionId="2ec3a979-0bc8-4f67-886f-8963e623e22b" testId="d4f0034d-cc74-19b0-9f4b-48c997f13a2f" testName="OnlineSupermarket.Api.Tests.Endpoints.AdminCatalogEndpointsTests.CreateProduct_WithNullOrMissingRequiredFields_ReturnsBadRequest" computerName="MTM" duration="00:00:00.0568342" startTime="2026-09-07T10:04:50.2759644+07:00" endTime="2026-09-07T10:04:50.3539322+07:00" testType="13cdc9d9-ddb5-4fa4-a97d-d965ccfc6d4b" outcome="Passed" testListId="8c84fa94-04c1-424b-9868-57a2d4851a1d" relativeResultsDirectory="2ec3a979-0bc8-4f67-886f-8963e623e22b" />
    <UnitTestResult executionId="f5ff04c0-7e1a-45ef-93d9-141026a0a0ef" testId="74957387-510b-8fda-b2c4-3516205b0b63" testName="OnlineSupermarket.Api.Tests.Endpoints.PaymentCallbackEndpointsTests.Response_DoesNotLeakSignatureOrErrorDetail" computerName="MTM" duration="00:00:00.4932693" startTime="2026-09-07T10:04:59.4048524+07:00" endTime="2026-09-07T10:04:59.8983963+07:00" testType="13cdc9d9-ddb5-4fa4-a97d-d965ccfc6d4b" outcome="Passed" testListId="8c84fa94-04c1-424b-9868-57a2d4851a1d" relativeResultsDirectory="f5ff04c0-7e1a-45ef-93d9-141026a0a0ef" />
    <UnitTestResult executionId="87e4d6e1-b847-407e-9498-0019e78ce326" testId="73e2068a-d6c7-6251-68dc-501ad9fac512" testName="OnlineSupermarket.Api.Tests.Endpoints.AdminCatalogEndpointsTests.PatchCategoryStatus_Deactivate_WithActiveProducts_ReturnsConflict" computerName="MTM" duration="00:00:00.0538767" startTime="2026-09-07T10:04:50.5575799+07:00" endTime="2026-09-07T10:04:50.6104779+07:00" testType="13cdc9d9-ddb5-4fa4-a97d-d965ccfc6d4b" outcome="Passed" testListId="8c84fa94-04c1-424b-9868-57a2d4851a1d" relativeResultsDirectory="87e4d6e1-b847-407e-9498-0019e78ce326" />
    <UnitTestResult executionId="62a11182-c015-4766-9145-0f59cefb83ca" testId="dcd63d39-963c-aeb6-9ce4-b6d3c1de8b56" testName="OnlineSupermarket.Api.Tests.Persistence.IdentityConfigurationTests.RefreshToken_HasUniqueIndexOnTokenHash_AndCompositeIndexOnUserExpires" computerName="MTM" duration="00:00:01.0398273" startTime="2026-09-07T10:04:44.1835552+07:00" endTime="2026-09-07T10:04:45.1820917+07:00" testType="13cdc9d9-ddb5-4fa4-a97d-d965ccfc6d4b" outcome="Passed" testListId="8c84fa94-04c1-424b-9868-57a2d4851a1d" relativeResultsDirectory="62a11182-c015-4766-9145-0f59cefb83ca" />
    <UnitTestResult executionId="b8e7120f-9eb4-4580-9ca2-4f8cc83c8e05" testId="6751fb82-759f-36b3-7d5e-f30ef864b6e9" testName="OnlineSupermarket.Api.Tests.Endpoints.PasswordResetEndpointsTests.ConfirmReset_WithInvalidToken_ReturnsBadRequest" computerName="MTM" duration="00:00:00.0363143" startTime="2026-09-07T10:04:49.6885301+07:00" endTime="2026-09-07T10:04:49.7258245+07:00" testType="13cdc9d9-ddb5-4fa4-a97d-d965ccfc6d4b" outcome="Passed" testListId="8c84fa94-04c1-424b-9868-57a2d4851a1d" relativeResultsDirectory="b8e7120f-9eb4-4580-9ca2-4f8cc83c8e05" />
    <UnitTestResult executionId="cdeb4316-c219-4a2f-85ed-fd516151f7dc" testId="82551dee-5970-3129-8c8c-7afb9545ac25" testName="OnlineSupermarket.Api.Tests.Endpoints.PaymentCallbackEndpointsTests.Missing_Or_Empty_Provider_Returns401_Not500(providerJson: &quot;\&quot;\&quot;&quot;)" computerName="MTM" duration="00:00:01.1675916" startTime="2026-09-07T10:04:49.9746033+07:00" endTime="2026-09-07T10:04:51.1423434+07:00" testType="13cdc9d9-ddb5-4fa4-a97d-d965ccfc6d4b" outcome="Passed" testListId="8c84fa94-04c1-424b-9868-57a2d4851a1d" relativeResultsDirectory="cdeb4316-c219-4a2f-85ed-fd516151f7dc" />
    <UnitTestResult executionId="fb60837c-ada7-4adc-ba75-bc969d902939" testId="a9c7c661-9710-2604-a179-e6fa25a18e87" testName="OnlineSupermarket.Api.Tests.Endpoints.ForecastEndpointsTests.GetForecast_WithUnknownBranch_Returns404" computerName="MTM" duration="00:00:00.6207214" startTime="2026-09-07T10:04:57.7144174+07:00" endTime="2026-09-07T10:04:58.3352840+07:00" testType="13cdc9d9-ddb5-4fa4-a97d-d965ccfc6d4b" outcome="Passed" testListId="8c84fa94-04c1-424b-9868-57a2d4851a1d" relativeResultsDirectory="fb60837c-ada7-4adc-ba75-bc969d902939" />
    <UnitTestResult executionId="24f42614-c005-47b8-9e39-36369bef9931" testId="d8e6b95c-f773-d5b5-d376-7ffcfc88e595" testName="OnlineSupermarket.Api.Tests.Endpoints.AdminCatalogEndpointsTests.GetCategories_ReturnsOrderedCategories" computerName="MTM" duration="00:00:00.0591183" startTime="2026-09-07T10:04:50.9775106+07:00" endTime="2026-09-07T10:04:51.0373396+07:00" testType="13cdc9d9-ddb5-4fa4-a97d-d965ccfc6d4b" outcome="Passed" testListId="8c84fa94-04c1-424b-9868-57a2d4851a1d" relativeResultsDirectory="24f42614-c005-47b8-9e39-36369bef9931" />
    <UnitTestResult executionId="ec77c76e-12d7-44a6-b9b2-4af6c0f660e0" testId="9df9da43-b3d7-62cc-83e7-bce0a47139fe" testName="OnlineSupermarket.Api.Tests.Endpoints.AdminBranchEndpointsTests.Update_ChangesFieldsAndDeactivates_ThenStillListed" computerName="MTM" duration="00:00:01.0155268" startTime="2026-09-07T10:04:51.8313534+07:00" endTime="2026-09-07T10:04:52.8471524+07:00" testType="13cdc9d9-ddb5-4fa4-a97d-d965ccfc6d4b" outcome="Passed" testListId="8c84fa94-04c1-424b-9868-57a2d4851a1d" relativeResultsDirectory="ec77c76e-12d7-44a6-b9b2-4af6c0f660e0" />
    <UnitTestResult executionId="7a1b4d4b-7d1d-49ca-9f6e-10ddd077befa" testId="9a43c7a8-1766-7ba3-f8ee-b1ab16d74407" testName="OnlineSupermarket.Api.Tests.Endpoints.AddressEndpointsTests.GetAddresses_WithoutToken_ReturnsUnauthorized" computerName="MTM" duration="00:00:00.0285712" startTime="2026-09-07T10:04:49.3473343+07:00" endTime="2026-09-07T10:04:49.3797917+07:00" testType="13cdc9d9-ddb5-4fa4-a97d-d965ccfc6d4b" outcome="Passed" testListId="8c84fa94-04c1-424b-9868-57a2d4851a1d" relativeResultsDirectory="7a1b4d4b-7d1d-49ca-9f6e-10ddd077befa" />
    <UnitTestResult executionId="39bf6700-1cb6-470f-82ca-0174a17376d2" testId="21824796-fda2-0676-5f23-d34d73f202f7" testName="OnlineSupermarket.Api.Tests.Endpoints.RecommendationReadEndpointsTests.ProductRecommendations_WhenNoMaterialization_ReturnsEmpty200" computerName="MTM" duration="00:00:00.9371106" startTime="2026-09-07T10:04:54.3558100+07:00" endTime="2026-09-07T10:04:55.2934680+07:00" testType="13cdc9d9-ddb5-4fa4-a97d-d965ccfc6d4b" outcome="Passed" testListId="8c84fa94-04c1-424b-9868-57a2d4851a1d" relativeResultsDirectory="39bf6700-1cb6-470f-82ca-0174a17376d2" />
    <UnitTestResult executionId="d4368ce4-d649-4ece-aa19-3f80606f98c8" testId="9d58d6cc-b633-7dfa-9fef-56b4a3754048" testName="OnlineSupermarket.Api.Tests.Endpoints.AdminJobEndpointsTests.GetJobs_WhenUnauthorized_ShouldReturn401" computerName="MTM" duration="00:00:00.0301243" startTime="2026-09-07T10:04:49.0128895+07:00" endTime="2026-09-07T10:04:49.0436071+07:00" testType="13cdc9d9-ddb5-4fa4-a97d-d965ccfc6d4b" outcome="Passed" testListId="8c84fa94-04c1-424b-9868-57a2d4851a1d" relativeResultsDirectory="d4368ce4-d649-4ece-aa19-3f80606f98c8" />
    <UnitTestResult executionId="4a6ec0f2-6ed6-4d82-a6b6-ca5c0a5d042a" testId="7af5a4cd-2a32-fd1c-fde1-6056e897385c" testName="OnlineSupermarket.Api.Tests.Endpoints.AdminCatalogEndpointsTests.PatchBrandStatus_DeactivateAndActivate_ReturnsOk" computerName="MTM" duration="00:00:00.0558267" startTime="2026-09-07T10:04:51.4377741+07:00" endTime="2026-09-07T10:04:51.4946148+07:00" testType="13cdc9d9-ddb5-4fa4-a97d-d965ccfc6d4b" outcome="Passed" testListId="8c84fa94-04c1-424b-9868-57a2d4851a1d" relativeResultsDirectory="4a6ec0f2-6ed6-4d82-a6b6-ca5c0a5d042a" />
    <UnitTestResult executionId="ba9b4668-6e49-4058-aa6c-3c27e3382b66" testId="c16b85b6-eb69-1762-70ee-216feb3992fc" testName="OnlineSupermarket.Api.Tests.Endpoints.PasswordResetEndpointsTests.RequestReset_WithNonExistentEmail_ReturnsOkWithoutLeakingAccount" computerName="MTM" duration="00:00:00.1456638" startTime="2026-09-07T10:04:48.9308298+07:00" endTime="2026-09-07T10:04:49.1047453+07:00" testType="13cdc9d9-ddb5-4fa4-a97d-d965ccfc6d4b" outcome="Passed" testListId="8c84fa94-04c1-424b-9868-57a2d4851a1d" relativeResultsDirectory="ba9b4668-6e49-4058-aa6c-3c27e3382b66" />
    <UnitTestResult executionId="1af6e20f-70bf-417a-9f27-2d57297f07df" testId="5003e99a-0665-e066-95a6-eb48b61ef509" testName="OnlineSupermarket.Api.Tests.Endpoints.CheckoutCouponTests.Checkout_WithExhaustedCoupon_ReturnsBadRequest" computerName="MTM" duration="00:00:01.0965915" startTime="2026-09-07T10:04:50.8593016+07:00" endTime="2026-09-07T10:04:51.9428080+07:00" testType="13cdc9d9-ddb5-4fa4-a97d-d965ccfc6d4b" outcome="Passed" testListId="8c84fa94-04c1-424b-9868-57a2d4851a1d" relativeResultsDirectory="1af6e20f-70bf-417a-9f27-2d57297f07df" />
    <UnitTestResult executionId="1c104c32-e3ba-45ae-854c-e68ad396533a" testId="45589649-da81-413b-bd28-60c0ffe106a2" testName="OnlineSupermarket.Api.Tests.Endpoints.ReviewEndpointsTests.GetReviewEligibility_WithTarget_NotOwnedByCaller_ReturnsCanReviewFalse" computerName="MTM" duration="00:00:00.1222961" startTime="2026-09-07T10:04:50.1722914+07:00" endTime="2026-09-07T10:04:50.2936851+07:00" testType="13cdc9d9-ddb5-4fa4-a97d-d965ccfc6d4b" outcome="Passed" testListId="8c84fa94-04c1-424b-9868-57a2d4851a1d" relativeResultsDirectory="1c104c32-e3ba-45ae-854c-e68ad396533a" />
    <UnitTestResult executionId="8dcd1cda-b50f-440d-9e0d-56dec314cfc7" testId="8130c679-08a6-6d12-3eaa-cce5c2ed1a7a" testName="OnlineSupermarket.Api.Tests.Endpoints.UserEndpointsTests.UpdateProfile_WithValidData_ReturnsOk" computerName="MTM" duration="00:00:00.0449860" startTime="2026-09-07T10:04:49.1421862+07:00" endTime="2026-09-07T10:04:49.1882926+07:00" testType="13cdc9d9-ddb5-4fa4-a97d-d965ccfc6d4b" outcome="Passed" testListId="8c84fa94-04c1-424b-9868-57a2d4851a1d" relativeResultsDirectory="8dcd1cda-b50f-440d-9e0d-56dec314cfc7" />
    <UnitTestResult executionId="cfa28454-3187-4913-b122-7d5089911b89" testId="a19d0583-9b2a-53d4-411f-59febc1333ea" testName="OnlineSupermarket.Api.Tests.Endpoints.AdminPromotionEndpointsTests.List_AsCustomer_ReturnsForbidden" computerName="MTM" duration="00:00:01.1487603" startTime="2026-09-07T10:04:48.8830856+07:00" endTime="2026-09-07T10:04:50.0535542+07:00" testType="13cdc9d9-ddb5-4fa4-a97d-d965ccfc6d4b" outcome="Passed" testListId="8c84fa94-04c1-424b-9868-57a2d4851a1d" relativeResultsDirectory="cfa28454-3187-4913-b122-7d5089911b89" />
    <UnitTestResult executionId="c894ae20-130c-479c-9292-ad5255a70827" testId="c99b7774-9a18-9cf6-1899-36c58b8bbec8" testName="OnlineSupermarket.Api.Tests.Endpoints.PaymentCallbackEndpointsTests.Invalid_Signature_Returns401" computerName="MTM" duration="00:00:00.8427317" startTime="2026-09-07T10:04:54.6210675+07:00" endTime="2026-09-07T10:04:55.4623494+07:00" testType="13cdc9d9-ddb5-4fa4-a97d-d965ccfc6d4b" outcome="Passed" testListId="8c84fa94-04c1-424b-9868-57a2d4851a1d" relativeResultsDirectory="c894ae20-130c-479c-9292-ad5255a70827" />
    <UnitTestResult executionId="8222ebe2-731a-424b-bf41-73f053be09c0" testId="b0970fe3-dbca-416a-117e-e31eafeeb19e" testName="OnlineSupermarket.Api.Tests.Endpoints.AdminCatalogEndpointsTests.UpdateCategory_WithDuplicateSlug_ReturnsConflict" computerName="MTM" duration="00:00:00.0300226" startTime="2026-09-07T10:04:50.8378753+07:00" endTime="2026-09-07T10:04:50.8683171+07:00" testType="13cdc9d9-ddb5-4fa4-a97d-d965ccfc6d4b" outcome="Passed" testListId="8c84fa94-04c1-424b-9868-57a2d4851a1d" relativeResultsDirectory="8222ebe2-731a-424b-bf41-73f053be09c0" />
    <UnitTestResult executionId="91c45e6f-4723-49d6-af48-8d7710a4718e" testId="c17a67fb-4c71-877c-4f55-e719151ac318" testName="OnlineSupermarket.Api.Tests.Endpoints.AddressEndpointsTests.UpdateAddress_WithValidData_ReturnsOk" computerName="MTM" duration="00:00:00.0551149" startTime="2026-09-07T10:04:49.6048366+07:00" endTime="2026-09-07T10:04:49.6649012+07:00" testType="13cdc9d9-ddb5-4fa4-a97d-d965ccfc6d4b" outcome="Passed" testListId="8c84fa94-04c1-424b-9868-57a2d4851a1d" relativeResultsDirectory="91c45e6f-4723-49d6-af48-8d7710a4718e" />
    <UnitTestResult executionId="64ff8908-43a7-43df-9e45-a38785898341" testId="16060a0b-072f-208c-ccd4-f5458fb8d927" testName="OnlineSupermarket.Api.Tests.Persistence.DemandForecastConfigurationTests.DemandForecast_RequiredColumnsAndPrecision" computerName="MTM" duration="00:00:01.0391516" startTime="2026-09-07T10:04:44.1799591+07:00" endTime="2026-09-07T10:04:45.1810078+07:00" testType="13cdc9d9-ddb5-4fa4-a97d-d965ccfc6d4b" outcome="Passed" testListId="8c84fa94-04c1-424b-9868-57a2d4851a1d" relativeResultsDirectory="64ff8908-43a7-43df-9e45-a38785898341" />
    <UnitTestResult executionId="eca2d9c8-d7e9-4a37-a6cc-e8b69c2b389d" testId="f182af83-f490-b271-3c3c-a28dff453089" testName="OnlineSupermarket.Api.Tests.Endpoints.AdminJobEndpointsTests.GetJobs_FilteredByBranch_ReturnsTerminalRunsByBranchId" computerName="MTM" duration="00:00:00.1223410" startTime="2026-09-07T10:04:49.1404748+07:00" endTime="2026-09-07T10:04:49.2644152+07:00" testType="13cdc9d9-ddb5-4fa4-a97d-d965ccfc6d4b" outcome="Passed" testListId="8c84fa94-04c1-424b-9868-57a2d4851a1d" relativeResultsDirectory="eca2d9c8-d7e9-4a37-a6cc-e8b69c2b389d" />
    <UnitTestResult executionId="aeb162ce-0b99-40d1-8931-10cc6262c776" testId="da5d2cf8-1749-c18e-a1e1-716ffded8c2c" testName="OnlineSupermarket.Api.Tests.OpenApiContractTests.GetOpenApi_ContainsHealthOperation" computerName="MTM" duration="00:00:00.1082854" startTime="2026-09-07T10:05:00.8190214+07:00" endTime="2026-09-07T10:05:00.9277665+07:00" testType="13cdc9d9-ddb5-4fa4-a97d-d965ccfc6d4b" outcome="Passed" testListId="8c84fa94-04c1-424b-9868-57a2d4851a1d" relativeResultsDirectory="aeb162ce-0b99-40d1-8931-10cc6262c776" />
    <UnitTestResult executionId="165483b8-f058-4a07-bfb0-fe50f0e2d42b" testId="378d6a82-93f1-1e6c-19da-0f29b81449bf" testName="OnlineSupermarket.Api.Tests.Endpoints.AdminPromotionEndpointsTests.Create_WithValidData_ReturnsCreatedAndNormalizesCode" computerName="MTM" duration="00:00:00.8339864" startTime="2026-09-07T10:04:53.9655553+07:00" endTime="2026-09-07T10:04:54.8001061+07:00" testType="13cdc9d9-ddb5-4fa4-a97d-d965ccfc6d4b" outcome="Passed" testListId="8c84fa94-04c1-424b-9868-57a2d4851a1d" relativeResultsDirectory="165483b8-f058-4a07-bfb0-fe50f0e2d42b" />
    <UnitTestResult executionId="59cbd7e0-2cb8-43df-b593-46b727e41d4c" testId="e45a3dd4-831b-cf73-7a37-ebe185e8b109" testName="OnlineSupermarket.Api.Tests.Endpoints.PasswordResetEndpointsTests.RequestReset_BothEmailsReturnSameResponse" computerName="MTM" duration="00:00:00.0243238" startTime="2026-09-07T10:04:49.2193294+07:00" endTime="2026-09-07T10:04:49.2444834+07:00" testType="13cdc9d9-ddb5-4fa4-a97d-d965ccfc6d4b" outcome="Passed" testListId="8c84fa94-04c1-424b-9868-57a2d4851a1d" relativeResultsDirectory="59cbd7e0-2cb8-43df-b593-46b727e41d4c" />
    <UnitTestResult executionId="e5cbb66e-9ba8-415f-bda2-7a1727e1fac3" testId="79a82a7b-188a-7e7d-a70e-b40386d56aee" testName="OnlineSupermarket.Api.Tests.Endpoints.UserEndpointsTests.UpdateProfile_WithoutToken_ReturnsUnauthorized" computerName="MTM" duration="00:00:00.0249571" startTime="2026-09-07T10:04:49.4791077+07:00" endTime="2026-09-07T10:04:49.5144085+07:00" testType="13cdc9d9-ddb5-4fa4-a97d-d965ccfc6d4b" outcome="Passed" testListId="8c84fa94-04c1-424b-9868-57a2d4851a1d" relativeResultsDirectory="e5cbb66e-9ba8-415f-bda2-7a1727e1fac3" />
    <UnitTestResult executionId="2b491a2b-6680-487e-ac44-d19c5a706bfe" testId="9dfcf10f-9bb3-ec59-894a-057f85a07176" testName="OnlineSupermarket.Api.Tests.Endpoints.ProductViewEventEndpointsTests.RecordView_WithOmittedBranch_IsAccepted_WithNullBranch" computerName="MTM" duration="00:00:01.1295338" startTime="2026-09-07T10:04:48.9669499+07:00" endTime="2026-09-07T10:04:50.0957408+07:00" testType="13cdc9d9-ddb5-4fa4-a97d-d965ccfc6d4b" outcome="Passed" testListId="8c84fa94-04c1-424b-9868-57a2d4851a1d" relativeResultsDirectory="2b491a2b-6680-487e-ac44-d19c5a706bfe" />
    <UnitTestResult executionId="a9e82d38-4ad4-4e7f-8270-c7894b09b829" testId="6e2d5e50-aac1-4768-3802-624047c4c437" testName="OnlineSupermarket.Api.Tests.Endpoints.SessionMerge.Merge_ClaimsSessionForJwtOwner_ReturnsMergedCount" computerName="MTM" duration="00:00:01.1240604" startTime="2026-09-07T10:04:48.8640583+07:00" endTime="2026-09-07T10:04:49.9885059+07:00" testType="13cdc9d9-ddb5-4fa4-a97d-d965ccfc6d4b" outcome="Passed" testListId="8c84fa94-04c1-424b-9868-57a2d4851a1d" relativeResultsDirectory="a9e82d38-4ad4-4e7f-8270-c7894b09b829" />
    <UnitTestResult executionId="397cd3ee-c1aa-448c-8361-9babb6ffde60" testId="4d2c27db-40da-8f1b-9ce2-ec4c62646667" testName="OnlineSupermarket.Api.Tests.Endpoints.PasswordResetEndpointsTests.ConfirmReset_WithEmptyToken_ReturnsBadRequest" computerName="MTM" duration="00:00:00.0358848" startTime="2026-09-07T10:04:49.4252778+07:00" endTime="2026-09-07T10:04:49.4628353+07:00" testType="13cdc9d9-ddb5-4fa4-a97d-d965ccfc6d4b" outcome="Passed" testListId="8c84fa94-04c1-424b-9868-57a2d4851a1d" relativeResultsDirectory="397cd3ee-c1aa-448c-8361-9babb6ffde60" />
    <UnitTestResult executionId="3f5996b4-a77c-4923-bfe0-866221347dd4" testId="c059d684-3a63-805e-d3bb-7360331223c1" testName="OnlineSupermarket.Api.Tests.Endpoints.AdminBranchEndpointsTests.List_AsAdmin_ReturnsSeededBranches" computerName="MTM" duration="00:00:00.9162948" startTime="2026-09-07T10:04:54.4705151+07:00" endTime="2026-09-07T10:04:55.3869984+07:00" testType="13cdc9d9-ddb5-4fa4-a97d-d965ccfc6d4b" outcome="Passed" testListId="8c84fa94-04c1-424b-9868-57a2d4851a1d" relativeResultsDirectory="3f5996b4-a77c-4923-bfe0-866221347dd4" />
    <UnitTestResult executionId="9294da6d-af68-4f9c-bb28-316323335e28" testId="f7640c25-1012-ef79-75fd-ef48deec8469" testName="OnlineSupermarket.Api.Tests.Endpoints.AdminCatalogEndpointsTests.CreateCategory_WithInvalidInputs_ReturnsBadRequest" computerName="MTM" duration="00:00:00.0370582" startTime="2026-09-07T10:04:50.9396564+07:00" endTime="2026-09-07T10:04:50.9770986+07:00" testType="13cdc9d9-ddb5-4fa4-a97d-d965ccfc6d4b" outcome="Passed" testListId="8c84fa94-04c1-424b-9868-57a2d4851a1d" relativeResultsDirectory="9294da6d-af68-4f9c-bb28-316323335e28" />
    <UnitTestResult executionId="90724af0-86b7-4967-8090-dd4d5167d7a8" testId="2d099075-2be5-418d-aa59-44da7ee2e977" testName="OnlineSupermarket.Api.Tests.Endpoints.AdminPromotionEndpointsTests.Update_UnknownId_ReturnsNotFound" computerName="MTM" duration="00:00:00.8563107" startTime="2026-09-07T10:04:54.8003999+07:00" endTime="2026-09-07T10:04:55.6570021+07:00" testType="13cdc9d9-ddb5-4fa4-a97d-d965ccfc6d4b" outcome="Passed" testListId="8c84fa94-04c1-424b-9868-57a2d4851a1d" relativeResultsDirectory="90724af0-86b7-4967-8090-dd4d5167d7a8" />
    <UnitTestResult executionId="5dee3ac6-f18d-44f2-8e97-1ae6d8868363" testId="16e42eaa-b488-9c26-039f-8026e9beec9f" testName="OnlineSupermarket.Api.Tests.Endpoints.AdminJobEndpointsTests.GetJobs_WhenNotAdmin_ShouldReturn403" computerName="MTM" duration="00:00:00.0918644" startTime="2026-09-07T10:04:49.0453770+07:00" endTime="2026-09-07T10:04:49.1400009+07:00" testType="13cdc9d9-ddb5-4fa4-a97d-d965ccfc6d4b" outcome="Passed" testListId="8c84fa94-04c1-424b-9868-57a2d4851a1d" relativeResultsDirectory="5dee3ac6-f18d-44f2-8e97-1ae6d8868363" />
    <UnitTestResult executionId="e8207f93-0e78-4747-85d5-bd7c0d74cec5" testId="d311b98f-6b7c-e548-8474-135f00b095de" testName="OnlineSupermarket.Api.Tests.Persistence.DemandForecastConfigurationTests.DemandForecast_HasRunScopedUniqueKey" computerName="MTM" duration="00:00:00.0132497" startTime="2026-09-07T10:04:45.2385773+07:00" endTime="2026-09-07T10:04:45.2524168+07:00" testType="13cdc9d9-ddb5-4fa4-a97d-d965ccfc6d4b" outcome="Passed" testListId="8c84fa94-04c1-424b-9868-57a2d4851a1d" relativeResultsDirectory="e8207f93-0e78-4747-85d5-bd7c0d74cec5" />
    <UnitTestResult executionId="eedd6749-ebdf-4158-b604-3b9ee3633152" testId="e291e379-cff4-4d38-fc6f-c18090c4d4ca" testName="OnlineSupermarket.Api.Tests.Endpoints.AdminJobEndpointsTests.GetJob_WhenNotFound_ShouldReturn404" computerName="MTM" duration="00:00:04.7300573" startTime="2026-09-07T10:04:44.1836029+07:00" endTime="2026-09-07T10:04:48.8732897+07:00" testType="13cdc9d9-ddb5-4fa4-a97d-d965ccfc6d4b" outcome="Passed" testListId="8c84fa94-04c1-424b-9868-57a2d4851a1d" relativeResultsDirectory="eedd6749-ebdf-4158-b604-3b9ee3633152" />
    <UnitTestResult executionId="0f641cc4-f603-4276-ba71-8c8724771307" testId="e818e7d8-3a20-a847-52e0-7742d6bdb928" testName="OnlineSupermarket.Api.Tests.Endpoints.AdminRecommendationEndpointsTests.AdminResults_IgnoresFailedRunRows" computerName="MTM" duration="00:00:01.0789495" startTime="2026-09-07T10:04:51.5555186+07:00" endTime="2026-09-07T10:04:52.6335073+07:00" testType="13cdc9d9-ddb5-4fa4-a97d-d965ccfc6d4b" outcome="Passed" testListId="8c84fa94-04c1-424b-9868-57a2d4851a1d" relativeResultsDirectory="0f641cc4-f603-4276-ba71-8c8724771307" />
    <UnitTestResult executionId="c7da114d-9c78-4351-8c31-26d8b32e9907" testId="e1fe979f-b049-a086-a08e-b16266ab662d" testName="OnlineSupermarket.Api.Tests.Endpoints.InventoryMutationEndpointTests.PaymentFailure_ReleasesReservationOnce" computerName="MTM" duration="00:00:01.0023619" startTime="2026-09-07T10:04:54.3068657+07:00" endTime="2026-09-07T10:04:55.3082443+07:00" testType="13cdc9d9-ddb5-4fa4-a97d-d965ccfc6d4b" outcome="Passed" testListId="8c84fa94-04c1-424b-9868-57a2d4851a1d" relativeResultsDirectory="c7da114d-9c78-4351-8c31-26d8b32e9907" />
    <UnitTestResult executionId="34f4bff8-bc63-49cd-b451-5e355bb98e8b" testId="ad25f070-e481-b4c9-7d00-7648a345e6b0" testName="OnlineSupermarket.Api.Tests.Endpoints.AdminCatalogEndpointsTests.AdminCatalog_WithCustomerToken_ReturnsForbidden(path: &quot;/api/admin/catalog/brands&quot;)" computerName="MTM" duration="00:00:04.7168561" startTime="2026-09-07T10:04:44.1833579+07:00" endTime="2026-09-07T10:04:48.8624110+07:00" testType="13cdc9d9-ddb5-4fa4-a97d-d965ccfc6d4b" outcome="Passed" testListId="8c84fa94-04c1-424b-9868-57a2d4851a1d" relativeResultsDirectory="34f4bff8-bc63-49cd-b451-5e355bb98e8b" />
    <UnitTestResult executionId="9d2727c8-0e1d-42fc-a6b7-30ac9d5c1d8b" testId="968c8623-e42b-2bca-127c-eb01e29ccf15" testName="OnlineSupermarket.Api.Tests.Endpoints.InventoryMutationEndpointTests.CancellingOrder_LogsReleaseTransactionOnce" computerName="MTM" duration="00:00:00.8715628" startTime="2026-09-07T10:04:53.4333221+07:00" endTime="2026-09-07T10:04:54.3051949+07:00" testType="13cdc9d9-ddb5-4fa4-a97d-d965ccfc6d4b" outcome="Passed" testListId="8c84fa94-04c1-424b-9868-57a2d4851a1d" relativeResultsDirectory="9d2727c8-0e1d-42fc-a6b7-30ac9d5c1d8b" />
    <UnitTestResult executionId="a83cc809-b856-4d58-bee8-5c352fdaad9c" testId="b5ab5610-2326-87c4-097a-9f35119b1ad7" testName="OnlineSupermarket.Api.Tests.Persistence.ProductViewEventConfigurationTests.ProductViewEvent_HasOptionalUserAndBranchForeignKeys" computerName="MTM" duration="00:00:00.0191978" startTime="2026-09-07T10:04:49.6299762+07:00" endTime="2026-09-07T10:04:49.6488941+07:00" testType="13cdc9d9-ddb5-4fa4-a97d-d965ccfc6d4b" outcome="Passed" testListId="8c84fa94-04c1-424b-9868-57a2d4851a1d" relativeResultsDirectory="a83cc809-b856-4d58-bee8-5c352fdaad9c" />
    <UnitTestResult executionId="8d7a94dc-33c0-4df3-bf1a-f41cd48f1b5d" testId="d17c6298-c9f9-746c-9a3d-fe19504223d2" testName="OnlineSupermarket.Api.Tests.Endpoints.InventoryIntelligenceEndpointsTests.GetTransactions_WithoutAuth_ReturnsUnauthorized" computerName="MTM" duration="00:00:01.0463254" startTime="2026-09-07T10:04:50.6347804+07:00" endTime="2026-09-07T10:04:51.6818167+07:00" testType="13cdc9d9-ddb5-4fa4-a97d-d965ccfc6d4b" outcome="Passed" testListId="8c84fa94-04c1-424b-9868-57a2d4851a1d" relativeResultsDirectory="8d7a94dc-33c0-4df3-bf1a-f41cd48f1b5d" />
    <UnitTestResult executionId="0b034e31-a673-41b2-ad7e-1b1bf060d3b8" testId="67b555a7-77f7-2f10-df61-4fb7308c0a23" testName="OnlineSupermarket.Api.Tests.Endpoints.AddressEndpointsTests.CreateAddress_SetsFirstAsDefault" computerName="MTM" duration="00:00:00.0481907" startTime="2026-09-07T10:04:48.9518994+07:00" endTime="2026-09-07T10:04:49.0018588+07:00" testType="13cdc9d9-ddb5-4fa4-a97d-d965ccfc6d4b" outcome="Passed" testListId="8c84fa94-04c1-424b-9868-57a2d4851a1d" relativeResultsDirectory="0b034e31-a673-41b2-ad7e-1b1bf060d3b8" />
    <UnitTestResult executionId="3ca64d4b-5221-4b6f-b924-d00c93afd54d" testId="90ba0644-b88f-f745-0d23-af090f665a65" testName="OnlineSupermarket.Api.Tests.Endpoints.InventoryIntelligenceEndpointsTests.ManualAdjustment_LogsLedgerRowWithActorAndReason" computerName="MTM" duration="00:00:04.1125282" startTime="2026-09-07T10:04:45.2567266+07:00" endTime="2026-09-07T10:04:49.3735871+07:00" testType="13cdc9d9-ddb5-4fa4-a97d-d965ccfc6d4b" outcome="Passed" testListId="8c84fa94-04c1-424b-9868-57a2d4851a1d" relativeResultsDirectory="3ca64d4b-5221-4b6f-b924-d00c93afd54d" />
    <UnitTestResult executionId="87a6165d-953f-4eec-863f-193ffbbf2712" testId="d67c6802-2c06-3408-1541-4cd6374cb069" testName="OnlineSupermarket.Api.Tests.Auth.AuthEndpointTests.Register_WithExistingEmail_ReturnsConflict" computerName="MTM" duration="00:00:00.0702791" startTime="2026-09-07T10:04:49.3881194+07:00" endTime="2026-09-07T10:04:49.4600717+07:00" testType="13cdc9d9-ddb5-4fa4-a97d-d965ccfc6d4b" outcome="Passed" testListId="8c84fa94-04c1-424b-9868-57a2d4851a1d" relativeResultsDirectory="87a6165d-953f-4eec-863f-193ffbbf2712" />
    <UnitTestResult executionId="d5b9ee74-f931-449c-b700-9da519b9e723" testId="562177fe-80ba-ccdd-b91d-c42c5378c2ef" testName="OnlineSupermarket.Api.Tests.Endpoints.PaymentCallbackEndpointsTests.Malformed_Callback_Returns400_BeforeSignatureBranch" computerName="MTM" duration="00:00:00.5269629" startTime="2026-09-07T10:04:56.1276953+07:00" endTime="2026-09-07T10:04:56.6527798+07:00" testType="13cdc9d9-ddb5-4fa4-a97d-d965ccfc6d4b" outcome="Passed" testListId="8c84fa94-04c1-424b-9868-57a2d4851a1d" relativeResultsDirectory="d5b9ee74-f931-449c-b700-9da519b9e723" />
    <UnitTestResult executionId="047e53fd-3d32-4fa3-9fb8-7143dc272884" testId="1a16eca8-ac72-c643-e138-6894d2f85e06" testName="OnlineSupermarket.Api.Tests.Endpoints.AdminCatalogEndpointsTests.CreateProduct_WithDuplicateSku_ReturnsConflict" computerName="MTM" duration="00:00:00.0396797" startTime="2026-09-07T10:04:51.8967488+07:00" endTime="2026-09-07T10:04:51.9368327+07:00" testType="13cdc9d9-ddb5-4fa4-a97d-d965ccfc6d4b" outcome="Passed" testListId="8c84fa94-04c1-424b-9868-57a2d4851a1d" relativeResultsDirectory="047e53fd-3d32-4fa3-9fb8-7143dc272884" />
    <UnitTestResult executionId="e0a055fe-de29-4386-b9e9-a42d3cad7155" testId="b95e10ec-15ac-3aa7-f2c9-356cf2a4a7a0" testName="OnlineSupermarket.Api.Tests.Endpoints.AdminCatalogEndpointsTests.CreateCategory_WithNullOrWhitespaceFields_ReturnsBadRequest(name: &quot;Valid Name&quot;, slug: null)" computerName="MTM" duration="00:00:00.0336968" startTime="2026-09-07T10:04:49.6920461+07:00" endTime="2026-09-07T10:04:49.7268476+07:00" testType="13cdc9d9-ddb5-4fa4-a97d-d965ccfc6d4b" outcome="Passed" testListId="8c84fa94-04c1-424b-9868-57a2d4851a1d" relativeResultsDirectory="e0a055fe-de29-4386-b9e9-a42d3cad7155" />
    <UnitTestResult executionId="98c68788-1071-4303-823e-82fcce8004fe" testId="a00b7908-e28f-fa34-8787-e148ca787087" testName="OnlineSupermarket.Api.Tests.Endpoints.ForecastEndpointsTests.GetForecast_WithUnsupportedHorizon_ReturnsBadRequest(horizon: 30)" computerName="MTM" duration="00:00:01.1837268" startTime="2026-09-07T10:04:50.1790402+07:00" endTime="2026-09-07T10:04:51.3632724+07:00" testType="13cdc9d9-ddb5-4fa4-a97d-d965ccfc6d4b" outcome="Passed" testListId="8c84fa94-04c1-424b-9868-57a2d4851a1d" relativeResultsDirectory="98c68788-1071-4303-823e-82fcce8004fe" />
    <UnitTestResult executionId="db508466-ed8a-4786-aad0-d9fb01f5b386" testId="f8a382ad-f65b-3173-b005-bcc6d4ac91f1" testName="OnlineSupermarket.Api.Tests.Auth.SecurityServiceTests.JwtTokenService_GeneratesAccessTokenAndRefreshToken" computerName="MTM" duration="00:00:00.0733695" startTime="2026-09-07T10:04:44.1835306+07:00" endTime="2026-09-07T10:04:44.2155552+07:00" testType="13cdc9d9-ddb5-4fa4-a97d-d965ccfc6d4b" outcome="Passed" testListId="8c84fa94-04c1-424b-9868-57a2d4851a1d" relativeResultsDirectory="db508466-ed8a-4786-aad0-d9fb01f5b386" />
    <UnitTestResult executionId="bd04d9f2-523a-4f27-9006-dc5e3125eb34" testId="abbf33ff-9634-c543-ce02-2460eac6e5bd" testName="OnlineSupermarket.Api.Tests.Endpoints.SessionMerge.Merge_IgnoresUserIdInBody" computerName="MTM" duration="00:00:01.0158498" startTime="2026-09-07T10:04:51.0392693+07:00" endTime="2026-09-07T10:04:52.0557030+07:00" testType="13cdc9d9-ddb5-4fa4-a97d-d965ccfc6d4b" outcome="Passed" testListId="8c84fa94-04c1-424b-9868-57a2d4851a1d" relativeResultsDirectory="bd04d9f2-523a-4f27-9006-dc5e3125eb34" />
    <UnitTestResult executionId="ac0ddf6f-f403-44b6-9dc9-1056595b0255" testId="88fa5c07-dcd0-78af-615a-3062487af34d" testName="OnlineSupermarket.Api.Tests.Endpoints.AdminCatalogEndpointsTests.PatchProductStatus_DeactivateAndActivate_ReturnsOk" computerName="MTM" duration="00:00:00.0395877" startTime="2026-09-07T10:04:51.0378360+07:00" endTime="2026-09-07T10:04:51.0778500+07:00" testType="13cdc9d9-ddb5-4fa4-a97d-d965ccfc6d4b" outcome="Passed" testListId="8c84fa94-04c1-424b-9868-57a2d4851a1d" relativeResultsDirectory="ac0ddf6f-f403-44b6-9dc9-1056595b0255" />
    <UnitTestResult executionId="3d5bad74-ce87-41e5-bc91-61ed6d48ef34" testId="0ee6a74c-9576-7cae-384b-fc7e906bd2eb" testName="OnlineSupermarket.Api.Tests.Endpoints.PaymentCallbackEndpointsTests.Missing_Or_Empty_Provider_Returns401_Not500(providerJson: &quot;null&quot;)" computerName="MTM" duration="00:00:01.1263951" startTime="2026-09-07T10:04:48.8478230+07:00" endTime="2026-09-07T10:04:49.9741545+07:00" testType="13cdc9d9-ddb5-4fa4-a97d-d965ccfc6d4b" outcome="Passed" testListId="8c84fa94-04c1-424b-9868-57a2d4851a1d" relativeResultsDirectory="3d5bad74-ce87-41e5-bc91-61ed6d48ef34" />
    <UnitTestResult executionId="1bd922b4-97fe-460e-b891-291b36a486ae" testId="a6fcac70-6798-8b05-5f53-ee96e4ef0036" testName="OnlineSupermarket.Api.Tests.Endpoints.PasswordResetEndpointsTests.ConfirmReset_WithExpiredToken_ReturnsBadRequest" computerName="MTM" duration="00:00:00.1127448" startTime="2026-09-07T10:04:49.1052092+07:00" endTime="2026-09-07T10:04:49.2188734+07:00" testType="13cdc9d9-ddb5-4fa4-a97d-d965ccfc6d4b" outcome="Passed" testListId="8c84fa94-04c1-424b-9868-57a2d4851a1d" relativeResultsDirectory="1bd922b4-97fe-460e-b891-291b36a486ae" />
    <UnitTestResult executionId="38b25fa9-872e-4eed-bd0a-eec5c4ab0d06" testId="03bf6e85-168c-7409-64d6-689c1605a3f7" testName="OnlineSupermarket.Api.Tests.Endpoints.InventoryMutationEndpointTests.Checkout_LogsReserveTransactionWithOrderReference" computerName="MTM" duration="00:00:01.0554208" startTime="2026-09-07T10:04:51.3593553+07:00" endTime="2026-09-07T10:04:52.4310697+07:00" testType="13cdc9d9-ddb5-4fa4-a97d-d965ccfc6d4b" outcome="Passed" testListId="8c84fa94-04c1-424b-9868-57a2d4851a1d" relativeResultsDirectory="38b25fa9-872e-4eed-bd0a-eec5c4ab0d06" />
    <UnitTestResult executionId="f92e2654-c982-4f36-bf7c-0104177f118e" testId="82bba4d5-657a-af9b-d693-dff7562ed824" testName="OnlineSupermarket.Api.Tests.Endpoints.UserEndpointsTests.UpdateProfile_WithEmptyRequiredField_ReturnsBadRequest" computerName="MTM" duration="00:00:00.1163530" startTime="2026-09-07T10:04:49.0192587+07:00" endTime="2026-09-07T10:04:49.1405924+07:00" testType="13cdc9d9-ddb5-4fa4-a97d-d965ccfc6d4b" outcome="Passed" testListId="8c84fa94-04c1-424b-9868-57a2d4851a1d" relativeResultsDirectory="f92e2654-c982-4f36-bf7c-0104177f118e" />
    <UnitTestResult executionId="6067a9ba-c360-427d-8df5-93b91d123d64" testId="56e3b6ff-9a07-8ed8-ea25-291c650f6147" testName="OnlineSupermarket.Api.Tests.Endpoints.PaymentCallbackEndpointsTests.Conflict_Returns409" computerName="MTM" duration="00:00:00.5385534" startTime="2026-09-07T10:04:58.3167750+07:00" endTime="2026-09-07T10:04:58.8555946+07:00" testType="13cdc9d9-ddb5-4fa4-a97d-d965ccfc6d4b" outcome="Passed" testListId="8c84fa94-04c1-424b-9868-57a2d4851a1d" relativeResultsDirectory="6067a9ba-c360-427d-8df5-93b91d123d64" />
    <UnitTestResult executionId="5c59ccdc-50ce-4244-8008-dd7f69dee7ae" testId="9abe7333-7dc7-1158-6a21-08c3c339f681" testName="OnlineSupermarket.Api.Tests.Endpoints.AdminCatalogEndpointsTests.CreateCategory_WithNullOrWhitespaceFields_ReturnsBadRequest(name: &quot;&quot;, slug: &quot;slug-valid&quot;)" computerName="MTM" duration="00:00:00.0462896" startTime="2026-09-07T10:04:49.6058054+07:00" endTime="2026-09-07T10:04:49.6544428+07:00" testType="13cdc9d9-ddb5-4fa4-a97d-d965ccfc6d4b" outcome="Passed" testListId="8c84fa94-04c1-424b-9868-57a2d4851a1d" relativeResultsDirectory="5c59ccdc-50ce-4244-8008-dd7f69dee7ae" />
    <UnitTestResult executionId="df430d54-479e-4664-abc1-ab48e553601f" testId="929117fc-a6fa-c7c0-e858-fd72bb00a905" testName="OnlineSupermarket.Api.Tests.Endpoints.RecommendationReadEndpointsTests.ProductRecommendations_WithSimilarRows_ReturnsSimilarScope" computerName="MTM" duration="00:00:00.7700441" startTime="2026-09-07T10:04:52.7454271+07:00" endTime="2026-09-07T10:04:53.5157682+07:00" testType="13cdc9d9-ddb5-4fa4-a97d-d965ccfc6d4b" outcome="Passed" testListId="8c84fa94-04c1-424b-9868-57a2d4851a1d" relativeResultsDirectory="df430d54-479e-4664-abc1-ab48e553601f" />
    <UnitTestResult executionId="828878c3-ef55-4d9e-aeca-3066dcf7b303" testId="80e51b92-a34a-486b-2a27-489db8e4309c" testName="OnlineSupermarket.Api.Tests.Persistence.ModelConfigurationTests.BranchInventory_UsesCompositeUniqueIndex" computerName="MTM" duration="00:00:01.0390432" startTime="2026-09-07T10:04:44.1834104+07:00" endTime="2026-09-07T10:04:45.1811389+07:00" testType="13cdc9d9-ddb5-4fa4-a97d-d965ccfc6d4b" outcome="Passed" testListId="8c84fa94-04c1-424b-9868-57a2d4851a1d" relativeResultsDirectory="828878c3-ef55-4d9e-aeca-3066dcf7b303" />
    <UnitTestResult executionId="b1cfd34c-8d07-4e8b-9230-e0d23f26ca99" testId="8fb3afb2-f13d-c268-0adc-0332527a889d" testName="OnlineSupermarket.Api.Tests.Endpoints.AdminCatalogEndpointsTests.CreateBrand_WithDuplicateSlugIgnoringCase_ReturnsConflict" computerName="MTM" duration="00:00:00.0375900" startTime="2026-09-07T10:04:50.6108170+07:00" endTime="2026-09-07T10:04:50.6490981+07:00" testType="13cdc9d9-ddb5-4fa4-a97d-d965ccfc6d4b" outcome="Passed" testListId="8c84fa94-04c1-424b-9868-57a2d4851a1d" relativeResultsDirectory="b1cfd34c-8d07-4e8b-9230-e0d23f26ca99" />
    <UnitTestResult executionId="a748a832-d396-4779-a609-d98897414b08" testId="6f181728-5e7e-597a-f06b-4e8337afcb9b" testName="OnlineSupermarket.Api.Tests.Endpoints.AdminCatalogEndpointsTests.UpdateCategory_WithNullOrWhitespaceFields_ReturnsBadRequest(name: &quot;Valid Name&quot;, slug: null)" computerName="MTM" duration="00:00:00.0593193" startTime="2026-09-07T10:04:49.3130429+07:00" endTime="2026-09-07T10:04:49.3785517+07:00" testType="13cdc9d9-ddb5-4fa4-a97d-d965ccfc6d4b" outcome="Passed" testListId="8c84fa94-04c1-424b-9868-57a2d4851a1d" relativeResultsDirectory="a748a832-d396-4779-a609-d98897414b08" />
    <UnitTestResult executionId="1dd66819-2f9d-4c9b-85d1-f47a5a27655b" testId="af516178-ceb2-f57b-e76e-df80c31b99a5" testName="OnlineSupermarket.Api.Tests.Endpoints.ForecastEndpointsTests.GetForecast_AsCustomer_Returns403" computerName="MTM" duration="00:00:00.5841647" startTime="2026-09-07T10:04:58.3355691+07:00" endTime="2026-09-07T10:04:58.9200458+07:00" testType="13cdc9d9-ddb5-4fa4-a97d-d965ccfc6d4b" outcome="Passed" testListId="8c84fa94-04c1-424b-9868-57a2d4851a1d" relativeResultsDirectory="1dd66819-2f9d-4c9b-85d1-f47a5a27655b" />
    <UnitTestResult executionId="77afe7d0-1cb6-4fe0-aa5b-fba8ca0288a2" testId="ce096e99-ac5a-cbe4-f9dd-4f22d73241c3" testName="OnlineSupermarket.Api.Tests.Endpoints.ForecastEndpointsTests.TriggerForecast_WhenAccepted_Returns202WithStatusUrl" computerName="MTM" duration="00:00:03.6979961" startTime="2026-09-07T10:04:45.2523410+07:00" endTime="2026-09-07T10:04:48.9511311+07:00" testType="13cdc9d9-ddb5-4fa4-a97d-d965ccfc6d4b" outcome="Passed" testListId="8c84fa94-04c1-424b-9868-57a2d4851a1d" relativeResultsDirectory="77afe7d0-1cb6-4fe0-aa5b-fba8ca0288a2" />
    <UnitTestResult executionId="06a3b093-d768-4da0-bd00-4f5c1b65560a" testId="dba42568-02f1-e2ad-f94f-e51edcb3f1f9" testName="OnlineSupermarket.Api.Tests.Endpoints.PaymentCallbackEndpointsTests.AlreadyProcessed_Returns200_NoRepeatedEffect" computerName="MTM" duration="00:00:00.6622797" startTime="2026-09-07T10:04:55.4626659+07:00" endTime="2026-09-07T10:04:56.1252794+07:00" testType="13cdc9d9-ddb5-4fa4-a97d-d965ccfc6d4b" outcome="Passed" testListId="8c84fa94-04c1-424b-9868-57a2d4851a1d" relativeResultsDirectory="06a3b093-d768-4da0-bd00-4f5c1b65560a" />
    <UnitTestResult executionId="d392bf39-e6e2-4d33-b141-80ce374f5c52" testId="cadaa73d-3cd3-476d-cf37-527a208b2c70" testName="OnlineSupermarket.Api.Tests.Endpoints.AdminCatalogEndpointsTests.UpdateCategory_WithNullOrWhitespaceFields_ReturnsBadRequest(name: &quot;Valid Name&quot;, slug: &quot;&quot;)" computerName="MTM" duration="00:00:00.0370011" startTime="2026-09-07T10:04:49.2244863+07:00" endTime="2026-09-07T10:04:49.2626612+07:00" testType="13cdc9d9-ddb5-4fa4-a97d-d965ccfc6d4b" outcome="Passed" testListId="8c84fa94-04c1-424b-9868-57a2d4851a1d" relativeResultsDirectory="d392bf39-e6e2-4d33-b141-80ce374f5c52" />
    <UnitTestResult executionId="24aced3d-7480-48af-97e3-9c46c587d289" testId="a38ec20b-b46a-ee59-8e2f-cbfabd7cd867" testName="OnlineSupermarket.Api.Tests.Endpoints.AdminCatalogEndpointsTests.UpdateCategory_WithSelfParent_ReturnsBadRequest" computerName="MTM" duration="00:00:00.0481928" startTime="2026-09-07T10:04:50.0912068+07:00" endTime="2026-09-07T10:04:50.1400665+07:00" testType="13cdc9d9-ddb5-4fa4-a97d-d965ccfc6d4b" outcome="Passed" testListId="8c84fa94-04c1-424b-9868-57a2d4851a1d" relativeResultsDirectory="24aced3d-7480-48af-97e3-9c46c587d289" />
    <UnitTestResult executionId="1098a290-3527-4135-b076-2550592f3a5d" testId="32b81835-2304-10e2-3174-947b7372a4d5" testName="OnlineSupermarket.Api.Tests.Endpoints.AdminCatalogEndpointsTests.CreateProduct_WithValidData_ReturnsCreated" computerName="MTM" duration="00:00:00.1940653" startTime="2026-09-07T10:04:48.9707609+07:00" endTime="2026-09-07T10:04:49.1674208+07:00" testType="13cdc9d9-ddb5-4fa4-a97d-d965ccfc6d4b" outcome="Passed" testListId="8c84fa94-04c1-424b-9868-57a2d4851a1d" relativeResultsDirectory="1098a290-3527-4135-b076-2550592f3a5d" />
    <UnitTestResult executionId="304dfe7d-4b5f-423a-b712-d8facbc7b9dd" testId="5b55339a-caef-efb6-f17a-8246f28f1c02" testName="OnlineSupermarket.Api.Tests.Auth.AuthEndpointTests.Logout_RevokesRefreshToken" computerName="MTM" duration="00:00:03.7964397" startTime="2026-09-07T10:04:45.2572514+07:00" endTime="2026-09-07T10:04:49.0525621+07:00" testType="13cdc9d9-ddb5-4fa4-a97d-d965ccfc6d4b" outcome="Passed" testListId="8c84fa94-04c1-424b-9868-57a2d4851a1d" relativeResultsDirectory="304dfe7d-4b5f-423a-b712-d8facbc7b9dd" />
    <UnitTestResult executionId="0541a5f8-c3e2-4081-ab44-c5e8874173a9" testId="c4a96b24-778a-d85d-f09c-12f5f762b52c" testName="OnlineSupermarket.Api.Tests.Endpoints.AdminCatalogEndpointsTests.CreateBrand_WithNullOrWhitespaceFields_ReturnsBadRequest(name: &quot;Valid Name&quot;, slug: null)" computerName="MTM" duration="00:00:00.0478101" startTime="2026-09-07T10:04:50.0534123+07:00" endTime="2026-09-07T10:04:50.0907131+07:00" testType="13cdc9d9-ddb5-4fa4-a97d-d965ccfc6d4b" outcome="Passed" testListId="8c84fa94-04c1-424b-9868-57a2d4851a1d" relativeResultsDirectory="0541a5f8-c3e2-4081-ab44-c5e8874173a9" />
    <UnitTestResult executionId="8dc436b8-a25b-463b-a906-9c106cf1a4d2" testId="893283f6-2103-2a79-edac-2b240ca22ea4" testName="OnlineSupermarket.Api.Tests.Endpoints.CheckoutCouponTests.Checkout_WithValidCoupon_AppliesDiscountAndIncrementsUsage" computerName="MTM" duration="00:00:00.9230678" startTime="2026-09-07T10:04:54.4849756+07:00" endTime="2026-09-07T10:04:55.4084833+07:00" testType="13cdc9d9-ddb5-4fa4-a97d-d965ccfc6d4b" outcome="Passed" testListId="8c84fa94-04c1-424b-9868-57a2d4851a1d" relativeResultsDirectory="8dc436b8-a25b-463b-a906-9c106cf1a4d2" />
    <UnitTestResult executionId="e3f61f4b-18ee-4b6a-a5b4-f3d12af4900f" testId="5d9e9e36-c68f-a16e-c5c2-c85c3baa832c" testName="OnlineSupermarket.Api.Tests.Endpoints.AdminCatalogEndpointsTests.CreateCategory_WithNullOrWhitespaceFields_ReturnsBadRequest(name: &quot;Valid Name&quot;, slug: &quot;&quot;)" computerName="MTM" duration="00:00:00.0363976" startTime="2026-09-07T10:04:49.6549358+07:00" endTime="2026-09-07T10:04:49.6917314+07:00" testType="13cdc9d9-ddb5-4fa4-a97d-d965ccfc6d4b" outcome="Passed" testListId="8c84fa94-04c1-424b-9868-57a2d4851a1d" relativeResultsDirectory="e3f61f4b-18ee-4b6a-a5b4-f3d12af4900f" />
    <UnitTestResult executionId="7d4dae37-3f33-427f-b255-01d9f2a5bb18" testId="967cac99-5635-b1c1-4230-a3690f16d88d" testName="OnlineSupermarket.Api.Tests.Endpoints.PasswordResetEndpointsTests.ConfirmReset_TokenCannotBeUsedTwice" computerName="MTM" duration="00:00:00.1163524" startTime="2026-09-07T10:04:49.5713693+07:00" endTime="2026-09-07T10:04:49.6881453+07:00" testType="13cdc9d9-ddb5-4fa4-a97d-d965ccfc6d4b" outcome="Passed" testListId="8c84fa94-04c1-424b-9868-57a2d4851a1d" relativeResultsDirectory="7d4dae37-3f33-427f-b255-01d9f2a5bb18" />
    <UnitTestResult executionId="2621dc93-d08c-4624-87a1-af69486baf65" testId="f136e1aa-258e-d05d-47d9-5c4ab906b745" testName="OnlineSupermarket.Api.Tests.Endpoints.AdminRecommendationEndpointsTests.TriggerRun_WithActiveLock_Returns409" computerName="MTM" duration="00:00:00.9419820" startTime="2026-09-07T10:04:54.3411946+07:00" endTime="2026-09-07T10:04:55.2836518+07:00" testType="13cdc9d9-ddb5-4fa4-a97d-d965ccfc6d4b" outcome="Passed" testListId="8c84fa94-04c1-424b-9868-57a2d4851a1d" relativeResultsDirectory="2621dc93-d08c-4624-87a1-af69486baf65" />
    <UnitTestResult executionId="0ff472bd-c93d-4aad-8cb1-ee508ccc8b81" testId="dc2387c2-9cd7-dfa1-df79-2bc84d7ab141" testName="OnlineSupermarket.Api.Tests.Endpoints.CheckoutCouponTests.Checkout_WithUnknownCoupon_ReturnsBadRequest" computerName="MTM" duration="00:00:00.9312550" startTime="2026-09-07T10:04:51.9443306+07:00" endTime="2026-09-07T10:04:52.8747952+07:00" testType="13cdc9d9-ddb5-4fa4-a97d-d965ccfc6d4b" outcome="Passed" testListId="8c84fa94-04c1-424b-9868-57a2d4851a1d" relativeResultsDirectory="0ff472bd-c93d-4aad-8cb1-ee508ccc8b81" />
    <UnitTestResult executionId="b0003fcd-bf0f-4af3-8737-02d37f605097" testId="5f0b262c-b47b-15bc-09ad-f240244e87fb" testName="OnlineSupermarket.Api.Tests.Endpoints.RecommendationReadEndpointsTests.Homepage_WhenUserRowsExpired_FallsBackToGlobalWith200" computerName="MTM" duration="00:00:01.3670357" startTime="2026-09-07T10:04:49.2886687+07:00" endTime="2026-09-07T10:04:50.6674758+07:00" testType="13cdc9d9-ddb5-4fa4-a97d-d965ccfc6d4b" outcome="Passed" testListId="8c84fa94-04c1-424b-9868-57a2d4851a1d" relativeResultsDirectory="b0003fcd-bf0f-4af3-8737-02d37f605097" />
    <UnitTestResult executionId="b36e842c-a9f0-49a3-968a-7b022b8f76dc" testId="33589157-958e-eb31-4a8c-d860a6b4e36d" testName="OnlineSupermarket.Api.Tests.Endpoints.AdminCatalogEndpointsTests.PatchCategoryStatus_Deactivate_WithActiveChildren_ReturnsConflict" computerName="MTM" duration="00:00:00.0392389" startTime="2026-09-07T10:04:51.7410710+07:00" endTime="2026-09-07T10:04:51.7807492+07:00" testType="13cdc9d9-ddb5-4fa4-a97d-d965ccfc6d4b" outcome="Passed" testListId="8c84fa94-04c1-424b-9868-57a2d4851a1d" relativeResultsDirectory="b36e842c-a9f0-49a3-968a-7b022b8f76dc" />
    <UnitTestResult executionId="73e5d44e-39f3-4452-aec1-0395927c807b" testId="76a12438-009d-ab7d-01ad-3273a3080ab7" testName="OnlineSupermarket.Api.Tests.Endpoints.CatalogEndpointsTests.PublicCatalog_MultiLevelCategoryFilter_ReturnsProductsAcrossAllDescendantLevels" computerName="MTM" duration="00:00:00.0155029" startTime="2026-09-07T10:04:49.5331255+07:00" endTime="2026-09-07T10:04:49.5507745+07:00" testType="13cdc9d9-ddb5-4fa4-a97d-d965ccfc6d4b" outcome="Passed" testListId="8c84fa94-04c1-424b-9868-57a2d4851a1d" relativeResultsDirectory="73e5d44e-39f3-4452-aec1-0395927c807b" />
    <UnitTestResult executionId="86dd32e3-380b-4649-9036-781e3e8fb007" testId="7203c7bf-3c76-0980-fafa-e8d5a069b203" testName="OnlineSupermarket.Api.Tests.Endpoints.AdminCatalogEndpointsTests.PatchBrandStatus_Deactivate_WithActiveProducts_ReturnsConflict" computerName="MTM" duration="00:00:00.0338762" startTime="2026-09-07T10:04:51.6308116+07:00" endTime="2026-09-07T10:04:51.6652320+07:00" testType="13cdc9d9-ddb5-4fa4-a97d-d965ccfc6d4b" outcome="Passed" testListId="8c84fa94-04c1-424b-9868-57a2d4851a1d" relativeResultsDirectory="86dd32e3-380b-4649-9036-781e3e8fb007" />
    <UnitTestResult executionId="4dad8736-1946-4343-bcbb-e9426864639a" testId="d5603e26-e8cf-70bf-b953-3be2bd72e20d" testName="OnlineSupermarket.Api.Tests.Endpoints.AdminRecommendationEndpointsTests.TriggerRun_WithoutAuthentication_Returns401" computerName="MTM" duration="00:00:01.1099213" startTime="2026-09-07T10:04:49.2688347+07:00" endTime="2026-09-07T10:04:50.3793235+07:00" testType="13cdc9d9-ddb5-4fa4-a97d-d965ccfc6d4b" outcome="Passed" testListId="8c84fa94-04c1-424b-9868-57a2d4851a1d" relativeResultsDirectory="4dad8736-1946-4343-bcbb-e9426864639a" />
    <UnitTestResult executionId="544e7860-ae40-408d-a0f2-1edc994031e3" testId="c43a2526-097e-132a-bfdf-0d3fc77fe0ea" testName="OnlineSupermarket.Api.Tests.Endpoints.ReviewEndpointsTests.GetProductReviews_ReturnsAggregatesAndPaginatedList" computerName="MTM" duration="00:00:00.1772048" startTime="2026-09-07T10:04:49.7213746+07:00" endTime="2026-09-07T10:04:49.8994034+07:00" testType="13cdc9d9-ddb5-4fa4-a97d-d965ccfc6d4b" outcome="Passed" testListId="8c84fa94-04c1-424b-9868-57a2d4851a1d" relativeResultsDirectory="544e7860-ae40-408d-a0f2-1edc994031e3" />
    <UnitTestResult executionId="2062ec37-b304-4b49-96fb-40e5ee9dd1e3" testId="dc00b570-8427-6bb8-e6bc-4b9da83c4b0e" testName="OnlineSupermarket.Api.Tests.Endpoints.AdminCatalogEndpointsTests.GetProducts_WithFiltersAndPagination_ReturnsPaginatedResult" computerName="MTM" duration="00:00:00.1577591" startTime="2026-09-07T10:04:51.2188346+07:00" endTime="2026-09-07T10:04:51.3769963+07:00" testType="13cdc9d9-ddb5-4fa4-a97d-d965ccfc6d4b" outcome="Passed" testListId="8c84fa94-04c1-424b-9868-57a2d4851a1d" relativeResultsDirectory="2062ec37-b304-4b49-96fb-40e5ee9dd1e3" />
    <UnitTestResult executionId="757a1c41-5d3b-42e2-8c78-6d5622757119" testId="c61b2a9f-ed77-0bd4-f56f-16803308f50f" testName="OnlineSupermarket.Api.Tests.Endpoints.InventoryIntelligenceEndpointsTests.GetTransactions_IsPaginatedAndOrdered" computerName="MTM" duration="00:00:01.2596950" startTime="2026-09-07T10:04:49.3740380+07:00" endTime="2026-09-07T10:04:50.6343763+07:00" testType="13cdc9d9-ddb5-4fa4-a97d-d965ccfc6d4b" outcome="Passed" testListId="8c84fa94-04c1-424b-9868-57a2d4851a1d" relativeResultsDirectory="757a1c41-5d3b-42e2-8c78-6d5622757119" />
    <UnitTestResult executionId="56189404-67cd-4683-a229-5d20750b7b7b" testId="a9a4cb1e-eb83-cf55-a70a-2da26ad3e53a" testName="OnlineSupermarket.Api.Tests.Endpoints.CheckoutCouponTests.ValidateCoupon_WithUnknownCode_ReturnsInvalid" computerName="MTM" duration="00:00:01.1945676" startTime="2026-09-07T10:04:49.6504772+07:00" endTime="2026-09-07T10:04:50.8455128+07:00" testType="13cdc9d9-ddb5-4fa4-a97d-d965ccfc6d4b" outcome="Passed" testListId="8c84fa94-04c1-424b-9868-57a2d4851a1d" relativeResultsDirectory="56189404-67cd-4683-a229-5d20750b7b7b" />
    <UnitTestResult executionId="75777d65-3ac6-4756-879c-301b2851575b" testId="9c49ad64-dfdf-55ea-8d8d-6be6c4df8f38" testName="OnlineSupermarket.Api.Tests.Endpoints.AdminCatalogEndpointsTests.CreateBrand_WithValidData_ReturnsCreated" computerName="MTM" duration="00:00:00.0626346" startTime="2026-09-07T10:04:50.6495282+07:00" endTime="2026-09-07T10:04:50.7129599+07:00" testType="13cdc9d9-ddb5-4fa4-a97d-d965ccfc6d4b" outcome="Passed" testListId="8c84fa94-04c1-424b-9868-57a2d4851a1d" relativeResultsDirectory="75777d65-3ac6-4756-879c-301b2851575b" />
    <UnitTestResult executionId="4d108594-a072-4b16-82b9-3bb598f260d8" testId="0702335e-268f-70bd-c17c-1bf1465992e6" testName="OnlineSupermarket.Api.Tests.Endpoints.AdminCatalogEndpointsTests.CreateBrand_WithNullOrWhitespaceFields_ReturnsBadRequest(name: &quot;&quot;, slug: &quot;slug-valid&quot;)" computerName="MTM" duration="00:00:00.0494492" startTime="2026-09-07T10:04:49.9253284+07:00" endTime="2026-09-07T10:04:49.9739388+07:00" testType="13cdc9d9-ddb5-4fa4-a97d-d965ccfc6d4b" outcome="Passed" testListId="8c84fa94-04c1-424b-9868-57a2d4851a1d" relativeResultsDirectory="4d108594-a072-4b16-82b9-3bb598f260d8" />
    <UnitTestResult executionId="bae9bf84-5304-4385-9c60-909cecc961a7" testId="7bf6f141-61fe-6059-5c6a-97165614c4d6" testName="OnlineSupermarket.Api.Tests.Endpoints.CatalogEndpointsTests.PublicCatalog_MultiLevelCategoryHierarchy_HidesDescendantsWhenRootAncestorInactive" computerName="MTM" duration="00:00:00.0427583" startTime="2026-09-07T10:04:49.2084953+07:00" endTime="2026-09-07T10:04:49.2598975+07:00" testType="13cdc9d9-ddb5-4fa4-a97d-d965ccfc6d4b" outcome="Passed" testListId="8c84fa94-04c1-424b-9868-57a2d4851a1d" relativeResultsDirectory="bae9bf84-5304-4385-9c60-909cecc961a7" />
    <UnitTestResult executionId="a7795ceb-2789-4249-8313-cea05ff7020c" testId="dd5f9c04-5d7d-1e6e-3b4c-119041e72a7b" testName="OnlineSupermarket.Api.Tests.Endpoints.AddressEndpointsTests.SetAddressAsDefault_OnAlreadyDefaultAddress_KeepsItDefault" computerName="MTM" duration="00:00:00.2155560" startTime="2026-09-07T10:04:49.0497083+07:00" endTime="2026-09-07T10:04:49.2661846+07:00" testType="13cdc9d9-ddb5-4fa4-a97d-d965ccfc6d4b" outcome="Passed" testListId="8c84fa94-04c1-424b-9868-57a2d4851a1d" relativeResultsDirectory="a7795ceb-2789-4249-8313-cea05ff7020c" />
    <UnitTestResult executionId="ecd7f552-cb8f-4f53-a69a-8c4417e53a52" testId="406c4289-c45f-933b-87e1-e55cb1c42ebd" testName="OnlineSupermarket.Api.Tests.Endpoints.AddressEndpointsTests.CreateAddress_FirstAddressGetsIsDefault" computerName="MTM" duration="00:00:00.0466994" startTime="2026-09-07T10:04:49.0023938+07:00" endTime="2026-09-07T10:04:49.0493439+07:00" testType="13cdc9d9-ddb5-4fa4-a97d-d965ccfc6d4b" outcome="Passed" testListId="8c84fa94-04c1-424b-9868-57a2d4851a1d" relativeResultsDirectory="ecd7f552-cb8f-4f53-a69a-8c4417e53a52" />
    <UnitTestResult executionId="82cc6c2e-db19-48c5-b080-d062c3317d39" testId="78639b35-3b8e-adc8-d2f7-4669a8f11550" testName="OnlineSupermarket.Api.Tests.Endpoints.AdminPromotionEndpointsTests.List_AsAdmin_ReturnsSeededPromotions" computerName="MTM" duration="00:00:00.8735652" startTime="2026-09-07T10:04:53.0913502+07:00" endTime="2026-09-07T10:04:53.9653134+07:00" testType="13cdc9d9-ddb5-4fa4-a97d-d965ccfc6d4b" outcome="Passed" testListId="8c84fa94-04c1-424b-9868-57a2d4851a1d" relativeResultsDirectory="82cc6c2e-db19-48c5-b080-d062c3317d39" />
    <UnitTestResult executionId="278b3117-9eeb-45f1-a6e5-a19e832e567d" testId="c563165b-8319-cdef-e94a-dab4f09427d5" testName="OnlineSupermarket.Api.Tests.Endpoints.RecommendationReadEndpointsTests.Homepage_WithBranchFilter_HidesUnavailableAndInactiveItems" computerName="MTM" duration="00:00:00.9998441" startTime="2026-09-07T10:04:51.7459875+07:00" endTime="2026-09-07T10:04:52.7450909+07:00" testType="13cdc9d9-ddb5-4fa4-a97d-d965ccfc6d4b" outcome="Passed" testListId="8c84fa94-04c1-424b-9868-57a2d4851a1d" relativeResultsDirectory="278b3117-9eeb-45f1-a6e5-a19e832e567d" />
    <UnitTestResult executionId="0ba77d91-3464-4606-896e-2e81b083a6b5" testId="5412d7bc-cc5a-70b8-a4f0-66367ac0e289" testName="OnlineSupermarket.Api.Tests.Endpoints.ReviewEndpointsTests.CreateReview_WhenOrderNotCompleted_ReturnsConflict" computerName="MTM" duration="00:00:00.0920046" startTime="2026-09-07T10:04:49.4097430+07:00" endTime="2026-09-07T10:04:49.5146381+07:00" testType="13cdc9d9-ddb5-4fa4-a97d-d965ccfc6d4b" outcome="Passed" testListId="8c84fa94-04c1-424b-9868-57a2d4851a1d" relativeResultsDirectory="0ba77d91-3464-4606-896e-2e81b083a6b5" />
    <UnitTestResult executionId="0be0534e-c4aa-4190-9c3a-eb9a4828ec6d" testId="ae49ad51-830f-568d-f7b0-40443fa5d955" testName="OnlineSupermarket.Api.Tests.Endpoints.AdminCatalogEndpointsTests.GetBrands_ReturnsOrderedBrands" computerName="MTM" duration="00:00:00.0835448" startTime="2026-09-07T10:04:51.7809920+07:00" endTime="2026-09-07T10:04:51.8652086+07:00" testType="13cdc9d9-ddb5-4fa4-a97d-d965ccfc6d4b" outcome="Passed" testListId="8c84fa94-04c1-424b-9868-57a2d4851a1d" relativeResultsDirectory="0be0534e-c4aa-4190-9c3a-eb9a4828ec6d" />
    <UnitTestResult executionId="e878aed2-7c2b-4bfc-b605-73ce3a8122e7" testId="0ec64bff-dbaf-973a-fae4-7b739d65c3ae" testName="OnlineSupermarket.Api.Tests.Endpoints.AdminBranchEndpointsTests.List_AsCustomer_ReturnsForbidden" computerName="MTM" duration="00:00:00.7935005" startTime="2026-09-07T10:04:52.8673206+07:00" endTime="2026-09-07T10:04:53.6414652+07:00" testType="13cdc9d9-ddb5-4fa4-a97d-d965ccfc6d4b" outcome="Passed" testListId="8c84fa94-04c1-424b-9868-57a2d4851a1d" relativeResultsDirectory="e878aed2-7c2b-4bfc-b605-73ce3a8122e7" />
    <UnitTestResult executionId="c96144b0-b798-444b-b7e8-cc9d821b2b56" testId="66bf015b-fa7b-ec0c-2218-c96b701ca2f1" testName="OnlineSupermarket.Api.Tests.Endpoints.AdminCatalogEndpointsTests.UpdateProduct_ChangingToInactiveCategory_ReturnsConflict" computerName="MTM" duration="00:00:00.0497774" startTime="2026-09-07T10:04:51.0897840+07:00" endTime="2026-09-07T10:04:51.1283630+07:00" testType="13cdc9d9-ddb5-4fa4-a97d-d965ccfc6d4b" outcome="Passed" testListId="8c84fa94-04c1-424b-9868-57a2d4851a1d" relativeResultsDirectory="c96144b0-b798-444b-b7e8-cc9d821b2b56" />
    <UnitTestResult executionId="08557d11-3522-4f5e-85f7-5f2fc0f76646" testId="89a8818b-eadb-82b2-8f3c-62e4e09b4006" testName="OnlineSupermarket.Api.Tests.Endpoints.AddressEndpointsTests.UpdateAddress_WithEmptyRequiredField_ReturnsBadRequest" computerName="MTM" duration="00:00:00.0694285" startTime="2026-09-07T10:04:49.2679974+07:00" endTime="2026-09-07T10:04:49.3469334+07:00" testType="13cdc9d9-ddb5-4fa4-a97d-d965ccfc6d4b" outcome="Passed" testListId="8c84fa94-04c1-424b-9868-57a2d4851a1d" relativeResultsDirectory="08557d11-3522-4f5e-85f7-5f2fc0f76646" />
    <UnitTestResult executionId="5bce7d4d-7ed1-4b58-9ee9-d2c921975da1" testId="0e617e9d-c96a-cc25-5fee-8eb999f4fa38" testName="OnlineSupermarket.Api.Tests.Persistence.RecommendationResultConfigurationTests.RecommendationResult_HasRequiredFksOnOwners" computerName="MTM" duration="00:00:00.0706910" startTime="2026-09-07T10:04:45.1820202+07:00" endTime="2026-09-07T10:04:45.2528050+07:00" testType="13cdc9d9-ddb5-4fa4-a97d-d965ccfc6d4b" outcome="Passed" testListId="8c84fa94-04c1-424b-9868-57a2d4851a1d" relativeResultsDirectory="5bce7d4d-7ed1-4b58-9ee9-d2c921975da1" />
    <UnitTestResult executionId="708d08ab-6e27-4258-975c-dead35f3ec0a" testId="013c6151-ba83-87bc-5902-729d6bf6d0d1" testName="OnlineSupermarket.Api.Tests.HealthEndpointTests.GetHealth_ReturnsOkPayload" computerName="MTM" duration="00:00:00.5069643" startTime="2026-09-07T10:05:01.6029572+07:00" endTime="2026-09-07T10:05:02.1105256+07:00" testType="13cdc9d9-ddb5-4fa4-a97d-d965ccfc6d4b" outcome="Passed" testListId="8c84fa94-04c1-424b-9868-57a2d4851a1d" relativeResultsDirectory="708d08ab-6e27-4258-975c-dead35f3ec0a" />
    <UnitTestResult executionId="bf34e411-12da-49e2-b070-0ec2f6cbcc76" testId="f0754f79-4294-b5ee-9faf-bfa9f7ba06a1" testName="OnlineSupermarket.Api.Tests.Endpoints.ReviewEndpointsTests.GetReviewById_WhenExists_ReturnsReviewDto" computerName="MTM" duration="00:00:00.2099115" startTime="2026-09-07T10:04:49.9695900+07:00" endTime="2026-09-07T10:04:50.1704743+07:00" testType="13cdc9d9-ddb5-4fa4-a97d-d965ccfc6d4b" outcome="Passed" testListId="8c84fa94-04c1-424b-9868-57a2d4851a1d" relativeResultsDirectory="bf34e411-12da-49e2-b070-0ec2f6cbcc76" />
    <UnitTestResult executionId="a3835b2c-769d-4809-b563-fc9d0df9aa49" testId="cda03b49-8b96-eeeb-90dd-0d3f39034167" testName="OnlineSupermarket.Api.Tests.Persistence.RecommendationResultConfigurationTests.RecommendationResult_ScoreHasPrecisionAndRankRequired" computerName="MTM" duration="00:00:00.0008805" startTime="2026-09-07T10:04:45.2563350+07:00" endTime="2026-09-07T10:04:45.2567851+07:00" testType="13cdc9d9-ddb5-4fa4-a97d-d965ccfc6d4b" outcome="Passed" testListId="8c84fa94-04c1-424b-9868-57a2d4851a1d" relativeResultsDirectory="a3835b2c-769d-4809-b563-fc9d0df9aa49" />
    <UnitTestResult executionId="042add5a-d95c-45a1-bf85-ac3f0e177e04" testId="aceb7500-ff1b-1b61-fa46-3d468e8ed600" testName="OnlineSupermarket.Api.Tests.Endpoints.AdminRecommendationEndpointsTests.AdminResults_AsAdmin_ReturnsScopeFilteredSample" computerName="MTM" duration="00:00:01.1737494" startTime="2026-09-07T10:04:50.3914125+07:00" endTime="2026-09-07T10:04:51.5538084+07:00" testType="13cdc9d9-ddb5-4fa4-a97d-d965ccfc6d4b" outcome="Passed" testListId="8c84fa94-04c1-424b-9868-57a2d4851a1d" relativeResultsDirectory="042add5a-d95c-45a1-bf85-ac3f0e177e04" />
    <UnitTestResult executionId="6c6294cb-0687-4a8c-85ed-92dfeb4035c0" testId="83ca9ecb-1705-f49a-8517-cb7db5aae8d2" testName="OnlineSupermarket.Api.Tests.Endpoints.PaymentCallbackEndpointsTests.PaymentNotFound_Returns404" computerName="MTM" duration="00:00:00.5497182" startTime="2026-09-07T10:04:57.1902760+07:00" endTime="2026-09-07T10:04:57.7401163+07:00" testType="13cdc9d9-ddb5-4fa4-a97d-d965ccfc6d4b" outcome="Passed" testListId="8c84fa94-04c1-424b-9868-57a2d4851a1d" relativeResultsDirectory="6c6294cb-0687-4a8c-85ed-92dfeb4035c0" />
    <UnitTestResult executionId="047c0ade-7e59-40f2-a3e1-797ad1fc3d8e" testId="8dbf365e-f2c1-ac62-f3f9-04822e14d078" testName="OnlineSupermarket.Api.Tests.Endpoints.AdminCatalogEndpointsTests.UpdateBrand_WithDuplicateSlug_ReturnsConflict" computerName="MTM" duration="00:00:00.0399096" startTime="2026-09-07T10:04:50.1409768+07:00" endTime="2026-09-07T10:04:50.1803599+07:00" testType="13cdc9d9-ddb5-4fa4-a97d-d965ccfc6d4b" outcome="Passed" testListId="8c84fa94-04c1-424b-9868-57a2d4851a1d" relativeResultsDirectory="047c0ade-7e59-40f2-a3e1-797ad1fc3d8e" />
    <UnitTestResult executionId="8a1818eb-c231-4819-8e26-40e7b982cc9a" testId="aa332ea7-50d7-6d3d-75e7-011483bbd286" testName="OnlineSupermarket.Api.Tests.Endpoints.AdminCatalogEndpointsTests.CreateCategory_WithNullOrWhitespaceFields_ReturnsBadRequest(name: &quot;Valid Name&quot;, slug: &quot;   &quot;)" computerName="MTM" duration="00:00:00.0696153" startTime="2026-09-07T10:04:49.5357131+07:00" endTime="2026-09-07T10:04:49.6054920+07:00" testType="13cdc9d9-ddb5-4fa4-a97d-d965ccfc6d4b" outcome="Passed" testListId="8c84fa94-04c1-424b-9868-57a2d4851a1d" relativeResultsDirectory="8a1818eb-c231-4819-8e26-40e7b982cc9a" />
    <UnitTestResult executionId="8d64c72a-ac70-415d-9ce9-616c6168e6c5" testId="b77c3491-fa93-51d3-66df-609d981b8320" testName="OnlineSupermarket.Api.Tests.Endpoints.ReviewEndpointsTests.GetReviewEligibility_WithTarget_ProductMismatch_Returns400" computerName="MTM" duration="00:00:00.0719446" startTime="2026-09-07T10:04:50.4008225+07:00" endTime="2026-09-07T10:04:50.4731527+07:00" testType="13cdc9d9-ddb5-4fa4-a97d-d965ccfc6d4b" outcome="Passed" testListId="8c84fa94-04c1-424b-9868-57a2d4851a1d" relativeResultsDirectory="8d64c72a-ac70-415d-9ce9-616c6168e6c5" />
    <UnitTestResult executionId="a6b76177-ba37-44b0-8882-7f6820cc6242" testId="27a285c8-2cd2-c505-706a-54fa3a0b5e8e" testName="OnlineSupermarket.Api.Tests.Endpoints.AdminCatalogEndpointsTests.UpdateCategory_WithNullOrWhitespaceFields_ReturnsBadRequest(name: &quot;&quot;, slug: &quot;slug-valid&quot;)" computerName="MTM" duration="00:00:00.0552138" startTime="2026-09-07T10:04:49.1678167+07:00" endTime="2026-09-07T10:04:49.2239363+07:00" testType="13cdc9d9-ddb5-4fa4-a97d-d965ccfc6d4b" outcome="Passed" testListId="8c84fa94-04c1-424b-9868-57a2d4851a1d" relativeResultsDirectory="a6b76177-ba37-44b0-8882-7f6820cc6242" />
    <UnitTestResult executionId="e7cb1793-6533-4593-88de-707da794f821" testId="5b46f0d2-22e3-a06d-4416-929148b654f0" testName="OnlineSupermarket.Api.Tests.Endpoints.ReviewEndpointsTests.CreateReview_WhenProductIsInactive_ReturnsNotFound" computerName="MTM" duration="00:00:00.0608798" startTime="2026-09-07T10:04:50.2941134+07:00" endTime="2026-09-07T10:04:50.3553640+07:00" testType="13cdc9d9-ddb5-4fa4-a97d-d965ccfc6d4b" outcome="Passed" testListId="8c84fa94-04c1-424b-9868-57a2d4851a1d" relativeResultsDirectory="e7cb1793-6533-4593-88de-707da794f821" />
    <UnitTestResult executionId="6d91605b-70ab-41da-8c77-766e2f3ae4bd" testId="a7c06acd-e0a4-11db-a6d5-0f654d8b5178" testName="OnlineSupermarket.Api.Tests.Endpoints.AdminCatalogEndpointsTests.CreateBrand_WithNullOrWhitespaceFields_ReturnsBadRequest(name: &quot;Valid Name&quot;, slug: &quot;&quot;)" computerName="MTM" duration="00:00:00.0261567" startTime="2026-09-07T10:04:50.0030515+07:00" endTime="2026-09-07T10:04:50.0297859+07:00" testType="13cdc9d9-ddb5-4fa4-a97d-d965ccfc6d4b" outcome="Passed" testListId="8c84fa94-04c1-424b-9868-57a2d4851a1d" relativeResultsDirectory="6d91605b-70ab-41da-8c77-766e2f3ae4bd" />
    <UnitTestResult executionId="0cf16c8d-8290-4657-914d-0611ce72c8a4" testId="6068334b-c7ab-04e9-5f3e-8d191e7ec8b7" testName="OnlineSupermarket.Api.Tests.Endpoints.AdminCatalogEndpointsTests.CreateProduct_WithDuplicateSlug_ReturnsConflict" computerName="MTM" duration="00:00:00.0365415" startTime="2026-09-07T10:04:51.7038449+07:00" endTime="2026-09-07T10:04:51.7407307+07:00" testType="13cdc9d9-ddb5-4fa4-a97d-d965ccfc6d4b" outcome="Passed" testListId="8c84fa94-04c1-424b-9868-57a2d4851a1d" relativeResultsDirectory="0cf16c8d-8290-4657-914d-0611ce72c8a4" />
    <UnitTestResult executionId="8be62254-e2c9-4ef8-aebf-f18b0d142fa3" testId="292d39a3-c20f-3e40-4696-37f4308f3d0a" testName="OnlineSupermarket.Api.Tests.Endpoints.AdminCatalogEndpointsTests.AdminCatalog_WithCustomerToken_ReturnsForbidden(path: &quot;/api/admin/catalog/categories&quot;)" computerName="MTM" duration="00:00:00.0311153" startTime="2026-09-07T10:04:48.9378315+07:00" endTime="2026-09-07T10:04:48.9702878+07:00" testType="13cdc9d9-ddb5-4fa4-a97d-d965ccfc6d4b" outcome="Passed" testListId="8c84fa94-04c1-424b-9868-57a2d4851a1d" relativeResultsDirectory="8be62254-e2c9-4ef8-aebf-f18b0d142fa3" />
    <UnitTestResult executionId="4975e38f-1488-4049-8801-e72361c03c86" testId="82208221-7dfc-661d-0e1e-4c212a43e6d8" testName="OnlineSupermarket.Api.Tests.Endpoints.InventoryIntelligenceEndpointsTests.GetTransactions_AsCustomer_ReturnsForbidden" computerName="MTM" duration="00:00:00.9884607" startTime="2026-09-07T10:04:51.6821984+07:00" endTime="2026-09-07T10:04:52.6712400+07:00" testType="13cdc9d9-ddb5-4fa4-a97d-d965ccfc6d4b" outcome="Passed" testListId="8c84fa94-04c1-424b-9868-57a2d4851a1d" relativeResultsDirectory="4975e38f-1488-4049-8801-e72361c03c86" />
    <UnitTestResult executionId="7dd10bf2-8dcc-4dcc-853f-59a4015c571b" testId="f3b42a7b-eeaa-2d29-6b0f-622461e7ba81" testName="OnlineSupermarket.Api.Tests.Endpoints.AddressEndpointsTests.SetAddressAsDefault_ClearsExistingDefault" computerName="MTM" duration="00:00:00.0674426" startTime="2026-09-07T10:04:49.4739407+07:00" endTime="2026-09-07T10:04:49.5426913+07:00" testType="13cdc9d9-ddb5-4fa4-a97d-d965ccfc6d4b" outcome="Passed" testListId="8c84fa94-04c1-424b-9868-57a2d4851a1d" relativeResultsDirectory="7dd10bf2-8dcc-4dcc-853f-59a4015c571b" />
    <UnitTestResult executionId="c13fa453-0cc5-4ab3-9ae9-c9de05257cdf" testId="d4b4b551-b4bd-54d2-6612-4bc5e6473f08" testName="OnlineSupermarket.Api.Tests.Endpoints.PaymentCallbackEndpointsTests.Verified_But_NegativeAmount_Returns400_BeforeDelegation" computerName="MTM" duration="00:00:00.5756894" startTime="2026-09-07T10:04:57.7404168+07:00" endTime="2026-09-07T10:04:58.3164464+07:00" testType="13cdc9d9-ddb5-4fa4-a97d-d965ccfc6d4b" outcome="Passed" testListId="8c84fa94-04c1-424b-9868-57a2d4851a1d" relativeResultsDirectory="c13fa453-0cc5-4ab3-9ae9-c9de05257cdf" />
    <UnitTestResult executionId="78c4527e-947b-47ad-b2dd-adca57d2734b" testId="0f71f2d8-4733-0a6e-3fc0-0912c01d1120" testName="OnlineSupermarket.Api.Tests.Persistence.InventoryTransactionConfigurationTests.InventoryTransaction_MapsEnumsAsStringsAndSnapshots" computerName="MTM" duration="00:00:01.0378130" startTime="2026-09-07T10:04:44.1830375+07:00" endTime="2026-09-07T10:04:45.1798259+07:00" testType="13cdc9d9-ddb5-4fa4-a97d-d965ccfc6d4b" outcome="Passed" testListId="8c84fa94-04c1-424b-9868-57a2d4851a1d" relativeResultsDirectory="78c4527e-947b-47ad-b2dd-adca57d2734b" />
    <UnitTestResult executionId="d06ef6bc-683a-4efa-ba1d-4445600e593b" testId="733dda97-9624-4654-c9d3-568f056c5a5f" testName="OnlineSupermarket.Api.Tests.Persistence.ProductViewEventConfigurationTests.ProductViewEvent_HasMergeAndScoringIndexes" computerName="MTM" duration="00:00:00.0044913" startTime="2026-09-07T10:04:49.6250169+07:00" endTime="2026-09-07T10:04:49.6296042+07:00" testType="13cdc9d9-ddb5-4fa4-a97d-d965ccfc6d4b" outcome="Passed" testListId="8c84fa94-04c1-424b-9868-57a2d4851a1d" relativeResultsDirectory="d06ef6bc-683a-4efa-ba1d-4445600e593b" />
    <UnitTestResult executionId="56d2af3f-a1ed-47db-9a53-de911e824365" testId="423d6512-ef4d-48a5-4701-1a082715df3a" testName="OnlineSupermarket.Api.Tests.Endpoints.AdminCatalogEndpointsTests.AdminCatalog_WithoutToken_ReturnsUnauthorized(path: &quot;/api/admin/catalog/categories&quot;)" computerName="MTM" duration="00:00:00.0052197" startTime="2026-09-07T10:04:49.7285287+07:00" endTime="2026-09-07T10:04:49.7325451+07:00" testType="13cdc9d9-ddb5-4fa4-a97d-d965ccfc6d4b" outcome="Passed" testListId="8c84fa94-04c1-424b-9868-57a2d4851a1d" relativeResultsDirectory="56d2af3f-a1ed-47db-9a53-de911e824365" />
    <UnitTestResult executionId="1010d1e9-5fc1-4f21-8b07-eb096f608182" testId="9b7ce761-d145-e58d-8ab0-bb8afca45ec0" testName="OnlineSupermarket.Api.Tests.Endpoints.AdminCatalogEndpointsTests.UpdateProduct_WithNullOrMissingRequiredFields_ReturnsBadRequest" computerName="MTM" duration="00:00:00.0410408" startTime="2026-09-07T10:04:50.5240439+07:00" endTime="2026-09-07T10:04:50.5557611+07:00" testType="13cdc9d9-ddb5-4fa4-a97d-d965ccfc6d4b" outcome="Passed" testListId="8c84fa94-04c1-424b-9868-57a2d4851a1d" relativeResultsDirectory="1010d1e9-5fc1-4f21-8b07-eb096f608182" />
    <UnitTestResult executionId="f68e12e1-3afb-40fc-a6bc-597c4c597e11" testId="ae125779-11c0-1e36-ce04-a56f81e40a8f" testName="OnlineSupermarket.Api.Tests.Persistence.ProductViewEventConfigurationTests.ProductViewEvent_IsMappedToProductViewEventsTable" computerName="MTM" duration="00:00:00.0010090" startTime="2026-09-07T10:04:49.6493832+07:00" endTime="2026-09-07T10:04:49.6499804+07:00" testType="13cdc9d9-ddb5-4fa4-a97d-d965ccfc6d4b" outcome="Passed" testListId="8c84fa94-04c1-424b-9868-57a2d4851a1d" relativeResultsDirectory="f68e12e1-3afb-40fc-a6bc-597c4c597e11" />
    <UnitTestResult executionId="8a4d7595-a191-4865-9f96-4d394cedca72" testId="24d97edd-b3e6-460e-f720-0ab00824b6cb" testName="OnlineSupermarket.Api.Tests.Endpoints.PasswordResetEndpointsTests.ConfirmReset_WithValidToken_ReturnsOk" computerName="MTM" duration="00:00:00.0849998" startTime="2026-09-07T10:04:49.4632720+07:00" endTime="2026-09-07T10:04:49.5707130+07:00" testType="13cdc9d9-ddb5-4fa4-a97d-d965ccfc6d4b" outcome="Passed" testListId="8c84fa94-04c1-424b-9868-57a2d4851a1d" relativeResultsDirectory="8a4d7595-a191-4865-9f96-4d394cedca72" />
    <UnitTestResult executionId="2e00b6df-8090-4819-b1aa-3af3c5f6ea3f" testId="ea653e83-244b-1218-834d-42e8e9900901" testName="OnlineSupermarket.Api.Tests.Endpoints.AdminCatalogEndpointsTests.UpdateBrand_WithValidData_ReturnsOk" computerName="MTM" duration="00:00:00.0504066" startTime="2026-09-07T10:04:50.7133151+07:00" endTime="2026-09-07T10:04:50.7644644+07:00" testType="13cdc9d9-ddb5-4fa4-a97d-d965ccfc6d4b" outcome="Passed" testListId="8c84fa94-04c1-424b-9868-57a2d4851a1d" relativeResultsDirectory="2e00b6df-8090-4819-b1aa-3af3c5f6ea3f" />
    <UnitTestResult executionId="0ba8c05b-562c-4b84-909d-01501c126447" testId="a794fd27-0d07-7594-2120-a58682229d7e" testName="OnlineSupermarket.Api.Tests.Auth.AuthEndpointTests.Register_WithShortPassword_ReturnsBadRequest" computerName="MTM" duration="00:00:00.0170552" startTime="2026-09-07T10:04:49.1651722+07:00" endTime="2026-09-07T10:04:49.1844943+07:00" testType="13cdc9d9-ddb5-4fa4-a97d-d965ccfc6d4b" outcome="Passed" testListId="8c84fa94-04c1-424b-9868-57a2d4851a1d" relativeResultsDirectory="0ba8c05b-562c-4b84-909d-01501c126447" />
    <UnitTestResult executionId="9d293ab4-5dcb-42a2-93ab-bae0d5bb60d9" testId="10e9ba57-a7f6-ff2a-0dea-cdc54cfb34d6" testName="OnlineSupermarket.Api.Tests.Endpoints.SessionMerge.Merge_WithEmptyAnonymousSessionId_ReturnsBadRequest" computerName="MTM" duration="00:00:03.6002764" startTime="2026-09-07T10:04:45.2620912+07:00" endTime="2026-09-07T10:04:48.8635111+07:00" testType="13cdc9d9-ddb5-4fa4-a97d-d965ccfc6d4b" outcome="Passed" testListId="8c84fa94-04c1-424b-9868-57a2d4851a1d" relativeResultsDirectory="9d293ab4-5dcb-42a2-93ab-bae0d5bb60d9" />
    <UnitTestResult executionId="f0c2e453-3639-4154-b715-cd134cfad2f7" testId="7b318a26-f802-8d3d-2d1e-c264d4f87c51" testName="OnlineSupermarket.Api.Tests.Auth.AuthEndpointTests.Login_WithValidCredentials_ReturnsTokensAndUserInfo" computerName="MTM" duration="00:00:00.0646239" startTime="2026-09-07T10:04:49.2064083+07:00" endTime="2026-09-07T10:04:49.2876632+07:00" testType="13cdc9d9-ddb5-4fa4-a97d-d965ccfc6d4b" outcome="Passed" testListId="8c84fa94-04c1-424b-9868-57a2d4851a1d" relativeResultsDirectory="f0c2e453-3639-4154-b715-cd134cfad2f7" />
    <UnitTestResult executionId="d83d88bd-76cd-4f73-8c6b-2dd1bd952b61" testId="f2ea8606-f7e2-c3d3-23ea-f89d703ed050" testName="OnlineSupermarket.Api.Tests.Endpoints.UserEndpointsTests.UpdateUserStatus_AsAdmin_UpdatesStatus" computerName="MTM" duration="00:00:00.0695309" startTime="2026-09-07T10:04:49.4076765+07:00" endTime="2026-09-07T10:04:49.4787036+07:00" testType="13cdc9d9-ddb5-4fa4-a97d-d965ccfc6d4b" outcome="Passed" testListId="8c84fa94-04c1-424b-9868-57a2d4851a1d" relativeResultsDirectory="d83d88bd-76cd-4f73-8c6b-2dd1bd952b61" />
    <UnitTestResult executionId="cf524520-69f0-45d1-a9cb-dcad699bc80d" testId="8208d2c0-c938-95ca-f3a7-1c3a96c65e2a" testName="OnlineSupermarket.Api.Tests.Endpoints.AdminCatalogEndpointsTests.CreateCategory_WithValidData_ReturnsCreated" computerName="MTM" duration="00:00:00.0569713" startTime="2026-09-07T10:04:49.7402289+07:00" endTime="2026-09-07T10:04:49.7986268+07:00" testType="13cdc9d9-ddb5-4fa4-a97d-d965ccfc6d4b" outcome="Passed" testListId="8c84fa94-04c1-424b-9868-57a2d4851a1d" relativeResultsDirectory="cf524520-69f0-45d1-a9cb-dcad699bc80d" />
    <UnitTestResult executionId="a4753a8d-2923-46e5-ac0d-376446d92c41" testId="30869361-68eb-42a1-5742-cbf999ade4ef" testName="OnlineSupermarket.Api.Tests.Persistence.BackgroundJobRunModelTests.BackgroundJobRun_ShouldBeConfiguredCorrectly" computerName="MTM" duration="00:00:01.0401965" startTime="2026-09-07T10:04:44.1832318+07:00" endTime="2026-09-07T10:04:45.1845215+07:00" testType="13cdc9d9-ddb5-4fa4-a97d-d965ccfc6d4b" outcome="Passed" testListId="8c84fa94-04c1-424b-9868-57a2d4851a1d" relativeResultsDirectory="a4753a8d-2923-46e5-ac0d-376446d92c41" />
    <UnitTestResult executionId="45adaada-0585-4569-9331-fc54652d0a68" testId="1501749b-db84-752a-4325-0f9d62aaf19d" testName="OnlineSupermarket.Api.Tests.Endpoints.AdminCatalogEndpointsTests.UpdateBrand_WithNullOrWhitespaceFields_ReturnsBadRequest(name: &quot;Valid Name&quot;, slug: null)" computerName="MTM" duration="00:00:00.0326058" startTime="2026-09-07T10:04:50.3959490+07:00" endTime="2026-09-07T10:04:50.4292615+07:00" testType="13cdc9d9-ddb5-4fa4-a97d-d965ccfc6d4b" outcome="Passed" testListId="8c84fa94-04c1-424b-9868-57a2d4851a1d" relativeResultsDirectory="45adaada-0585-4569-9331-fc54652d0a68" />
    <UnitTestResult executionId="2c9737d3-e24b-4aef-bbc5-db8b751d772a" testId="61e0e153-866a-5880-6a18-4395afcd3535" testName="OnlineSupermarket.Api.Tests.Endpoints.InventoryMutationEndpointTests.PaymentFailure_EndToEnd_ReleasesInventoryExactlyOnce" computerName="MTM" duration="00:00:06.0183403" startTime="2026-09-07T10:04:44.1832788+07:00" endTime="2026-09-07T10:04:50.1610712+07:00" testType="13cdc9d9-ddb5-4fa4-a97d-d965ccfc6d4b" outcome="Passed" testListId="8c84fa94-04c1-424b-9868-57a2d4851a1d" relativeResultsDirectory="2c9737d3-e24b-4aef-bbc5-db8b751d772a" />
    <UnitTestResult executionId="eb9c332b-8a85-4460-a339-856792358c59" testId="9170ef54-f3dd-051f-67ae-e1a8855db03d" testName="OnlineSupermarket.Api.Tests.Endpoints.AdminCatalogEndpointsTests.UpdateCategory_NotFound_ReturnsNotFound" computerName="MTM" duration="00:00:00.0313374" startTime="2026-09-07T10:04:50.8687646+07:00" endTime="2026-09-07T10:04:50.9070871+07:00" testType="13cdc9d9-ddb5-4fa4-a97d-d965ccfc6d4b" outcome="Passed" testListId="8c84fa94-04c1-424b-9868-57a2d4851a1d" relativeResultsDirectory="eb9c332b-8a85-4460-a339-856792358c59" />
    <UnitTestResult executionId="e47a9695-c993-4aca-9142-336fa5024e91" testId="56eeb5a6-a442-808a-ad7b-539c586956de" testName="OnlineSupermarket.Api.Tests.Endpoints.CatalogEndpointsTests.PublicCatalog_OmitsInactiveEntities" computerName="MTM" duration="00:00:05.0639743" startTime="2026-09-07T10:04:44.1835061+07:00" endTime="2026-09-07T10:04:49.2065423+07:00" testType="13cdc9d9-ddb5-4fa4-a97d-d965ccfc6d4b" outcome="Passed" testListId="8c84fa94-04c1-424b-9868-57a2d4851a1d" relativeResultsDirectory="e47a9695-c993-4aca-9142-336fa5024e91" />
    <UnitTestResult executionId="c5317565-cab4-409c-99f2-50797a677ccc" testId="eff5c7c3-8853-bb1d-7e4d-36c851c55660" testName="OnlineSupermarket.Api.Tests.Endpoints.UserEndpointsTests.ChangePassword_WithWrongCurrentPassword_ReturnsBadRequest" computerName="MTM" duration="00:00:00.0964718" startTime="2026-09-07T10:04:49.2949904+07:00" endTime="2026-09-07T10:04:49.4072292+07:00" testType="13cdc9d9-ddb5-4fa4-a97d-d965ccfc6d4b" outcome="Passed" testListId="8c84fa94-04c1-424b-9868-57a2d4851a1d" relativeResultsDirectory="c5317565-cab4-409c-99f2-50797a677ccc" />
    <UnitTestResult executionId="5297ff43-2ff8-4cd5-b2ba-bfe7797fdbd5" testId="7f474029-8dc9-d608-ea1b-7b294dc163ae" testName="OnlineSupermarket.Api.Tests.Endpoints.ProductViewEventEndpointsTests.RecordView_AsAuthenticatedUser_PrefersJwtOwnerAndIgnoresBody" computerName="MTM" duration="00:00:03.7815502" startTime="2026-09-07T10:04:45.1843605+07:00" endTime="2026-09-07T10:04:48.9652312+07:00" testType="13cdc9d9-ddb5-4fa4-a97d-d965ccfc6d4b" outcome="Passed" testListId="8c84fa94-04c1-424b-9868-57a2d4851a1d" relativeResultsDirectory="5297ff43-2ff8-4cd5-b2ba-bfe7797fdbd5" />
[...]
    <TestEntry testId="f2ea8606-f7e2-c3d3-23ea-f89d703ed050" executionId="d83d88bd-76cd-4f73-8c6b-2dd1bd952b61" testListId="8c84fa94-04c1-424b-9868-57a2d4851a1d" />
    <TestEntry testId="8208d2c0-c938-95ca-f3a7-1c3a96c65e2a" executionId="cf524520-69f0-45d1-a9cb-dcad699bc80d" testListId="8c84fa94-04c1-424b-9868-57a2d4851a1d" />
    <TestEntry testId="30869361-68eb-42a1-5742-cbf999ade4ef" executionId="a4753a8d-2923-46e5-ac0d-376446d92c41" testListId="8c84fa94-04c1-424b-9868-57a2d4851a1d" />
    <TestEntry testId="1501749b-db84-752a-4325-0f9d62aaf19d" executionId="45adaada-0585-4569-9331-fc54652d0a68" testListId="8c84fa94-04c1-424b-9868-57a2d4851a1d" />
    <TestEntry testId="61e0e153-866a-5880-6a18-4395afcd3535" executionId="2c9737d3-e24b-4aef-bbc5-db8b751d772a" testListId="8c84fa94-04c1-424b-9868-57a2d4851a1d" />
    <TestEntry testId="9170ef54-f3dd-051f-67ae-e1a8855db03d" executionId="eb9c332b-8a85-4460-a339-856792358c59" testListId="8c84fa94-04c1-424b-9868-57a2d4851a1d" />
    <TestEntry testId="56eeb5a6-a442-808a-ad7b-539c586956de" executionId="e47a9695-c993-4aca-9142-336fa5024e91" testListId="8c84fa94-04c1-424b-9868-57a2d4851a1d" />
    <TestEntry testId="eff5c7c3-8853-bb1d-7e4d-36c851c55660" executionId="c5317565-cab4-409c-99f2-50797a677ccc" testListId="8c84fa94-04c1-424b-9868-57a2d4851a1d" />
    <TestEntry testId="7f474029-8dc9-d608-ea1b-7b294dc163ae" executionId="5297ff43-2ff8-4cd5-b2ba-bfe7797fdbd5" testListId="8c84fa94-04c1-424b-9868-57a2d4851a1d" />
    <TestEntry testId="8f8a3833-42bd-6457-0d44-060bdc7ee093" executionId="a0bc9f63-beb7-41da-9095-566b9e87a67e" testListId="8c84fa94-04c1-424b-9868-57a2d4851a1d" />
    <TestEntry testId="58830e4c-4c1c-06e9-7ef1-727b25e008b1" executionId="dfb2d20c-3a6b-4221-8ca2-d21e5b72d9b7" testListId="8c84fa94-04c1-424b-9868-57a2d4851a1d" />
    <TestEntry testId="122691b6-a827-9507-cdd9-18a076ee40b3" executionId="bb2a269e-4dc2-4a52-93a6-3e67e5aa5bbd" testListId="8c84fa94-04c1-424b-9868-57a2d4851a1d" />
    <TestEntry testId="9e66623e-27c9-4f67-e680-b52255ca2383" executionId="4c6a4ad4-55a2-4d53-acc1-1f028c87e7bb" testListId="8c84fa94-04c1-424b-9868-57a2d4851a1d" />
    <TestEntry testId="c37bb78a-31b9-d7de-06f9-fcecd4a6fe78" executionId="f8d72039-fc69-4f3b-9c87-f0a146a1f2b2" testListId="8c84fa94-04c1-424b-9868-57a2d4851a1d" />
    <TestEntry testId="6a6c48f9-ef58-232e-49a2-4667f567e45f" executionId="71713106-84a8-44d7-bd5c-3b04df727166" testListId="8c84fa94-04c1-424b-9868-57a2d4851a1d" />
    <TestEntry testId="da9cf8ff-27c2-4711-4ceb-413d690e9fbb" executionId="5e70aed3-dbe3-4b67-8d84-01a40551c02b" testListId="8c84fa94-04c1-424b-9868-57a2d4851a1d" />
    <TestEntry testId="3db0aa30-a88d-a361-01ec-9548f02646d4" executionId="3cf69c22-f052-4193-ac14-2cea9dfb3e1e" testListId="8c84fa94-04c1-424b-9868-57a2d4851a1d" />
    <TestEntry testId="c89a77ba-729f-7013-9234-4be67bc6d597" executionId="97c696f7-71be-4b5f-ad66-23c226298e13" testListId="8c84fa94-04c1-424b-9868-57a2d4851a1d" />
    <TestEntry testId="d65e0705-a15b-3657-50f5-f92a0c6ea046" executionId="b9980e67-14a7-4dce-93c8-3545c5ff425f" testListId="8c84fa94-04c1-424b-9868-57a2d4851a1d" />
    <TestEntry testId="822dc100-9f33-cdb8-b97c-a8afd0b3c97b" executionId="a0eae6ce-bf84-43c1-93dd-9b6b5057dbc0" testListId="8c84fa94-04c1-424b-9868-57a2d4851a1d" />
    <TestEntry testId="8df12bd8-8bb9-a91e-177c-9cfb78ebf8ed" executionId="383fe4ea-cc3b-41b3-9ee6-7239129d85c7" testListId="8c84fa94-04c1-424b-9868-57a2d4851a1d" />
    <TestEntry testId="4f283e8c-aa43-d85b-c4d0-43357edb062d" executionId="f26322bf-5021-4ed6-8299-ccd28d7fb070" testListId="8c84fa94-04c1-424b-9868-57a2d4851a1d" />
    <TestEntry testId="44d9713e-c68d-9f4a-2660-dca3a03fa50a" executionId="0881192d-a184-4f39-b59b-7e59bf7aa149" testListId="8c84fa94-04c1-424b-9868-57a2d4851a1d" />
    <TestEntry testId="c393338d-6d24-f605-e4b2-e266ba5a5127" executionId="734a063e-bd55-4a5c-9230-03bcdea4af89" testListId="8c84fa94-04c1-424b-9868-57a2d4851a1d" />
    <TestEntry testId="2df3b637-88f9-4fbe-8a3f-f7de867518ba" executionId="73b5db2e-1eb4-40ab-a820-1c76a4b93313" testListId="8c84fa94-04c1-424b-9868-57a2d4851a1d" />
    <TestEntry testId="c9b7573d-6d36-636f-4bdd-3f4f80c19c0c" executionId="4048f5b2-c27f-444d-9d66-17713404865b" testListId="8c84fa94-04c1-424b-9868-57a2d4851a1d" />
    <TestEntry testId="338b3ff0-4269-ca3f-6d02-7c66ea74f156" executionId="3db12df5-5dea-4fc6-9cb2-7bb39e132715" testListId="8c84fa94-04c1-424b-9868-57a2d4851a1d" />
    <TestEntry testId="4ff733d8-e2ed-4612-5877-53dbc0e4e2cb" executionId="edd196a5-63e4-464a-bff0-1173b101d4ca" testListId="8c84fa94-04c1-424b-9868-57a2d4851a1d" />
    <TestEntry testId="e620e36c-7b28-c0e4-01a9-f15295457132" executionId="b48e403d-d5b8-4b9c-897c-1c741793133e" testListId="8c84fa94-04c1-424b-9868-57a2d4851a1d" />
    <TestEntry testId="f397170d-7791-8b4f-3621-2b05f9b5f46a" executionId="14b8e411-0a48-44be-9464-391d91ac599c" testListId="8c84fa94-04c1-424b-9868-57a2d4851a1d" />
    <TestEntry testId="ab4abc18-1fc5-4111-29ba-19d0fc6c49fc" executionId="89006f1f-a123-4784-aa97-8259eddcd8b3" testListId="8c84fa94-04c1-424b-9868-57a2d4851a1d" />
    <TestEntry testId="0f77b6ad-d9ef-368c-d561-0105a5feb3d9" executionId="d88c9439-dd32-49c9-98a5-bc74707f8ccd" testListId="8c84fa94-04c1-424b-9868-57a2d4851a1d" />
    <TestEntry testId="5ed6e545-2054-5c21-caae-64e47b11f6cd" executionId="a006ee81-fcc6-4157-9acb-e5cb32c94f05" testListId="8c84fa94-04c1-424b-9868-57a2d4851a1d" />
    <TestEntry testId="83b3f8d3-c231-de37-cddb-c00c31457cb5" executionId="db5e0ac2-d9b9-4a24-8fa2-d216b4d1209b" testListId="8c84fa94-04c1-424b-9868-57a2d4851a1d" />
    <TestEntry testId="4bfadb41-5f6c-bfd5-6d47-df7fbde2f1eb" executionId="de5b7e19-e1c2-48d8-a69a-711d26267364" testListId="8c84fa94-04c1-424b-9868-57a2d4851a1d" />
    <TestEntry testId="87078940-e8a5-0978-49d5-04697891f136" executionId="f1370b83-d9e8-4f30-904c-f50fdd04df77" testListId="8c84fa94-04c1-424b-9868-57a2d4851a1d" />
    <TestEntry testId="15a8ac2d-1fa0-98a3-8b03-a1b121724f74" executionId="1136633d-6087-4d02-ae12-0abec6c986e6" testListId="8c84fa94-04c1-424b-9868-57a2d4851a1d" />
    <TestEntry testId="bbb2d70a-ef26-983b-4849-708214a8c2d5" executionId="cd06516f-c346-4ef9-8bd9-a6e3074c5969" testListId="8c84fa94-04c1-424b-9868-57a2d4851a1d" />
    <TestEntry testId="59ec841f-c0f9-2024-6732-765a1921ee80" executionId="8375fe92-efd2-4a8a-87bf-1bf9e23cfc5a" testListId="8c84fa94-04c1-424b-9868-57a2d4851a1d" />
    <TestEntry testId="d53d7c37-e5fe-8897-f43d-edbd33a7f001" executionId="17418bd4-1f21-4997-8593-dd509e45b4ab" testListId="8c84fa94-04c1-424b-9868-57a2d4851a1d" />
    <TestEntry testId="306b2ed2-ac95-8366-0ba8-4179bd8e5029" executionId="0f70bdee-b658-4773-bd5a-6ad31861b681" testListId="8c84fa94-04c1-424b-9868-57a2d4851a1d" />
    <TestEntry testId="b24369db-7fb3-b84a-98b0-80ec8e3ca87e" executionId="8ace5faf-6dcc-4641-b7bc-e8d9b0a8396f" testListId="8c84fa94-04c1-424b-9868-57a2d4851a1d" />
    <TestEntry testId="d357fffa-a2fe-5006-ce0d-6234b6397edb" executionId="a015cd34-81cd-4c86-b696-5ec855d568a3" testListId="8c84fa94-04c1-424b-9868-57a2d4851a1d" />
    <TestEntry testId="06ef300b-9a47-58da-f0e7-eb02a27388ba" executionId="03df2bcc-30cb-414e-82a3-61136893062b" testListId="8c84fa94-04c1-424b-9868-57a2d4851a1d" />
    <TestEntry testId="630f3831-c1d0-6306-d441-beedb38b1a5c" executionId="79f8f478-a94d-4bfa-a39a-5eb36f417ba9" testListId="8c84fa94-04c1-424b-9868-57a2d4851a1d" />
    <TestEntry testId="029c0f85-6688-f9da-7b66-40bfde4cf626" executionId="664a92a1-9e39-4ff0-9575-0168c07ec7dc" testListId="8c84fa94-04c1-424b-9868-57a2d4851a1d" />
    <TestEntry testId="4d669a28-bfaa-7df9-8936-c70e70723f5c" executionId="0319de3a-1be8-4b87-872e-34ba2b1c566a" testListId="8c84fa94-04c1-424b-9868-57a2d4851a1d" />
    <TestEntry testId="ac343a36-0314-f4a7-b5ea-2a669b833c3e" executionId="03e9613f-1c43-4705-a093-02b66d3b894d" testListId="8c84fa94-04c1-424b-9868-57a2d4851a1d" />
    <TestEntry testId="b26cabc0-81b2-ed52-5279-0897e5cf3eed" executionId="21677184-ad39-4199-af1f-24baee4404a6" testListId="8c84fa94-04c1-424b-9868-57a2d4851a1d" />
    <TestEntry testId="9dbb9adb-576c-1637-0aaa-78970aa3e928" executionId="b73dab57-d688-43cc-9f5d-f7bdae40dfe4" testListId="8c84fa94-04c1-424b-9868-57a2d4851a1d" />
    <TestEntry testId="18f17baf-9e66-ed2f-2e16-609fe33933ab" executionId="ce1b8e0a-5294-407d-9b57-ad1a1ad28ac0" testListId="8c84fa94-04c1-424b-9868-57a2d4851a1d" />
    <TestEntry testId="ed9c8c1f-d8be-8652-e1a3-2c57740b9396" executionId="25fe4bad-4cd6-4f33-830b-8fef0766af51" testListId="8c84fa94-04c1-424b-9868-57a2d4851a1d" />
    <TestEntry testId="189427c3-67ff-7268-beed-e6dc52b5ee07" executionId="65ee9bd5-ab85-4929-9f4b-44ed6f20837a" testListId="8c84fa94-04c1-424b-9868-57a2d4851a1d" />
    <TestEntry testId="5e5a9852-c558-7a4c-8295-08db44422bde" executionId="cb141ce6-0d13-445a-9731-04476aa812d7" testListId="8c84fa94-04c1-424b-9868-57a2d4851a1d" />
    <TestEntry testId="651f89e0-1801-55eb-205c-3f440527872b" executionId="387ef87e-ef5f-4b05-810a-2394d3695dd9" testListId="8c84fa94-04c1-424b-9868-57a2d4851a1d" />
    <TestEntry testId="ad5cde4a-61bb-dd7a-6362-bfe9e5110869" executionId="63cb9f42-be7a-42dd-a5d9-5642f38fe52e" testListId="8c84fa94-04c1-424b-9868-57a2d4851a1d" />
    <TestEntry testId="fec9a5b8-2c6c-20b0-d134-3a18047688a0" executionId="9a134319-d995-4d95-a92a-cf545ff0b29d" testListId="8c84fa94-04c1-424b-9868-57a2d4851a1d" />
    <TestEntry testId="bc310ae9-a188-9b32-7085-dddd35774bb6" executionId="48bce9d6-901c-4604-ae65-ed9df8cbda0b" testListId="8c84fa94-04c1-424b-9868-57a2d4851a1d" />
    <TestEntry testId="b1020081-0566-f76c-d0c9-80c0d7e3bec3" executionId="f28c5ec7-4f85-4430-bbfc-1a6cd6fb6e87" testListId="8c84fa94-04c1-424b-9868-57a2d4851a1d" />
    <TestEntry testId="1c1d1b8a-3f9f-4bb3-9596-2f34292dacb3" executionId="e9007bed-a24f-4c02-9f9a-de4695a342ca" testListId="8c84fa94-04c1-424b-9868-57a2d4851a1d" />
    <TestEntry testId="1e04743e-09b0-c4ba-f67a-26f6f63c355e" executionId="1ab6d1a7-d3f5-4295-9ca0-05a90a69e013" testListId="8c84fa94-04c1-424b-9868-57a2d4851a1d" />
    <TestEntry testId="710745e6-a487-1922-2d59-9efcbaf3654d" executionId="3a08295a-0d63-475a-b112-ade86eb88b42" testListId="8c84fa94-04c1-424b-9868-57a2d4851a1d" />
    <TestEntry testId="01c739fe-209e-0e1b-4512-cf945ac7d477" executionId="198eb0b7-3855-43f1-87e1-033fb3d5d4fb" testListId="8c84fa94-04c1-424b-9868-57a2d4851a1d" />
    <TestEntry testId="719a25cf-6e6a-a59c-a4a5-5b6a8c471860" executionId="61ad0925-1c07-4158-bc0d-acdfb3c38b43" testListId="8c84fa94-04c1-424b-9868-57a2d4851a1d" />
    <TestEntry testId="0d80a04e-7bda-715c-e435-327d8f8cb053" executionId="6223e0f5-bdac-4ef4-8e3a-4d821038e72a" testListId="8c84fa94-04c1-424b-9868-57a2d4851a1d" />
    <TestEntry testId="ba876fcc-5ddf-16d9-e600-86e2010b351f" executionId="1e6cf768-552e-459d-b0f0-90b5335a059e" testListId="8c84fa94-04c1-424b-9868-57a2d4851a1d" />
    <TestEntry testId="8a3f126a-cd9d-3fc5-999e-f741dac496e1" executionId="33e87aa5-266e-41f1-9d87-7d3aee346f2f" testListId="8c84fa94-04c1-424b-9868-57a2d4851a1d" />
    <TestEntry testId="c59a2454-c052-5ea9-fcdd-b01c8b2d48da" executionId="fe631b45-67a1-4f8a-a78f-7f71c37a3ee5" testListId="8c84fa94-04c1-424b-9868-57a2d4851a1d" />
    <TestEntry testId="ba25c1a8-2da7-6007-1a03-1be1bac3e10f" executionId="fd5915ab-2978-4c5f-9b88-37a44ea02ce0" testListId="8c84fa94-04c1-424b-9868-57a2d4851a1d" />
    <TestEntry testId="6b81cb06-db41-ed41-2334-d411241608e5" executionId="245be168-40ef-41f2-874e-e10ad0712d7d" testListId="8c84fa94-04c1-424b-9868-57a2d4851a1d" />
    <TestEntry testId="b4ca3389-81c0-d692-de49-1660493ada06" executionId="f0380431-8fe1-4cc7-ac31-a15088c50dd8" testListId="8c84fa94-04c1-424b-9868-57a2d4851a1d" />
    <TestEntry testId="06bfb50d-cd43-23ba-82a1-a2b207f7c446" executionId="3661bf81-611c-43e7-847d-3244b6343e72" testListId="8c84fa94-04c1-424b-9868-57a2d4851a1d" />
    <TestEntry testId="87a9aa53-b038-f5ba-1ecc-48694a1c4b3e" executionId="4bed9372-39b7-429d-a68e-f5e84cbab64e" testListId="8c84fa94-04c1-424b-9868-57a2d4851a1d" />
    <TestEntry testId="dea19b65-27b5-2355-082c-48a941ea11c2" executionId="674680da-7da6-4212-9746-2d40f274a619" testListId="8c84fa94-04c1-424b-9868-57a2d4851a1d" />
    <TestEntry testId="67a6a2fc-6263-0d55-47aa-f4abb213b8e9" executionId="c3d3b6bc-ff8e-44ad-a111-71716b984882" testListId="8c84fa94-04c1-424b-9868-57a2d4851a1d" />
    <TestEntry testId="66fdfea6-263b-3b4d-11f0-3864b9b17405" executionId="6db061dc-5361-430c-b95b-6bb791120a08" testListId="8c84fa94-04c1-424b-9868-57a2d4851a1d" />
    <TestEntry testId="28667495-4043-09cb-f3e2-d4b149baef08" executionId="46c98de5-25de-4e9f-82f0-d89410deb5fd" testListId="8c84fa94-04c1-424b-9868-57a2d4851a1d" />
    <TestEntry testId="15315b1f-4821-a6d5-e832-a013cbe49e6e" executionId="9243ffec-8b44-4185-b707-1ec2aeda791c" testListId="8c84fa94-04c1-424b-9868-57a2d4851a1d" />
    <TestEntry testId="a8bd6c49-3221-43bd-77b3-ad407a58a47a" executionId="748a4025-9755-4628-b093-d2d3fb05a2c5" testListId="8c84fa94-04c1-424b-9868-57a2d4851a1d" />
    <TestEntry testId="35b722e4-8b05-9486-c933-ca5e67dcbc43" executionId="986fe6a8-e6ad-48a6-b413-e954794b98fd" testListId="8c84fa94-04c1-424b-9868-57a2d4851a1d" />
    <TestEntry testId="e7a3ccfb-e3cd-6573-eb9b-25641ad17f2f" executionId="742850e0-2da9-4493-b952-8b09f6b6bf22" testListId="8c84fa94-04c1-424b-9868-57a2d4851a1d" />
    <TestEntry testId="48506934-3b21-feaf-7815-793b340a4e75" executionId="2e3f3367-1808-4fa4-9fbf-146470ec63c2" testListId="8c84fa94-04c1-424b-9868-57a2d4851a1d" />
    <TestEntry testId="ba4d124e-d4fc-f161-aa17-9b923561a05e" executionId="e1f27c9e-8cc4-4b92-9d37-54cb9751e564" testListId="8c84fa94-04c1-424b-9868-57a2d4851a1d" />
    <TestEntry testId="f7a77e48-9234-e35f-38ef-220c37f8f6cc" executionId="3b30f789-8d12-4c6c-8e16-53d9872e2214" testListId="8c84fa94-04c1-424b-9868-57a2d4851a1d" />
    <TestEntry testId="b41d3864-f736-53df-a05b-aab2a2588ad0" executionId="c9a6e697-1013-4106-9a9e-c1ae2ff20132" testListId="8c84fa94-04c1-424b-9868-57a2d4851a1d" />
    <TestEntry testId="fabdc66f-c480-b5be-1a6d-68a742156d17" executionId="f6381a57-bae9-4837-83ac-009a5029b581" testListId="8c84fa94-04c1-424b-9868-57a2d4851a1d" />
    <TestEntry testId="992af858-1ee7-ca34-4678-2c39d478afc2" executionId="f09dc927-af0b-4f41-8d39-62909886a235" testListId="8c84fa94-04c1-424b-9868-57a2d4851a1d" />
    <TestEntry testId="c6667107-0b7b-af2c-bb21-1e1e361048db" executionId="d026d27d-9ab2-4ee1-9795-c56b65878e10" testListId="8c84fa94-04c1-424b-9868-57a2d4851a1d" />
    <TestEntry testId="b826f5aa-0576-ce0b-ffe2-a707baa0ccd2" executionId="5c7a2dbd-fd13-4e01-9f90-f5a94fbd188a" testListId="8c84fa94-04c1-424b-9868-57a2d4851a1d" />
    <TestEntry testId="efca2592-a645-786c-0f9e-9b2d3829294b" executionId="2e32861c-af06-425b-a90d-a3acdd0ab108" testListId="8c84fa94-04c1-424b-9868-57a2d4851a1d" />
    <TestEntry testId="725314ba-8aee-56ce-024e-327aca249984" executionId="449e24c7-81b9-436b-9206-f52133c3ba45" testListId="8c84fa94-04c1-424b-9868-57a2d4851a1d" />
    <TestEntry testId="7c27fad7-1453-52a0-ce00-2e3b02911522" executionId="94b50720-3f35-454b-8d76-ab86d723b97c" testListId="8c84fa94-04c1-424b-9868-57a2d4851a1d" />
    <TestEntry testId="2bbc3ecd-d1b1-e1aa-6212-c919bb74c62d" executionId="a3b33adf-7be2-48e7-a3d2-51f315e6c94f" testListId="8c84fa94-04c1-424b-9868-57a2d4851a1d" />
    <TestEntry testId="9b43026b-ef17-7432-8272-3fc680aed42f" executionId="ef584025-db14-449a-8d0b-ae54f6688699" testListId="8c84fa94-04c1-424b-9868-57a2d4851a1d" />
    <TestEntry testId="de532864-0ed6-9252-f1a5-0e438b0b5931" executionId="2bcaec79-e237-4bb2-821c-d7bc063cb662" testListId="8c84fa94-04c1-424b-9868-57a2d4851a1d" />
    <TestEntry testId="5e9524f3-de43-01b0-372f-c6fdaf4353ea" executionId="b5521982-ad39-4bf9-a134-926aa94d5bb2" testListId="8c84fa94-04c1-424b-9868-57a2d4851a1d" />
    <TestEntry testId="213dfd07-f2c4-2ffa-141c-3f744f924a7e" executionId="5353e174-e12a-4074-99d5-213d037b5640" testListId="8c84fa94-04c1-424b-9868-57a2d4851a1d" />
    <TestEntry testId="aff9c9d5-7d45-ed9f-c8b3-cce42e3e40f2" executionId="953e680c-af88-48a4-ae56-4edd03ab53db" testListId="8c84fa94-04c1-424b-9868-57a2d4851a1d" />
    <TestEntry testId="a51ca336-c421-d0fd-c4a3-937f98f07159" executionId="7abbaf71-7453-4429-a137-9ab0d3dada35" testListId="8c84fa94-04c1-424b-9868-57a2d4851a1d" />
    <TestEntry testId="fbb06a93-2b64-b24a-47ad-70eae41b2d79" executionId="267789ca-1d68-4031-a0d6-c0cec6d833c5" testListId="8c84fa94-04c1-424b-9868-57a2d4851a1d" />
    <TestEntry testId="71428269-e816-25d7-f3c5-b346f9f3c447" executionId="09296330-001c-4793-8e56-32f356501157" testListId="8c84fa94-04c1-424b-9868-57a2d4851a1d" />
    <TestEntry testId="bb2cb82f-a770-0685-c9cf-f3a8573dccd3" executionId="4b2eec3a-e1b7-4fb4-8ad1-930977fd01fb" testListId="8c84fa94-04c1-424b-9868-57a2d4851a1d" />
    <TestEntry testId="c93c8e53-6e43-9215-0d15-4f32c3640d05" executionId="b10192e5-7803-4541-bc7a-acae0f152c66" testListId="8c84fa94-04c1-424b-9868-57a2d4851a1d" />
    <TestEntry testId="a2a3183b-eea0-c69e-d9dc-f0d4996d4779" executionId="785c2979-7564-4167-b5fa-2d4ba357ab65" testListId="8c84fa94-04c1-424b-9868-57a2d4851a1d" />
    <TestEntry testId="45a6308c-92a4-a441-5c62-157d9e984ab6" executionId="1382b9d6-9835-4463-a6fd-0788f69581fe" testListId="8c84fa94-04c1-424b-9868-57a2d4851a1d" />
    <TestEntry testId="f14d8a18-0777-0eb7-0faa-a2232751d1db" executionId="f7637b72-d525-4f27-810a-afb6284b2a18" testListId="8c84fa94-04c1-424b-9868-57a2d4851a1d" />
    <TestEntry testId="39f2823e-aca4-f05c-6d62-f4abd571ba66" executionId="381548c2-914e-45ed-99d1-1ce10aae8380" testListId="8c84fa94-04c1-424b-9868-57a2d4851a1d" />
    <TestEntry testId="0071959a-c5e0-1761-cb9c-eb1e37e76ec3" executionId="85cf15c5-74ce-4f69-90a5-ddd37bc8be56" testListId="8c84fa94-04c1-424b-9868-57a2d4851a1d" />
    <TestEntry testId="347f99ad-8f42-0005-f52a-bfba987d95fa" executionId="9c459958-a3fe-4776-aded-d9444e050d0b" testListId="8c84fa94-04c1-424b-9868-57a2d4851a1d" />
    <TestEntry testId="ba21d6dd-52a1-2d70-2b8e-6b0cbddbc7f2" executionId="32f47dd0-beb4-448b-b527-3e6e6c37b72e" testListId="8c84fa94-04c1-424b-9868-57a2d4851a1d" />
    <TestEntry testId="898d588e-9f11-a397-7f5b-ec6ae6f6de1b" executionId="22f8f505-d8ae-4b81-b9de-0c49154eede2" testListId="8c84fa94-04c1-424b-9868-57a2d4851a1d" />
    <TestEntry testId="a3fc06a8-4a0e-fcb2-aefe-971be0523910" executionId="6dd3bee8-9101-4028-8ed2-b8da319c3baf" testListId="8c84fa94-04c1-424b-9868-57a2d4851a1d" />
    <TestEntry testId="b542884d-dbf4-6234-ad83-d93e20a6a5f9" executionId="4a7f2094-9dac-439a-9ecd-cc630da88b18" testListId="8c84fa94-04c1-424b-9868-57a2d4851a1d" />
    <TestEntry testId="d9296c88-a253-0d45-f9c7-762b4e8587ef" executionId="00833d6d-48bf-411e-954d-960d9c26a04c" testListId="8c84fa94-04c1-424b-9868-57a2d4851a1d" />
    <TestEntry testId="ca603966-c1bb-a16f-99b7-5ffb80a26789" executionId="dc5ad05a-5429-41e3-9ddf-c4f7eadebe92" testListId="8c84fa94-04c1-424b-9868-57a2d4851a1d" />
  </TestEntries>
  <TestLists>
    <TestList name="Results Not in a List" id="8c84fa94-04c1-424b-9868-57a2d4851a1d" />
    <TestList name="All Loaded Results" id="19431567-8539-422a-85d7-44ee4e166bda" />
  </TestLists>
  <ResultSummary outcome="Completed">
    <Counters total="246" executed="246" passed="246" failed="0" error="0" timeout="0" aborted="0" inconclusive="0" passedButRunAborted="0" notRunnable="0" notExecuted="0" disconnected="0" warning="0" completed="0" inProgress="0" pending="0" />
    <Output>
      <StdOut>[xUnit.net 00:00:00.00] xUnit.net VSTest Adapter v3.1.4+50e68bbb8b (64-bit .NET 10.0.11)&#xD;
[xUnit.net 00:00:00.37]   Discovering: OnlineSupermarket.Api.Tests&#xD;
[xUnit.net 00:00:00.47]   Discovered:  OnlineSupermarket.Api.Tests&#xD;
[xUnit.net 00:00:00.54]   Starting:    OnlineSupermarket.Api.Tests&#xD;
[xUnit.net 00:00:18.56]   Finished:    OnlineSupermarket.Api.Tests&#xD;
</StdOut>
    </Output>
  </ResultSummary>
</TestRun>