<?xml version="1.0" encoding="utf-8"?>
<TestRun id="9a90199e-631c-4491-b0e7-31a232cf9708" name="manh@MTM 2026-09-07 13:18:27" runUser="MTM\manh" xmlns="http://microsoft.com/schemas/VisualStudio/TeamTest/2010">
  <Times creation="2026-09-07T13:18:27.4854097+07:00" queuing="2026-09-07T13:18:27.4854100+07:00" start="2026-09-07T13:18:26.4204432+07:00" finish="2026-09-07T13:22:45.7170600+07:00" />
  <TestSettings name="default" id="f2c93c87-217f-49eb-aca9-c740384e0320">
    <Deployment runDeploymentRoot="manh_MTM_2026-09-07_13_18_27" />
  </TestSettings>
  <Results>
    <UnitTestResult executionId="0be24214-83e6-43ed-832a-32fba70046b1" testId="49ec13bb-3ae8-e7a2-7e67-18b6a54d6628" testName="OnlineSupermarket.Infrastructure.Tests.Jobs.JobRunStoreTests.Start_QueuedRun_TransitionsToRunningAndGrantsToken" computerName="MTM" duration="00:00:00.0061035" startTime="2026-09-07T13:18:28.9303551+07:00" endTime="2026-09-07T13:18:28.9354508+07:00" testType="13cdc9d9-ddb5-4fa4-a97d-d965ccfc6d4b" outcome="Passed" testListId="8c84fa94-04c1-424b-9868-57a2d4851a1d" relativeResultsDirectory="0be24214-83e6-43ed-832a-32fba70046b1" />
    <UnitTestResult executionId="e5c7e5f9-1056-447a-9a75-29cc506f3a20" testId="50a31200-5eb2-2b88-9a47-a1aae008852c" testName="OnlineSupermarket.Infrastructure.Tests.Persistence.MySqlMigrationUpgradeTests.UpgradeScript_ExecutedViaMySqlCli_SucceedsEndToEnd" computerName="MTM" duration="00:00:08.3106991" startTime="2026-09-07T13:21:36.0749327+07:00" endTime="2026-09-07T13:21:44.3857701+07:00" testType="13cdc9d9-ddb5-4fa4-a97d-d965ccfc6d4b" outcome="Passed" testListId="8c84fa94-04c1-424b-9868-57a2d4851a1d" relativeResultsDirectory="e5c7e5f9-1056-447a-9a75-29cc506f3a20" />
    <UnitTestResult executionId="adb6d79d-b642-4e46-81b7-9569ba78927c" testId="8afbae22-be6b-532a-9314-a64991bd3ad1" testName="OnlineSupermarket.Infrastructure.Tests.Recommendations.RecommendationScorerTests.ScoreSimilar_ExcludesSourceAndInactiveProducts" computerName="MTM" duration="00:00:00.0260834" startTime="2026-09-07T13:18:27.4539884+07:00" endTime="2026-09-07T13:18:27.4782382+07:00" testType="13cdc9d9-ddb5-4fa4-a97d-d965ccfc6d4b" outcome="Passed" testListId="8c84fa94-04c1-424b-9868-57a2d4851a1d" relativeResultsDirectory="adb6d79d-b642-4e46-81b7-9569ba78927c" />
    <UnitTestResult executionId="9ac700cf-e7a5-41fb-bf3e-fc5d9dfaf581" testId="9282a79e-dad0-0bf7-13d0-019f2b9df3eb" testName="OnlineSupermarket.Infrastructure.Tests.DataSeederTests.SeedAllAsync_SeedsAllEntitiesCorrectly" computerName="MTM" duration="00:00:00.1698031" startTime="2026-09-07T13:18:31.0368004+07:00" endTime="2026-09-07T13:18:31.2064218+07:00" testType="13cdc9d9-ddb5-4fa4-a97d-d965ccfc6d4b" outcome="Passed" testListId="8c84fa94-04c1-424b-9868-57a2d4851a1d" relativeResultsDirectory="9ac700cf-e7a5-41fb-bf3e-fc5d9dfaf581" />
    <UnitTestResult executionId="a1484d8c-065a-4339-b63e-e0182058f694" testId="f090a368-87ac-ccc8-4a8d-1c0b23109539" testName="OnlineSupermarket.Infrastructure.Tests.Jobs.JobRunExecutorTests.UnknownHandler_FailsRun_WithoutInvokingAnyHandler" computerName="MTM" duration="00:00:00.0384163" startTime="2026-09-07T13:18:28.9084075+07:00" endTime="2026-09-07T13:18:28.9457992+07:00" testType="13cdc9d9-ddb5-4fa4-a97d-d965ccfc6d4b" outcome="Passed" testListId="8c84fa94-04c1-424b-9868-57a2d4851a1d" relativeResultsDirectory="a1484d8c-065a-4339-b63e-e0182058f694" />
    <UnitTestResult executionId="7afab498-ae51-47b8-85d7-4b97e3eceffa" testId="10308855-9918-2a1b-bb76-e74b5df51a42" testName="OnlineSupermarket.Infrastructure.Tests.Payments.PaymentCallbackVerifierTests.MoMo_rejects_missing_required_field(removedField: &quot;amount&quot;)" computerName="MTM" duration="00:00:00.0000255" startTime="2026-09-07T13:18:27.5022273+07:00" endTime="2026-09-07T13:18:27.5023736+07:00" testType="13cdc9d9-ddb5-4fa4-a97d-d965ccfc6d4b" outcome="Passed" testListId="8c84fa94-04c1-424b-9868-57a2d4851a1d" relativeResultsDirectory="7afab498-ae51-47b8-85d7-4b97e3eceffa" />
    <UnitTestResult executionId="10c96438-3e13-4e92-ab66-dc86a4cc15f7" testId="b1f2b2bb-6b33-7463-7bf1-3f83fc867c36" testName="OnlineSupermarket.Infrastructure.Tests.Jobs.JobErrorSanitizerTests.Redacts_escaped_quote_within_json_value" computerName="MTM" duration="00:00:00.0002786" startTime="2026-09-07T13:18:27.4983617+07:00" endTime="2026-09-07T13:18:27.4986520+07:00" testType="13cdc9d9-ddb5-4fa4-a97d-d965ccfc6d4b" outcome="Passed" testListId="8c84fa94-04c1-424b-9868-57a2d4851a1d" relativeResultsDirectory="10c96438-3e13-4e92-ab66-dc86a4cc15f7" />
    <UnitTestResult executionId="b5a9bc8a-daa8-41dd-a0c0-196dec2f4f49" testId="de754b07-a388-a5be-4933-0054f0cdd20e" testName="OnlineSupermarket.Infrastructure.Tests.Intelligence.ForecastRecurringScheduleTests.GetDueJobsAsync_CrossMidnight_CompletedJustAfterMidnightIsSkippedToday" computerName="MTM" duration="00:00:00.0946543" startTime="2026-09-07T13:18:29.7025260+07:00" endTime="2026-09-07T13:18:29.7971582+07:00" testType="13cdc9d9-ddb5-4fa4-a97d-d965ccfc6d4b" outcome="Passed" testListId="8c84fa94-04c1-424b-9868-57a2d4851a1d" relativeResultsDirectory="b5a9bc8a-daa8-41dd-a0c0-196dec2f4f49" />
    <UnitTestResult executionId="9a48b6dd-596f-480f-988e-bcfcbbb27510" testId="500086af-f5cd-f449-4072-1f0c994781e2" testName="OnlineSupermarket.Infrastructure.Tests.Recommendations.ProductViewEventStoreTests.Merge_WithNoMatchingRows_ReturnsZero" computerName="MTM" duration="00:00:00.0180923" startTime="2026-09-07T13:22:44.4150636+07:00" endTime="2026-09-07T13:22:44.4449253+07:00" testType="13cdc9d9-ddb5-4fa4-a97d-d965ccfc6d4b" outcome="Passed" testListId="8c84fa94-04c1-424b-9868-57a2d4851a1d" relativeResultsDirectory="9a48b6dd-596f-480f-988e-bcfcbbb27510" />
    <UnitTestResult executionId="cfb3934a-f357-4616-995a-c28738d8d846" testId="7f9bb9e4-8ff8-bbd3-6389-5abd19fa039b" testName="OnlineSupermarket.Infrastructure.Tests.Payments.PaymentCallbackProcessorTests.ProviderMismatch_ReturnsConflict" computerName="MTM" duration="00:00:00.0060348" startTime="2026-09-07T13:18:29.8068482+07:00" endTime="2026-09-07T13:18:29.8125913+07:00" testType="13cdc9d9-ddb5-4fa4-a97d-d965ccfc6d4b" outcome="Passed" testListId="8c84fa94-04c1-424b-9868-57a2d4851a1d" relativeResultsDirectory="cfb3934a-f357-4616-995a-c28738d8d846" />
    <UnitTestResult executionId="6cd55216-d1d0-4929-a7be-f630b338e346" testId="22ab8d01-f610-d71a-7564-a040f4766e4a" testName="OnlineSupermarket.Infrastructure.Tests.Payments.PaymentCallbackVerifierTests.MoMo_rejects_missing_required_field(removedField: &quot;transId&quot;)" computerName="MTM" duration="00:00:00.0002419" startTime="2026-09-07T13:18:27.5004921+07:00" endTime="2026-09-07T13:18:27.5005697+07:00" testType="13cdc9d9-ddb5-4fa4-a97d-d965ccfc6d4b" outcome="Passed" testListId="8c84fa94-04c1-424b-9868-57a2d4851a1d" relativeResultsDirectory="6cd55216-d1d0-4929-a7be-f630b338e346" />
    <UnitTestResult executionId="87840625-7a8c-4c5b-bc06-227631a546fe" testId="5b8fe07c-9e7b-beab-f326-9d89e3e7dbe8" testName="OnlineSupermarket.Infrastructure.Tests.Jobs.JobErrorSanitizerTests.Truncates_overlong_messages_to_limit_with_ellipsis" computerName="MTM" duration="00:00:00.0003039" startTime="2026-09-07T13:18:27.4944058+07:00" endTime="2026-09-07T13:18:27.4947552+07:00" testType="13cdc9d9-ddb5-4fa4-a97d-d965ccfc6d4b" outcome="Passed" testListId="8c84fa94-04c1-424b-9868-57a2d4851a1d" relativeResultsDirectory="87840625-7a8c-4c5b-bc06-227631a546fe" />
    <UnitTestResult executionId="60a967cc-ebb2-445a-bec2-42204622067d" testId="5932343d-bb70-8341-3e02-1652815fc6c6" testName="OnlineSupermarket.Infrastructure.Tests.Jobs.JobErrorSanitizerTests.Redacts_quoted_credentials" computerName="MTM" duration="00:00:00.0007213" startTime="2026-09-07T13:18:27.4833610+07:00" endTime="2026-09-07T13:18:27.4834183+07:00" testType="13cdc9d9-ddb5-4fa4-a97d-d965ccfc6d4b" outcome="Passed" testListId="8c84fa94-04c1-424b-9868-57a2d4851a1d" relativeResultsDirectory="60a967cc-ebb2-445a-bec2-42204622067d" />
    <UnitTestResult executionId="6b498bf7-a898-486f-a58f-431461691153" testId="b94c78e3-e632-f872-379e-41a9ffde6b34" testName="OnlineSupermarket.Infrastructure.Tests.Persistence.MySqlMigrationUpgradeTests.UpgradeWithExistingRankConstraint_ValidWhitelistForms_Succeeds(rankCondition: &quot;1 &lt;= `rank`&quot;)" computerName="MTM" duration="00:00:03.0695708" startTime="2026-09-07T13:20:56.9712943+07:00" endTime="2026-09-07T13:21:00.0412728+07:00" testType="13cdc9d9-ddb5-4fa4-a97d-d965ccfc6d4b" outcome="Passed" testListId="8c84fa94-04c1-424b-9868-57a2d4851a1d" relativeResultsDirectory="6b498bf7-a898-486f-a58f-431461691153" />
    <UnitTestResult executionId="f666eb9c-ef1f-40b2-a865-07b211135c1f" testId="457866be-6306-5633-f971-57ef31e2a49c" testName="OnlineSupermarket.Infrastructure.Tests.Payments.PaymentCallbackVerifierTests.VnPay_rejects_signature_of_wrong_length" computerName="MTM" duration="00:00:00.0003464" startTime="2026-09-07T13:18:27.4985704+07:00" endTime="2026-09-07T13:18:27.4990267+07:00" testType="13cdc9d9-ddb5-4fa4-a97d-d965ccfc6d4b" outcome="Passed" testListId="8c84fa94-04c1-424b-9868-57a2d4851a1d" relativeResultsDirectory="f666eb9c-ef1f-40b2-a865-07b211135c1f" />
    <UnitTestResult executionId="8c0e05d6-3cbd-4256-8a6a-2f0d5a03fe5e" testId="377a5255-2a5e-ff75-4f97-7493d98117de" testName="OnlineSupermarket.Infrastructure.Tests.Jobs.JobRunCoordinatorTests.TryQueueAsync_WhenChannelFails_ShouldKeepQueuedRowAndReturnTrue" computerName="MTM" duration="00:00:00.1045534" startTime="2026-09-07T13:18:28.8056017+07:00" endTime="2026-09-07T13:18:28.9099200+07:00" testType="13cdc9d9-ddb5-4fa4-a97d-d965ccfc6d4b" outcome="Passed" testListId="8c84fa94-04c1-424b-9868-57a2d4851a1d" relativeResultsDirectory="8c0e05d6-3cbd-4256-8a6a-2f0d5a03fe5e" />
    <UnitTestResult executionId="d1c5dbc8-9bb9-4d4e-962e-6c7af5d9c737" testId="a56d3eb8-e7a3-1757-6349-723dba8914e3" testName="OnlineSupermarket.Infrastructure.Tests.Recommendations.RecommendationScorerTests.ScoreGlobal_SkipsSignalsOutsideWindow" computerName="MTM" duration="00:00:00.0477985" startTime="2026-09-07T13:18:27.4219210+07:00" endTime="2026-09-07T13:18:27.4353685+07:00" testType="13cdc9d9-ddb5-4fa4-a97d-d965ccfc6d4b" outcome="Passed" testListId="8c84fa94-04c1-424b-9868-57a2d4851a1d" relativeResultsDirectory="d1c5dbc8-9bb9-4d4e-962e-6c7af5d9c737" />
    <UnitTestResult executionId="e50864b0-b151-49a3-b12d-22758887683b" testId="8b3d6f71-98e9-fb37-6ff8-461dd59c70c9" testName="OnlineSupermarket.Infrastructure.Tests.Intelligence.ForecastDispatchIntegrationTests.Coordinator_WithBranchId_SetsItOnTheQueuedRun" computerName="MTM" duration="00:00:02.0146500" startTime="2026-09-07T13:18:27.5088892+07:00" endTime="2026-09-07T13:18:29.5021669+07:00" testType="13cdc9d9-ddb5-4fa4-a97d-d965ccfc6d4b" outcome="Passed" testListId="8c84fa94-04c1-424b-9868-57a2d4851a1d" relativeResultsDirectory="e50864b0-b151-49a3-b12d-22758887683b" />
    <UnitTestResult executionId="9f90f1aa-add0-48e8-91c7-cb1302cf0ae9" testId="10dda98c-c080-ca48-3df5-f03addd0143f" testName="OnlineSupermarket.Infrastructure.Tests.Persistence.MySqlMigrationUpgradeTests.Upgrade_MidMigrationFailure_DemonstratesBlindRetryFailsAndBackupRestoresCleanly" computerName="MTM" duration="00:00:05.4779355" startTime="2026-09-07T13:21:30.5957386+07:00" endTime="2026-09-07T13:21:36.0741981+07:00" testType="13cdc9d9-ddb5-4fa4-a97d-d965ccfc6d4b" outcome="Passed" testListId="8c84fa94-04c1-424b-9868-57a2d4851a1d" relativeResultsDirectory="9f90f1aa-add0-48e8-91c7-cb1302cf0ae9" />
    <UnitTestResult executionId="81d77b39-7d6d-47fc-93f2-9ac82431e2f6" testId="59b73554-252d-748c-aa3e-3e3362ff3f2d" testName="OnlineSupermarket.Infrastructure.Tests.Persistence.MySqlMigrationUpgradeTests.PrepareUpgrade_WhenIndexHasWrongColumnsOrOrder_ThrowsDiagnostic" computerName="MTM" duration="00:00:00.3486234" startTime="2026-09-07T13:21:29.9103895+07:00" endTime="2026-09-07T13:21:30.2591145+07:00" testType="13cdc9d9-ddb5-4fa4-a97d-d965ccfc6d4b" outcome="Passed" testListId="8c84fa94-04c1-424b-9868-57a2d4851a1d" relativeResultsDirectory="81d77b39-7d6d-47fc-93f2-9ac82431e2f6" />
    <UnitTestResult executionId="3044f902-8e44-4da4-8b2e-ade545080cd3" testId="6611e777-0663-db2a-6335-f5686ff6d927" testName="OnlineSupermarket.Infrastructure.Tests.Jobs.JobRunExecutorTests.ThrowingHandler_RedactsSyntheticSecretMarker_FromErrorSummaryAndLogs" computerName="MTM" duration="00:00:00.0161914" startTime="2026-09-07T13:18:28.9584804+07:00" endTime="2026-09-07T13:18:28.9751014+07:00" testType="13cdc9d9-ddb5-4fa4-a97d-d965ccfc6d4b" outcome="Passed" testListId="8c84fa94-04c1-424b-9868-57a2d4851a1d" relativeResultsDirectory="3044f902-8e44-4da4-8b2e-ade545080cd3" />
    <UnitTestResult executionId="b90799cb-5f79-46d1-b79c-9f1aaca25ded" testId="4e407bc8-ed61-c08c-4acb-da5e0de2453d" testName="OnlineSupermarket.Infrastructure.Tests.Persistence.MySqlMigrationUpgradeTests.DotnetEfDatabaseUpdate_WithConnectionFlag_UpdatesTargetDatabaseWithoutEnv" computerName="MTM" duration="00:00:08.3510148" startTime="2026-09-07T13:21:47.7137226+07:00" endTime="2026-09-07T13:21:56.0649020+07:00" testType="13cdc9d9-ddb5-4fa4-a97d-d965ccfc6d4b" outcome="Passed" testListId="8c84fa94-04c1-424b-9868-57a2d4851a1d" relativeResultsDirectory="b90799cb-5f79-46d1-b79c-9f1aaca25ded" />
    <UnitTestResult executionId="5a1192f4-ce11-4130-9113-b5e9c41d7326" testId="e366356b-9ce6-fc9d-7195-18177173c54b" testName="OnlineSupermarket.Infrastructure.Tests.Payments.PaymentCallbackVerifierTests.VnPay_rejects_culturally_encoded_or_invalid_amount(rawAmount: &quot;1.234&quot;)" computerName="MTM" duration="00:00:00.0000194" startTime="2026-09-07T13:18:27.4964944+07:00" endTime="2026-09-07T13:18:27.4965517+07:00" testType="13cdc9d9-ddb5-4fa4-a97d-d965ccfc6d4b" outcome="Passed" testListId="8c84fa94-04c1-424b-9868-57a2d4851a1d" relativeResultsDirectory="5a1192f4-ce11-4130-9113-b5e9c41d7326" />
    <UnitTestResult executionId="eb9213a8-fa71-4ee4-8296-8461c3e606e0" testId="2588a4a2-dca4-4ee3-955d-fd942ee5995d" testName="OnlineSupermarket.Infrastructure.Tests.Payments.PaymentCallbackProcessorTests.CancelledOrder_ReturnsConflict" computerName="MTM" duration="00:00:00.0047839" startTime="2026-09-07T13:18:29.7011942+07:00" endTime="2026-09-07T13:18:29.7057898+07:00" testType="13cdc9d9-ddb5-4fa4-a97d-d965ccfc6d4b" outcome="Passed" testListId="8c84fa94-04c1-424b-9868-57a2d4851a1d" relativeResultsDirectory="eb9213a8-fa71-4ee4-8296-8461c3e606e0" />
    <UnitTestResult executionId="b9362120-d0a1-4eb4-aa8e-c483c885c793" testId="fc49062f-7532-e43d-704d-1f3175df043a" testName="OnlineSupermarket.Infrastructure.Tests.Payments.PaymentCallbackVerifierTests.VnPay_rejects_culturally_encoded_or_invalid_amount(rawAmount: &quot;-100&quot;)" computerName="MTM" duration="00:00:00.0000128" startTime="2026-09-07T13:18:27.4976176+07:00" endTime="2026-09-07T13:18:27.4980184+07:00" testType="13cdc9d9-ddb5-4fa4-a97d-d965ccfc6d4b" outcome="Passed" testListId="8c84fa94-04c1-424b-9868-57a2d4851a1d" relativeResultsDirectory="b9362120-d0a1-4eb4-aa8e-c483c885c793" />
    <UnitTestResult executionId="f68047ca-137f-439d-9c57-878c66052495" testId="cf6797e1-c97a-8671-b035-bacb942a161e" testName="OnlineSupermarket.Infrastructure.Tests.Payments.PaymentCallbackVerifierTests.VnPay_treats_non_success_code_as_failed_not_success" computerName="MTM" duration="00:00:00.0115247" startTime="2026-09-07T13:18:27.4781672+07:00" endTime="2026-09-07T13:18:27.4829878+07:00" testType="13cdc9d9-ddb5-4fa4-a97d-d965ccfc6d4b" outcome="Passed" testListId="8c84fa94-04c1-424b-9868-57a2d4851a1d" relativeResultsDirectory="f68047ca-137f-439d-9c57-878c66052495" />
    <UnitTestResult executionId="4844b34a-d21e-4598-9cd9-a3b51ec5f93a" testId="1a073435-44a7-db8d-237d-c8504eb8fb6c" testName="OnlineSupermarket.Infrastructure.Tests.Inventory.InventoryMutationServiceTests.ApplyBatchAsync_WithSameOperationKey_AppliesOnce" computerName="MTM" duration="00:00:00.1981365" startTime="2026-09-07T13:18:29.6025782+07:00" endTime="2026-09-07T13:18:29.8006031+07:00" testType="13cdc9d9-ddb5-4fa4-a97d-d965ccfc6d4b" outcome="Passed" testListId="8c84fa94-04c1-424b-9868-57a2d4851a1d" relativeResultsDirectory="4844b34a-d21e-4598-9cd9-a3b51ec5f93a" />
    <UnitTestResult executionId="c4cb68e1-a08d-405e-972a-1e473d0882d6" testId="93ad8439-59c1-ca3e-b0e2-f02358ba99f6" testName="OnlineSupermarket.Infrastructure.Tests.Intelligence.ForecastRecurringScheduleTests.GetDueJobsAsync_WithActiveLock_SkipsThatBranch" computerName="MTM" duration="00:00:02.2023158" startTime="2026-09-07T13:18:27.4179744+07:00" endTime="2026-09-07T13:18:29.5693798+07:00" testType="13cdc9d9-ddb5-4fa4-a97d-d965ccfc6d4b" outcome="Passed" testListId="8c84fa94-04c1-424b-9868-57a2d4851a1d" relativeResultsDirectory="c4cb68e1-a08d-405e-972a-1e473d0882d6" />
    <UnitTestResult executionId="636870f5-c6fb-45ce-b83d-fd6d30e6b142" testId="409599b0-8496-93ad-2c6f-2ee722dca0fd" testName="OnlineSupermarket.Infrastructure.Tests.Jobs.JobRunExecutorTests.ThrowingHandler_FailsRun_WithSanitizedError" computerName="MTM" duration="00:00:00.0083232" startTime="2026-09-07T13:18:28.9754742+07:00" endTime="2026-09-07T13:18:28.9841677+07:00" testType="13cdc9d9-ddb5-4fa4-a97d-d965ccfc6d4b" outcome="Passed" testListId="8c84fa94-04c1-424b-9868-57a2d4851a1d" relativeResultsDirectory="636870f5-c6fb-45ce-b83d-fd6d30e6b142" />
    <UnitTestResult executionId="d9cfebf0-9c02-4360-9126-bb6675bc8d31" testId="4862c04a-384a-4082-2f3d-c9f36f6cc013" testName="OnlineSupermarket.Infrastructure.Tests.Jobs.JobRunExecutorTests.DuplicateRequest_AlreadyRunning_IsSkipped" computerName="MTM" duration="00:00:00.0050602" startTime="2026-09-07T13:18:28.9844855+07:00" endTime="2026-09-07T13:18:28.9894174+07:00" testType="13cdc9d9-ddb5-4fa4-a97d-d965ccfc6d4b" outcome="Passed" testListId="8c84fa94-04c1-424b-9868-57a2d4851a1d" relativeResultsDirectory="d9cfebf0-9c02-4360-9126-bb6675bc8d31" />
    <UnitTestResult executionId="3519ab0d-945c-4ad8-ae26-77bf73cf8551" testId="6df3de4b-399d-2035-aa8b-f2391afc1d4e" testName="OnlineSupermarket.Infrastructure.Tests.Payments.PaymentCallbackVerifierTests.VnPay_accepts_valid_signature_and_normalizes_amount_unit" computerName="MTM" duration="00:00:00.0004469" startTime="2026-09-07T13:18:27.4943088+07:00" endTime="2026-09-07T13:18:27.4953228+07:00" testType="13cdc9d9-ddb5-4fa4-a97d-d965ccfc6d4b" outcome="Passed" testListId="8c84fa94-04c1-424b-9868-57a2d4851a1d" relativeResultsDirectory="3519ab0d-945c-4ad8-ae26-77bf73cf8551" />
    <UnitTestResult executionId="62f54907-8190-4d9f-b7a3-5c4b7ad610b8" testId="43a6dc81-dd7e-62e4-0a72-3f48d03f829a" testName="OnlineSupermarket.Infrastructure.Tests.Jobs.IntelligenceWorkerTests.UnknownHandler_FailsRunWithoutInvokingAnyHandler" computerName="MTM" duration="00:00:00.5280070" startTime="2026-09-07T13:18:28.9382899+07:00" endTime="2026-09-07T13:18:29.4668472+07:00" testType="13cdc9d9-ddb5-4fa4-a97d-d965ccfc6d4b" outcome="Passed" testListId="8c84fa94-04c1-424b-9868-57a2d4851a1d" relativeResultsDirectory="62f54907-8190-4d9f-b7a3-5c4b7ad610b8" />
    <UnitTestResult executionId="7e217a15-8c7a-4edb-96d8-3c345d272815" testId="80fcba73-886f-226a-9b6d-3bae2df6f57d" testName="OnlineSupermarket.Infrastructure.Tests.Persistence.MySqlMigrationUpgradeTests.UpgradeWithViolatingScoreData_FailsWithDiagnostic" computerName="MTM" duration="00:00:02.9972796" startTime="2026-09-07T13:21:03.1567704+07:00" endTime="2026-09-07T13:21:06.1540688+07:00" testType="13cdc9d9-ddb5-4fa4-a97d-d965ccfc6d4b" outcome="Passed" testListId="8c84fa94-04c1-424b-9868-57a2d4851a1d" relativeResultsDirectory="7e217a15-8c7a-4edb-96d8-3c345d272815" />
    <UnitTestResult executionId="8a268975-3e39-4dc5-9767-5976c3c057cb" testId="7b38932d-9b4a-aad2-0435-3caf04e1f758" testName="OnlineSupermarket.Infrastructure.Tests.Persistence.MySqlMigrationUpgradeTests.UpgradeWithExistingScoreConstraint_WithOrCondition_FailsWithDiagnostic" computerName="MTM" duration="00:00:03.1645264" startTime="2026-09-07T13:21:16.1469344+07:00" endTime="2026-09-07T13:21:19.3119184+07:00" testType="13cdc9d9-ddb5-4fa4-a97d-d965ccfc6d4b" outcome="Passed" testListId="8c84fa94-04c1-424b-9868-57a2d4851a1d" relativeResultsDirectory="8a268975-3e39-4dc5-9767-5976c3c057cb" />
    <UnitTestResult executionId="94737340-80a3-4ea8-8c99-e67820cd1996" testId="78589589-c2c0-ddbc-cb4f-d370099dba10" testName="OnlineSupermarket.Infrastructure.Tests.RefreshTokenCleanupServiceTests.CleanupAll_RemovesOldRevokedTokens" computerName="MTM" duration="00:00:01.4612562" startTime="2026-09-07T13:18:27.4222840+07:00" endTime="2026-09-07T13:18:28.8301628+07:00" testType="13cdc9d9-ddb5-4fa4-a97d-d965ccfc6d4b" outcome="Passed" testListId="8c84fa94-04c1-424b-9868-57a2d4851a1d" relativeResultsDirectory="94737340-80a3-4ea8-8c99-e67820cd1996" />
    <UnitTestResult executionId="366e5ae5-3c66-44b3-b3b4-78e689369b0c" testId="a02bc614-364b-71a4-2fe8-46d8f70eac94" testName="OnlineSupermarket.Infrastructure.Tests.Jobs.JobErrorSanitizerTests.Sanitizes_credentials_and_stack_trace" computerName="MTM" duration="00:00:00.0142213" startTime="2026-09-07T13:18:27.4871946+07:00" endTime="2026-09-07T13:18:27.4939321+07:00" testType="13cdc9d9-ddb5-4fa4-a97d-d965ccfc6d4b" outcome="Passed" testListId="8c84fa94-04c1-424b-9868-57a2d4851a1d" relativeResultsDirectory="366e5ae5-3c66-44b3-b3b4-78e689369b0c" />
    <UnitTestResult executionId="cbde0edf-1d2b-4b4c-8c90-76f0d5086f20" testId="674ac23b-ddb8-3822-8117-d49bd97e1647" testName="OnlineSupermarket.Infrastructure.Tests.Persistence.MySqlPaymentCallbackTests.MissingInventory_Failure_Callback_RollsBackEverything" computerName="MTM" duration="00:00:00.5416854" startTime="2026-09-07T13:19:26.3761638+07:00" endTime="2026-09-07T13:19:30.0239734+07:00" testType="13cdc9d9-ddb5-4fa4-a97d-d965ccfc6d4b" outcome="Passed" testListId="8c84fa94-04c1-424b-9868-57a2d4851a1d" relativeResultsDirectory="cbde0edf-1d2b-4b4c-8c90-76f0d5086f20" />
    <UnitTestResult executionId="db4074c8-23fb-4abb-833c-10fd88796d63" testId="c3a0819b-2ae3-c2c0-a26d-006fa3286126" testName="OnlineSupermarket.Infrastructure.Tests.Jobs.JobErrorSanitizerTests.Truncation_boundary_uses_stable_prefix" computerName="MTM" duration="00:00:00.0009766" startTime="2026-09-07T13:18:27.4837405+07:00" endTime="2026-09-07T13:18:27.4865402+07:00" testType="13cdc9d9-ddb5-4fa4-a97d-d965ccfc6d4b" outcome="Passed" testListId="8c84fa94-04c1-424b-9868-57a2d4851a1d" relativeResultsDirectory="db4074c8-23fb-4abb-833c-10fd88796d63" />
    <UnitTestResult executionId="bdcaf972-c13d-4bc7-9d1c-44294a3820ed" testId="fedca3f6-c103-e438-c568-38f21267f153" testName="OnlineSupermarket.Infrastructure.Tests.Persistence.MySqlMigrationUpgradeTests.UpgradeWithViolatingRankData_FailsWithDiagnostic" computerName="MTM" duration="00:00:02.9876393" startTime="2026-09-07T13:21:56.6046616+07:00" endTime="2026-09-07T13:21:59.5929326+07:00" testType="13cdc9d9-ddb5-4fa4-a97d-d965ccfc6d4b" outcome="Passed" testListId="8c84fa94-04c1-424b-9868-57a2d4851a1d" relativeResultsDirectory="bdcaf972-c13d-4bc7-9d1c-44294a3820ed" />
    <UnitTestResult executionId="705ff5aa-65b6-41e0-99b7-3c566ea36d5a" testId="cbb97fb2-9cb3-5c11-db4a-958c337bca95" testName="OnlineSupermarket.Infrastructure.Tests.Jobs.RecurringJobSchedulerTests.Scheduler_IterationException_RedactsSyntheticSecretMarkerInLog" computerName="MTM" duration="00:00:00.2045307" startTime="2026-09-07T13:18:27.4221546+07:00" endTime="2026-09-07T13:18:27.5850944+07:00" testType="13cdc9d9-ddb5-4fa4-a97d-d965ccfc6d4b" outcome="Passed" testListId="8c84fa94-04c1-424b-9868-57a2d4851a1d" relativeResultsDirectory="705ff5aa-65b6-41e0-99b7-3c566ea36d5a" />
    <UnitTestResult executionId="2545fbdf-062c-4c00-aead-a18f684bcc11" testId="3f92d7fa-0dd7-4e80-958e-3066337b367c" testName="OnlineSupermarket.Infrastructure.Tests.Persistence.MySqlMigrationUpgradeTests.DatabaseCreator_WhenConnectionOverridden_DelegatesToProviderAndManagesDatabase" computerName="MTM" duration="00:00:00.5389806" startTime="2026-09-07T13:21:56.0654210+07:00" endTime="2026-09-07T13:21:56.6045088+07:00" testType="13cdc9d9-ddb5-4fa4-a97d-d965ccfc6d4b" outcome="Passed" testListId="8c84fa94-04c1-424b-9868-57a2d4851a1d" relativeResultsDirectory="2545fbdf-062c-4c00-aead-a18f684bcc11" />
    <UnitTestResult executionId="ceb4ee60-810f-4b76-abb0-6842a1091be4" testId="e22d9d69-767f-6821-b499-d2723050a683" testName="OnlineSupermarket.Infrastructure.Tests.Intelligence.ForecastJobHandlerTests.ExecuteAsync_WithConflict_RollsBackTheWholeBatch" computerName="MTM" duration="00:00:00.1391385" startTime="2026-09-07T13:18:30.0341745+07:00" endTime="2026-09-07T13:18:30.1732655+07:00" testType="13cdc9d9-ddb5-4fa4-a97d-d965ccfc6d4b" outcome="Passed" testListId="8c84fa94-04c1-424b-9868-57a2d4851a1d" relativeResultsDirectory="ceb4ee60-810f-4b76-abb0-6842a1091be4" />
    <UnitTestResult executionId="2be5d842-f5e8-4197-ae2a-def82421a1d1" testId="5844f637-4e89-621b-3ccd-54f49a038b2f" testName="OnlineSupermarket.Infrastructure.Tests.Jobs.IntelligenceWorkerTests.MaxConcurrentJobs_LimitsConcurrentHandlers" computerName="MTM" duration="00:00:01.5703153" startTime="2026-09-07T13:18:27.4221301+07:00" endTime="2026-09-07T13:18:28.9379451+07:00" testType="13cdc9d9-ddb5-4fa4-a97d-d965ccfc6d4b" outcome="Passed" testListId="8c84fa94-04c1-424b-9868-57a2d4851a1d" relativeResultsDirectory="2be5d842-f5e8-4197-ae2a-def82421a1d1" />
    <UnitTestResult executionId="ce02db30-ddc8-4099-9057-b30f39894257" testId="410a4ec8-33c0-c45c-0242-5ad7e247edca" testName="OnlineSupermarket.Infrastructure.Tests.Intelligence.DemandForecastCalculatorTests.Calculate_IncludesZeroSaleCalendarDays_AfterFirstSale" computerName="MTM" duration="00:00:00.0007681" startTime="2026-09-07T13:18:27.4661794+07:00" endTime="2026-09-07T13:18:27.4662326+07:00" testType="13cdc9d9-ddb5-4fa4-a97d-d965ccfc6d4b" outcome="Passed" testListId="8c84fa94-04c1-424b-9868-57a2d4851a1d" relativeResultsDirectory="ce02db30-ddc8-4099-9057-b30f39894257" />
    <UnitTestResult executionId="7452fbc9-13fb-443b-8734-f7d5cd19560e" testId="33bd4cd3-451b-cd94-283f-917b3fc546ef" testName="OnlineSupermarket.Infrastructure.Tests.Payments.PaymentCallbackProcessorTests.TerminalPayment_ReturnsConflict" computerName="MTM" duration="00:00:00.0064845" startTime="2026-09-07T13:18:29.8003053+07:00" endTime="2026-09-07T13:18:29.8064052+07:00" testType="13cdc9d9-ddb5-4fa4-a97d-d965ccfc6d4b" outcome="Passed" testListId="8c84fa94-04c1-424b-9868-57a2d4851a1d" relativeResultsDirectory="7452fbc9-13fb-443b-8734-f7d5cd19560e" />
    <UnitTestResult executionId="c63e7abb-e4b4-4c08-958e-8a2c7b83ec0a" testId="5395c751-bcc5-b4cc-41f9-08385ae7ec68" testName="OnlineSupermarket.Infrastructure.Tests.Intelligence.DemandForecastCalculatorTests.Calculate_UsesDailyAverageAcrossCompleteCalendarDays(horizon: 7, expected: 14)" computerName="MTM" duration="00:00:00.0467886" startTime="2026-09-07T13:18:27.4220449+07:00" endTime="2026-09-07T13:18:27.4267611+07:00" testType="13cdc9d9-ddb5-4fa4-a97d-d965ccfc6d4b" outcome="Passed" testListId="8c84fa94-04c1-424b-9868-57a2d4851a1d" relativeResultsDirectory="c63e7abb-e4b4-4c08-958e-8a2c7b83ec0a" />
    <UnitTestResult executionId="51cece53-82ac-415b-a29d-b9255c9e7821" testId="07a76cd6-4cee-7ded-957f-e5b632fb356d" testName="OnlineSupermarket.Infrastructure.Tests.Recommendations.RecommendationScorerTests.ScoreSimilar_TieBreaksByProductIdAscending" computerName="MTM" duration="00:00:00.0007224" startTime="2026-09-07T13:18:27.5097062+07:00" endTime="2026-09-07T13:18:27.5097583+07:00" testType="13cdc9d9-ddb5-4fa4-a97d-d965ccfc6d4b" outcome="Passed" testListId="8c84fa94-04c1-424b-9868-57a2d4851a1d" relativeResultsDirectory="51cece53-82ac-415b-a29d-b9255c9e7821" />
    <UnitTestResult executionId="07eb3a6f-326a-4ae6-acb0-011ee67fa0fe" testId="2cb99184-9aab-9d0b-e939-559ee623b571" testName="OnlineSupermarket.Infrastructure.Tests.Payments.PaymentCallbackVerifierTests.MoMo_rejects_culturally_encoded_or_invalid_amount(rawAmount: &quot;1,5&quot;)" computerName="MTM" duration="00:00:00.0001375" startTime="2026-09-07T13:18:27.4903468+07:00" endTime="2026-09-07T13:18:27.4904187+07:00" testType="13cdc9d9-ddb5-4fa4-a97d-d965ccfc6d4b" outcome="Passed" testListId="8c84fa94-04c1-424b-9868-57a2d4851a1d" relativeResultsDirectory="07eb3a6f-326a-4ae6-acb0-011ee67fa0fe" />
    <UnitTestResult executionId="725298be-e2a3-412f-b2b5-46d2b98d2f29" testId="e0d99fac-3933-f093-0577-e6b490bb894e" testName="OnlineSupermarket.Infrastructure.Tests.Payments.PaymentCallbackVerifierTests.MoMo_ignores_unknown_fields_for_signing" computerName="MTM" duration="00:00:00.0004883" startTime="2026-09-07T13:18:27.5040473+07:00" endTime="2026-09-07T13:18:27.5040968+07:00" testType="13cdc9d9-ddb5-4fa4-a97d-d965ccfc6d4b" outcome="Passed" testListId="8c84fa94-04c1-424b-9868-57a2d4851a1d" relativeResultsDirectory="725298be-e2a3-412f-b2b5-46d2b98d2f29" />
    <UnitTestResult executionId="b01f02f7-3ced-4b2f-bcc8-e32457389a08" testId="efc9717a-cbb6-f6c1-e2d9-06e0e5cfcfc0" testName="OnlineSupermarket.Infrastructure.Tests.Persistence.MySqlPaymentCallbackTests.TerminalPayment_ReturnsConflict" computerName="MTM" duration="00:00:00.0790770" startTime="2026-09-07T13:20:19.9595205+07:00" endTime="2026-09-07T13:20:23.4265579+07:00" testType="13cdc9d9-ddb5-4fa4-a97d-d965ccfc6d4b" outcome="Passed" testListId="8c84fa94-04c1-424b-9868-57a2d4851a1d" relativeResultsDirectory="b01f02f7-3ced-4b2f-bcc8-e32457389a08" />
    <UnitTestResult executionId="475b407c-9a4b-498b-8400-f57db73a4899" testId="ff321af1-6c8c-b79e-6211-78ff6452044e" testName="OnlineSupermarket.Infrastructure.Tests.Jobs.JobErrorSanitizerTests.Redacts_quoted_json_key_before_colon" computerName="MTM" duration="00:00:00.0002816" startTime="2026-09-07T13:18:27.4868486+07:00" endTime="2026-09-07T13:18:27.4869333+07:00" testType="13cdc9d9-ddb5-4fa4-a97d-d965ccfc6d4b" outcome="Passed" testListId="8c84fa94-04c1-424b-9868-57a2d4851a1d" relativeResultsDirectory="475b407c-9a4b-498b-8400-f57db73a4899" />
    <UnitTestResult executionId="d455aaf4-44cd-40e7-b064-80299aac058c" testId="8f2e0a76-6d8d-5d91-06d1-7ab07769c1b2" testName="OnlineSupermarket.Infrastructure.Tests.Jobs.JobRunExecutorTests.TerminalRun_IsNeverReused" computerName="MTM" duration="00:00:00.0115801" startTime="2026-09-07T13:18:28.9462182+07:00" endTime="2026-09-07T13:18:28.9580935+07:00" testType="13cdc9d9-ddb5-4fa4-a97d-d965ccfc6d4b" outcome="Passed" testListId="8c84fa94-04c1-424b-9868-57a2d4851a1d" relativeResultsDirectory="d455aaf4-44cd-40e7-b064-80299aac058c" />
    <UnitTestResult executionId="2df7757d-4050-4980-9a54-81476f83f552" testId="f70cf080-d3cd-1b92-980c-e1be46e03b12" testName="OnlineSupermarket.Infrastructure.Tests.Persistence.MySqlMigrationUpgradeTests.UpgradeWithExistingScoreConstraint_ValidWhitelistForms_Succeeds(scoreCondition: &quot;score &lt;= 1 AND score &gt;= 0&quot;)" computerName="MTM" duration="00:00:03.4726236" startTime="2026-09-07T13:20:30.2039776+07:00" endTime="2026-09-07T13:20:33.6767802+07:00" testType="13cdc9d9-ddb5-4fa4-a97d-d965ccfc6d4b" outcome="Passed" testListId="8c84fa94-04c1-424b-9868-57a2d4851a1d" relativeResultsDirectory="2df7757d-4050-4980-9a54-81476f83f552" />
    <UnitTestResult executionId="62b9ff87-74fd-4438-b18f-6e92982ee2ab" testId="e6a65e88-1065-8375-9071-ab748acaf74f" testName="OnlineSupermarket.Infrastructure.Tests.Persistence.MySqlJobRunLifecycleConcurrencyTests.Renew_OnlyUnexpiredOwnerSucceeds" computerName="MTM" duration="00:00:00.0452673" startTime="2026-09-07T13:22:09.8215606+07:00" endTime="2026-09-07T13:22:13.0597847+07:00" testType="13cdc9d9-ddb5-4fa4-a97d-d965ccfc6d4b" outcome="Passed" testListId="8c84fa94-04c1-424b-9868-57a2d4851a1d" relativeResultsDirectory="62b9ff87-74fd-4438-b18f-6e92982ee2ab" />
    <UnitTestResult executionId="434f0dc9-a322-403d-b77c-3e5d05469a66" testId="218af147-5d27-d7a2-7ca9-9487051ec5a9" testName="OnlineSupermarket.Infrastructure.Tests.Jobs.IntelligenceWorkerTests.ClaimsRun_DispatchesHandler_AndCompletesSuccess" computerName="MTM" duration="00:00:00.5232976" startTime="2026-09-07T13:18:29.4673023+07:00" endTime="2026-09-07T13:18:29.9911269+07:00" testType="13cdc9d9-ddb5-4fa4-a97d-d965ccfc6d4b" outcome="Passed" testListId="8c84fa94-04c1-424b-9868-57a2d4851a1d" relativeResultsDirectory="434f0dc9-a322-403d-b77c-3e5d05469a66" />
    <UnitTestResult executionId="c4acf05e-b8dd-4780-a132-e01a76b4e7b9" testId="27bb57be-8d69-203a-70c3-54a6b902fcbb" testName="OnlineSupermarket.Infrastructure.Tests.Jobs.JobErrorSanitizerTests.Redacts_sensitive_uri_query_values" computerName="MTM" duration="00:00:00.0087236" startTime="2026-09-07T13:18:27.5001752+07:00" endTime="2026-09-07T13:18:27.5074294+07:00" testType="13cdc9d9-ddb5-4fa4-a97d-d965ccfc6d4b" outcome="Passed" testListId="8c84fa94-04c1-424b-9868-57a2d4851a1d" relativeResultsDirectory="c4acf05e-b8dd-4780-a132-e01a76b4e7b9" />
    <UnitTestResult executionId="286dab56-44c3-4e49-a235-ff7cc211809c" testId="5e6e6a69-20a6-f998-994a-f878dd41e935" testName="OnlineSupermarket.Infrastructure.Tests.Intelligence.ForecastRecurringScheduleTests.GetDueJobsAsync_CrossMidnight_CompletedYesterdayIsStillDueToday" computerName="MTM" duration="00:00:00.1326475" startTime="2026-09-07T13:18:29.5697229+07:00" endTime="2026-09-07T13:18:29.7022209+07:00" testType="13cdc9d9-ddb5-4fa4-a97d-d965ccfc6d4b" outcome="Passed" testListId="8c84fa94-04c1-424b-9868-57a2d4851a1d" relativeResultsDirectory="286dab56-44c3-4e49-a235-ff7cc211809c" />
    <UnitTestResult executionId="c5b99b04-6f98-4f63-b254-5f90a0a0c3a1" testId="32053b5c-210f-d098-520d-6d778c22fe89" testName="OnlineSupermarket.Infrastructure.Tests.Payments.PaymentCallbackProcessorTests.TerminalOrder_ReturnsConflict_WithoutCallbackRow(status: Failed)" computerName="MTM" duration="00:00:00.0053261" startTime="2026-09-07T13:18:29.7317951+07:00" endTime="2026-09-07T13:18:29.7370160+07:00" testType="13cdc9d9-ddb5-4fa4-a97d-d965ccfc6d4b" outcome="Passed" testListId="8c84fa94-04c1-424b-9868-57a2d4851a1d" relativeResultsDirectory="c5b99b04-6f98-4f63-b254-5f90a0a0c3a1" />
    <UnitTestResult executionId="70e2abea-739b-4c12-85a1-ac80882382d9" testId="1116c77a-4606-3a8b-7d83-d146bfb4d7fe" testName="OnlineSupermarket.Infrastructure.Tests.RefreshTokenCleanupServiceTests.CleanupAll_RemovesExpiredActiveTokens" computerName="MTM" duration="00:00:00.0777132" startTime="2026-09-07T13:18:28.8303925+07:00" endTime="2026-09-07T13:18:28.9078135+07:00" testType="13cdc9d9-ddb5-4fa4-a97d-d965ccfc6d4b" outcome="Passed" testListId="8c84fa94-04c1-424b-9868-57a2d4851a1d" relativeResultsDirectory="70e2abea-739b-4c12-85a1-ac80882382d9" />
    <UnitTestResult executionId="fe53a03c-c26d-4366-b55f-09943418612f" testId="8bf4ace2-f1cb-b0c6-2b34-65c513dc23c6" testName="OnlineSupermarket.Infrastructure.Tests.Intelligence.DemandForecastCalculatorTests.Calculate_InvalidHorizon_Throws(horizon: 13)" computerName="MTM" duration="00:00:00.0017092" startTime="2026-09-07T13:18:27.4541618+07:00" endTime="2026-09-07T13:18:27.4542148+07:00" testType="13cdc9d9-ddb5-4fa4-a97d-d965ccfc6d4b" outcome="Passed" testListId="8c84fa94-04c1-424b-9868-57a2d4851a1d" relativeResultsDirectory="fe53a03c-c26d-4366-b55f-09943418612f" />
    <UnitTestResult executionId="7522f23d-cbeb-4725-9f4c-21f0e0485f22" testId="fc0d9c08-faf3-f4ce-23f0-5628581fc623" testName="OnlineSupermarket.Infrastructure.Tests.Payments.PaymentCallbackVerifierTests.MoMo_rejects_culturally_encoded_or_invalid_amount(rawAmount: &quot;99999999999999999999999999999999999999999999999999&quot;)" computerName="MTM" duration="00:00:00.0027030" startTime="2026-09-07T13:18:27.4864046+07:00" endTime="2026-09-07T13:18:27.4898560+07:00" testType="13cdc9d9-ddb5-4fa4-a97d-d965ccfc6d4b" outcome="Passed" testListId="8c84fa94-04c1-424b-9868-57a2d4851a1d" relativeResultsDirectory="7522f23d-cbeb-4725-9f4c-21f0e0485f22" />
    <UnitTestResult executionId="d10f4194-b27c-44c6-905c-ee9b0538cb71" testId="ca7e4c2f-5251-f2a6-9617-2a026d72462d" testName="OnlineSupermarket.Infrastructure.Tests.Payments.PaymentCallbackProcessorTests.Success_WhenOrderAlreadyConfirmed_KeepsStateAndHistory" computerName="MTM" duration="00:00:00.0407279" startTime="2026-09-07T13:18:29.7373744+07:00" endTime="2026-09-07T13:18:29.7776652+07:00" testType="13cdc9d9-ddb5-4fa4-a97d-d965ccfc6d4b" outcome="Passed" testListId="8c84fa94-04c1-424b-9868-57a2d4851a1d" relativeResultsDirectory="d10f4194-b27c-44c6-905c-ee9b0538cb71" />
    <UnitTestResult executionId="bc3ffa42-56d9-4298-a50e-ef3a8326e1ad" testId="9aa87a98-7fea-7e92-2570-2469234c641e" testName="OnlineSupermarket.Infrastructure.Tests.Intelligence.ForecastJobHandlerTests.ExecuteAsync_CountsSoldQuantityNotLedgerRowCount" computerName="MTM" duration="00:00:00.1000400" startTime="2026-09-07T13:18:29.8566916+07:00" endTime="2026-09-07T13:18:29.9603942+07:00" testType="13cdc9d9-ddb5-4fa4-a97d-d965ccfc6d4b" outcome="Passed" testListId="8c84fa94-04c1-424b-9868-57a2d4851a1d" relativeResultsDirectory="bc3ffa42-56d9-4298-a50e-ef3a8326e1ad" />
    <UnitTestResult executionId="77fe95f5-0c60-44bd-87dc-7e3b57182346" testId="740e6503-9371-e105-3ad3-63a01a0c8e0c" testName="OnlineSupermarket.Infrastructure.Tests.Payments.PaymentCallbackVerifierTests.MoMo_rejects_culturally_encoded_or_invalid_amount(rawAmount: &quot;-100&quot;)" computerName="MTM" duration="00:00:00.0002239" startTime="2026-09-07T13:18:27.4900751+07:00" endTime="2026-09-07T13:18:27.4901559+07:00" testType="13cdc9d9-ddb5-4fa4-a97d-d965ccfc6d4b" outcome="Passed" testListId="8c84fa94-04c1-424b-9868-57a2d4851a1d" relativeResultsDirectory="77fe95f5-0c60-44bd-87dc-7e3b57182346" />
    <UnitTestResult executionId="f4003ebf-3b70-490e-be19-08048842dec6" testId="11d00464-cf7e-e4a8-ec14-8696dfc2de01" testName="OnlineSupermarket.Infrastructure.Tests.Intelligence.DemandForecastCalculatorTests.Calculate_SingleObservationDay_IsInsufficient" computerName="MTM" duration="00:00:00.0003374" startTime="2026-09-07T13:18:27.4663852+07:00" endTime="2026-09-07T13:18:27.4735476+07:00" testType="13cdc9d9-ddb5-4fa4-a97d-d965ccfc6d4b" outcome="Passed" testListId="8c84fa94-04c1-424b-9868-57a2d4851a1d" relativeResultsDirectory="f4003ebf-3b70-490e-be19-08048842dec6" />
    <UnitTestResult executionId="d2b6b48d-9a1b-4b56-8700-c03a3fe5ad10" testId="63a0d5e5-d030-ed1b-242f-87de35c64443" testName="OnlineSupermarket.Infrastructure.Tests.Payments.PaymentCallbackProcessorTests.Duplicate_Callback_ReturnsAlreadyProcessed_WithoutEffects" computerName="MTM" duration="00:00:00.0241038" startTime="2026-09-07T13:18:29.6772247+07:00" endTime="2026-09-07T13:18:29.7009016+07:00" testType="13cdc9d9-ddb5-4fa4-a97d-d965ccfc6d4b" outcome="Passed" testListId="8c84fa94-04c1-424b-9868-57a2d4851a1d" relativeResultsDirectory="d2b6b48d-9a1b-4b56-8700-c03a3fe5ad10" />
    <UnitTestResult executionId="09e75eab-457e-4039-8431-f8bda709fb00" testId="c22257d1-cc7b-ddff-fa9d-37b50cbe702d" testName="OnlineSupermarket.Infrastructure.Tests.Recommendations.RecommendationJobHandlerTests.ExecuteAsync_NewRunPreservesPriorHistory" computerName="MTM" duration="00:00:00.0882973" startTime="2026-09-07T13:18:30.3297063+07:00" endTime="2026-09-07T13:18:30.4166543+07:00" testType="13cdc9d9-ddb5-4fa4-a97d-d965ccfc6d4b" outcome="Passed" testListId="8c84fa94-04c1-424b-9868-57a2d4851a1d" relativeResultsDirectory="09e75eab-457e-4039-8431-f8bda709fb00" />
    <UnitTestResult executionId="94a612b1-313b-48f4-81d4-fb5e91762781" testId="985b456d-faa8-ffe5-adda-ec48ef6941a4" testName="OnlineSupermarket.Infrastructure.Tests.Payments.PaymentCallbackVerifierTests.VnPay_fails_closed_on_empty_secret" computerName="MTM" duration="00:00:00.0003708" startTime="2026-09-07T13:18:27.5043737+07:00" endTime="2026-09-07T13:18:27.5044185+07:00" testType="13cdc9d9-ddb5-4fa4-a97d-d965ccfc6d4b" outcome="Passed" testListId="8c84fa94-04c1-424b-9868-57a2d4851a1d" relativeResultsDirectory="94a612b1-313b-48f4-81d4-fb5e91762781" />
    <UnitTestResult executionId="18eec3a3-e945-40f1-8cbd-5274f1adbb71" testId="0cb32ce1-ce50-4251-0278-611cda002c02" testName="OnlineSupermarket.Infrastructure.Tests.Persistence.MySqlMigrationUpgradeTests.UpgradeWithExistingScoreConstraint_ValidWhitelistForms_Succeeds(scoreCondition: &quot;score &gt;= 0 AND score &lt;= 1&quot;)" computerName="MTM" duration="00:00:03.0787161" startTime="2026-09-07T13:20:47.0704743+07:00" endTime="2026-09-07T13:20:50.1496529+07:00" testType="13cdc9d9-ddb5-4fa4-a97d-d965ccfc6d4b" outcome="Passed" testListId="8c84fa94-04c1-424b-9868-57a2d4851a1d" relativeResultsDirectory="18eec3a3-e945-40f1-8cbd-5274f1adbb71" />
    <UnitTestResult executionId="a7c64e26-3063-4acb-a2f6-5938cdb0bad8" testId="cee933d6-9a1e-5474-9a78-0718d4e6b8d5" testName="OnlineSupermarket.Infrastructure.Tests.Payments.PaymentCallbackVerifierTests.MoMo_rejects_missing_required_field(removedField: &quot;orderId&quot;)" computerName="MTM" duration="00:00:00.0002313" startTime="2026-09-07T13:18:27.4997786+07:00" endTime="2026-09-07T13:18:27.5002230+07:00" testType="13cdc9d9-ddb5-4fa4-a97d-d965ccfc6d4b" outcome="Passed" testListId="8c84fa94-04c1-424b-9868-57a2d4851a1d" relativeResultsDirectory="a7c64e26-3063-4acb-a2f6-5938cdb0bad8" />
    <UnitTestResult executionId="d53e702d-1289-49d9-ae46-a46c7b445b17" testId="d817b888-0d0a-b5f0-74a0-dbd13ec08bbb" testName="OnlineSupermarket.Infrastructure.Tests.Payments.PaymentCallbackVerifierTests.MoMo_fails_closed_on_missing_access_key" computerName="MTM" duration="00:00:00.0002319" startTime="2026-09-07T13:18:27.5064317+07:00" endTime="2026-09-07T13:18:27.5064860+07:00" testType="13cdc9d9-ddb5-4fa4-a97d-d965ccfc6d4b" outcome="Passed" testListId="8c84fa94-04c1-424b-9868-57a2d4851a1d" relativeResultsDirectory="d53e702d-1289-49d9-ae46-a46c7b445b17" />
    <UnitTestResult executionId="ec6e2bb6-8b42-4ac0-8cb9-0f5c7b3a207b" testId="df2e3428-dcc7-9869-bd47-2d3fa75f92f4" testName="OnlineSupermarket.Infrastructure.Tests.Payments.PaymentCallbackVerifierTests.VnPay_rejects_empty_order_id" computerName="MTM" duration="00:00:00.0002089" startTime="2026-09-07T13:18:27.4922213+07:00" endTime="2026-09-07T13:18:27.4923092+07:00" testType="13cdc9d9-ddb5-4fa4-a97d-d965ccfc6d4b" outcome="Passed" testListId="8c84fa94-04c1-424b-9868-57a2d4851a1d" relativeResultsDirectory="ec6e2bb6-8b42-4ac0-8cb9-0f5c7b3a207b" />
    <UnitTestResult executionId="0bde5cf1-5909-4daf-afe5-cccc7cb6bf66" testId="b3f4369f-04a2-7a33-0927-62b2b1aee79b" testName="OnlineSupermarket.Infrastructure.Tests.Payments.PaymentCallbackVerifierTests.MoMo_fails_closed_on_empty_secret" computerName="MTM" duration="00:00:00.0002287" startTime="2026-09-07T13:18:27.4918713+07:00" endTime="2026-09-07T13:18:27.4919863+07:00" testType="13cdc9d9-ddb5-4fa4-a97d-d965ccfc6d4b" outcome="Passed" testListId="8c84fa94-04c1-424b-9868-57a2d4851a1d" relativeResultsDirectory="0bde5cf1-5909-4daf-afe5-cccc7cb6bf66" />
    <UnitTestResult executionId="d528a057-efd1-4dd6-a0dd-61984d2454e4" testId="bf8c9607-41eb-1491-a679-ce10946ae7c9" testName="OnlineSupermarket.Infrastructure.Tests.Persistence.MySqlPaymentCallbackTests.UniqueIndex_EnforcesProviderAndExternalEventId" computerName="MTM" duration="00:00:00.0755969" startTime="2026-09-07T13:20:02.3217526+07:00" endTime="2026-09-07T13:20:05.8309855+07:00" testType="13cdc9d9-ddb5-4fa4-a97d-d965ccfc6d4b" outcome="Passed" testListId="8c84fa94-04c1-424b-9868-57a2d4851a1d" relativeResultsDirectory="d528a057-efd1-4dd6-a0dd-61984d2454e4" />
    <UnitTestResult executionId="ed6d4c97-ceb7-43f0-a632-ae7c3314db12" testId="3feabb41-8f28-013b-8510-f538e3165a7f" testName="OnlineSupermarket.Infrastructure.Tests.Recommendations.RecommendationJobHandlerTests.ExecuteAsync_ProducesSequentialRanksPerAudience" computerName="MTM" duration="00:00:00.1014757" startTime="2026-09-07T13:18:29.9696987+07:00" endTime="2026-09-07T13:18:30.0710293+07:00" testType="13cdc9d9-ddb5-4fa4-a97d-d965ccfc6d4b" outcome="Passed" testListId="8c84fa94-04c1-424b-9868-57a2d4851a1d" relativeResultsDirectory="ed6d4c97-ceb7-43f0-a632-ae7c3314db12" />
    <UnitTestResult executionId="a28e5f0e-19e7-40e0-85fe-342d43f4cbf2" testId="3a664ab3-138a-d1ee-e813-af4e93696e44" testName="OnlineSupermarket.Infrastructure.Tests.Persistence.MySqlMigrationUpgradeTests.PrepareUpgrade_WhenIndexHasPrefix_ThrowsDiagnostic" computerName="MTM" duration="00:00:00.3356817" startTime="2026-09-07T13:21:30.2592497+07:00" endTime="2026-09-07T13:21:30.5955666+07:00" testType="13cdc9d9-ddb5-4fa4-a97d-d965ccfc6d4b" outcome="Passed" testListId="8c84fa94-04c1-424b-9868-57a2d4851a1d" relativeResultsDirectory="a28e5f0e-19e7-40e0-85fe-342d43f4cbf2" />
    <UnitTestResult executionId="fbb9ece8-a428-4810-b956-fc5f6fc1b6ab" testId="997c320f-6483-debc-a57e-70f4ba7a585d" testName="OnlineSupermarket.Infrastructure.Tests.Jobs.JobLeaseTests.RecoverStartupJobs_ShouldRequeueQueuedJobs" computerName="MTM" duration="00:00:01.5388558" startTime="2026-09-07T13:18:27.4240964+07:00" endTime="2026-09-07T13:18:28.9060473+07:00" testType="13cdc9d9-ddb5-4fa4-a97d-d965ccfc6d4b" outcome="Passed" testListId="8c84fa94-04c1-424b-9868-57a2d4851a1d" relativeResultsDirectory="fbb9ece8-a428-4810-b956-fc5f6fc1b6ab" />
    <UnitTestResult executionId="cc9bfcae-7d19-4fc8-8fbc-3a7a70e9854f" testId="50bb7441-d480-7ad9-b33b-67600883da3b" testName="OnlineSupermarket.Infrastructure.Tests.Persistence.MySqlMigrationUpgradeTests.UpgradeWithBothExistingConstraints_SucceedsWithoutDuplicateError" computerName="MTM" duration="00:00:03.3499544" startTime="2026-09-07T13:20:26.8534890+07:00" endTime="2026-09-07T13:20:30.2036229+07:00" testType="13cdc9d9-ddb5-4fa4-a97d-d965ccfc6d4b" outcome="Passed" testListId="8c84fa94-04c1-424b-9868-57a2d4851a1d" relativeResultsDirectory="cc9bfcae-7d19-4fc8-8fbc-3a7a70e9854f" />
    <UnitTestResult executionId="71cd3ccb-7739-4f61-8623-4cd73d9310f6" testId="e5f7aad2-f0e8-7740-ae34-5e3c133af368" testName="OnlineSupermarket.Infrastructure.Tests.DataSeederTests.ResolveProductCategorySlug_ReturnsExpectedLeafOrFallback(sku: &quot;AT-JBL-002&quot;, expectedSlug: &quot;loa&quot;)" computerName="MTM" duration="00:00:00.0026730" startTime="2026-09-07T13:18:27.5764736+07:00" endTime="2026-09-07T13:18:27.5792033+07:00" testType="13cdc9d9-ddb5-4fa4-a97d-d965ccfc6d4b" outcome="Passed" testListId="8c84fa94-04c1-424b-9868-57a2d4851a1d" relativeResultsDirectory="71cd3ccb-7739-4f61-8623-4cd73d9310f6" />
    <UnitTestResult executionId="78be01c2-f7a4-42d9-8da6-bfe1f54c2915" testId="01564c21-0402-9f8e-480b-3fd3f88b935a" testName="OnlineSupermarket.Infrastructure.Tests.Payments.PaymentCallbackVerifierTests.VnPay_rejects_malformed_hex_signature" computerName="MTM" duration="00:00:00.0005029" startTime="2026-09-07T13:18:27.5042143+07:00" endTime="2026-09-07T13:18:27.5042591+07:00" testType="13cdc9d9-ddb5-4fa4-a97d-d965ccfc6d4b" outcome="Passed" testListId="8c84fa94-04c1-424b-9868-57a2d4851a1d" relativeResultsDirectory="78be01c2-f7a4-42d9-8da6-bfe1f54c2915" />
    <UnitTestResult executionId="d54f987f-18fb-46c8-89c4-4772eac02baf" testId="879b6bc3-5000-22c0-0780-86bc20fa2ac9" testName="OnlineSupermarket.Infrastructure.Tests.Intelligence.DemandForecastCalculatorTests.Calculate_NoHistory_ReturnsZeroInsufficient" computerName="MTM" duration="00:00:00.0013124" startTime="2026-09-07T13:18:27.4658709+07:00" endTime="2026-09-07T13:18:27.4659521+07:00" testType="13cdc9d9-ddb5-4fa4-a97d-d965ccfc6d4b" outcome="Passed" testListId="8c84fa94-04c1-424b-9868-57a2d4851a1d" relativeResultsDirectory="d54f987f-18fb-46c8-89c4-4772eac02baf" />
    <UnitTestResult executionId="edb04465-73b5-4d00-bf0b-f6a7b3ad2d40" testId="0ef6ddbc-53d2-8be6-64ad-89080a6ffbba" testName="OnlineSupermarket.Infrastructure.Tests.DataSeederTests.ResolveProductCategorySlug_ReturnsExpectedLeafOrFallback(sku: &quot;MH-SAM-001&quot;, expectedSlug: &quot;man-hinh-may-tinh&quot;)" computerName="MTM" duration="00:00:00.0000043" startTime="2026-09-07T13:18:27.5815362+07:00" endTime="2026-09-07T13:18:27.5816527+07:00" testType="13cdc9d9-ddb5-4fa4-a97d-d965ccfc6d4b" outcome="Passed" testListId="8c84fa94-04c1-424b-9868-57a2d4851a1d" relativeResultsDirectory="edb04465-73b5-4d00-bf0b-f6a7b3ad2d40" />
    <UnitTestResult executionId="f2b29aab-43b3-4630-97ce-dce7c6587a75" testId="69b1a87a-7bae-4187-0d5e-6ec32f537182" testName="OnlineSupermarket.Infrastructure.Tests.Intelligence.DemandForecastCalculatorTests.Calculate_InvalidHorizon_Throws(horizon: 0)" computerName="MTM" duration="00:00:00.0000104" startTime="2026-09-07T13:18:27.4654645+07:00" endTime="2026-09-07T13:18:27.4655158+07:00" testType="13cdc9d9-ddb5-4fa4-a97d-d965ccfc6d4b" outcome="Passed" testListId="8c84fa94-04c1-424b-9868-57a2d4851a1d" relativeResultsDirectory="f2b29aab-43b3-4630-97ce-dce7c6587a75" />
    <UnitTestResult executionId="2a5d6726-5e5b-4a7f-80a6-5819431e7a8c" testId="22252fae-aef3-424c-ffe5-9475301ce750" testName="OnlineSupermarket.Infrastructure.Tests.Intelligence.ForecastRecurringScheduleTests.GetDueJobsAsync_AtOrAfterHour_QueuesOnePerActiveBranch" computerName="MTM" duration="00:00:00.0713136" startTime="2026-09-07T13:18:29.9949889+07:00" endTime="2026-09-07T13:18:30.0662204+07:00" testType="13cdc9d9-ddb5-4fa4-a97d-d965ccfc6d4b" outcome="Passed" testListId="8c84fa94-04c1-424b-9868-57a2d4851a1d" relativeResultsDirectory="2a5d6726-5e5b-4a7f-80a6-5819431e7a8c" />
    <UnitTestResult executionId="63a7b2ef-ac63-40f4-8de4-b08f8ab1f0a0" testId="845cc252-8a69-9fcd-3a2b-95b538adc9ba" testName="OnlineSupermarket.Infrastructure.Tests.DataSeederTests.Reconcile_MovesSeededProductsBackToLeafWithoutChangingIds" computerName="MTM" duration="00:00:00.1527617" startTime="2026-09-07T13:18:31.2067092+07:00" endTime="2026-09-07T13:18:31.3593534+07:00" testType="13cdc9d9-ddb5-4fa4-a97d-d965ccfc6d4b" outcome="Passed" testListId="8c84fa94-04c1-424b-9868-57a2d4851a1d" relativeResultsDirectory="63a7b2ef-ac63-40f4-8de4-b08f8ab1f0a0" />
    <UnitTestResult executionId="6b6a5d05-903a-47fa-a268-d330b6a35030" testId="0a2733d2-8e0e-1476-69b9-0fb0a1c0086a" testName="OnlineSupermarket.Infrastructure.Tests.Intelligence.IntelligencePerformanceSmokeTests.ForecastBatch_OneHundredBranches_CompletesUnderFiveMinutes" computerName="MTM" duration="00:00:06.0886845" startTime="2026-09-07T13:18:27.4223944+07:00" endTime="2026-09-07T13:18:33.4627699+07:00" testType="13cdc9d9-ddb5-4fa4-a97d-d965ccfc6d4b" outcome="Passed" testListId="8c84fa94-04c1-424b-9868-57a2d4851a1d" relativeResultsDirectory="6b6a5d05-903a-47fa-a268-d330b6a35030" />
    <UnitTestResult executionId="42314d91-0aef-4aa7-9a05-14552cc03685" testId="790cd01d-3480-64a9-78ee-25458e21c246" testName="OnlineSupermarket.Infrastructure.Tests.Recommendations.RecommendationJobHandlerTests.ExecuteAsync_ExpiryIsIntervalPlusGrace" computerName="MTM" duration="00:00:00.1010627" startTime="2026-09-07T13:18:30.2274696+07:00" endTime="2026-09-07T13:18:30.3282287+07:00" testType="13cdc9d9-ddb5-4fa4-a97d-d965ccfc6d4b" outcome="Passed" testListId="8c84fa94-04c1-424b-9868-57a2d4851a1d" relativeResultsDirectory="42314d91-0aef-4aa7-9a05-14552cc03685" />
    <UnitTestResult executionId="4162c70a-78df-4fd0-9b89-6bd1f392f2ad" testId="2c9a80bb-2b2c-0448-fda4-bd1f06cc1dff" testName="OnlineSupermarket.Infrastructure.Tests.Jobs.JobRunExecutorTests.HostCancellation_LeavesRunRunningForRecovery" computerName="MTM" duration="00:00:00.3214904" startTime="2026-09-07T13:18:28.9909018+07:00" endTime="2026-09-07T13:18:29.3167997+07:00" testType="13cdc9d9-ddb5-4fa4-a97d-d965ccfc6d4b" outcome="Passed" testListId="8c84fa94-04c1-424b-9868-57a2d4851a1d" relativeResultsDirectory="4162c70a-78df-4fd0-9b89-6bd1f392f2ad" />
    <UnitTestResult executionId="2582f8b3-8283-47ed-84d4-b963f09bb078" testId="44509909-a636-72bf-41b0-8e8725d4995a" testName="OnlineSupermarket.Infrastructure.Tests.Payments.PaymentCallbackVerifierTests.MoMo_rejects_missing_required_field(removedField: &quot;resultCode&quot;)" computerName="MTM" duration="00:00:00.0000097" startTime="2026-09-07T13:18:27.5027156+07:00" endTime="2026-09-07T13:18:27.5028231+07:00" testType="13cdc9d9-ddb5-4fa4-a97d-d965ccfc6d4b" outcome="Passed" testListId="8c84fa94-04c1-424b-9868-57a2d4851a1d" relativeResultsDirectory="2582f8b3-8283-47ed-84d4-b963f09bb078" />
    <UnitTestResult executionId="f56ce468-d6d9-43cb-a642-b94888a63483" testId="ef7028c2-d5cf-abef-88a7-73c60e410ab2" testName="OnlineSupermarket.Infrastructure.Tests.Payments.PaymentCallbackVerifierTests.VnPay_rejects_missing_required_field(removedField: &quot;vnp_SecureHash&quot;)" computerName="MTM" duration="00:00:00.0017216" startTime="2026-09-07T13:18:27.4831639+07:00" endTime="2026-09-07T13:18:27.4837921+07:00" testType="13cdc9d9-ddb5-4fa4-a97d-d965ccfc6d4b" outcome="Passed" testListId="8c84fa94-04c1-424b-9868-57a2d4851a1d" relativeResultsDirectory="f56ce468-d6d9-43cb-a642-b94888a63483" />
    <UnitTestResult executionId="04fb2fd9-61d9-43cd-b645-e7782dd6bd04" testId="a374c56f-de51-0172-7e88-1b1580a8e393" testName="OnlineSupermarket.Infrastructure.Tests.Jobs.JobRunStoreTests.FailExpired_FailsOnlyExpiredAndReleased" computerName="MTM" duration="00:00:00.0493600" startTime="2026-09-07T13:18:28.9571546+07:00" endTime="2026-09-07T13:18:29.0062542+07:00" testType="13cdc9d9-ddb5-4fa4-a97d-d965ccfc6d4b" outcome="Passed" testListId="8c84fa94-04c1-424b-9868-57a2d4851a1d" relativeResultsDirectory="04fb2fd9-61d9-43cd-b645-e7782dd6bd04" />
    <UnitTestResult executionId="085217f7-3144-4edb-98a3-e402190dc253" testId="33031f95-8cff-691b-9230-69e6ef40cbf3" testName="OnlineSupermarket.Infrastructure.Tests.Persistence.MySqlSchemaTests.Migrations_DoNotCreateDeferredStockAlertsTable" computerName="MTM" duration="00:00:00.0104407" startTime="2026-09-07T13:19:19.5015316+07:00" endTime="2026-09-07T13:19:23.0506394+07:00" testType="13cdc9d9-ddb5-4fa4-a97d-d965ccfc6d4b" outcome="Passed" testListId="8c84fa94-04c1-424b-9868-57a2d4851a1d" relativeResultsDirectory="085217f7-3144-4edb-98a3-e402190dc253" />
    <UnitTestResult executionId="c3b73275-317a-46f6-9f5d-86448a6dd186" testId="1a81d21a-a997-a82c-7534-9c88aef3f679" testName="OnlineSupermarket.Infrastructure.Tests.Payments.PaymentCallbackProcessorTests.UnverifiedResult_IsRejected_WithNoEffects" computerName="MTM" duration="00:00:00.0064226" startTime="2026-09-07T13:18:29.7074375+07:00" endTime="2026-09-07T13:18:29.7123771+07:00" testType="13cdc9d9-ddb5-4fa4-a97d-d965ccfc6d4b" outcome="Passed" testListId="8c84fa94-04c1-424b-9868-57a2d4851a1d" relativeResultsDirectory="c3b73275-317a-46f6-9f5d-86448a6dd186" />
    <UnitTestResult executionId="0cab3999-0ab1-4ecd-883a-4317f2e0629b" testId="6ab325e2-2bf5-1a38-554f-f24adac84d35" testName="OnlineSupermarket.Infrastructure.Tests.Jobs.JobRunStoreTests.Renew_OwnerWithUnexpiredLease_Succeeds" computerName="MTM" duration="00:00:00.0092741" startTime="2026-09-07T13:18:28.9357873+07:00" endTime="2026-09-07T13:18:28.9448444+07:00" testType="13cdc9d9-ddb5-4fa4-a97d-d965ccfc6d4b" outcome="Passed" testListId="8c84fa94-04c1-424b-9868-57a2d4851a1d" relativeResultsDirectory="0cab3999-0ab1-4ecd-883a-4317f2e0629b" />
    <UnitTestResult executionId="51dc0969-50c4-43af-bf4a-04966f426f8b" testId="9c253306-8ac8-2cb9-2c23-dc37fce9fd70" testName="OnlineSupermarket.Infrastructure.Tests.Intelligence.ForecastJobHandlerTests.ExecuteAsync_NoHistory_WritesZeroInsufficientRows" computerName="MTM" duration="00:00:00.1135368" startTime="2026-09-07T13:18:30.1735958+07:00" endTime="2026-09-07T13:18:30.2871409+07:00" testType="13cdc9d9-ddb5-4fa4-a97d-d965ccfc6d4b" outcome="Passed" testListId="8c84fa94-04c1-424b-9868-57a2d4851a1d" relativeResultsDirectory="51dc0969-50c4-43af-bf4a-04966f426f8b" />
    <UnitTestResult executionId="76f0482a-74ed-416b-ab04-55749c0701d9" testId="9b69aac9-ed21-7b13-94f0-a54fb9b06809" testName="OnlineSupermarket.Infrastructure.Tests.Jobs.JobRunStoreTests.Start_SecondOwner_IsRejected" computerName="MTM" duration="00:00:00.0074910" startTime="2026-09-07T13:18:28.9219612+07:00" endTime="2026-09-07T13:18:28.9292150+07:00" testType="13cdc9d9-ddb5-4fa4-a97d-d965ccfc6d4b" outcome="Passed" testListId="8c84fa94-04c1-424b-9868-57a2d4851a1d" relativeResultsDirectory="76f0482a-74ed-416b-ab04-55749c0701d9" />
    <UnitTestResult executionId="09281bc6-e649-4471-873a-65f9240e8822" testId="cd04610a-331a-cb0c-56d4-ec014826c213" testName="OnlineSupermarket.Infrastructure.Tests.Payments.PaymentCallbackVerifierTests.VnPay_rejects_missing_required_field(removedField: &quot;vnp_TxnRef&quot;)" computerName="MTM" duration="00:00:00.0004885" startTime="2026-09-07T13:18:27.4840622+07:00" endTime="2026-09-07T13:18:27.4841162+07:00" testType="13cdc9d9-ddb5-4fa4-a97d-d965ccfc6d4b" outcome="Passed" testListId="8c84fa94-04c1-424b-9868-57a2d4851a1d" relativeResultsDirectory="09281bc6-e649-4471-873a-65f9240e8822" />
    <UnitTestResult executionId="f4c3ee17-4723-4402-8a2f-2565602e3260" testId="9f5e6add-3706-63c5-d6b7-6d7c9743b960" testName="OnlineSupermarket.Infrastructure.Tests.Payments.PaymentCallbackVerifierTests.VnPay_rejects_culturally_encoded_or_invalid_amount(rawAmount: &quot;1,5&quot;)" computerName="MTM" duration="00:00:00.0003482" startTime="2026-09-07T13:18:27.4960301+07:00" endTime="2026-09-07T13:18:27.4963578+07:00" testType="13cdc9d9-ddb5-4fa4-a97d-d965ccfc6d4b" outcome="Passed" testListId="8c84fa94-04c1-424b-9868-57a2d4851a1d" relativeResultsDirectory="f4c3ee17-4723-4402-8a2f-2565602e3260" />
    <UnitTestResult executionId="9d2b7f14-438b-4785-b8b0-6ab77ab75f67" testId="08eca9cf-2a0e-07e3-ba54-f57671bd4b98" testName="OnlineSupermarket.Infrastructure.Tests.Persistence.MySqlMigrationUpgradeTests.UpgradeWithExistingScoreConstraint_ValidWhitelistForms_Succeeds(scoreCondition: &quot;score + 0 &gt;= 0 AND score + 0 &lt;= 1&quot;)" computerName="MTM" duration="00:00:03.1137012" startTime="2026-09-07T13:20:40.8257040+07:00" endTime="2026-09-07T13:20:43.9393879+07:00" testType="13cdc9d9-ddb5-4fa4-a97d-d965ccfc6d4b" outcome="Passed" testListId="8c84fa94-04c1-424b-9868-57a2d4851a1d" relativeResultsDirectory="9d2b7f14-438b-4785-b8b0-6ab77ab75f67" />
    <UnitTestResult executionId="30b4c0a8-25a7-498f-bd5f-44f936df2f03" testId="c6be4f51-30f6-63f6-2cf5-dac2cc284a3e" testName="OnlineSupermarket.Infrastructure.Tests.Payments.PaymentCallbackProcessorTests.TerminalOrder_ReturnsConflict_WithoutCallbackRow(status: Completed)" computerName="MTM" duration="00:00:00.0152659" startTime="2026-09-07T13:18:29.7163677+07:00" endTime="2026-09-07T13:18:29.7314867+07:00" testType="13cdc9d9-ddb5-4fa4-a97d-d965ccfc6d4b" outcome="Passed" testListId="8c84fa94-04c1-424b-9868-57a2d4851a1d" relativeResultsDirectory="30b4c0a8-25a7-498f-bd5f-44f936df2f03" />
    <UnitTestResult executionId="99cbbe51-3010-4fcf-a95a-d84aff58e55b" testId="a02a57e7-1137-22e4-ccd7-d506a14bcaef" testName="OnlineSupermarket.Infrastructure.Tests.Inventory.InventoryMutationServiceTests.ApplyBatchAsync_WithMismatchedOperationKey_ThrowsConflict" computerName="MTM" duration="00:00:00.1151028" startTime="2026-09-07T13:18:30.1382489+07:00" endTime="2026-09-07T13:18:30.2514490+07:00" testType="13cdc9d9-ddb5-4fa4-a97d-d965ccfc6d4b" outcome="Passed" testListId="8c84fa94-04c1-424b-9868-57a2d4851a1d" relativeResultsDirectory="99cbbe51-3010-4fcf-a95a-d84aff58e55b" />
    <UnitTestResult executionId="feefeb54-01ed-4818-bdd9-b124352d935b" testId="623736ce-f5ec-93cd-b71b-ef5498b905bc" testName="OnlineSupermarket.Infrastructure.Tests.Jobs.JobErrorSanitizerTests.Keeps_plain_text_query_values_intact" computerName="MTM" duration="00:00:00.0001956" startTime="2026-09-07T13:18:27.4963019+07:00" endTime="2026-09-07T13:18:27.4977334+07:00" testType="13cdc9d9-ddb5-4fa4-a97d-d965ccfc6d4b" outcome="Passed" testListId="8c84fa94-04c1-424b-9868-57a2d4851a1d" relativeResultsDirectory="feefeb54-01ed-4818-bdd9-b124352d935b" />
    <UnitTestResult executionId="19a33be3-7e7b-4859-98cf-d625d5a8f97b" testId="4cb56896-1f00-4ec0-51e8-eec1d5a2cec3" testName="OnlineSupermarket.Infrastructure.Tests.Jobs.JobErrorSanitizerTests.Redacts_quoted_json_key_with_space_before_colon" computerName="MTM" duration="00:00:00.0003488" startTime="2026-09-07T13:18:27.4835583+07:00" endTime="2026-09-07T13:18:27.4836107+07:00" testType="13cdc9d9-ddb5-4fa4-a97d-d965ccfc6d4b" outcome="Passed" testListId="8c84fa94-04c1-424b-9868-57a2d4851a1d" relativeResultsDirectory="19a33be3-7e7b-4859-98cf-d625d5a8f97b" />
    <UnitTestResult executionId="5c54f4b7-2a4d-44ff-a8bb-5c28bc7bdbe1" testId="9fc420bd-ba97-3812-b37a-8a33d51b9e96" testName="OnlineSupermarket.Infrastructure.Tests.Payments.PaymentCallbackVerifierTests.MoMo_rejects_single_byte_tamper" computerName="MTM" duration="00:00:00.0003682" startTime="2026-09-07T13:18:27.5062690+07:00" endTime="2026-09-07T13:18:27.5063165+07:00" testType="13cdc9d9-ddb5-4fa4-a97d-d965ccfc6d4b" outcome="Passed" testListId="8c84fa94-04c1-424b-9868-57a2d4851a1d" relativeResultsDirectory="5c54f4b7-2a4d-44ff-a8bb-5c28bc7bdbe1" />
    <UnitTestResult executionId="c5bb0706-5fc6-4ac4-8441-6338b9b29780" testId="917725d0-8a2d-d62f-ab44-785e5f7f4327" testName="OnlineSupermarket.Infrastructure.Tests.Jobs.JobRunStoreTests.Terminal_WrongToken_IsRejectedAndStatePreserved" computerName="MTM" duration="00:00:00.0064669" startTime="2026-09-07T13:18:29.0065364+07:00" endTime="2026-09-07T13:18:29.0128772+07:00" testType="13cdc9d9-ddb5-4fa4-a97d-d965ccfc6d4b" outcome="Passed" testListId="8c84fa94-04c1-424b-9868-57a2d4851a1d" relativeResultsDirectory="c5bb0706-5fc6-4ac4-8441-6338b9b29780" />
    <UnitTestResult executionId="2f6f3d6a-57eb-497e-acf4-f5c771e7e37c" testId="05caede1-07e0-18e6-a769-a3bdc0c22078" testName="OnlineSupermarket.Infrastructure.Tests.Persistence.MySqlJobRunConcurrencyTests.TryQueueAsync_WithRealMySql_EnforcesUniqueConstraintAndNullLocks" computerName="MTM" duration="00:00:00.2376297" startTime="2026-09-07T13:18:47.2223909+07:00" endTime="2026-09-07T13:18:47.4601892+07:00" testType="13cdc9d9-ddb5-4fa4-a97d-d965ccfc6d4b" outcome="Passed" testListId="8c84fa94-04c1-424b-9868-57a2d4851a1d" relativeResultsDirectory="2f6f3d6a-57eb-497e-acf4-f5c771e7e37c" />
    <UnitTestResult executionId="bb5adc7c-4079-4be4-905d-a8a9d89ae23a" testId="70101eef-6c11-e38b-5346-5f8c372c453f" testName="OnlineSupermarket.Infrastructure.Tests.Payments.PaymentCallbackProcessorTests.AmountMismatch_ReturnsConflict" computerName="MTM" duration="00:00:00.0220068" startTime="2026-09-07T13:18:29.7925833+07:00" endTime="2026-09-07T13:18:29.7998616+07:00" testType="13cdc9d9-ddb5-4fa4-a97d-d965ccfc6d4b" outcome="Passed" testListId="8c84fa94-04c1-424b-9868-57a2d4851a1d" relativeResultsDirectory="bb5adc7c-4079-4be4-905d-a8a9d89ae23a" />
    <UnitTestResult executionId="4d475c59-a6e7-4a5e-a38c-2d4c317eec33" testId="2583e5bc-0ee7-f5f3-ea6c-a9c07f3b94e5" testName="OnlineSupermarket.Infrastructure.Tests.Jobs.JobRunStoreTests.Fail_StoresSanitizedSummaryAndReleasesSlot" computerName="MTM" duration="00:00:00.0060450" startTime="2026-09-07T13:18:28.9452526+07:00" endTime="2026-09-07T13:18:28.9510197+07:00" testType="13cdc9d9-ddb5-4fa4-a97d-d965ccfc6d4b" outcome="Passed" testListId="8c84fa94-04c1-424b-9868-57a2d4851a1d" relativeResultsDirectory="4d475c59-a6e7-4a5e-a38c-2d4c317eec33" />
    <UnitTestResult executionId="511afe06-e67e-4114-8705-461d431a9d09" testId="e1331ba5-9e44-600e-616c-6afd988518a9" testName="OnlineSupermarket.Infrastructure.Tests.Payments.PaymentCallbackVerifierTests.VnPay_rejects_culturally_encoded_or_invalid_amount(rawAmount: &quot;99999999999999999999999999999999999999999999999999&quot;)" computerName="MTM" duration="00:00:00.0002137" startTime="2026-09-07T13:18:27.4955671+07:00" endTime="2026-09-07T13:18:27.4959032+07:00" testType="13cdc9d9-ddb5-4fa4-a97d-d965ccfc6d4b" outcome="Passed" testListId="8c84fa94-04c1-424b-9868-57a2d4851a1d" relativeResultsDirectory="511afe06-e67e-4114-8705-461d431a9d09" />
    <UnitTestResult executionId="fa225c7f-7705-4394-b610-fefed7646586" testId="12feb533-c9ba-d6c6-74ad-139f9882445f" testName="OnlineSupermarket.Infrastructure.Tests.Persistence.MySqlMigrationUpgradeTests.DotnetEfCli_WithoutConnectionOrConfig_FailsAndDoesNotTouchTargetDatabase" computerName="MTM" duration="00:00:04.1434993" startTime="2026-09-07T13:21:59.5933474+07:00" endTime="2026-09-07T13:22:03.7369828+07:00" testType="13cdc9d9-ddb5-4fa4-a97d-d965ccfc6d4b" outcome="Passed" testListId="8c84fa94-04c1-424b-9868-57a2d4851a1d" relativeResultsDirectory="fa225c7f-7705-4394-b610-fefed7646586" />
    <UnitTestResult executionId="a116fdd1-b9e5-46a8-9800-c3d95551b730" testId="88fe1ebf-759b-88ce-f3cb-7209453e8ff3" testName="OnlineSupermarket.Infrastructure.Tests.Persistence.MySqlMigrationUpgradeTests.ScriptFormatter_PreservesNestedBlocksAndStatementsBetweenMixedDelimiters(body: &quot;BEGIN BEGIN INSERT INTO audit_log VALUES (CASE WHE&quot;···)" computerName="MTM" duration="00:00:00.7378471" startTime="2026-09-07T13:21:09.9329744+07:00" endTime="2026-09-07T13:21:10.6712839+07:00" testType="13cdc9d9-ddb5-4fa4-a97d-d965ccfc6d4b" outcome="Passed" testListId="8c84fa94-04c1-424b-9868-57a2d4851a1d" relativeResultsDirectory="a116fdd1-b9e5-46a8-9800-c3d95551b730" />
    <UnitTestResult executionId="e274a9c2-a022-4a3c-881e-61ca58149a7b" testId="c27282e0-0ec5-0dcf-91b9-93aef0e7bbae" testName="OnlineSupermarket.Infrastructure.Tests.Recommendations.ProductViewEventStoreTests.Merge_ClaimsOnlyUnownedRowsAndReturnsDeterministicCount" computerName="MTM" duration="00:00:00.0628066" startTime="2026-09-07T13:22:44.2926491+07:00" endTime="2026-09-07T13:22:44.3724578+07:00" testType="13cdc9d9-ddb5-4fa4-a97d-d965ccfc6d4b" outcome="Passed" testListId="8c84fa94-04c1-424b-9868-57a2d4851a1d" relativeResultsDirectory="e274a9c2-a022-4a3c-881e-61ca58149a7b" />
    <UnitTestResult executionId="80d3e579-b9c8-499d-b49d-917e584295a0" testId="b19f3b41-cbaf-6221-f78e-3a4eab8ebce0" testName="OnlineSupermarket.Infrastructure.Tests.Payments.PaymentCallbackVerifierTests.MoMo_accepts_valid_ipn_signature_with_access_key_from_config" computerName="MTM" duration="00:00:00.0109054" startTime="2026-09-07T13:18:27.4909932+07:00" endTime="2026-09-07T13:18:27.4916876+07:00" testType="13cdc9d9-ddb5-4fa4-a97d-d965ccfc6d4b" outcome="Passed" testListId="8c84fa94-04c1-424b-9868-57a2d4851a1d" relativeResultsDirectory="80d3e579-b9c8-499d-b49d-917e584295a0" />
    <UnitTestResult executionId="62e1dbcd-dad1-4d98-989c-1b915a63534b" testId="5ea92acd-7786-a417-081c-cfe6c685ed74" testName="OnlineSupermarket.Infrastructure.Tests.Payments.PaymentCallbackVerifierTests.VnPay_ignores_non_vnp_fields_for_signing" computerName="MTM" duration="00:00:00.0004330" startTime="2026-09-07T13:18:27.5066277+07:00" endTime="2026-09-07T13:18:27.5066790+07:00" testType="13cdc9d9-ddb5-4fa4-a97d-d965ccfc6d4b" outcome="Passed" testListId="8c84fa94-04c1-424b-9868-57a2d4851a1d" relativeResultsDirectory="62e1dbcd-dad1-4d98-989c-1b915a63534b" />
    <UnitTestResult executionId="1f4b214a-ebca-4c31-af4a-eebe2658ef43" testId="1cfa4b68-a88f-e2d1-390c-8f741422310d" testName="OnlineSupermarket.Infrastructure.Tests.Recommendations.RecommendationScorerTests.ScoreGlobal_LimitsToTwentyResults" computerName="MTM" duration="00:00:00.0004105" startTime="2026-09-07T13:18:27.4876654+07:00" endTime="2026-09-07T13:18:27.4877454+07:00" testType="13cdc9d9-ddb5-4fa4-a97d-d965ccfc6d4b" outcome="Passed" testListId="8c84fa94-04c1-424b-9868-57a2d4851a1d" relativeResultsDirectory="1f4b214a-ebca-4c31-af4a-eebe2658ef43" />
    <UnitTestResult executionId="1dccd994-be6d-470c-be58-1a4e5f108201" testId="95e57745-270d-1e73-baff-1c2107c65f50" testName="OnlineSupermarket.Infrastructure.Tests.Jobs.JobRunStoreTests.Start_TerminalOrMissingRun_IsRejected" computerName="MTM" duration="00:00:00.0281978" startTime="2026-09-07T13:18:29.0132031+07:00" endTime="2026-09-07T13:18:29.0412587+07:00" testType="13cdc9d9-ddb5-4fa4-a97d-d965ccfc6d4b" outcome="Passed" testListId="8c84fa94-04c1-424b-9868-57a2d4851a1d" relativeResultsDirectory="1dccd994-be6d-470c-be58-1a4e5f108201" />
    <UnitTestResult executionId="d99dcfd2-de3d-493c-978b-3258602e3a9d" testId="a981fa8e-6a1c-215e-a506-49eede61d0d6" testName="OnlineSupermarket.Infrastructure.Tests.Persistence.MySqlMigrationUpgradeTests.UpgradeWithExistingRankConstraint_WithOrCondition_FailsWithDiagnostic" computerName="MTM" duration="00:00:03.4256665" startTime="2026-09-07T13:20:23.4271987+07:00" endTime="2026-09-07T13:20:26.8531009+07:00" testType="13cdc9d9-ddb5-4fa4-a97d-d965ccfc6d4b" outcome="Passed" testListId="8c84fa94-04c1-424b-9868-57a2d4851a1d" relativeResultsDirectory="d99dcfd2-de3d-493c-978b-3258602e3a9d" />
    <UnitTestResult executionId="dfb193ef-11dd-4611-b301-15f118f47d96" testId="a962845f-7445-ed24-8757-b12151ece45f" testName="OnlineSupermarket.Infrastructure.Tests.DataSeederTests.SeedAllAsync_IsIdempotent" computerName="MTM" duration="00:00:00.1167704" startTime="2026-09-07T13:18:31.3598303+07:00" endTime="2026-09-07T13:18:31.4762459+07:00" testType="13cdc9d9-ddb5-4fa4-a97d-d965ccfc6d4b" outcome="Passed" testListId="8c84fa94-04c1-424b-9868-57a2d4851a1d" relativeResultsDirectory="dfb193ef-11dd-4611-b301-15f118f47d96" />
    <UnitTestResult executionId="26ecd0c0-c704-4a7f-a3c9-8fb19d8d9300" testId="49872e71-5e5c-c77c-1ee2-a6a13d5976dc" testName="OnlineSupermarket.Infrastructure.Tests.Intelligence.ForecastRecurringScheduleTests.ScheduledForecastRun_CarriesBranchId_AndHandlerProcessesIt" computerName="MTM" duration="00:00:00.0879630" startTime="2026-09-07T13:18:29.7987602+07:00" endTime="2026-09-07T13:18:29.8852250+07:00" testType="13cdc9d9-ddb5-4fa4-a97d-d965ccfc6d4b" outcome="Passed" testListId="8c84fa94-04c1-424b-9868-57a2d4851a1d" relativeResultsDirectory="26ecd0c0-c704-4a7f-a3c9-8fb19d8d9300" />
    <UnitTestResult executionId="a3f917ec-de1a-4b75-8255-feff0bd4c507" testId="4663b4d0-2123-5618-6176-7199fd2fa579" testName="OnlineSupermarket.Infrastructure.Tests.Persistence.MySqlJobRunLifecycleConcurrencyTests.PublishGuard_WhenLeaseLostOrExpired_AbortsPublishOnMySql" computerName="MTM" duration="00:00:00.2095206" startTime="2026-09-07T13:22:06.5333384+07:00" endTime="2026-09-07T13:22:09.8212561+07:00" testType="13cdc9d9-ddb5-4fa4-a97d-d965ccfc6d4b" outcome="Passed" testListId="8c84fa94-04c1-424b-9868-57a2d4851a1d" relativeResultsDirectory="a3f917ec-de1a-4b75-8255-feff0bd4c507" />
    <UnitTestResult executionId="3cf112d8-cea4-46f8-a959-371c593af036" testId="8a1c02d9-4bea-84a4-b0e6-7d31cc052f34" testName="OnlineSupermarket.Infrastructure.Tests.Payments.PaymentCallbackVerifierTests.VnPay_rejects_missing_required_field(removedField: &quot;vnp_Amount&quot;)" computerName="MTM" duration="00:00:00.0000055" startTime="2026-09-07T13:18:27.4860792+07:00" endTime="2026-09-07T13:18:27.4861659+07:00" testType="13cdc9d9-ddb5-4fa4-a97d-d965ccfc6d4b" outcome="Passed" testListId="8c84fa94-04c1-424b-9868-57a2d4851a1d" relativeResultsDirectory="3cf112d8-cea4-46f8-a959-371c593af036" />
    <UnitTestResult executionId="6b918da0-2718-4964-997b-84d04d98a078" testId="9f4388d8-642a-c3ec-73a4-55cee36b6373" testName="OnlineSupermarket.Infrastructure.Tests.Jobs.JobLeaseTests.RecoverStartupJobs_ShouldFailExpiredRunningJobsAtomically" computerName="MTM" duration="00:00:00.0395172" startTime="2026-09-07T13:18:28.9306302+07:00" endTime="2026-09-07T13:18:28.9699319+07:00" testType="13cdc9d9-ddb5-4fa4-a97d-d965ccfc6d4b" outcome="Passed" testListId="8c84fa94-04c1-424b-9868-57a2d4851a1d" relativeResultsDirectory="6b918da0-2718-4964-997b-84d04d98a078" />
    <UnitTestResult executionId="897a88b9-3027-4f48-ac5a-f73095f113d4" testId="c2000715-1043-3113-9aab-ac936293c7be" testName="OnlineSupermarket.Infrastructure.Tests.Jobs.JobErrorSanitizerTests.Redacts_single_quoted_key_before_colon" computerName="MTM" duration="00:00:00.0850622" startTime="2026-09-07T13:18:27.4223594+07:00" endTime="2026-09-07T13:18:27.4832209+07:00" testType="13cdc9d9-ddb5-4fa4-a97d-d965ccfc6d4b" outcome="Passed" testListId="8c84fa94-04c1-424b-9868-57a2d4851a1d" relativeResultsDirectory="897a88b9-3027-4f48-ac5a-f73095f113d4" />
    <UnitTestResult executionId="3c368f5a-514d-44d4-ae56-76c69a3af444" testId="084d905c-3ce2-6884-d706-47b29c08699f" testName="OnlineSupermarket.Infrastructure.Tests.Persistence.MySqlMigrationUpgradeTests.UpgradeWithExistingRankConstraint_ValidWhitelistForms_Succeeds(rankCondition: &quot;`rank` &gt; 0&quot;)" computerName="MTM" duration="00:00:03.1172564" startTime="2026-09-07T13:20:53.8531719+07:00" endTime="2026-09-07T13:20:56.9708363+07:00" testType="13cdc9d9-ddb5-4fa4-a97d-d965ccfc6d4b" outcome="Passed" testListId="8c84fa94-04c1-424b-9868-57a2d4851a1d" relativeResultsDirectory="3c368f5a-514d-44d4-ae56-76c69a3af444" />
    <UnitTestResult executionId="0d22ab2f-32a0-4973-8b21-c4d85fe392b4" testId="5e3aad87-1145-3ce8-2d7f-8f8324364b68" testName="OnlineSupermarket.Infrastructure.Tests.DataSeederTests.UnmappedSku_IsPersistedInUncategorized" computerName="MTM" duration="00:00:01.4074734" startTime="2026-09-07T13:18:27.5823264+07:00" endTime="2026-09-07T13:18:28.9873469+07:00" testType="13cdc9d9-ddb5-4fa4-a97d-d965ccfc6d4b" outcome="Passed" testListId="8c84fa94-04c1-424b-9868-57a2d4851a1d" relativeResultsDirectory="0d22ab2f-32a0-4973-8b21-c4d85fe392b4" />
    <UnitTestResult executionId="e28eb9a5-0f6e-4845-9f10-52c3610b8432" testId="b218a407-be1a-40f3-bcaf-94bf2095ad3b" testName="OnlineSupermarket.Infrastructure.Tests.Intelligence.DemandForecastCalculatorTests.Calculate_CapsObservationAtTwentyEightCalendarDays" computerName="MTM" duration="00:00:00.0086432" startTime="2026-09-07T13:18:27.4656590+07:00" endTime="2026-09-07T13:18:27.4657098+07:00" testType="13cdc9d9-ddb5-4fa4-a97d-d965ccfc6d4b" outcome="Passed" testListId="8c84fa94-04c1-424b-9868-57a2d4851a1d" relativeResultsDirectory="e28eb9a5-0f6e-4845-9f10-52c3610b8432" />
    <UnitTestResult executionId="f11fd567-6d02-41b4-bae2-7b895e01ef7c" testId="df27c3c4-7dc7-6929-f0a8-9a5c61975853" testName="OnlineSupermarket.Infrastructure.Tests.Persistence.MySqlMigrationUpgradeTests.Upgrade_EnforcesConstraintRejection_AndAllowsValidBoundaryValues" computerName="MTM" duration="00:00:03.3342371" startTime="2026-09-07T13:21:26.5755289+07:00" endTime="2026-09-07T13:21:29.9100396+07:00" testType="13cdc9d9-ddb5-4fa4-a97d-d965ccfc6d4b" outcome="Passed" testListId="8c84fa94-04c1-424b-9868-57a2d4851a1d" relativeResultsDirectory="f11fd567-6d02-41b4-bae2-7b895e01ef7c" />
    <UnitTestResult executionId="f34b726a-da01-4d3f-ada1-a1748ff3b782" testId="f8a7d484-f10b-cd69-2807-3606ca1d38e1" testName="OnlineSupermarket.Infrastructure.Tests.Persistence.MySqlPaymentCallbackTests.Racing_Callbacks_EffectsExactlyOnce_OnMySql" computerName="MTM" duration="00:00:00.1476860" startTime="2026-09-07T13:19:33.8664322+07:00" endTime="2026-09-07T13:19:37.5058626+07:00" testType="13cdc9d9-ddb5-4fa4-a97d-d965ccfc6d4b" outcome="Passed" testListId="8c84fa94-04c1-424b-9868-57a2d4851a1d" relativeResultsDirectory="f34b726a-da01-4d3f-ada1-a1748ff3b782" />
    <UnitTestResult executionId="dcaa1d8d-14d1-4e5a-8965-d0a326cafa51" testId="d657487f-b9a6-82e1-1adc-1651536b2ac6" testName="OnlineSupermarket.Infrastructure.Tests.Recommendations.ProductViewEventStoreTests.Merge_RepeatedCall_ReturnsZero" computerName="MTM" duration="00:00:00.0264479" startTime="2026-09-07T13:22:44.3725948+07:00" endTime="2026-09-07T13:22:44.4149513+07:00" testType="13cdc9d9-ddb5-4fa4-a97d-d965ccfc6d4b" outcome="Passed" testListId="8c84fa94-04c1-424b-9868-57a2d4851a1d" relativeResultsDirectory="dcaa1d8d-14d1-4e5a-8965-d0a326cafa51" />
    <UnitTestResult executionId="ded4f36c-d1df-4a42-9a38-eef9f375630d" testId="05299c68-12c9-0771-0a16-81f62630982b" testName="OnlineSupermarket.Infrastructure.Tests.Payments.PaymentCallbackVerifierTests.VnPay_sanitized_payload_never_exposes_secret" computerName="MTM" duration="00:00:00.0006179" startTime="2026-09-07T13:18:27.5060634+07:00" endTime="2026-09-07T13:18:27.5061206+07:00" testType="13cdc9d9-ddb5-4fa4-a97d-d965ccfc6d4b" outcome="Passed" testListId="8c84fa94-04c1-424b-9868-57a2d4851a1d" relativeResultsDirectory="ded4f36c-d1df-4a42-9a38-eef9f375630d" />
    <UnitTestResult executionId="ef62e18a-ebda-463c-89d8-4670518f7c14" testId="7358d011-c48f-03a7-f052-ff3f37a2214a" testName="OnlineSupermarket.Infrastructure.Tests.Persistence.MySqlMigrationUpgradeTests.PrepareUpgrade_WhenIndexMissing_ThrowsDiagnostic" computerName="MTM" duration="00:00:00.3073563" startTime="2026-09-07T13:21:44.3865635+07:00" endTime="2026-09-07T13:21:44.6935810+07:00" testType="13cdc9d9-ddb5-4fa4-a97d-d965ccfc6d4b" outcome="Passed" testListId="8c84fa94-04c1-424b-9868-57a2d4851a1d" relativeResultsDirectory="ef62e18a-ebda-463c-89d8-4670518f7c14" />
    <UnitTestResult executionId="6b7ed7bb-7205-4f4a-8826-50548f95bfdf" testId="c6ef17b9-c7cf-a6d3-6444-a7628dd628f2" testName="OnlineSupermarket.Infrastructure.Tests.Payments.PaymentCallbackVerifierTests.MoMo_rejects_missing_required_field(removedField: &quot;signature&quot;)" computerName="MTM" duration="00:00:00.0000085" startTime="2026-09-07T13:18:27.5030644+07:00" endTime="2026-09-07T13:18:27.5031947+07:00" testType="13cdc9d9-ddb5-4fa4-a97d-d965ccfc6d4b" outcome="Passed" testListId="8c84fa94-04c1-424b-9868-57a2d4851a1d" relativeResultsDirectory="6b7ed7bb-7205-4f4a-8826-50548f95bfdf" />
    <UnitTestResult executionId="2adae3de-d46c-4131-a1a5-2f3c21cfdc60" testId="3bf68c67-37ef-348d-ee2f-014c6670dab7" testName="OnlineSupermarket.Infrastructure.Tests.Recommendations.RecommendationScorerTests.ScoreSimilar_LimitsToEightResults" computerName="MTM" duration="00:00:00.0051545" startTime="2026-09-07T13:18:27.4829235+07:00" endTime="2026-09-07T13:18:27.4872863+07:00" testType="13cdc9d9-ddb5-4fa4-a97d-d965ccfc6d4b" outcome="Passed" testListId="8c84fa94-04c1-424b-9868-57a2d4851a1d" relativeResultsDirectory="2adae3de-d46c-4131-a1a5-2f3c21cfdc60" />
    <UnitTestResult executionId="2e101276-759b-47f3-b822-d98a39bad283" testId="89872834-7f8e-b17f-5b3a-13ba543e61cf" testName="OnlineSupermarket.Infrastructure.Tests.Persistence.MySqlMigrationUpgradeTests.ScriptFormatter_PreservesNestedBlocksAndStatementsBetweenMixedDelimiters(body: &quot;inner_block: BEGIN INSERT INTO audit_log VALUES (1&quot;···)" computerName="MTM" duration="00:00:00.7305836" startTime="2026-09-07T13:21:09.2018930+07:00" endTime="2026-09-07T13:21:09.9328227+07:00" testType="13cdc9d9-ddb5-4fa4-a97d-d965ccfc6d4b" outcome="Passed" testListId="8c84fa94-04c1-424b-9868-57a2d4851a1d" relativeResultsDirectory="2e101276-759b-47f3-b822-d98a39bad283" />
    <UnitTestResult executionId="bf0f7b78-80e5-4a03-97aa-5a7ac95e00c9" testId="034232c5-a094-30ed-2150-08291d2420cb" testName="OnlineSupermarket.Infrastructure.Tests.Persistence.MySqlMigrationUpgradeTests.UpgradeWithOneMissingConstraint_AddsMissingConstraintSuccessfully" computerName="MTM" duration="00:00:03.0190218" startTime="2026-09-07T13:21:44.6937143+07:00" endTime="2026-09-07T13:21:47.7132695+07:00" testType="13cdc9d9-ddb5-4fa4-a97d-d965ccfc6d4b" outcome="Passed" testListId="8c84fa94-04c1-424b-9868-57a2d4851a1d" relativeResultsDirectory="bf0f7b78-80e5-4a03-97aa-5a7ac95e00c9" />
    <UnitTestResult executionId="f0df6899-3a26-407f-948f-d83b63f8be19" testId="9bce0002-6a07-7d66-8e46-46ef1b08427b" testName="OnlineSupermarket.Infrastructure.Tests.Payments.PaymentCallbackVerifierTests.VnPay_rejects_missing_required_field(removedField: &quot;vnp_TransactionNo&quot;)" computerName="MTM" duration="00:00:00.0000166" startTime="2026-09-07T13:18:27.4855404+07:00" endTime="2026-09-07T13:18:27.4856473+07:00" testType="13cdc9d9-ddb5-4fa4-a97d-d965ccfc6d4b" outcome="Passed" testListId="8c84fa94-04c1-424b-9868-57a2d4851a1d" relativeResultsDirectory="f0df6899-3a26-407f-948f-d83b63f8be19" />
    <UnitTestResult executionId="8008445a-252a-469e-a8b5-b260363f3e17" testId="9731bcfa-ccb7-d85e-d721-713c9ff6a427" testName="OnlineSupermarket.Infrastructure.Tests.Intelligence.ForecastJobHandlerTests.ExecuteAsync_WritesTwoForecastsPerInventory" computerName="MTM" duration="00:00:02.0695169" startTime="2026-09-07T13:18:27.6671830+07:00" endTime="2026-09-07T13:18:29.7368121+07:00" testType="13cdc9d9-ddb5-4fa4-a97d-d965ccfc6d4b" outcome="Passed" testListId="8c84fa94-04c1-424b-9868-57a2d4851a1d" relativeResultsDirectory="8008445a-252a-469e-a8b5-b260363f3e17" />
[...]
    <TestEntry testId="52e3b53b-3e22-dd0a-3b03-00e279bba351" executionId="89e315fa-81de-4a79-be77-74a3bde89201" testListId="8c84fa94-04c1-424b-9868-57a2d4851a1d" />
    <TestEntry testId="415c3168-50df-946e-e833-498cba7404ad" executionId="e4b268fe-1aca-40fc-877c-a4f4114a8e2e" testListId="8c84fa94-04c1-424b-9868-57a2d4851a1d" />
    <TestEntry testId="1895cde4-8b62-656e-9411-76d31a39f921" executionId="11d96c20-7a90-4eb3-a34e-49da9dcb9e9f" testListId="8c84fa94-04c1-424b-9868-57a2d4851a1d" />
    <TestEntry testId="2bfef0e2-283f-23cf-fa22-428216767525" executionId="e18b7d24-4fae-44db-8dd9-145133decf41" testListId="8c84fa94-04c1-424b-9868-57a2d4851a1d" />
    <TestEntry testId="28b9e8ea-75ba-b8a0-a15b-c76ee95ad0b6" executionId="2d3dd3b8-8cea-42ef-8913-f7fe3192349d" testListId="8c84fa94-04c1-424b-9868-57a2d4851a1d" />
    <TestEntry testId="8a9d21ce-44b4-f847-a124-e84fddca0e71" executionId="84d814c1-c2a7-4357-a176-6308aef05ecb" testListId="8c84fa94-04c1-424b-9868-57a2d4851a1d" />
    <TestEntry testId="9d6d4da3-a043-1f5a-8e54-5186e9305c42" executionId="4b2c84b3-74da-44d2-934d-60eb894c0d3e" testListId="8c84fa94-04c1-424b-9868-57a2d4851a1d" />
    <TestEntry testId="ccb7e640-1d5a-3b3f-8e53-242c60d37008" executionId="ee63b47e-f134-40b3-a170-5b25708463a2" testListId="8c84fa94-04c1-424b-9868-57a2d4851a1d" />
    <TestEntry testId="ea36b794-a683-97ab-b71f-77f11177497a" executionId="66d6fc27-7e1d-4a26-bc15-fc1b85f7a72d" testListId="8c84fa94-04c1-424b-9868-57a2d4851a1d" />
    <TestEntry testId="1bd92eb5-88f7-6a95-2047-0f4b6a198949" executionId="dd89bfac-bd77-4eba-a066-e91ce90de4b6" testListId="8c84fa94-04c1-424b-9868-57a2d4851a1d" />
    <TestEntry testId="555757ce-415c-7694-950b-6ceb3ed17ceb" executionId="c4319778-92b2-48d8-9d5b-4b8a5e941579" testListId="8c84fa94-04c1-424b-9868-57a2d4851a1d" />
    <TestEntry testId="6bfdf6eb-f2ef-1f9e-158f-1d82afea9ffa" executionId="24716982-c85e-439b-a394-e374b24ec760" testListId="8c84fa94-04c1-424b-9868-57a2d4851a1d" />
    <TestEntry testId="9123ea1d-c502-58b9-4dfe-bc035f18cbbe" executionId="94ddd5d9-d8fd-466d-90c4-518417097df2" testListId="8c84fa94-04c1-424b-9868-57a2d4851a1d" />
    <TestEntry testId="633d42a4-2ddd-0cd4-4753-4e7d8c75b845" executionId="ff3ece33-a668-483e-99dc-1ff2b984ead8" testListId="8c84fa94-04c1-424b-9868-57a2d4851a1d" />
    <TestEntry testId="6e60114c-deac-7813-e205-15d32e2ec235" executionId="7db64a54-0631-4ad2-bbe9-40e770efd013" testListId="8c84fa94-04c1-424b-9868-57a2d4851a1d" />
    <TestEntry testId="dbe10543-914d-ed94-1480-c52720963a05" executionId="007c230f-395b-40d6-9dfc-6cec926e7c92" testListId="8c84fa94-04c1-424b-9868-57a2d4851a1d" />
    <TestEntry testId="5bf05ca7-a2ef-a6bf-dc2f-7958c9a774a2" executionId="250e65be-bb83-4663-a0d4-f18d8a0636f1" testListId="8c84fa94-04c1-424b-9868-57a2d4851a1d" />
    <TestEntry testId="a5a7d392-c74f-da67-6cb0-0b4ea41991f8" executionId="272e3e84-75ce-471c-9fbf-84355d6f16e0" testListId="8c84fa94-04c1-424b-9868-57a2d4851a1d" />
    <TestEntry testId="9ff8f989-d3b0-4ef5-9923-a922d1004a11" executionId="08885a34-1206-450b-800f-b969bc5a6ae0" testListId="8c84fa94-04c1-424b-9868-57a2d4851a1d" />
    <TestEntry testId="2ef25088-eb23-9a36-d3eb-0f63c98d502b" executionId="3f48415b-736e-47eb-bca1-7fda1e1361a2" testListId="8c84fa94-04c1-424b-9868-57a2d4851a1d" />
    <TestEntry testId="733df12d-2c74-2f8e-5c80-618f755ef34e" executionId="52313c44-df4b-4108-94c1-19ca91c2bc8b" testListId="8c84fa94-04c1-424b-9868-57a2d4851a1d" />
    <TestEntry testId="60220252-4a0d-fee1-0822-9c9652bb106c" executionId="c0a5293c-5cf8-4eee-afc5-e8f0a462cd2f" testListId="8c84fa94-04c1-424b-9868-57a2d4851a1d" />
    <TestEntry testId="86bdf036-ef34-04cc-dbc2-634ff06f1f29" executionId="c042f7c2-8838-42a0-87f7-3560857bd817" testListId="8c84fa94-04c1-424b-9868-57a2d4851a1d" />
    <TestEntry testId="e0d0c753-1f50-bccf-3af5-a1fe83e646aa" executionId="d25b00e6-adb7-44d1-8405-7eb4a26fa388" testListId="8c84fa94-04c1-424b-9868-57a2d4851a1d" />
    <TestEntry testId="8a2d2ea2-5d76-d3a6-0103-60fc566d184c" executionId="d387e2cb-9046-4727-a028-016063306857" testListId="8c84fa94-04c1-424b-9868-57a2d4851a1d" />
    <TestEntry testId="f9b26a21-2eee-118c-9afe-9c8f3ceee5b1" executionId="f03bb092-acc1-46a9-9882-0daf0ac90efa" testListId="8c84fa94-04c1-424b-9868-57a2d4851a1d" />
    <TestEntry testId="0b9ec175-84d9-836a-a2b0-d40ddaaefba1" executionId="9ba86c2b-e8d8-4664-9bbf-87a2c852dcb2" testListId="8c84fa94-04c1-424b-9868-57a2d4851a1d" />
    <TestEntry testId="1d3de486-bca5-313a-9ae7-832c2572e4da" executionId="ed725460-a26e-4892-83b8-1f62d90556d6" testListId="8c84fa94-04c1-424b-9868-57a2d4851a1d" />
    <TestEntry testId="b7300ab6-70c5-8d58-b4b0-0b1f4ba4d55d" executionId="e0c05e37-6333-4757-b8c2-a5e7e4e2cec6" testListId="8c84fa94-04c1-424b-9868-57a2d4851a1d" />
    <TestEntry testId="d43cdcb8-ceee-4d52-45ed-da3ff7e7bfad" executionId="3c2fb040-6922-4c6a-ae94-d0d7e5f516f4" testListId="8c84fa94-04c1-424b-9868-57a2d4851a1d" />
    <TestEntry testId="2387b2b7-a5d7-12f8-b7ba-14632d284334" executionId="0758d3b8-622d-4e54-819d-d39aaa66ea85" testListId="8c84fa94-04c1-424b-9868-57a2d4851a1d" />
    <TestEntry testId="667138cc-21c2-b1cf-944d-671aab2306ed" executionId="e043f0c0-49a3-48a2-ad80-f8d3c6cbb2e3" testListId="8c84fa94-04c1-424b-9868-57a2d4851a1d" />
    <TestEntry testId="54268b30-fb90-f52d-bd5d-ac1d78a270d2" executionId="7f4920cd-f755-48dd-a48b-1846f548106e" testListId="8c84fa94-04c1-424b-9868-57a2d4851a1d" />
    <TestEntry testId="9a2390a9-07c3-7298-100c-2a646c7bba65" executionId="0ca9d542-430f-4334-8d06-0f55f6932ed7" testListId="8c84fa94-04c1-424b-9868-57a2d4851a1d" />
    <TestEntry testId="1f6e98e8-95ea-24f8-d14a-67f602dda01b" executionId="821dd3c9-2180-42bc-b16c-4b55cbaa99d1" testListId="8c84fa94-04c1-424b-9868-57a2d4851a1d" />
    <TestEntry testId="7d9ddbba-fdd9-5a53-0ed5-5814826539f2" executionId="0ccc9ecc-a722-4e88-976f-1a3ca5e689c8" testListId="8c84fa94-04c1-424b-9868-57a2d4851a1d" />
    <TestEntry testId="ffae0701-0add-bc84-9f89-4cf2637654f9" executionId="13f6269a-f29f-41b6-a9c1-f192791e44b1" testListId="8c84fa94-04c1-424b-9868-57a2d4851a1d" />
    <TestEntry testId="0af27762-9dcb-34ec-9cc5-c2f4ab94d545" executionId="28d9dbff-bb85-44a4-8a7e-e29a7870bc14" testListId="8c84fa94-04c1-424b-9868-57a2d4851a1d" />
    <TestEntry testId="0a4b3ff5-f81a-b422-bfa6-0a0aa18790d2" executionId="54a27291-fc75-42a9-9956-24eaa0af6b31" testListId="8c84fa94-04c1-424b-9868-57a2d4851a1d" />
    <TestEntry testId="f83d9293-b5dd-e60f-ea7e-feaa6ba532ec" executionId="21122ca6-133f-4908-9c17-b6aa3e4147cd" testListId="8c84fa94-04c1-424b-9868-57a2d4851a1d" />
    <TestEntry testId="7ad6b803-a2c2-be3f-60a5-5b0f72ef3112" executionId="3869f0c9-d03a-4c43-a0a7-0cb9c69dbfc8" testListId="8c84fa94-04c1-424b-9868-57a2d4851a1d" />
    <TestEntry testId="25197406-a7ea-1cd9-74f9-f6147bf736cc" executionId="d7d513e4-ed8a-4650-b25a-794b66f9016a" testListId="8c84fa94-04c1-424b-9868-57a2d4851a1d" />
    <TestEntry testId="c3817c5e-7597-9108-cecb-8694106c2fe6" executionId="74126560-b8b1-4e38-bab9-f8721aea2beb" testListId="8c84fa94-04c1-424b-9868-57a2d4851a1d" />
    <TestEntry testId="29282538-d708-0e50-940f-820bb6f52d50" executionId="f04789f9-3668-482c-bc35-c6e6c55b1c68" testListId="8c84fa94-04c1-424b-9868-57a2d4851a1d" />
    <TestEntry testId="b6b1b3df-c2a5-65ef-89f7-f15811661a50" executionId="4a7f93db-d0f7-4305-b9ca-12536878d3b9" testListId="8c84fa94-04c1-424b-9868-57a2d4851a1d" />
    <TestEntry testId="b5fd5515-f528-aee2-0027-8180f6fa13ad" executionId="4cb46917-81a1-4d05-a793-676917e1c8e4" testListId="8c84fa94-04c1-424b-9868-57a2d4851a1d" />
    <TestEntry testId="ddea741b-8dca-61d3-44ca-e2f75974443b" executionId="94520ca7-3580-4d2a-8513-b10ac73c70c7" testListId="8c84fa94-04c1-424b-9868-57a2d4851a1d" />
    <TestEntry testId="cdb4b7e7-7e0b-d592-0689-578684678fee" executionId="668edb6a-8368-47ec-815e-99ab47ff91cd" testListId="8c84fa94-04c1-424b-9868-57a2d4851a1d" />
    <TestEntry testId="c4325bf6-ff09-e4dc-45eb-61fcbabed6ea" executionId="0efd826f-72bd-4512-942a-89dbddf4c45b" testListId="8c84fa94-04c1-424b-9868-57a2d4851a1d" />
    <TestEntry testId="4b376fa1-05f9-1073-9a54-0f2a91aeb58c" executionId="109c6878-9785-42c6-931b-74b507d30818" testListId="8c84fa94-04c1-424b-9868-57a2d4851a1d" />
    <TestEntry testId="655fc3c8-81e7-30ca-81da-c384b2e132b4" executionId="b67cfe74-b620-496d-ba18-936ccbbbec2e" testListId="8c84fa94-04c1-424b-9868-57a2d4851a1d" />
    <TestEntry testId="0d829043-e1b3-ff91-37da-aee4a258a91b" executionId="92d08a32-8f93-4b73-9601-58a530fef43c" testListId="8c84fa94-04c1-424b-9868-57a2d4851a1d" />
    <TestEntry testId="f1371558-7414-9522-fbc8-924fc7c0c893" executionId="b05d8e9f-3bd1-445b-a7eb-bab01c6735ef" testListId="8c84fa94-04c1-424b-9868-57a2d4851a1d" />
  </TestEntries>
  <TestLists>
    <TestList name="Results Not in a List" id="8c84fa94-04c1-424b-9868-57a2d4851a1d" />
    <TestList name="All Loaded Results" id="19431567-8539-422a-85d7-44ee4e166bda" />
  </TestLists>
  <ResultSummary outcome="Completed">
    <Counters total="229" executed="229" passed="229" failed="0" error="0" timeout="0" aborted="0" inconclusive="0" passedButRunAborted="0" notRunnable="0" notExecuted="0" disconnected="0" warning="0" completed="0" inProgress="0" pending="0" />
    <Output>
      <StdOut>[xUnit.net 00:00:00.00] xUnit.net VSTest Adapter v3.1.4+50e68bbb8b (64-bit .NET 10.0.11)&#xD;
[xUnit.net 00:00:00.14]   Discovering: OnlineSupermarket.Infrastructure.Tests&#xD;
[xUnit.net 00:00:00.24]   Discovered:  OnlineSupermarket.Infrastructure.Tests&#xD;
[xUnit.net 00:00:00.30]   Starting:    OnlineSupermarket.Infrastructure.Tests&#xD;
[testcontainers.org 00:00:01.16] Connected to Docker:&#xD;
  Host: npipe://./pipe/docker_engine&#xD;
  Server Version: 29.6.2&#xD;
  Kernel Version: 6.18.33.2-microsoft-standard-WSL2&#xD;
  API Version: 1.55&#xD;
  Operating System: Docker Desktop&#xD;
  Total Memory: 15.33 GB&#xD;
  Labels: &#xD;
    com.docker.desktop.address=npipe://\\.\pipe\docker_cli&#xD;
[testcontainers.org 00:00:01.58] Docker container 37d4b9455dea created&#xD;
[testcontainers.org 00:00:01.75] Start Docker container 37d4b9455dea&#xD;
[testcontainers.org 00:00:02.10] Wait for Docker container 37d4b9455dea to complete readiness checks&#xD;
[testcontainers.org 00:00:02.11] Docker container 37d4b9455dea ready&#xD;
[testcontainers.org 00:00:02.46] Docker container 22631823a6fd created&#xD;
[testcontainers.org 00:00:02.50] Start Docker container 22631823a6fd&#xD;
[testcontainers.org 00:00:02.83] Execute "mkdir /var/lib/mysql-files" at Docker container 22631823a6fd&#xD;
[testcontainers.org 00:00:02.85] Add file to tar archive: Content length: 50 byte(s), Target file: "/etc/mysql/my.cnf"&#xD;
[testcontainers.org 00:00:02.87] Copy tar archive to container: Content length: 50 byte(s), Docker container: 22631823a6fd&#xD;
[testcontainers.org 00:00:02.96] Wait for Docker container 22631823a6fd to complete readiness checks&#xD;
[testcontainers.org 00:00:02.97] Execute "mysql online_supermarket_test --wait --silent --execute=SELECT 1;" at Docker container 22631823a6fd&#xD;
[testcontainers.org 00:00:09.09] Execute "mysql online_supermarket_test --wait --silent --execute=SELECT 1;" at Docker container 22631823a6fd&#xD;
[testcontainers.org 00:00:15.20] Execute "mysql online_supermarket_test --wait --silent --execute=SELECT 1;" at Docker container 22631823a6fd&#xD;
[testcontainers.org 00:00:15.32] Docker container 22631823a6fd ready&#xD;
[testcontainers.org 00:00:19.83] Delete Docker container 22631823a6fd&#xD;
[testcontainers.org 00:00:20.57] Docker container f88a7da0adb9 created&#xD;
[testcontainers.org 00:00:20.58] Start Docker container f88a7da0adb9&#xD;
[testcontainers.org 00:00:20.87] Execute "mkdir /var/lib/mysql-files" at Docker container f88a7da0adb9&#xD;
[testcontainers.org 00:00:20.87] Add file to tar archive: Content length: 50 byte(s), Target file: "/etc/mysql/my.cnf"&#xD;
[testcontainers.org 00:00:20.87] Copy tar archive to container: Content length: 50 byte(s), Docker container: f88a7da0adb9&#xD;
[testcontainers.org 00:00:20.99] Wait for Docker container f88a7da0adb9 to complete readiness checks&#xD;
[testcontainers.org 00:00:21.00] Execute "mysql online_supermarket_test --wait --silent --execute=SELECT 1;" at Docker container f88a7da0adb9&#xD;
[testcontainers.org 00:00:27.12] Execute "mysql online_supermarket_test --wait --silent --execute=SELECT 1;" at Docker container f88a7da0adb9&#xD;
[testcontainers.org 00:00:33.23] Execute "mysql online_supermarket_test --wait --silent --execute=SELECT 1;" at Docker container f88a7da0adb9&#xD;
[testcontainers.org 00:00:38.36] Docker container f88a7da0adb9 ready&#xD;
[testcontainers.org 00:02:22.87] Add file to tar archive: Content length: 818 byte(s), Target file: "/tmp/script_f5307764d46143eb81e2f41ac65a2aec.sql"&#xD;
[testcontainers.org 00:02:22.87] Copy tar archive to container: Content length: 818 byte(s), Docker container: f88a7da0adb9&#xD;
[testcontainers.org 00:02:22.88] Execute "sh -c mysql -uroot -ppassword fmt_exec_c78b86bf26d64a0db5b1f0d6e20e94e4 &lt; /tmp/script_f5307764d46143eb81e2f41ac65a2aec.sql" at Docker container f88a7da0adb9&#xD;
[testcontainers.org 00:02:23.03] Execute "rm -f /tmp/script_f5307764d46143eb81e2f41ac65a2aec.sql" at Docker container f88a7da0adb9&#xD;
[testcontainers.org 00:02:41.92] Add file to tar archive: Content length: 347 byte(s), Target file: "/tmp/script_4959d473879641ef964f35063ccb9981.sql"&#xD;
[testcontainers.org 00:02:41.92] Copy tar archive to container: Content length: 347 byte(s), Docker container: f88a7da0adb9&#xD;
[testcontainers.org 00:02:41.93] Execute "sh -c mysql -uroot -ppassword fmt_regression_a785c7e082cf46e5863675eee19be249 &lt; /tmp/script_4959d473879641ef964f35063ccb9981.sql" at Docker container f88a7da0adb9&#xD;
[testcontainers.org 00:02:42.11] Execute "rm -f /tmp/script_4959d473879641ef964f35063ccb9981.sql" at Docker container f88a7da0adb9&#xD;
[testcontainers.org 00:02:42.66] Add file to tar archive: Content length: 361 byte(s), Target file: "/tmp/script_e921df929d364109a2d9bb548845525a.sql"&#xD;
[testcontainers.org 00:02:42.66] Copy tar archive to container: Content length: 361 byte(s), Docker container: f88a7da0adb9&#xD;
[testcontainers.org 00:02:42.67] Execute "sh -c mysql -uroot -ppassword fmt_regression_34677e1df4d24d50bb20bbd12b5d1c93 &lt; /tmp/script_e921df929d364109a2d9bb548845525a.sql" at Docker container f88a7da0adb9&#xD;
[testcontainers.org 00:02:42.85] Execute "rm -f /tmp/script_e921df929d364109a2d9bb548845525a.sql" at Docker container f88a7da0adb9&#xD;
[testcontainers.org 00:02:43.36] Add file to tar archive: Content length: 376 byte(s), Target file: "/tmp/script_0325820e2e774320bf63c7113d19e85e.sql"&#xD;
[testcontainers.org 00:02:43.36] Copy tar archive to container: Content length: 376 byte(s), Docker container: f88a7da0adb9&#xD;
[testcontainers.org 00:02:43.37] Execute "sh -c mysql -uroot -ppassword fmt_regression_3db4d323298a4d0bbcbdd081588177e9 &lt; /tmp/script_0325820e2e774320bf63c7113d19e85e.sql" at Docker container f88a7da0adb9&#xD;
[testcontainers.org 00:02:43.55] Execute "rm -f /tmp/script_0325820e2e774320bf63c7113d19e85e.sql" at Docker container f88a7da0adb9&#xD;
[testcontainers.org 00:02:44.07] Add file to tar archive: Content length: 320 byte(s), Target file: "/tmp/script_cf9ec642ab0e4e20b98f7ce494bd8f63.sql"&#xD;
[testcontainers.org 00:02:44.07] Copy tar archive to container: Content length: 320 byte(s), Docker container: f88a7da0adb9&#xD;
[testcontainers.org 00:02:44.08] Execute "sh -c mysql -uroot -ppassword fmt_regression_4bdae9d441714367ab942a039ef3bdfc &lt; /tmp/script_cf9ec642ab0e4e20b98f7ce494bd8f63.sql" at Docker container f88a7da0adb9&#xD;
[testcontainers.org 00:02:44.26] Execute "rm -f /tmp/script_cf9ec642ab0e4e20b98f7ce494bd8f63.sql" at Docker container f88a7da0adb9&#xD;
[testcontainers.org 00:02:44.78] Add file to tar archive: Content length: 309 byte(s), Target file: "/tmp/script_451ed5091a4f45d8a1088c8e7daf55be.sql"&#xD;
[testcontainers.org 00:02:44.78] Copy tar archive to container: Content length: 309 byte(s), Docker container: f88a7da0adb9&#xD;
[testcontainers.org 00:02:44.79] Execute "sh -c mysql -uroot -ppassword fmt_regression_2c5ebfb1b0724926956f1c816ea3ee9f &lt; /tmp/script_451ed5091a4f45d8a1088c8e7daf55be.sql" at Docker container f88a7da0adb9&#xD;
[testcontainers.org 00:02:44.96] Execute "rm -f /tmp/script_451ed5091a4f45d8a1088c8e7daf55be.sql" at Docker container f88a7da0adb9&#xD;
[testcontainers.org 00:03:05.23] Execute "sh -c mysqldump -uroot -ppassword --routines --triggers mid_fail_3c113e4b0303403a842466521167fa4f &gt; /tmp/backup_test_0f0e1e0845ae434da63605b9af61d059.sql" at Docker container f88a7da0adb9&#xD;
[testcontainers.org 00:03:05.55] Execute "sh -c stat -c %s /tmp/backup_test_0f0e1e0845ae434da63605b9af61d059.sql 2&gt;/dev/null || wc -c &lt; /tmp/backup_test_0f0e1e0845ae434da63605b9af61d059.sql" at Docker container f88a7da0adb9&#xD;
[testcontainers.org 00:03:06.08] Execute "sh -c mysql -uroot -ppassword mid_fail_3c113e4b0303403a842466521167fa4f &lt; /tmp/backup_test_0f0e1e0845ae434da63605b9af61d059.sql" at Docker container f88a7da0adb9&#xD;
[testcontainers.org 00:03:08.01] Execute "rm -f /tmp/backup_test_0f0e1e0845ae434da63605b9af61d059.sql" at Docker container f88a7da0adb9&#xD;
[testcontainers.org 00:03:10.46] Add file to tar archive: Content length: 14748 byte(s), Target file: "/tmp/script_a90cc70514fc49e3962b49df9a8607b5.sql"&#xD;
[testcontainers.org 00:03:10.46] Copy tar archive to container: Content length: 14748 byte(s), Docker container: f88a7da0adb9&#xD;
[testcontainers.org 00:03:10.47] Execute "sh -c mysql -uroot -ppassword cli_upgrade_full_3d99361b5858438fad157d446a102843 &lt; /tmp/script_a90cc70514fc49e3962b49df9a8607b5.sql" at Docker container f88a7da0adb9&#xD;
[testcontainers.org 00:03:10.82] Execute "rm -f /tmp/script_a90cc70514fc49e3962b49df9a8607b5.sql" at Docker container f88a7da0adb9&#xD;
[testcontainers.org 00:03:15.53] Add file to tar archive: Content length: 8375 byte(s), Target file: "/tmp/script_41e0f11dd7ea42168257c2bdc98fb85f.sql"&#xD;
[testcontainers.org 00:03:15.53] Copy tar archive to container: Content length: 8375 byte(s), Docker container: f88a7da0adb9&#xD;
[testcontainers.org 00:03:15.54] Execute "sh -c mysql -uroot -ppassword cli_upgrade_full_3d99361b5858438fad157d446a102843 &lt; /tmp/script_41e0f11dd7ea42168257c2bdc98fb85f.sql" at Docker container f88a7da0adb9&#xD;
[testcontainers.org 00:03:16.31] Execute "rm -f /tmp/script_41e0f11dd7ea42168257c2bdc98fb85f.sql" at Docker container f88a7da0adb9&#xD;
[testcontainers.org 00:04:00.60] Docker container e957d3c672fc created&#xD;
[testcontainers.org 00:04:00.62] Start Docker container e957d3c672fc&#xD;
[testcontainers.org 00:04:00.94] Execute "mkdir /var/lib/mysql-files" at Docker container e957d3c672fc&#xD;
[testcontainers.org 00:04:00.94] Add file to tar archive: Content length: 50 byte(s), Target file: "/etc/mysql/my.cnf"&#xD;
[testcontainers.org 00:04:00.94] Copy tar archive to container: Content length: 50 byte(s), Docker container: e957d3c672fc&#xD;
[testcontainers.org 00:04:01.07] Wait for Docker container e957d3c672fc to complete readiness checks&#xD;
[testcontainers.org 00:04:01.09] Execute "mysql online_supermarket_test --wait --silent --execute=SELECT 1;" at Docker container e957d3c672fc&#xD;
[testcontainers.org 00:04:07.21] Execute "mysql online_supermarket_test --wait --silent --execute=SELECT 1;" at Docker container e957d3c672fc&#xD;
[testcontainers.org 00:04:13.33] Execute "mysql online_supermarket_test --wait --silent --execute=SELECT 1;" at Docker container e957d3c672fc&#xD;
[testcontainers.org 00:04:13.45] Docker container e957d3c672fc ready&#xD;
[testcontainers.org 00:04:16.86] Delete Docker container e957d3c672fc&#xD;
[testcontainers.org 00:04:17.38] Delete Docker container f88a7da0adb9&#xD;
[xUnit.net 00:04:18.57]   Finished:    OnlineSupermarket.Infrastructure.Tests&#xD;
</StdOut>
    </Output>
  </ResultSummary>
</TestRun>